#
# There is insufficient memory for the Java Runtime Environment to continue.
# Native memory allocation (malloc) failed to allocate 357296 bytes. Error detail: Chunk::new
# Possible reasons:
#   The system is out of physical RAM or swap space
#   This process is running with CompressedOops enabled, and the Java Heap may be blocking the growth of the native heap
# Possible solutions:
#   Reduce memory load on the system
#   Increase physical memory or swap space
#   Check if swap backing store is full
#   Decrease Java heap size (-Xmx/-Xms)
#   Decrease number of Java threads
#   Decrease Java thread stack sizes (-Xss)
#   Set larger code cache with -XX:ReservedCodeCacheSize=
#   JVM is running with Unscaled Compressed Oops mode in which the Java heap is
#     placed in the first 4GB address space. The Java Heap base address is the
#     maximum limit for the native heap growth. Please use -XX:HeapBaseMinAddress
#     to set the Java Heap base and to place the Java Heap above 4GB virtual address.
# This output file may be truncated or incomplete.
#
#  Out of Memory Error (arena.cpp:168), pid=9660, tid=7832
#
# JRE version: OpenJDK Runtime Environment Temurin-21.0.5+11 (21.0.5+11) (build 21.0.5+11-LTS)
# Java VM: OpenJDK 64-Bit Server VM Temurin-21.0.5+11 (21.0.5+11-LTS, mixed mode, sharing, tiered, compressed oops, compressed class ptrs, parallel gc, windows-amd64)
# No core dump will be written. Minidumps are not enabled by default on client versions of Windows
#

---------------  S U M M A R Y ------------

Command Line: --add-modules=ALL-SYSTEM --add-opens=java.base/java.util=ALL-UNNAMED --add-opens=java.base/java.lang=ALL-UNNAMED --add-opens=java.base/sun.nio.fs=ALL-UNNAMED -Declipse.application=org.eclipse.jdt.ls.core.id1 -Dosgi.bundles.defaultStartLevel=4 -Declipse.product=org.eclipse.jdt.ls.core.product -Djava.import.generatesMetadataFilesAtProjectRoot=false -DDetectVMInstallationsJob.disabled=true -Dfile.encoding=utf8 -XX:+UseParallelGC -XX:GCTimeRatio=4 -XX:AdaptiveSizePolicyWeight=90 -Dsun.zip.disableMemoryMapping=true -Xmx1G -Xms100m -Xlog:disable -javaagent:c:\Users\Administrator\.vscode\extensions\redhat.java-1.39.0-win32-x64\lombok\lombok-1.18.34.jar c:\Users\Administrator\.vscode\extensions\redhat.java-1.39.0-win32-x64\server\plugins\org.eclipse.equinox.launcher_1.6.900.v20240613-2009.jar -configuration c:\Users\Administrator\AppData\Roaming\Code\User\globalStorage\redhat.java\1.39.0\config_ss_win -data c:\Users\Administrator\AppData\Roaming\Code\User\workspaceStorage\eaf0e66c8150ec8eb439f6246dfe9a65\redhat.java\ss_ws --pipe=\\.\pipe\lsp-a5f08ca1e43a8c03b7bac066f4d16f2f-sock

Host: Intel(R) Core(TM) i5-7300U CPU @ 2.60GHz, 4 cores, 7G,  Windows 10 , 64 bit Build 17763 (10.0.17763.292)
Time: Wed Feb 19 21:20:37 2025 SE Asia Standard Time elapsed time: 2.971706 seconds (0d 0h 0m 2s)

---------------  T H R E A D  ---------------

Current thread (0x0000021d6b36e780):  JavaThread "C2 CompilerThread1" daemon [_thread_in_native, id=7832, stack(0x00000078e6500000,0x00000078e6600000) (1024K)]


Current CompileTask:
C2:2971 1684       4       java.io.WinNTFileSystem::normalize (143 bytes)

Stack: [0x00000078e6500000,0x00000078e6600000]
Native frames: (J=compiled Java code, j=interpreted, Vv=VM code, C=native code)
V  [jvm.dll+0x6cd4e9]
V  [jvm.dll+0x8a7941]
V  [jvm.dll+0x8a9e6e]
V  [jvm.dll+0x8aa543]
V  [jvm.dll+0x27f6d6]
V  [jvm.dll+0xc500d]
V  [jvm.dll+0xc5543]
V  [jvm.dll+0x3b660c]
V  [jvm.dll+0x382835]
V  [jvm.dll+0x381c9a]
V  [jvm.dll+0x2479d0]
V  [jvm.dll+0x246faf]
V  [jvm.dll+0x1c75ce]
V  [jvm.dll+0x25682a]
V  [jvm.dll+0x254dca]
V  [jvm.dll+0x3f00d6]
V  [jvm.dll+0x8514fb]
V  [jvm.dll+0x6cbbed]
C  [ucrtbase.dll+0x203ba]
C  [KERNEL32.DLL+0x181f4]
C  [ntdll.dll+0x6a251]


---------------  P R O C E S S  ---------------

Threads class SMR info:
_java_thread_list=0x0000021d6b33c310, length=13, elements={
0x0000021d10620ff0, 0x0000021d24aaf950, 0x0000021d24ab25f0, 0x0000021d24ab5b20,
0x0000021d24ab6830, 0x0000021d24ab83f0, 0x0000021d24ab8e40, 0x0000021d24ab9bc0,
0x0000021d24b35e50, 0x0000021d669ed680, 0x0000021d66bfa350, 0x0000021d6b36e780,
0x0000021d6b320a10
}

Java Threads: ( => current thread )
  0x0000021d10620ff0 JavaThread "main"                              [_thread_in_Java, id=11664, stack(0x00000078e5700000,0x00000078e5800000) (1024K)]
  0x0000021d24aaf950 JavaThread "Reference Handler"          daemon [_thread_blocked, id=1380, stack(0x00000078e5b00000,0x00000078e5c00000) (1024K)]
  0x0000021d24ab25f0 JavaThread "Finalizer"                  daemon [_thread_blocked, id=8020, stack(0x00000078e5c00000,0x00000078e5d00000) (1024K)]
  0x0000021d24ab5b20 JavaThread "Signal Dispatcher"          daemon [_thread_blocked, id=10364, stack(0x00000078e5d00000,0x00000078e5e00000) (1024K)]
  0x0000021d24ab6830 JavaThread "Attach Listener"            daemon [_thread_blocked, id=8152, stack(0x00000078e5e00000,0x00000078e5f00000) (1024K)]
  0x0000021d24ab83f0 JavaThread "Service Thread"             daemon [_thread_blocked, id=10720, stack(0x00000078e5f00000,0x00000078e6000000) (1024K)]
  0x0000021d24ab8e40 JavaThread "Monitor Deflation Thread"   daemon [_thread_blocked, id=12356, stack(0x00000078e6000000,0x00000078e6100000) (1024K)]
  0x0000021d24ab9bc0 JavaThread "C2 CompilerThread0"         daemon [_thread_blocked, id=8016, stack(0x00000078e6100000,0x00000078e6200000) (1024K)]
  0x0000021d24b35e50 JavaThread "C1 CompilerThread0"         daemon [_thread_blocked, id=8156, stack(0x00000078e6200000,0x00000078e6300000) (1024K)]
  0x0000021d669ed680 JavaThread "Common-Cleaner"             daemon [_thread_blocked, id=11072, stack(0x00000078e6300000,0x00000078e6400000) (1024K)]
  0x0000021d66bfa350 JavaThread "Notification Thread"        daemon [_thread_blocked, id=1308, stack(0x00000078e6400000,0x00000078e6500000) (1024K)]
=>0x0000021d6b36e780 JavaThread "C2 CompilerThread1"         daemon [_thread_in_native, id=7832, stack(0x00000078e6500000,0x00000078e6600000) (1024K)]
  0x0000021d6b320a10 JavaThread "Active Thread: Equinox Container: 97b7a69e-b8e7-4450-9368-4326075c8a34"        [_thread_blocked, id=588, stack(0x00000078e6900000,0x00000078e6a00000) (1024K)]
Total: 13

Other Threads:
  0x0000021d24a9dfd0 VMThread "VM Thread"                           [id=1708, stack(0x00000078e5a00000,0x00000078e5b00000) (1024K)]
  0x0000021d1068f9d0 WatcherThread "VM Periodic Task Thread"        [id=12948, stack(0x00000078e5900000,0x00000078e5a00000) (1024K)]
  0x0000021d106431f0 WorkerThread "GC Thread#0"                     [id=3992, stack(0x00000078e5800000,0x00000078e5900000) (1024K)]
  0x0000021d66c62de0 WorkerThread "GC Thread#1"                     [id=2340, stack(0x00000078e6600000,0x00000078e6700000) (1024K)]
  0x0000021d66c63180 WorkerThread "GC Thread#2"                     [id=5444, stack(0x00000078e6700000,0x00000078e6800000) (1024K)]
  0x0000021d6b394100 WorkerThread "GC Thread#3"                     [id=7796, stack(0x00000078e6800000,0x00000078e6900000) (1024K)]
Total: 6

Threads with active compile tasks:
C2 CompilerThread1  2982 1684       4       java.io.WinNTFileSystem::normalize (143 bytes)
Total: 1

VM state: not at safepoint (normal execution)

VM Mutex/Monitor currently owned by a thread: None

Heap address: 0x00000000c0000000, size: 1024 MB, Compressed Oops mode: 32-bit

CDS archive(s) mapped at: [0x0000021d25000000-0x0000021d25ba0000-0x0000021d25ba0000), size 12189696, SharedBaseAddress: 0x0000021d25000000, ArchiveRelocationMode: 1.
Compressed class space mapped at: 0x0000021d26000000-0x0000021d66000000, reserved size: 1073741824
Narrow klass base: 0x0000021d25000000, Narrow klass shift: 0, Narrow klass range: 0x100000000

GC Precious Log:
 CardTable entry size: 512
 CPUs: 4 total, 4 available
 Memory: 8076M
 Large Page Support: Disabled
 NUMA Support: Disabled
 Compressed Oops: Enabled (32-bit)
 Alignments: Space 512K, Generation 512K, Heap 2M
 Heap Min Capacity: 100M
 Heap Initial Capacity: 100M
 Heap Max Capacity: 1G
 Pre-touch: Disabled
 Parallel Workers: 4

Heap:
 PSYoungGen      total 29696K, used 24444K [0x00000000eab00000, 0x00000000ecc00000, 0x0000000100000000)
  eden space 25600K, 83% used [0x00000000eab00000,0x00000000ebfc1b58,0x00000000ec400000)
  from space 4096K, 77% used [0x00000000ec400000,0x00000000ec71d860,0x00000000ec800000)
  to   space 4096K, 0% used [0x00000000ec800000,0x00000000ec800000,0x00000000ecc00000)
 ParOldGen       total 68608K, used 0K [0x00000000c0000000, 0x00000000c4300000, 0x00000000eab00000)
  object space 68608K, 0% used [0x00000000c0000000,0x00000000c0000000,0x00000000c4300000)
 Metaspace       used 7645K, committed 8000K, reserved 1114112K
  class space    used 739K, committed 896K, reserved 1048576K

Card table byte_map: [0x0000021d0fff0000,0x0000021d10200000] _byte_map_base: 0x0000021d0f9f0000

Marking Bits: (ParMarkBitMap*) 0x00007ffc64042250
 Begin Bits: [0x0000021d22980000, 0x0000021d23980000)
 End Bits:   [0x0000021d23980000, 0x0000021d24980000)

Polling page: 0x0000021d0e7c0000

Metaspace:

Usage:
  Non-class:      6.74 MB used.
      Class:    739.84 KB used.
       Both:      7.47 MB used.

Virtual space:
  Non-class space:       64.00 MB reserved,       6.94 MB ( 11%) committed,  1 nodes.
      Class space:        1.00 GB reserved,     896.00 KB ( <1%) committed,  1 nodes.
             Both:        1.06 GB reserved,       7.81 MB ( <1%) committed. 

Chunk freelists:
   Non-Class:  8.92 MB
       Class:  14.98 MB
        Both:  23.91 MB

MaxMetaspaceSize: unlimited
CompressedClassSpaceSize: 1.00 GB
Initial GC threshold: 21.00 MB
Current GC threshold: 21.00 MB
CDS: on
 - commit_granule_bytes: 65536.
 - commit_granule_words: 8192.
 - virtual_space_node_default_size: 8388608.
 - enlarge_chunks_in_place: 1.
 - use_allocation_guard: 0.


Internal statistics:

num_allocs_failed_limit: 0.
num_arena_births: 174.
num_arena_deaths: 0.
num_vsnodes_births: 2.
num_vsnodes_deaths: 0.
num_space_committed: 125.
num_space_uncommitted: 0.
num_chunks_returned_to_freelist: 0.
num_chunks_taken_from_freelist: 334.
num_chunk_merges: 0.
num_chunk_splits: 234.
num_chunks_enlarged: 170.
num_inconsistent_stats: 0.

CodeHeap 'non-profiled nmethods': size=120000Kb used=757Kb max_used=757Kb free=119242Kb
 bounds [0x0000021d1b450000, 0x0000021d1b6c0000, 0x0000021d22980000]
CodeHeap 'profiled nmethods': size=120000Kb used=3029Kb max_used=3029Kb free=116970Kb
 bounds [0x0000021d13980000, 0x0000021d13c80000, 0x0000021d1aeb0000]
CodeHeap 'non-nmethods': size=5760Kb used=1211Kb max_used=1241Kb free=4548Kb
 bounds [0x0000021d1aeb0000, 0x0000021d1b120000, 0x0000021d1b450000]
 total_blobs=2165 nmethods=1688 adapters=384
 compilation: enabled
              stopped_count=0, restarted_count=0
 full_count=0

Compilation events (20 events):
Event: 2.946 Thread 0x0000021d24b35e50 nmethod 1677 0x0000021d1b50c910 code [0x0000021d1b50caa0, 0x0000021d1b50cb68]
Event: 2.947 Thread 0x0000021d24b35e50 1678       3       java.lang.String::getChars (55 bytes)
Event: 2.947 Thread 0x0000021d24b35e50 nmethod 1678 0x0000021d13c70590 code [0x0000021d13c707c0, 0x0000021d13c70ec8]
Event: 2.947 Thread 0x0000021d24b35e50 1680       3       java.lang.ThreadLocal::get (35 bytes)
Event: 2.948 Thread 0x0000021d6b36e780 1681       4       java.lang.StringBuilder::<init> (7 bytes)
Event: 2.948 Thread 0x0000021d24b35e50 nmethod 1680 0x0000021d13c71210 code [0x0000021d13c713e0, 0x0000021d13c716e8]
Event: 2.948 Thread 0x0000021d24b35e50 1679       3       java.lang.StringLatin1::getChars (12 bytes)
Event: 2.948 Thread 0x0000021d24b35e50 nmethod 1679 0x0000021d13c71890 code [0x0000021d13c71a40, 0x0000021d13c71b68]
Event: 2.948 Thread 0x0000021d6b36e780 nmethod 1681 0x0000021d1b50cc10 code [0x0000021d1b50cda0, 0x0000021d1b50ced0]
Event: 2.949 Thread 0x0000021d24b35e50 1682       3       sun.nio.fs.WindowsPathParser::nextNonSlash (24 bytes)
Event: 2.949 Thread 0x0000021d24b35e50 nmethod 1682 0x0000021d13c71c10 code [0x0000021d13c71e20, 0x0000021d13c72528]
Event: 2.951 Thread 0x0000021d24b35e50 1683       3       java.lang.AbstractStringBuilder::appendChars (207 bytes)
Event: 2.952 Thread 0x0000021d6b36e780 1684       4       java.io.WinNTFileSystem::normalize (143 bytes)
Event: 2.952 Thread 0x0000021d24ab9bc0 1685       4       sun.nio.fs.WindowsPathParser::isSlash (18 bytes)
Event: 2.952 Thread 0x0000021d24b35e50 nmethod 1683 0x0000021d13c72890 code [0x0000021d13c72b40, 0x0000021d13c73a70]
Event: 2.952 Thread 0x0000021d24ab9bc0 nmethod 1685 0x0000021d1b50cf90 code [0x0000021d1b50d120, 0x0000021d1b50d1b8]
Event: 2.952 Thread 0x0000021d24b35e50 1686       3       org.eclipse.osgi.framework.util.SecureAction::getProperty (31 bytes)
Event: 2.952 Thread 0x0000021d24b35e50 nmethod 1686 0x0000021d13c73f90 code [0x0000021d13c74180, 0x0000021d13c745d8]
Event: 2.967 Thread 0x0000021d24b35e50 1687       3       org.eclipse.osgi.internal.framework.EquinoxConfiguration$ConfigValues::internalGet (24 bytes)
Event: 2.967 Thread 0x0000021d24b35e50 nmethod 1687 0x0000021d13c74790 code [0x0000021d13c749a0, 0x0000021d13c74f98]

GC Heap History (2 events):
Event: 1.859 GC heap before
{Heap before GC invocations=1 (full 0):
 PSYoungGen      total 29696K, used 25600K [0x00000000eab00000, 0x00000000ecc00000, 0x0000000100000000)
  eden space 25600K, 100% used [0x00000000eab00000,0x00000000ec400000,0x00000000ec400000)
  from space 4096K, 0% used [0x00000000ec800000,0x00000000ec800000,0x00000000ecc00000)
  to   space 4096K, 0% used [0x00000000ec400000,0x00000000ec400000,0x00000000ec800000)
 ParOldGen       total 68608K, used 0K [0x00000000c0000000, 0x00000000c4300000, 0x00000000eab00000)
  object space 68608K, 0% used [0x00000000c0000000,0x00000000c0000000,0x00000000c4300000)
 Metaspace       used 4366K, committed 4544K, reserved 1114112K
  class space    used 436K, committed 512K, reserved 1048576K
}
Event: 1.876 GC heap after
{Heap after GC invocations=1 (full 0):
 PSYoungGen      total 29696K, used 3190K [0x00000000eab00000, 0x00000000ecc00000, 0x0000000100000000)
  eden space 25600K, 0% used [0x00000000eab00000,0x00000000eab00000,0x00000000ec400000)
  from space 4096K, 77% used [0x00000000ec400000,0x00000000ec71d860,0x00000000ec800000)
  to   space 4096K, 0% used [0x00000000ec800000,0x00000000ec800000,0x00000000ecc00000)
 ParOldGen       total 68608K, used 0K [0x00000000c0000000, 0x00000000c4300000, 0x00000000eab00000)
  object space 68608K, 0% used [0x00000000c0000000,0x00000000c0000000,0x00000000c4300000)
 Metaspace       used 4366K, committed 4544K, reserved 1114112K
  class space    used 436K, committed 512K, reserved 1048576K
}

Dll operation events (8 events):
Event: 0.014 Loaded shared library c:\Users\Administrator\.vscode\extensions\redhat.java-1.39.0-win32-x64\jre\21.0.5-win32-x86_64\bin\java.dll
Event: 0.227 Loaded shared library c:\Users\Administrator\.vscode\extensions\redhat.java-1.39.0-win32-x64\jre\21.0.5-win32-x86_64\bin\zip.dll
Event: 0.293 Loaded shared library C:\Users\Administrator\.vscode\extensions\redhat.java-1.39.0-win32-x64\jre\21.0.5-win32-x86_64\bin\instrument.dll
Event: 0.301 Loaded shared library C:\Users\Administrator\.vscode\extensions\redhat.java-1.39.0-win32-x64\jre\21.0.5-win32-x86_64\bin\net.dll
Event: 0.303 Loaded shared library C:\Users\Administrator\.vscode\extensions\redhat.java-1.39.0-win32-x64\jre\21.0.5-win32-x86_64\bin\nio.dll
Event: 0.312 Loaded shared library C:\Users\Administrator\.vscode\extensions\redhat.java-1.39.0-win32-x64\jre\21.0.5-win32-x86_64\bin\zip.dll
Event: 0.364 Loaded shared library C:\Users\Administrator\.vscode\extensions\redhat.java-1.39.0-win32-x64\jre\21.0.5-win32-x86_64\bin\jimage.dll
Event: 0.550 Loaded shared library c:\Users\Administrator\.vscode\extensions\redhat.java-1.39.0-win32-x64\jre\21.0.5-win32-x86_64\bin\verify.dll

Deoptimization events (20 events):
Event: 2.435 Thread 0x0000021d10620ff0 DEOPT PACKING pc=0x0000021d1b48ec84 sp=0x00000078e57f88e0
Event: 2.435 Thread 0x0000021d10620ff0 DEOPT UNPACKING pc=0x0000021d1af03aa2 sp=0x00000078e57f8890 mode 2
Event: 2.587 Thread 0x0000021d10620ff0 Uncommon trap: trap_request=0xffffff45 fr.pc=0x0000021d1b4cf3d0 relative=0x00000000000000b0
Event: 2.587 Thread 0x0000021d10620ff0 Uncommon trap: reason=unstable_if action=reinterpret pc=0x0000021d1b4cf3d0 method=java.util.concurrent.locks.ReentrantLock$NonfairSync.initialTryLock()Z @ 10 c2
Event: 2.587 Thread 0x0000021d10620ff0 DEOPT PACKING pc=0x0000021d1b4cf3d0 sp=0x00000078e57fed70
Event: 2.587 Thread 0x0000021d10620ff0 DEOPT UNPACKING pc=0x0000021d1af03aa2 sp=0x00000078e57fed00 mode 2
Event: 2.587 Thread 0x0000021d10620ff0 Uncommon trap: trap_request=0xffffff45 fr.pc=0x0000021d1b4cf034 relative=0x0000000000000094
Event: 2.587 Thread 0x0000021d10620ff0 Uncommon trap: reason=unstable_if action=reinterpret pc=0x0000021d1b4cf034 method=java.util.concurrent.locks.ReentrantLock$Sync.tryRelease(I)Z @ 26 c2
Event: 2.587 Thread 0x0000021d10620ff0 DEOPT PACKING pc=0x0000021d1b4cf034 sp=0x00000078e57fee40
Event: 2.587 Thread 0x0000021d10620ff0 DEOPT UNPACKING pc=0x0000021d1af03aa2 sp=0x00000078e57fedc0 mode 2
Event: 2.782 Thread 0x0000021d10620ff0 Uncommon trap: trap_request=0xffffffde fr.pc=0x0000021d1b4bc74c relative=0x000000000000096c
Event: 2.782 Thread 0x0000021d10620ff0 Uncommon trap: reason=class_check action=maybe_recompile pc=0x0000021d1b4bc74c method=java.util.HashMap.putVal(ILjava/lang/Object;Ljava/lang/Object;ZZ)Ljava/lang/Object; @ 253 c2
Event: 2.782 Thread 0x0000021d10620ff0 DEOPT PACKING pc=0x0000021d1b4bc74c sp=0x00000078e57fe730
Event: 2.782 Thread 0x0000021d10620ff0 DEOPT UNPACKING pc=0x0000021d1af03aa2 sp=0x00000078e57fe6c0 mode 2
Event: 2.865 Thread 0x0000021d10620ff0 DEOPT PACKING pc=0x0000021d13a7eb8b sp=0x00000078e57fd020
Event: 2.865 Thread 0x0000021d10620ff0 DEOPT UNPACKING pc=0x0000021d1af04242 sp=0x00000078e57fc498 mode 0
Event: 2.868 Thread 0x0000021d10620ff0 DEOPT PACKING pc=0x0000021d13a7eb8b sp=0x00000078e57fccb0
Event: 2.868 Thread 0x0000021d10620ff0 DEOPT UNPACKING pc=0x0000021d1af04242 sp=0x00000078e57fc128 mode 0
Event: 2.873 Thread 0x0000021d10620ff0 DEOPT PACKING pc=0x0000021d13a7a806 sp=0x00000078e57fc9c0
Event: 2.873 Thread 0x0000021d10620ff0 DEOPT UNPACKING pc=0x0000021d1af04242 sp=0x00000078e57fbe40 mode 0

Classes loaded (20 events):
Event: 2.866 Loading class sun/security/x509/RFC822Name
Event: 2.866 Loading class sun/security/x509/RFC822Name done
Event: 2.914 Loading class java/util/LinkedList$Node
Event: 2.915 Loading class java/util/LinkedList$Node done
Event: 2.915 Loading class java/util/LinkedList$ListItr
Event: 2.915 Loading class java/util/LinkedList$ListItr done
Event: 2.918 Loading class java/lang/Thread$Builder$OfPlatform
Event: 2.918 Loading class java/lang/Thread$Builder
Event: 2.918 Loading class java/lang/Thread$Builder done
Event: 2.918 Loading class java/lang/Thread$Builder$OfPlatform done
Event: 2.918 Loading class java/lang/Thread$Builder$OfVirtual
Event: 2.918 Loading class java/lang/Thread$Builder$OfVirtual done
Event: 2.936 Loading class sun/nio/fs/WindowsChannelFactory
Event: 2.937 Loading class sun/nio/fs/WindowsChannelFactory done
Event: 2.937 Loading class sun/nio/fs/WindowsChannelFactory$1
Event: 2.937 Loading class sun/nio/fs/WindowsChannelFactory$1 done
Event: 2.937 Loading class sun/nio/fs/WindowsChannelFactory$Flags
Event: 2.937 Loading class sun/nio/fs/WindowsChannelFactory$Flags done
Event: 2.937 Loading class sun/nio/ch/FileChannelImpl$Closer
Event: 2.937 Loading class sun/nio/ch/FileChannelImpl$Closer done

Classes unloaded (0 events):
No events

Classes redefined (0 events):
No events

Internal exceptions (20 events):
Event: 1.708 Thread 0x0000021d10620ff0 Exception <a 'java/lang/ClassNotFoundException'{0x00000000ec278318}: sun/net/www/protocol/c/Handler> (0x00000000ec278318) 
thrown [s\src\hotspot\share\classfile\systemDictionary.cpp, line 312]
Event: 1.728 Thread 0x0000021d10620ff0 Exception <a 'java/io/FileNotFoundException'{0x00000000ec29b930}> (0x00000000ec29b930) 
thrown [s\src\hotspot\share\prims\jni.cpp, line 520]
Event: 1.803 Thread 0x0000021d10620ff0 Implicit null exception at 0x0000021d1b4a8349 to 0x0000021d1b4a8cfc
Event: 1.803 Thread 0x0000021d10620ff0 Implicit null exception at 0x0000021d1b4b76c0 to 0x0000021d1b4b7974
Event: 1.803 Thread 0x0000021d10620ff0 Implicit null exception at 0x0000021d1b4b6a40 to 0x0000021d1b4b6cf4
Event: 1.804 Thread 0x0000021d10620ff0 Implicit null exception at 0x0000021d1b4bb9c0 to 0x0000021d1b4bba45
Event: 1.943 Thread 0x0000021d10620ff0 Exception <a 'java/lang/NoSuchMethodError'{0x00000000eacf3bf0}: 'long java.lang.invoke.DirectMethodHandle$Holder.invokeStatic(java.lang.Object, java.lang.Object, int)'> (0x00000000eacf3bf0) 
thrown [s\src\hotspot\share\interpreter\linkResolver.cpp, line 773]
Event: 1.945 Thread 0x0000021d10620ff0 Exception <a 'java/lang/NoSuchMethodError'{0x00000000eacfb758}: 'java.lang.Object java.lang.invoke.DirectMethodHandle$Holder.invokeSpecial(java.lang.Object, java.lang.Object, java.lang.Object, java.lang.Object, long)'> (0x00000000eacfb758) 
thrown [s\src\hotspot\share\interpreter\linkResolver.cpp, line 773]
Event: 1.947 Thread 0x0000021d10620ff0 Exception <a 'java/lang/NoSuchMethodError'{0x00000000ead093d8}: 'java.lang.Object java.lang.invoke.DirectMethodHandle$Holder.invokeSpecial(java.lang.Object, java.lang.Object, java.lang.Object, int, java.lang.Object)'> (0x00000000ead093d8) 
thrown [s\src\hotspot\share\interpreter\linkResolver.cpp, line 773]
Event: 1.950 Thread 0x0000021d10620ff0 Exception <a 'java/lang/NoSuchMethodError'{0x00000000ead23060}: 'java.lang.Object java.lang.invoke.Invokers$Holder.invokeExact_MT(java.lang.Object, java.lang.Object, java.lang.Object, java.lang.Object, java.lang.Object, java.lang.Object)'> (0x00000000ead23060) 
thrown [s\src\hotspot\share\interpreter\linkResolver.cpp, line 773]
Event: 1.953 Thread 0x0000021d10620ff0 Exception <a 'java/lang/NoSuchMethodError'{0x00000000ead3c818}: 'int java.lang.invoke.DirectMethodHandle$Holder.invokeStaticInit(java.lang.Object, java.lang.Object, java.lang.Object, java.lang.Object)'> (0x00000000ead3c818) 
thrown [s\src\hotspot\share\interpreter\linkResolver.cpp, line 773]
Event: 1.969 Thread 0x0000021d10620ff0 Exception <a 'java/lang/NoSuchMethodError'{0x00000000ead45268}: 'java.lang.Object java.lang.invoke.DirectMethodHandle$Holder.invokeInterface(java.lang.Object, java.lang.Object)'> (0x00000000ead45268) 
thrown [s\src\hotspot\share\interpreter\linkResolver.cpp, line 773]
Event: 1.969 Thread 0x0000021d10620ff0 Exception <a 'java/lang/IncompatibleClassChangeError'{0x00000000ead487a0}: Found class java.lang.Object, but interface was expected> (0x00000000ead487a0) 
thrown [s\src\hotspot\share\interpreter\linkResolver.cpp, line 840]
Event: 1.970 Thread 0x0000021d10620ff0 Exception <a 'java/lang/NoSuchMethodError'{0x00000000ead4c958}: 'void java.lang.invoke.DirectMethodHandle$Holder.invokeStatic(java.lang.Object, java.lang.Object)'> (0x00000000ead4c958) 
thrown [s\src\hotspot\share\interpreter\linkResolver.cpp, line 773]
Event: 1.970 Thread 0x0000021d10620ff0 Exception <a 'java/lang/NoSuchMethodError'{0x00000000ead4fd00}: 'void java.lang.invoke.DirectMethodHandle$Holder.invokeStaticInit(java.lang.Object, java.lang.Object)'> (0x00000000ead4fd00) 
thrown [s\src\hotspot\share\interpreter\linkResolver.cpp, line 773]
Event: 1.974 Thread 0x0000021d10620ff0 Exception <a 'java/lang/NoSuchMethodError'{0x00000000ead56d00}: 'int java.lang.invoke.DirectMethodHandle$Holder.invokeStaticInit(java.lang.Object, java.lang.Object)'> (0x00000000ead56d00) 
thrown [s\src\hotspot\share\interpreter\linkResolver.cpp, line 773]
Event: 2.067 Thread 0x0000021d10620ff0 Exception <a 'java/lang/NoSuchMethodError'{0x00000000eae95450}: 'void java.lang.invoke.DirectMethodHandle$Holder.invokeSpecial(java.lang.Object, java.lang.Object, java.lang.Object)'> (0x00000000eae95450) 
thrown [s\src\hotspot\share\interpreter\linkResolver.cpp, line 773]
Event: 2.559 Thread 0x0000021d10620ff0 Exception <a 'java/lang/NoSuchMethodError'{0x00000000eb731f18}: 'int java.lang.invoke.DirectMethodHandle$Holder.invokeVirtual(java.lang.Object, java.lang.Object)'> (0x00000000eb731f18) 
thrown [s\src\hotspot\share\interpreter\linkResolver.cpp, line 773]
Event: 2.712 Thread 0x0000021d10620ff0 Exception <a 'java/lang/NoSuchMethodError'{0x00000000ebafa550}: 'java.lang.Object java.lang.invoke.DirectMethodHandle$Holder.newInvokeSpecial(java.lang.Object, int, java.lang.Object)'> (0x00000000ebafa550) 
thrown [s\src\hotspot\share\interpreter\linkResolver.cpp, line 773]
Event: 2.715 Thread 0x0000021d10620ff0 Exception <a 'java/lang/NoSuchMethodError'{0x00000000ebb16fd0}: 'java.lang.Object java.lang.invoke.DirectMethodHandle$Holder.newInvokeSpecial(java.lang.Object, java.lang.Object, java.lang.Object, java.lang.Object, int, java.lang.Object)'> (0x00000000ebb16fd0) 
thrown [s\src\hotspot\share\interpreter\linkResolver.cpp, line 773]

ZGC Phase Switch (0 events):
No events

VM Operations (20 events):
Event: 0.221 Executing VM operation: HandshakeAllThreads (Deoptimize)
Event: 0.221 Executing VM operation: HandshakeAllThreads (Deoptimize) done
Event: 0.384 Executing VM operation: HandshakeAllThreads (Deoptimize)
Event: 0.384 Executing VM operation: HandshakeAllThreads (Deoptimize) done
Event: 1.227 Executing VM operation: HandshakeAllThreads (Deoptimize)
Event: 1.227 Executing VM operation: HandshakeAllThreads (Deoptimize) done
Event: 1.227 Executing VM operation: Cleanup
Event: 1.227 Executing VM operation: Cleanup done
Event: 1.242 Executing VM operation: HandshakeAllThreads (Deoptimize)
Event: 1.242 Executing VM operation: HandshakeAllThreads (Deoptimize) done
Event: 1.674 Executing VM operation: HandshakeAllThreads (Deoptimize)
Event: 1.674 Executing VM operation: HandshakeAllThreads (Deoptimize) done
Event: 1.858 Executing VM operation: ParallelGCFailedAllocation (Allocation Failure)
Event: 1.876 Executing VM operation: ParallelGCFailedAllocation (Allocation Failure) done
Event: 2.634 Executing VM operation: HandshakeAllThreads (Deoptimize)
Event: 2.656 Executing VM operation: HandshakeAllThreads (Deoptimize) done
Event: 2.686 Executing VM operation: HandshakeAllThreads (Deoptimize)
Event: 2.686 Executing VM operation: HandshakeAllThreads (Deoptimize) done
Event: 2.706 Executing VM operation: HandshakeAllThreads (Deoptimize)
Event: 2.706 Executing VM operation: HandshakeAllThreads (Deoptimize) done

Memory protections (0 events):
No events

Nmethod flushes (0 events):
No events

Events (17 events):
Event: 0.033 Thread 0x0000021d10620ff0 Thread added: 0x0000021d10620ff0
Event: 0.091 Thread 0x0000021d10620ff0 Thread added: 0x0000021d24aaf950
Event: 0.092 Thread 0x0000021d10620ff0 Thread added: 0x0000021d24ab25f0
Event: 0.092 Thread 0x0000021d10620ff0 Thread added: 0x0000021d24ab5b20
Event: 0.092 Thread 0x0000021d10620ff0 Thread added: 0x0000021d24ab6830
Event: 0.092 Thread 0x0000021d10620ff0 Thread added: 0x0000021d24ab83f0
Event: 0.092 Thread 0x0000021d10620ff0 Thread added: 0x0000021d24ab8e40
Event: 0.092 Thread 0x0000021d10620ff0 Thread added: 0x0000021d24ab9bc0
Event: 0.100 Thread 0x0000021d10620ff0 Thread added: 0x0000021d24b35e50
Event: 0.152 Thread 0x0000021d10620ff0 Thread added: 0x0000021d669ed680
Event: 0.548 Thread 0x0000021d24b35e50 Thread added: 0x0000021d66bf0130
Event: 0.665 Thread 0x0000021d66bf0130 Thread exited: 0x0000021d66bf0130
Event: 0.846 Thread 0x0000021d10620ff0 Thread added: 0x0000021d66bfa350
Event: 1.108 Thread 0x0000021d24ab9bc0 Thread added: 0x0000021d66c68bd0
Event: 1.892 Thread 0x0000021d66c68bd0 Thread exited: 0x0000021d66c68bd0
Event: 2.202 Thread 0x0000021d24b35e50 Thread added: 0x0000021d6b36e780
Event: 2.616 Thread 0x0000021d10620ff0 Thread added: 0x0000021d6b320a10


Dynamic libraries:
0x00007ff6da9b0000 - 0x00007ff6da9be000 	c:\Users\Administrator\.vscode\extensions\redhat.java-1.39.0-win32-x64\jre\21.0.5-win32-x86_64\bin\java.exe
0x00007ffcb4fb0000 - 0x00007ffcb519d000 	C:\Windows\SYSTEM32\ntdll.dll
0x00007ffcb2ee0000 - 0x00007ffcb2f93000 	C:\Windows\System32\KERNEL32.DLL
0x00007ffcb1ca0000 - 0x00007ffcb1f33000 	C:\Windows\System32\KERNELBASE.dll
0x00007ffcb1230000 - 0x00007ffcb132c000 	C:\Windows\System32\ucrtbase.dll
0x00007ffc8fd60000 - 0x00007ffc8fd78000 	c:\Users\Administrator\.vscode\extensions\redhat.java-1.39.0-win32-x64\jre\21.0.5-win32-x86_64\bin\jli.dll
0x00007ffcb2900000 - 0x00007ffcb2a97000 	C:\Windows\System32\USER32.dll
0x00007ffcb1fe0000 - 0x00007ffcb2000000 	C:\Windows\System32\win32u.dll
0x00007ffcb4e90000 - 0x00007ffcb4eb9000 	C:\Windows\System32\GDI32.dll
0x00007ffcb1b00000 - 0x00007ffcb1c9a000 	C:\Windows\System32\gdi32full.dll
0x00007ffcb1f40000 - 0x00007ffcb1fe0000 	C:\Windows\System32\msvcp_win.dll
0x00007ffc8c100000 - 0x00007ffc8c11e000 	c:\Users\Administrator\.vscode\extensions\redhat.java-1.39.0-win32-x64\jre\21.0.5-win32-x86_64\bin\VCRUNTIME140.dll
0x00007ffca0290000 - 0x00007ffca0509000 	C:\Windows\WinSxS\amd64_microsoft.windows.common-controls_6595b64144ccf1df_6.0.17763.316_none_05b53be2071f46b6\COMCTL32.dll
0x00007ffcb2860000 - 0x00007ffcb28fe000 	C:\Windows\System32\msvcrt.dll
0x00007ffcb2530000 - 0x00007ffcb285d000 	C:\Windows\System32\combase.dll
0x00007ffcb4ba0000 - 0x00007ffcb4cc2000 	C:\Windows\System32\RPCRT4.dll
0x00007ffcb1a80000 - 0x00007ffcb1afe000 	C:\Windows\System32\bcryptPrimitives.dll
0x00007ffcb2b00000 - 0x00007ffcb2b2e000 	C:\Windows\System32\IMM32.DLL
0x00007ffc9f530000 - 0x00007ffc9f53c000 	c:\Users\Administrator\.vscode\extensions\redhat.java-1.39.0-win32-x64\jre\21.0.5-win32-x86_64\bin\vcruntime140_1.dll
0x00007ffc6fa10000 - 0x00007ffc6fa9d000 	c:\Users\Administrator\.vscode\extensions\redhat.java-1.39.0-win32-x64\jre\21.0.5-win32-x86_64\bin\msvcp140.dll
0x00007ffc63390000 - 0x00007ffc6411f000 	c:\Users\Administrator\.vscode\extensions\redhat.java-1.39.0-win32-x64\jre\21.0.5-win32-x86_64\bin\server\jvm.dll
0x00007ffcb2480000 - 0x00007ffcb2523000 	C:\Windows\System32\ADVAPI32.dll
0x00007ffcb2fb0000 - 0x00007ffcb304e000 	C:\Windows\System32\sechost.dll
0x00007ffcb0fb0000 - 0x00007ffcb100d000 	C:\Windows\System32\POWRPROF.dll
0x00007ffcb34d0000 - 0x00007ffcb353d000 	C:\Windows\System32\WS2_32.dll
0x00007ffcafad0000 - 0x00007ffcafaf4000 	C:\Windows\SYSTEM32\WINMM.dll
0x00007ffcafb00000 - 0x00007ffcafb0a000 	C:\Windows\SYSTEM32\VERSION.dll
0x00007ffcaf8b0000 - 0x00007ffcaf8dd000 	C:\Windows\SYSTEM32\WINMMBASE.dll
0x00007ffcb1080000 - 0x00007ffcb10ca000 	C:\Windows\System32\cfgmgr32.dll
0x00007ffcb1010000 - 0x00007ffcb1021000 	C:\Windows\System32\kernel.appcore.dll
0x00007ffc9b4b0000 - 0x00007ffc9b4ba000 	c:\Users\Administrator\.vscode\extensions\redhat.java-1.39.0-win32-x64\jre\21.0.5-win32-x86_64\bin\jimage.dll
0x00007ffcaf8e0000 - 0x00007ffcafacd000 	C:\Windows\SYSTEM32\DBGHELP.DLL
0x00007ffcaf880000 - 0x00007ffcaf8aa000 	C:\Windows\SYSTEM32\dbgcore.DLL
0x00007ffc97270000 - 0x00007ffc9727f000 	c:\Users\Administrator\.vscode\extensions\redhat.java-1.39.0-win32-x64\jre\21.0.5-win32-x86_64\bin\instrument.dll
0x00007ffc8b520000 - 0x00007ffc8b53f000 	c:\Users\Administrator\.vscode\extensions\redhat.java-1.39.0-win32-x64\jre\21.0.5-win32-x86_64\bin\java.dll
0x00007ffcb36b0000 - 0x00007ffcb4b9f000 	C:\Windows\System32\SHELL32.dll
0x00007ffcb2e30000 - 0x00007ffcb2ed8000 	C:\Windows\System32\shcore.dll
0x00007ffcb1330000 - 0x00007ffcb1a7a000 	C:\Windows\System32\windows.storage.dll
0x00007ffcb1030000 - 0x00007ffcb1054000 	C:\Windows\System32\profapi.dll
0x00007ffcb2aa0000 - 0x00007ffcb2af2000 	C:\Windows\System32\shlwapi.dll
0x00007ffcb1210000 - 0x00007ffcb1227000 	C:\Windows\System32\cryptsp.dll
0x00007ffc92670000 - 0x00007ffc92688000 	c:\Users\Administrator\.vscode\extensions\redhat.java-1.39.0-win32-x64\jre\21.0.5-win32-x86_64\bin\zip.dll
0x00007ffc9afa0000 - 0x00007ffc9afb0000 	C:\Users\Administrator\.vscode\extensions\redhat.java-1.39.0-win32-x64\jre\21.0.5-win32-x86_64\bin\net.dll
0x00007ffca2da0000 - 0x00007ffca2e91000 	C:\Windows\SYSTEM32\WINHTTP.dll
0x00007ffcb0840000 - 0x00007ffcb08a7000 	C:\Windows\system32\mswsock.dll
0x00007ffc73620000 - 0x00007ffc73636000 	C:\Users\Administrator\.vscode\extensions\redhat.java-1.39.0-win32-x64\jre\21.0.5-win32-x86_64\bin\nio.dll
0x00007ffc96f80000 - 0x00007ffc96f90000 	c:\Users\Administrator\.vscode\extensions\redhat.java-1.39.0-win32-x64\jre\21.0.5-win32-x86_64\bin\verify.dll

dbghelp: loaded successfully - version: 4.0.5 - missing functions: none
symbol engine: initialized successfully - sym options: 0x614 - pdb path: .;c:\Users\Administrator\.vscode\extensions\redhat.java-1.39.0-win32-x64\jre\21.0.5-win32-x86_64\bin;C:\Windows\SYSTEM32;C:\Windows\WinSxS\amd64_microsoft.windows.common-controls_6595b64144ccf1df_6.0.17763.316_none_05b53be2071f46b6;c:\Users\Administrator\.vscode\extensions\redhat.java-1.39.0-win32-x64\jre\21.0.5-win32-x86_64\bin\server

VM Arguments:
jvm_args: --add-modules=ALL-SYSTEM --add-opens=java.base/java.util=ALL-UNNAMED --add-opens=java.base/java.lang=ALL-UNNAMED --add-opens=java.base/sun.nio.fs=ALL-UNNAMED -Declipse.application=org.eclipse.jdt.ls.core.id1 -Dosgi.bundles.defaultStartLevel=4 -Declipse.product=org.eclipse.jdt.ls.core.product -Djava.import.generatesMetadataFilesAtProjectRoot=false -DDetectVMInstallationsJob.disabled=true -Dfile.encoding=utf8 -XX:+UseParallelGC -XX:GCTimeRatio=4 -XX:AdaptiveSizePolicyWeight=90 -Dsun.zip.disableMemoryMapping=true -Xmx1G -Xms100m -Xlog:disable -javaagent:c:\Users\Administrator\.vscode\extensions\redhat.java-1.39.0-win32-x64\lombok\lombok-1.18.34.jar 
java_command: c:\Users\Administrator\.vscode\extensions\redhat.java-1.39.0-win32-x64\server\plugins\org.eclipse.equinox.launcher_1.6.900.v20240613-2009.jar -configuration c:\Users\Administrator\AppData\Roaming\Code\User\globalStorage\redhat.java\1.39.0\config_ss_win -data c:\Users\Administrator\AppData\Roaming\Code\User\workspaceStorage\eaf0e66c8150ec8eb439f6246dfe9a65\redhat.java\ss_ws --pipe=\\.\pipe\lsp-a5f08ca1e43a8c03b7bac066f4d16f2f-sock
java_class_path (initial): c:\Users\Administrator\.vscode\extensions\redhat.java-1.39.0-win32-x64\server\plugins\org.eclipse.equinox.launcher_1.6.900.v20240613-2009.jar
Launcher Type: SUN_STANDARD

[Global flags]
    uintx AdaptiveSizePolicyWeight                 = 90                                        {product} {command line}
     intx CICompilerCount                          = 3                                         {product} {ergonomic}
    uintx GCTimeRatio                              = 4                                         {product} {command line}
   size_t InitialHeapSize                          = 104857600                                 {product} {command line}
   size_t MaxHeapSize                              = 1073741824                                {product} {command line}
   size_t MaxNewSize                               = 357564416                                 {product} {ergonomic}
   size_t MinHeapDeltaBytes                        = 524288                                    {product} {ergonomic}
   size_t MinHeapSize                              = 104857600                                 {product} {command line}
   size_t NewSize                                  = 34603008                                  {product} {ergonomic}
    uintx NonNMethodCodeHeapSize                   = 5832780                                {pd product} {ergonomic}
    uintx NonProfiledCodeHeapSize                  = 122912730                              {pd product} {ergonomic}
   size_t OldSize                                  = 70254592                                  {product} {ergonomic}
    uintx ProfiledCodeHeapSize                     = 122912730                              {pd product} {ergonomic}
    uintx ReservedCodeCacheSize                    = 251658240                              {pd product} {ergonomic}
     bool SegmentedCodeCache                       = true                                      {product} {ergonomic}
   size_t SoftMaxHeapSize                          = 1073741824                             {manageable} {ergonomic}
     bool UseCompressedOops                        = true                           {product lp64_product} {ergonomic}
     bool UseLargePagesIndividualAllocation        = false                                  {pd product} {ergonomic}
     bool UseParallelGC                            = true                                      {product} {command line}

Logging:
Log output configuration:
 #0: stdout all=off uptime,level,tags foldmultilines=false
 #1: stderr all=off uptime,level,tags foldmultilines=false

Environment Variables:
JAVA_HOME=C:\Program Files\Java\jdk-21
PATH=C:\Program Files\Java\jdk-21\bin;C:\Program Files\Python312\Scripts\;C:\Program Files\Python312\;C:\Windows\system32;C:\Windows;C:\Windows\System32\Wbem;C:\Windows\System32\WindowsPowerShell\v1.0\;C:\Windows\System32\OpenSSH\;C:\Program Files\kotlinc\bin;C:\Program Files\nodejs\;C:\ProgramData\chocolatey\bin;C:\Program Files\Git\cmd;C:\Program Files\Java\jdk-21\bin;C:\MinGW\bin;C:\Gradle\gradle-7.4\bin;C:\flutter\bin;C:\Users\Administrator\AppData\Local\Programs\Microsoft VS Code\Code.exe;C:\Users\Administrator\AppData\Local\Programs\Microsoft VS Code\bin;C:\Users\Administrator\AppData\Local\GitHubDesktop\bin;C:\Program Files\Java\jdk-21;C:\MinGW\bin;C:\Gradle\gradle-7.4\bin;C:\flutter\bin;C:\Users\Administrator\AppData\Local\Programs\Microsoft VS Code\Code.exe;C:\Users\Administrator\AppData\Local\Programs\Microsoft VS Code\bin;C:\Users\Administrator\AppData\Local\GitHubDesktop\bin;C:\Program Files\Java\jdk-21;C:\MinGW\bin;;C:\Users\Administrator\AppData\Local\Android\Sdk\platform-tools;C:\Program Files\Java\jdk-21\bin;C:\Program Files\Python312\Scripts\;C:\Program Files\Python312\;C:\Windows\system32;C:\Windows;C:\Windows\System32\Wbem;C:\Windows\System32\WindowsPowerShell\v1.0\;C:\Windows\System32\OpenSSH\;C:\Program Files\kotlinc\bin;C:\Program Files\nodejs\;C:\ProgramData\chocolatey\bin;C:\Program Files\Git\cmd;C:\Program Files\Java\jdk-21\bin;C:\MinGW\bin;C:\Gradle\gradle-7.4\bin;C:\flutter\bin;C:\Users\Administrator\AppData\Local\Programs\Microsoft VS Code\Code.exe;C:\Users\Administrator\AppData\Local\Programs\Microsoft VS Code\bin;C:\Users\Administrator\AppData\Local\GitHubDesktop\bin;C:\Program Files\Java\jdk-21;C:\MinGW\bin;C:\Gradle\gradle-7.4\bin;C:\flutter\bin;C:\Users\Administrator\AppData\Local\Programs\Microsoft VS Code\Code.exe;C:\Users\Administrator\AppData\Local\Programs\Microsoft VS Code\bin;C:\Users\Administrator\AppData\Local\GitHubDesktop\bin;C:\Program Files\Java\jdk-21;C:\MinGW\bin;;C:\Users\Administrator\AppData\Local\Android\Sdk\platform-tools;C:\Users\Administrator\AppData\Local\Android\Sdk\platform-tools
USERNAME=Administrator
OS=Windows_NT
PROCESSOR_IDENTIFIER=Intel64 Family 6 Model 142 Stepping 9, GenuineIntel
TMP=C:\Users\ADMINI~1\AppData\Local\Temp
TEMP=C:\Users\ADMINI~1\AppData\Local\Temp




Periodic native trim disabled

---------------  S Y S T E M  ---------------

OS:
 Windows 10 , 64 bit Build 17763 (10.0.17763.292)
OS uptime: 3 days 20:49 hours

CPU: total 4 (initial active 4) (2 cores per cpu, 2 threads per core) family 6 model 142 stepping 9 microcode 0x84, cx8, cmov, fxsr, ht, mmx, 3dnowpref, sse, sse2, sse3, ssse3, sse4.1, sse4.2, popcnt, lzcnt, tsc, tscinvbit, avx, avx2, aes, erms, clmul, bmi1, bmi2, rtm, adx, fma, vzeroupper, clflush, clflushopt, rdtscp, f16c
Processor Information for all 4 processors :
  Max Mhz: 2701, Current Mhz: 2701, Mhz Limit: 2701

Memory: 4k page, system-wide physical 8076M (3026M free)
TotalPageFile size 16268M (AvailPageFile size 4M)
current process WorkingSet (physical memory assigned to process): 85M, peak: 85M
current process commit charge ("private bytes"): 193M, peak: 194M

vm_info: OpenJDK 64-Bit Server VM (21.0.5+11-LTS) for windows-amd64 JRE (21.0.5+11-LTS), built on 2024-10-15T00:00:00Z by "admin" with MS VC++ 17.7 (VS2022)

END.
