#
# There is insufficient memory for the Java Runtime Environment to continue.
# Native memory allocation (malloc) failed to allocate 316816 bytes. Error detail: Chunk::new
# Possible reasons:
#   The system is out of physical RAM or swap space
#   This process is running with CompressedOops enabled, and the Java Heap may be blocking the growth of the native heap
# Possible solutions:
#   Reduce memory load on the system
#   Increase physical memory or swap space
#   Check if swap backing store is full
#   Decrease Java heap size (-Xmx/-Xms)
#   Decrease number of Java threads
#   Decrease Java thread stack sizes (-Xss)
#   Set larger code cache with -XX:ReservedCodeCacheSize=
#   JVM is running with Unscaled Compressed Oops mode in which the Java heap is
#     placed in the first 4GB address space. The Java Heap base address is the
#     maximum limit for the native heap growth. Please use -XX:HeapBaseMinAddress
#     to set the Java Heap base and to place the Java Heap above 4GB virtual address.
# This output file may be truncated or incomplete.
#
#  Out of Memory Error (arena.cpp:168), pid=1664, tid=5428
#
# JRE version: OpenJDK Runtime Environment Temurin-21.0.5+11 (21.0.5+11) (build 21.0.5+11-LTS)
# Java VM: OpenJDK 64-Bit Server VM Temurin-21.0.5+11 (21.0.5+11-LTS, mixed mode, sharing, tiered, compressed oops, compressed class ptrs, parallel gc, windows-amd64)
# No core dump will be written. Minidumps are not enabled by default on client versions of Windows
#

---------------  S U M M A R Y ------------

Command Line: --add-modules=ALL-SYSTEM --add-opens=java.base/java.util=ALL-UNNAMED --add-opens=java.base/java.lang=ALL-UNNAMED --add-opens=java.base/sun.nio.fs=ALL-UNNAMED -Declipse.application=org.eclipse.jdt.ls.core.id1 -Dosgi.bundles.defaultStartLevel=4 -Declipse.product=org.eclipse.jdt.ls.core.product -Djava.import.generatesMetadataFilesAtProjectRoot=false -DDetectVMInstallationsJob.disabled=true -Dfile.encoding=utf8 -XX:+UseParallelGC -XX:GCTimeRatio=4 -XX:AdaptiveSizePolicyWeight=90 -Dsun.zip.disableMemoryMapping=true -Xmx1G -Xms100m -Xlog:disable -javaagent:c:\Users\Administrator\.vscode\extensions\redhat.java-1.39.0-win32-x64\lombok\lombok-1.18.34.jar -XX:+HeapDumpOnOutOfMemoryError -XX:HeapDumpPath=c:\Users\Administrator\AppData\Roaming\Code\User\workspaceStorage\eaf0e66c8150ec8eb439f6246dfe9a65\redhat.java -Daether.dependencyCollector.impl=bf c:\Users\Administrator\.vscode\extensions\redhat.java-1.39.0-win32-x64\server\plugins\org.eclipse.equinox.launcher_1.6.900.v20240613-2009.jar -configuration c:\Users\Administrator\AppData\Roaming\Code\User\globalStorage\redhat.java\1.39.0\config_win -data c:\Users\Administrator\AppData\Roaming\Code\User\workspaceStorage\eaf0e66c8150ec8eb439f6246dfe9a65\redhat.java\jdt_ws --pipe=\\.\pipe\lsp-3e821610dae11d2b43356e43800618c1-sock

Host: Intel(R) Core(TM) i5-7300U CPU @ 2.60GHz, 4 cores, 7G,  Windows 10 , 64 bit Build 17763 (10.0.17763.292)
Time: Wed Feb 19 21:19:26 2025 SE Asia Standard Time elapsed time: 1.059612 seconds (0d 0h 0m 1s)

---------------  T H R E A D  ---------------

Current thread (0x00000220d9ea0a70):  JavaThread "C2 CompilerThread1" daemon [_thread_in_native, id=5428, stack(0x0000004f9ef00000,0x0000004f9f000000) (1024K)]


Current CompileTask:
C2:1059  647       4       lombok.patcher.scripts.MethodLevelPatchScript::patch (21 bytes)

Stack: [0x0000004f9ef00000,0x0000004f9f000000]
Native frames: (J=compiled Java code, j=interpreted, Vv=VM code, C=native code)
V  [jvm.dll+0x6cd4e9]
V  [jvm.dll+0x8a7941]
V  [jvm.dll+0x8a9e6e]
V  [jvm.dll+0x8aa543]
V  [jvm.dll+0x27f6d6]
V  [jvm.dll+0xc500d]
V  [jvm.dll+0xc5543]
V  [jvm.dll+0x2f2a9d]
V  [jvm.dll+0x5f67ea]
V  [jvm.dll+0x250b82]
V  [jvm.dll+0x250f3f]
V  [jvm.dll+0x249814]
V  [jvm.dll+0x246ea4]
V  [jvm.dll+0x1c75ce]
V  [jvm.dll+0x25682a]
V  [jvm.dll+0x254dca]
V  [jvm.dll+0x3f00d6]
V  [jvm.dll+0x8514fb]
V  [jvm.dll+0x6cbbed]
C  [ucrtbase.dll+0x203ba]
C  [KERNEL32.DLL+0x181f4]
C  [ntdll.dll+0x6a251]


---------------  P R O C E S S  ---------------

Threads class SMR info:
_java_thread_list=0x00000220d9eaae70, length=12, elements={
0x00000220c2973480, 0x00000220d8d37aa0, 0x00000220d8d39970, 0x00000220d8d3b2c0,
0x00000220d8d3bfd0, 0x00000220d8d3db90, 0x00000220d8d3e5e0, 0x00000220d8d3f360,
0x00000220d8db2e80, 0x00000220d8dfe540, 0x00000220d9d52430, 0x00000220d9ea0a70
}

Java Threads: ( => current thread )
  0x00000220c2973480 JavaThread "main"                              [_thread_in_Java, id=8244, stack(0x0000004f9e100000,0x0000004f9e200000) (1024K)]
  0x00000220d8d37aa0 JavaThread "Reference Handler"          daemon [_thread_blocked, id=8072, stack(0x0000004f9e500000,0x0000004f9e600000) (1024K)]
  0x00000220d8d39970 JavaThread "Finalizer"                  daemon [_thread_blocked, id=6708, stack(0x0000004f9e600000,0x0000004f9e700000) (1024K)]
  0x00000220d8d3b2c0 JavaThread "Signal Dispatcher"          daemon [_thread_blocked, id=8404, stack(0x0000004f9e700000,0x0000004f9e800000) (1024K)]
  0x00000220d8d3bfd0 JavaThread "Attach Listener"            daemon [_thread_blocked, id=9488, stack(0x0000004f9e800000,0x0000004f9e900000) (1024K)]
  0x00000220d8d3db90 JavaThread "Service Thread"             daemon [_thread_blocked, id=5852, stack(0x0000004f9e900000,0x0000004f9ea00000) (1024K)]
  0x00000220d8d3e5e0 JavaThread "Monitor Deflation Thread"   daemon [_thread_blocked, id=6420, stack(0x0000004f9ea00000,0x0000004f9eb00000) (1024K)]
  0x00000220d8d3f360 JavaThread "C2 CompilerThread0"         daemon [_thread_in_native, id=5816, stack(0x0000004f9eb00000,0x0000004f9ec00000) (1024K)]
  0x00000220d8db2e80 JavaThread "C1 CompilerThread0"         daemon [_thread_in_native, id=3312, stack(0x0000004f9ec00000,0x0000004f9ed00000) (1024K)]
  0x00000220d8dfe540 JavaThread "Common-Cleaner"             daemon [_thread_blocked, id=11568, stack(0x0000004f9ed00000,0x0000004f9ee00000) (1024K)]
  0x00000220d9d52430 JavaThread "Notification Thread"        daemon [_thread_blocked, id=12124, stack(0x0000004f9ee00000,0x0000004f9ef00000) (1024K)]
=>0x00000220d9ea0a70 JavaThread "C2 CompilerThread1"         daemon [_thread_in_native, id=5428, stack(0x0000004f9ef00000,0x0000004f9f000000) (1024K)]
Total: 12

Other Threads:
  0x00000220c2a32e10 VMThread "VM Thread"                           [id=3820, stack(0x0000004f9e400000,0x0000004f9e500000) (1024K)]
  0x00000220c29e1660 WatcherThread "VM Periodic Task Thread"        [id=5448, stack(0x0000004f9e300000,0x0000004f9e400000) (1024K)]
  0x00000220c29940c0 WorkerThread "GC Thread#0"                     [id=7324, stack(0x0000004f9e200000,0x0000004f9e300000) (1024K)]
Total: 3

Threads with active compile tasks:
C2 CompilerThread0  1069  648       4       lombok.patcher.PatchScript::classMatches (41 bytes)
C1 CompilerThread0  1069  672       3       java.lang.invoke.MemberName::getMethodOrFieldType (72 bytes)
C2 CompilerThread1  1069  647       4       lombok.patcher.scripts.MethodLevelPatchScript::patch (21 bytes)
Total: 3

VM state: not at safepoint (normal execution)

VM Mutex/Monitor currently owned by a thread: None

Heap address: 0x00000000c0000000, size: 1024 MB, Compressed Oops mode: 32-bit

CDS archive(s) mapped at: [0x0000022080000000-0x0000022080ba0000-0x0000022080ba0000), size 12189696, SharedBaseAddress: 0x0000022080000000, ArchiveRelocationMode: 1.
Compressed class space mapped at: 0x0000022081000000-0x00000220c1000000, reserved size: 1073741824
Narrow klass base: 0x0000022080000000, Narrow klass shift: 0, Narrow klass range: 0x100000000

GC Precious Log:
 CardTable entry size: 512
 CPUs: 4 total, 4 available
 Memory: 8076M
 Large Page Support: Disabled
 NUMA Support: Disabled
 Compressed Oops: Enabled (32-bit)
 Alignments: Space 512K, Generation 512K, Heap 2M
 Heap Min Capacity: 100M
 Heap Initial Capacity: 100M
 Heap Max Capacity: 1G
 Pre-touch: Disabled
 Parallel Workers: 4

Heap:
 PSYoungGen      total 29696K, used 12885K [0x00000000eab00000, 0x00000000ecc00000, 0x0000000100000000)
  eden space 25600K, 50% used [0x00000000eab00000,0x00000000eb795588,0x00000000ec400000)
  from space 4096K, 0% used [0x00000000ec800000,0x00000000ec800000,0x00000000ecc00000)
  to   space 4096K, 0% used [0x00000000ec400000,0x00000000ec400000,0x00000000ec800000)
 ParOldGen       total 68608K, used 0K [0x00000000c0000000, 0x00000000c4300000, 0x00000000eab00000)
  object space 68608K, 0% used [0x00000000c0000000,0x00000000c0000000,0x00000000c4300000)
 Metaspace       used 2222K, committed 2432K, reserved 1114112K
  class space    used 218K, committed 320K, reserved 1048576K

Card table byte_map: [0x00000220d6690000,0x00000220d68a0000] _byte_map_base: 0x00000220d6090000

Marking Bits: (ParMarkBitMap*) 0x00007ffc64042250
 Begin Bits: [0x00000220d6a00000, 0x00000220d7a00000)
 End Bits:   [0x00000220d7a00000, 0x00000220d8a00000)

Polling page: 0x00000220c2720000

Metaspace:

Usage:
  Non-class:      1.96 MB used.
      Class:    218.13 KB used.
       Both:      2.17 MB used.

Virtual space:
  Non-class space:       64.00 MB reserved,       2.06 MB (  3%) committed,  1 nodes.
      Class space:        1.00 GB reserved,     320.00 KB ( <1%) committed,  1 nodes.
             Both:        1.06 GB reserved,       2.38 MB ( <1%) committed. 

Chunk freelists:
   Non-Class:  11.65 MB
       Class:  15.67 MB
        Both:  27.32 MB

MaxMetaspaceSize: unlimited
CompressedClassSpaceSize: 1.00 GB
Initial GC threshold: 21.00 MB
Current GC threshold: 21.00 MB
CDS: on
 - commit_granule_bytes: 65536.
 - commit_granule_words: 8192.
 - virtual_space_node_default_size: 8388608.
 - enlarge_chunks_in_place: 1.
 - use_allocation_guard: 0.


Internal statistics:

num_allocs_failed_limit: 0.
num_arena_births: 80.
num_arena_deaths: 0.
num_vsnodes_births: 2.
num_vsnodes_deaths: 0.
num_space_committed: 38.
num_space_uncommitted: 0.
num_chunks_returned_to_freelist: 0.
num_chunks_taken_from_freelist: 102.
num_chunk_merges: 0.
num_chunk_splits: 71.
num_chunks_enlarged: 46.
num_inconsistent_stats: 0.

CodeHeap 'non-profiled nmethods': size=120000Kb used=244Kb max_used=244Kb free=119755Kb
 bounds [0x00000220cef80000, 0x00000220cf1f0000, 0x00000220d64b0000]
CodeHeap 'profiled nmethods': size=120000Kb used=995Kb max_used=995Kb free=119004Kb
 bounds [0x00000220c74b0000, 0x00000220c7720000, 0x00000220ce9e0000]
CodeHeap 'non-nmethods': size=5760Kb used=1172Kb max_used=1187Kb free=4587Kb
 bounds [0x00000220ce9e0000, 0x00000220cec50000, 0x00000220cef80000]
 total_blobs=1091 nmethods=664 adapters=334
 compilation: enabled
              stopped_count=0, restarted_count=0
 full_count=0

Compilation events (20 events):
Event: 0.954 Thread 0x00000220d8d3f360  644       4       java.util.HashMap$KeySet::iterator (12 bytes)
Event: 0.960 Thread 0x00000220d8d3f360 nmethod 644 0x00000220cefbba10 code [0x00000220cefbbbc0, 0x00000220cefbbf68]
Event: 0.961 Thread 0x00000220d9ea0a70 nmethod 642 0x00000220cefbc110 code [0x00000220cefbc300, 0x00000220cefbc930]
Event: 0.994 Thread 0x00000220d8db2e80  646       3       sun.invoke.util.VerifyAccess::isSamePackage (37 bytes)
Event: 0.995 Thread 0x00000220d8db2e80 nmethod 646 0x00000220c759ae90 code [0x00000220c759b0a0, 0x00000220c759b610]
Event: 1.026 Thread 0x00000220d9ea0a70  647       4       lombok.patcher.scripts.MethodLevelPatchScript::patch (21 bytes)
Event: 1.026 Thread 0x00000220d8d3f360  648       4       lombok.patcher.PatchScript::classMatches (41 bytes)
Event: 1.031 Thread 0x00000220d8db2e80  650       3       sun.instrument.InstrumentationImpl::transform (73 bytes)
Event: 1.031 Thread 0x00000220d8db2e80 nmethod 650 0x00000220c759b810 code [0x00000220c759b9e0, 0x00000220c759bd58]
Event: 1.046 Thread 0x00000220d8db2e80  651       3       java.lang.instrument.ClassFileTransformer::transform (15 bytes)
Event: 1.046 Thread 0x00000220d8db2e80 nmethod 651 0x00000220c759bf10 code [0x00000220c759c0c0, 0x00000220c759c268]
Event: 1.048 Thread 0x00000220d8db2e80  652       3       java.math.BigInteger::destructiveMulAdd (150 bytes)
Event: 1.048 Thread 0x00000220d8db2e80 nmethod 652 0x00000220c759c390 code [0x00000220c759c540, 0x00000220c759c870]
Event: 1.049 Thread 0x00000220d8db2e80  653       3       java.lang.StringLatin1::toLowerCase (186 bytes)
Event: 1.050 Thread 0x00000220d8db2e80 nmethod 653 0x00000220c759ca10 code [0x00000220c759cca0, 0x00000220c759d728]
Event: 1.050 Thread 0x00000220d8db2e80  656       3       lombok.eclipse.agent.EclipsePatcher$1::shouldTransform (93 bytes)
Event: 1.050 Thread 0x00000220d8db2e80 nmethod 656 0x00000220c759db90 code [0x00000220c759de60, 0x00000220c759ea78]
Event: 1.050 Thread 0x00000220d8db2e80  657       3       java.io.ByteArrayOutputStream::ensureCapacity (32 bytes)
Event: 1.051 Thread 0x00000220d8db2e80 nmethod 657 0x00000220c759ee90 code [0x00000220c759f060, 0x00000220c759f3b8]
Event: 1.051 Thread 0x00000220d8db2e80  658       3       java.util.HashMap::resize (356 bytes)

GC Heap History (0 events):
No events

Dll operation events (8 events):
Event: 0.010 Loaded shared library c:\Users\Administrator\.vscode\extensions\redhat.java-1.39.0-win32-x64\jre\21.0.5-win32-x86_64\bin\java.dll
Event: 0.211 Loaded shared library c:\Users\Administrator\.vscode\extensions\redhat.java-1.39.0-win32-x64\jre\21.0.5-win32-x86_64\bin\zip.dll
Event: 0.278 Loaded shared library C:\Users\Administrator\.vscode\extensions\redhat.java-1.39.0-win32-x64\jre\21.0.5-win32-x86_64\bin\instrument.dll
Event: 0.285 Loaded shared library C:\Users\Administrator\.vscode\extensions\redhat.java-1.39.0-win32-x64\jre\21.0.5-win32-x86_64\bin\net.dll
Event: 0.286 Loaded shared library C:\Users\Administrator\.vscode\extensions\redhat.java-1.39.0-win32-x64\jre\21.0.5-win32-x86_64\bin\nio.dll
Event: 0.295 Loaded shared library C:\Users\Administrator\.vscode\extensions\redhat.java-1.39.0-win32-x64\jre\21.0.5-win32-x86_64\bin\zip.dll
Event: 0.365 Loaded shared library C:\Users\Administrator\.vscode\extensions\redhat.java-1.39.0-win32-x64\jre\21.0.5-win32-x86_64\bin\jimage.dll
Event: 0.549 Loaded shared library c:\Users\Administrator\.vscode\extensions\redhat.java-1.39.0-win32-x64\jre\21.0.5-win32-x86_64\bin\verify.dll

Deoptimization events (20 events):
Event: 0.769 Thread 0x00000220c2973480 Uncommon trap: trap_request=0xffffffde fr.pc=0x00000220cef8f640 relative=0x0000000000000800
Event: 0.769 Thread 0x00000220c2973480 Uncommon trap: reason=class_check action=maybe_recompile pc=0x00000220cef8f640 method=java.util.HashMap.putVal(ILjava/lang/Object;Ljava/lang/Object;ZZ)Ljava/lang/Object; @ 152 c2
Event: 0.769 Thread 0x00000220c2973480 DEOPT PACKING pc=0x00000220cef8f640 sp=0x0000004f9e1fecb0
Event: 0.769 Thread 0x00000220c2973480 DEOPT UNPACKING pc=0x00000220cea33aa2 sp=0x0000004f9e1fec10 mode 2
Event: 0.769 Thread 0x00000220c2973480 Uncommon trap: trap_request=0xffffffde fr.pc=0x00000220cef8f640 relative=0x0000000000000800
Event: 0.769 Thread 0x00000220c2973480 Uncommon trap: reason=class_check action=maybe_recompile pc=0x00000220cef8f640 method=java.util.HashMap.putVal(ILjava/lang/Object;Ljava/lang/Object;ZZ)Ljava/lang/Object; @ 152 c2
Event: 0.769 Thread 0x00000220c2973480 DEOPT PACKING pc=0x00000220cef8f640 sp=0x0000004f9e1fecb0
Event: 0.769 Thread 0x00000220c2973480 DEOPT UNPACKING pc=0x00000220cea33aa2 sp=0x0000004f9e1fec10 mode 2
Event: 0.898 Thread 0x00000220c2973480 Uncommon trap: trap_request=0xffffff45 fr.pc=0x00000220cefb2b04 relative=0x0000000000000164
Event: 0.898 Thread 0x00000220c2973480 Uncommon trap: reason=unstable_if action=reinterpret pc=0x00000220cefb2b04 method=jdk.internal.util.ArraysSupport.vectorizedHashCode(Ljava/lang/Object;IIII)I @ 2 c2
Event: 0.898 Thread 0x00000220c2973480 DEOPT PACKING pc=0x00000220cefb2b04 sp=0x0000004f9e1fcb20
Event: 0.898 Thread 0x00000220c2973480 DEOPT UNPACKING pc=0x00000220cea33aa2 sp=0x0000004f9e1fcad0 mode 2
Event: 0.914 Thread 0x00000220c2973480 Uncommon trap: trap_request=0xffffff3d fr.pc=0x00000220cefae9d8 relative=0x00000000000005d8
Event: 0.914 Thread 0x00000220c2973480 Uncommon trap: reason=unstable_fused_if action=reinterpret pc=0x00000220cefae9d8 method=java.util.HashMap.resize()[Ljava/util/HashMap$Node; @ 31 c2
Event: 0.914 Thread 0x00000220c2973480 DEOPT PACKING pc=0x00000220cefae9d8 sp=0x0000004f9e1fd990
Event: 0.914 Thread 0x00000220c2973480 DEOPT UNPACKING pc=0x00000220cea33aa2 sp=0x0000004f9e1fd8e8 mode 2
Event: 0.928 Thread 0x00000220c2973480 Uncommon trap: trap_request=0xffffff45 fr.pc=0x00000220cefa2e84 relative=0x00000000000000e4
Event: 0.928 Thread 0x00000220c2973480 Uncommon trap: reason=unstable_if action=reinterpret pc=0x00000220cefa2e84 method=java.net.URI.match(CJJ)Z @ 45 c2
Event: 0.928 Thread 0x00000220c2973480 DEOPT PACKING pc=0x00000220cefa2e84 sp=0x0000004f9e1fcdc0
Event: 0.928 Thread 0x00000220c2973480 DEOPT UNPACKING pc=0x00000220cea33aa2 sp=0x0000004f9e1fcd28 mode 2

Classes loaded (20 events):
Event: 1.024 Loading class sun/security/util/AbstractAlgorithmConstraints$1
Event: 1.024 Loading class sun/security/util/AbstractAlgorithmConstraints$1 done
Event: 1.025 Loading class sun/security/util/DisabledAlgorithmConstraints$Constraints
Event: 1.029 Loading class sun/security/util/DisabledAlgorithmConstraints$Constraints done
Event: 1.029 Loading class sun/security/util/CurveDB
Event: 1.030 Loading class sun/security/util/CurveDB done
Event: 1.030 Loading class java/security/spec/ECFieldFp
Event: 1.030 Loading class java/security/spec/ECField
Event: 1.030 Loading class java/security/spec/ECField done
Event: 1.030 Loading class java/security/spec/ECFieldFp done
Event: 1.030 Loading class java/security/spec/EllipticCurve
Event: 1.031 Loading class java/security/spec/EllipticCurve done
Event: 1.031 Loading class java/security/spec/ECPoint
Event: 1.031 Loading class java/security/spec/ECPoint done
Event: 1.031 Loading class sun/security/util/NamedCurve
Event: 1.031 Loading class java/security/spec/ECParameterSpec
Event: 1.047 Loading class java/security/spec/ECParameterSpec done
Event: 1.047 Loading class sun/security/util/NamedCurve done
Event: 1.050 Loading class java/security/spec/ECFieldF2m
Event: 1.050 Loading class java/security/spec/ECFieldF2m done

Classes unloaded (0 events):
No events

Classes redefined (0 events):
No events

Internal exceptions (12 events):
Event: 0.199 Thread 0x00000220c2973480 Exception <a 'java/lang/NoSuchMethodError'{0x00000000ead2c028}: 'void java.lang.invoke.DirectMethodHandle$Holder.invokeStatic(java.lang.Object, java.lang.Object, java.lang.Object)'> (0x00000000ead2c028) 
thrown [s\src\hotspot\share\interpreter\linkResolver.cpp, line 773]
Event: 0.344 Thread 0x00000220c2973480 Exception <a 'java/lang/NoSuchMethodError'{0x00000000eae99ba0}: 'java.lang.Object java.lang.invoke.Invokers$Holder.invokeExact_MT(java.lang.Object, java.lang.Object, java.lang.Object, java.lang.Object, java.lang.Object)'> (0x00000000eae99ba0) 
thrown [s\src\hotspot\share\interpreter\linkResolver.cpp, line 773]
Event: 0.469 Thread 0x00000220c2973480 Exception <a 'java/lang/NoSuchMethodError'{0x00000000eaf529e0}: 'int java.lang.invoke.DirectMethodHandle$Holder.invokeSpecial(java.lang.Object, java.lang.Object, java.lang.Object, int)'> (0x00000000eaf529e0) 
thrown [s\src\hotspot\share\interpreter\linkResolver.cpp, line 773]
Event: 0.477 Thread 0x00000220c2973480 Exception <a 'java/lang/NoSuchMethodError'{0x00000000eaf653c8}: 'java.lang.Object java.lang.invoke.DirectMethodHandle$Holder.invokeStatic(java.lang.Object, java.lang.Object, java.lang.Object, java.lang.Object, int)'> (0x00000000eaf653c8) 
thrown [s\src\hotspot\share\interpreter\linkResolver.cpp, line 773]
Event: 0.480 Thread 0x00000220c2973480 Exception <a 'java/lang/NoSuchMethodError'{0x00000000eaf70870}: 'void java.lang.invoke.DelegatingMethodHandle$Holder.reinvoke_L(java.lang.Object, java.lang.Object, java.lang.Object, int, java.lang.Object)'> (0x00000000eaf70870) 
thrown [s\src\hotspot\share\interpreter\linkResolver.cpp, line 773]
Event: 0.485 Thread 0x00000220c2973480 Exception <a 'java/lang/NoSuchMethodError'{0x00000000eaf81400}: 'int java.lang.invoke.DirectMethodHandle$Holder.invokeSpecial(java.lang.Object, java.lang.Object, java.lang.Object)'> (0x00000000eaf81400) 
thrown [s\src\hotspot\share\interpreter\linkResolver.cpp, line 773]
Event: 0.487 Thread 0x00000220c2973480 Exception <a 'java/lang/NoSuchMethodError'{0x00000000eaf8d0c0}: 'java.lang.Object java.lang.invoke.DirectMethodHandle$Holder.invokeStatic(java.lang.Object, java.lang.Object, int)'> (0x00000000eaf8d0c0) 
thrown [s\src\hotspot\share\interpreter\linkResolver.cpp, line 773]
Event: 0.494 Thread 0x00000220c2973480 Exception <a 'java/lang/NoSuchMethodError'{0x00000000eaf91a10}: 'void java.lang.invoke.DirectMethodHandle$Holder.invokeStatic(java.lang.Object, java.lang.Object, int, java.lang.Object)'> (0x00000000eaf91a10) 
thrown [s\src\hotspot\share\interpreter\linkResolver.cpp, line 773]
Event: 0.495 Thread 0x00000220c2973480 Exception <a 'java/lang/NoSuchMethodError'{0x00000000eaf955a0}: 'void java.lang.invoke.DirectMethodHandle$Holder.invokeSpecial(java.lang.Object, java.lang.Object, java.lang.Object, int, java.lang.Object)'> (0x00000000eaf955a0) 
thrown [s\src\hotspot\share\interpreter\linkResolver.cpp, line 773]
Event: 0.495 Thread 0x00000220c2973480 Exception <a 'java/lang/NoSuchMethodError'{0x00000000eaf98a10}: 'void java.lang.invoke.DelegatingMethodHandle$Holder.delegate(java.lang.Object, java.lang.Object, int, java.lang.Object)'> (0x00000000eaf98a10) 
thrown [s\src\hotspot\share\interpreter\linkResolver.cpp, line 773]
Event: 0.602 Thread 0x00000220c2973480 Exception <a 'java/lang/NoSuchMethodError'{0x00000000eb1579f0}: 'void java.lang.invoke.DelegatingMethodHandle$Holder.reinvoke_L(java.lang.Object, java.lang.Object, java.lang.Object, int)'> (0x00000000eb1579f0) 
thrown [s\src\hotspot\share\interpreter\linkResolver.cpp, line 773]
Event: 0.882 Thread 0x00000220c2973480 Exception <a 'java/lang/NoSuchMethodError'{0x00000000eb5de250}: 'void java.lang.invoke.DirectMethodHandle$Holder.invokeVirtual(java.lang.Object, java.lang.Object)'> (0x00000000eb5de250) 
thrown [s\src\hotspot\share\interpreter\linkResolver.cpp, line 773]

ZGC Phase Switch (0 events):
No events

VM Operations (4 events):
Event: 0.204 Executing VM operation: HandshakeAllThreads (Deoptimize)
Event: 0.204 Executing VM operation: HandshakeAllThreads (Deoptimize) done
Event: 0.396 Executing VM operation: HandshakeAllThreads (Deoptimize)
Event: 0.396 Executing VM operation: HandshakeAllThreads (Deoptimize) done

Memory protections (0 events):
No events

Nmethod flushes (0 events):
No events

Events (14 events):
Event: 0.033 Thread 0x00000220c2973480 Thread added: 0x00000220c2973480
Event: 0.060 Thread 0x00000220c2973480 Thread added: 0x00000220d8d37aa0
Event: 0.060 Thread 0x00000220c2973480 Thread added: 0x00000220d8d39970
Event: 0.061 Thread 0x00000220c2973480 Thread added: 0x00000220d8d3b2c0
Event: 0.061 Thread 0x00000220c2973480 Thread added: 0x00000220d8d3bfd0
Event: 0.061 Thread 0x00000220c2973480 Thread added: 0x00000220d8d3db90
Event: 0.061 Thread 0x00000220c2973480 Thread added: 0x00000220d8d3e5e0
Event: 0.061 Thread 0x00000220c2973480 Thread added: 0x00000220d8d3f360
Event: 0.079 Thread 0x00000220c2973480 Thread added: 0x00000220d8db2e80
Event: 0.136 Thread 0x00000220c2973480 Thread added: 0x00000220d8dfe540
Event: 0.547 Thread 0x00000220d8db2e80 Thread added: 0x00000220d9e695b0
Event: 0.736 Thread 0x00000220d9e695b0 Thread exited: 0x00000220d9e695b0
Event: 0.766 Thread 0x00000220c2973480 Thread added: 0x00000220d9d52430
Event: 0.774 Thread 0x00000220d8db2e80 Thread added: 0x00000220d9ea0a70


Dynamic libraries:
0x00007ff6da9b0000 - 0x00007ff6da9be000 	c:\Users\Administrator\.vscode\extensions\redhat.java-1.39.0-win32-x64\jre\21.0.5-win32-x86_64\bin\java.exe
0x00007ffcb4fb0000 - 0x00007ffcb519d000 	C:\Windows\SYSTEM32\ntdll.dll
0x00007ffcb2ee0000 - 0x00007ffcb2f93000 	C:\Windows\System32\KERNEL32.DLL
0x00007ffcb1ca0000 - 0x00007ffcb1f33000 	C:\Windows\System32\KERNELBASE.dll
0x00007ffcb1230000 - 0x00007ffcb132c000 	C:\Windows\System32\ucrtbase.dll
0x00007ffc8fd60000 - 0x00007ffc8fd78000 	c:\Users\Administrator\.vscode\extensions\redhat.java-1.39.0-win32-x64\jre\21.0.5-win32-x86_64\bin\jli.dll
0x00007ffcb2900000 - 0x00007ffcb2a97000 	C:\Windows\System32\USER32.dll
0x00007ffcb1fe0000 - 0x00007ffcb2000000 	C:\Windows\System32\win32u.dll
0x00007ffcb4e90000 - 0x00007ffcb4eb9000 	C:\Windows\System32\GDI32.dll
0x00007ffcb1b00000 - 0x00007ffcb1c9a000 	C:\Windows\System32\gdi32full.dll
0x00007ffcb1f40000 - 0x00007ffcb1fe0000 	C:\Windows\System32\msvcp_win.dll
0x00007ffc8c100000 - 0x00007ffc8c11e000 	c:\Users\Administrator\.vscode\extensions\redhat.java-1.39.0-win32-x64\jre\21.0.5-win32-x86_64\bin\VCRUNTIME140.dll
0x00007ffca0290000 - 0x00007ffca0509000 	C:\Windows\WinSxS\amd64_microsoft.windows.common-controls_6595b64144ccf1df_6.0.17763.316_none_05b53be2071f46b6\COMCTL32.dll
0x00007ffcb2860000 - 0x00007ffcb28fe000 	C:\Windows\System32\msvcrt.dll
0x00007ffcb2530000 - 0x00007ffcb285d000 	C:\Windows\System32\combase.dll
0x00007ffcb4ba0000 - 0x00007ffcb4cc2000 	C:\Windows\System32\RPCRT4.dll
0x00007ffcb1a80000 - 0x00007ffcb1afe000 	C:\Windows\System32\bcryptPrimitives.dll
0x00007ffcb2b00000 - 0x00007ffcb2b2e000 	C:\Windows\System32\IMM32.DLL
0x00007ffc9f530000 - 0x00007ffc9f53c000 	c:\Users\Administrator\.vscode\extensions\redhat.java-1.39.0-win32-x64\jre\21.0.5-win32-x86_64\bin\vcruntime140_1.dll
0x00007ffc6fa10000 - 0x00007ffc6fa9d000 	c:\Users\Administrator\.vscode\extensions\redhat.java-1.39.0-win32-x64\jre\21.0.5-win32-x86_64\bin\msvcp140.dll
0x00007ffc63390000 - 0x00007ffc6411f000 	c:\Users\Administrator\.vscode\extensions\redhat.java-1.39.0-win32-x64\jre\21.0.5-win32-x86_64\bin\server\jvm.dll
0x00007ffcb2480000 - 0x00007ffcb2523000 	C:\Windows\System32\ADVAPI32.dll
0x00007ffcb2fb0000 - 0x00007ffcb304e000 	C:\Windows\System32\sechost.dll
0x00007ffcb0fb0000 - 0x00007ffcb100d000 	C:\Windows\System32\POWRPROF.dll
0x00007ffcb34d0000 - 0x00007ffcb353d000 	C:\Windows\System32\WS2_32.dll
0x00007ffcafad0000 - 0x00007ffcafaf4000 	C:\Windows\SYSTEM32\WINMM.dll
0x00007ffcafb00000 - 0x00007ffcafb0a000 	C:\Windows\SYSTEM32\VERSION.dll
0x00007ffcaf8b0000 - 0x00007ffcaf8dd000 	C:\Windows\SYSTEM32\WINMMBASE.dll
0x00007ffcb1080000 - 0x00007ffcb10ca000 	C:\Windows\System32\cfgmgr32.dll
0x00007ffcb1010000 - 0x00007ffcb1021000 	C:\Windows\System32\kernel.appcore.dll
0x00007ffc9b4b0000 - 0x00007ffc9b4ba000 	c:\Users\Administrator\.vscode\extensions\redhat.java-1.39.0-win32-x64\jre\21.0.5-win32-x86_64\bin\jimage.dll
0x00007ffcaf8e0000 - 0x00007ffcafacd000 	C:\Windows\SYSTEM32\DBGHELP.DLL
0x00007ffcaf880000 - 0x00007ffcaf8aa000 	C:\Windows\SYSTEM32\dbgcore.DLL
0x00007ffc97270000 - 0x00007ffc9727f000 	c:\Users\Administrator\.vscode\extensions\redhat.java-1.39.0-win32-x64\jre\21.0.5-win32-x86_64\bin\instrument.dll
0x00007ffc8b520000 - 0x00007ffc8b53f000 	c:\Users\Administrator\.vscode\extensions\redhat.java-1.39.0-win32-x64\jre\21.0.5-win32-x86_64\bin\java.dll
0x00007ffcb36b0000 - 0x00007ffcb4b9f000 	C:\Windows\System32\SHELL32.dll
0x00007ffcb2e30000 - 0x00007ffcb2ed8000 	C:\Windows\System32\shcore.dll
0x00007ffcb1330000 - 0x00007ffcb1a7a000 	C:\Windows\System32\windows.storage.dll
0x00007ffcb1030000 - 0x00007ffcb1054000 	C:\Windows\System32\profapi.dll
0x00007ffcb2aa0000 - 0x00007ffcb2af2000 	C:\Windows\System32\shlwapi.dll
0x00007ffcb1210000 - 0x00007ffcb1227000 	C:\Windows\System32\cryptsp.dll
0x00007ffc92670000 - 0x00007ffc92688000 	c:\Users\Administrator\.vscode\extensions\redhat.java-1.39.0-win32-x64\jre\21.0.5-win32-x86_64\bin\zip.dll
0x00007ffc9afa0000 - 0x00007ffc9afb0000 	C:\Users\Administrator\.vscode\extensions\redhat.java-1.39.0-win32-x64\jre\21.0.5-win32-x86_64\bin\net.dll
0x00007ffca2da0000 - 0x00007ffca2e91000 	C:\Windows\SYSTEM32\WINHTTP.dll
0x00007ffcb0840000 - 0x00007ffcb08a7000 	C:\Windows\system32\mswsock.dll
0x00007ffc73620000 - 0x00007ffc73636000 	C:\Users\Administrator\.vscode\extensions\redhat.java-1.39.0-win32-x64\jre\21.0.5-win32-x86_64\bin\nio.dll
0x00007ffc96f80000 - 0x00007ffc96f90000 	c:\Users\Administrator\.vscode\extensions\redhat.java-1.39.0-win32-x64\jre\21.0.5-win32-x86_64\bin\verify.dll

dbghelp: loaded successfully - version: 4.0.5 - missing functions: none
symbol engine: initialized successfully - sym options: 0x614 - pdb path: .;c:\Users\Administrator\.vscode\extensions\redhat.java-1.39.0-win32-x64\jre\21.0.5-win32-x86_64\bin;C:\Windows\SYSTEM32;C:\Windows\WinSxS\amd64_microsoft.windows.common-controls_6595b64144ccf1df_6.0.17763.316_none_05b53be2071f46b6;c:\Users\Administrator\.vscode\extensions\redhat.java-1.39.0-win32-x64\jre\21.0.5-win32-x86_64\bin\server

VM Arguments:
jvm_args: --add-modules=ALL-SYSTEM --add-opens=java.base/java.util=ALL-UNNAMED --add-opens=java.base/java.lang=ALL-UNNAMED --add-opens=java.base/sun.nio.fs=ALL-UNNAMED -Declipse.application=org.eclipse.jdt.ls.core.id1 -Dosgi.bundles.defaultStartLevel=4 -Declipse.product=org.eclipse.jdt.ls.core.product -Djava.import.generatesMetadataFilesAtProjectRoot=false -DDetectVMInstallationsJob.disabled=true -Dfile.encoding=utf8 -XX:+UseParallelGC -XX:GCTimeRatio=4 -XX:AdaptiveSizePolicyWeight=90 -Dsun.zip.disableMemoryMapping=true -Xmx1G -Xms100m -Xlog:disable -javaagent:c:\Users\Administrator\.vscode\extensions\redhat.java-1.39.0-win32-x64\lombok\lombok-1.18.34.jar -XX:+HeapDumpOnOutOfMemoryError -XX:HeapDumpPath=c:\Users\Administrator\AppData\Roaming\Code\User\workspaceStorage\eaf0e66c8150ec8eb439f6246dfe9a65\redhat.java -Daether.dependencyCollector.impl=bf 
java_command: c:\Users\Administrator\.vscode\extensions\redhat.java-1.39.0-win32-x64\server\plugins\org.eclipse.equinox.launcher_1.6.900.v20240613-2009.jar -configuration c:\Users\Administrator\AppData\Roaming\Code\User\globalStorage\redhat.java\1.39.0\config_win -data c:\Users\Administrator\AppData\Roaming\Code\User\workspaceStorage\eaf0e66c8150ec8eb439f6246dfe9a65\redhat.java\jdt_ws --pipe=\\.\pipe\lsp-3e821610dae11d2b43356e43800618c1-sock
java_class_path (initial): c:\Users\Administrator\.vscode\extensions\redhat.java-1.39.0-win32-x64\server\plugins\org.eclipse.equinox.launcher_1.6.900.v20240613-2009.jar
Launcher Type: SUN_STANDARD

[Global flags]
    uintx AdaptiveSizePolicyWeight                 = 90                                        {product} {command line}
     intx CICompilerCount                          = 3                                         {product} {ergonomic}
    uintx GCTimeRatio                              = 4                                         {product} {command line}
     bool HeapDumpOnOutOfMemoryError               = true                                   {manageable} {command line}
    ccstr HeapDumpPath                             = c:\Users\Administrator\AppData\Roaming\Code\User\workspaceStorage\eaf0e66c8150ec8eb439f6246dfe9a65\redhat.java         {manageable} {command line}
   size_t InitialHeapSize                          = 104857600                                 {product} {command line}
   size_t MaxHeapSize                              = 1073741824                                {product} {command line}
   size_t MaxNewSize                               = 357564416                                 {product} {ergonomic}
   size_t MinHeapDeltaBytes                        = 524288                                    {product} {ergonomic}
   size_t MinHeapSize                              = 104857600                                 {product} {command line}
   size_t NewSize                                  = 34603008                                  {product} {ergonomic}
    uintx NonNMethodCodeHeapSize                   = 5832780                                {pd product} {ergonomic}
    uintx NonProfiledCodeHeapSize                  = 122912730                              {pd product} {ergonomic}
   size_t OldSize                                  = 70254592                                  {product} {ergonomic}
    uintx ProfiledCodeHeapSize                     = 122912730                              {pd product} {ergonomic}
    uintx ReservedCodeCacheSize                    = 251658240                              {pd product} {ergonomic}
     bool SegmentedCodeCache                       = true                                      {product} {ergonomic}
   size_t SoftMaxHeapSize                          = 1073741824                             {manageable} {ergonomic}
     bool UseCompressedOops                        = true                           {product lp64_product} {ergonomic}
     bool UseLargePagesIndividualAllocation        = false                                  {pd product} {ergonomic}
     bool UseParallelGC                            = true                                      {product} {command line}

Logging:
Log output configuration:
 #0: stdout all=off uptime,level,tags foldmultilines=false
 #1: stderr all=off uptime,level,tags foldmultilines=false

Environment Variables:
JAVA_HOME=C:\Program Files\Java\jdk-21
PATH=C:\Program Files\Java\jdk-21\bin;C:\Program Files\Python312\Scripts\;C:\Program Files\Python312\;C:\Windows\system32;C:\Windows;C:\Windows\System32\Wbem;C:\Windows\System32\WindowsPowerShell\v1.0\;C:\Windows\System32\OpenSSH\;C:\Program Files\kotlinc\bin;C:\Program Files\nodejs\;C:\ProgramData\chocolatey\bin;C:\Program Files\Git\cmd;C:\Program Files\Java\jdk-21\bin;C:\MinGW\bin;C:\Gradle\gradle-7.4\bin;C:\flutter\bin;C:\Users\Administrator\AppData\Local\Programs\Microsoft VS Code\Code.exe;C:\Users\Administrator\AppData\Local\Programs\Microsoft VS Code\bin;C:\Users\Administrator\AppData\Local\GitHubDesktop\bin;C:\Program Files\Java\jdk-21;C:\MinGW\bin;C:\Gradle\gradle-7.4\bin;C:\flutter\bin;C:\Users\Administrator\AppData\Local\Programs\Microsoft VS Code\Code.exe;C:\Users\Administrator\AppData\Local\Programs\Microsoft VS Code\bin;C:\Users\Administrator\AppData\Local\GitHubDesktop\bin;C:\Program Files\Java\jdk-21;C:\MinGW\bin;;C:\Users\Administrator\AppData\Local\Android\Sdk\platform-tools;C:\Program Files\Java\jdk-21\bin;C:\Program Files\Python312\Scripts\;C:\Program Files\Python312\;C:\Windows\system32;C:\Windows;C:\Windows\System32\Wbem;C:\Windows\System32\WindowsPowerShell\v1.0\;C:\Windows\System32\OpenSSH\;C:\Program Files\kotlinc\bin;C:\Program Files\nodejs\;C:\ProgramData\chocolatey\bin;C:\Program Files\Git\cmd;C:\Program Files\Java\jdk-21\bin;C:\MinGW\bin;C:\Gradle\gradle-7.4\bin;C:\flutter\bin;C:\Users\Administrator\AppData\Local\Programs\Microsoft VS Code\Code.exe;C:\Users\Administrator\AppData\Local\Programs\Microsoft VS Code\bin;C:\Users\Administrator\AppData\Local\GitHubDesktop\bin;C:\Program Files\Java\jdk-21;C:\MinGW\bin;C:\Gradle\gradle-7.4\bin;C:\flutter\bin;C:\Users\Administrator\AppData\Local\Programs\Microsoft VS Code\Code.exe;C:\Users\Administrator\AppData\Local\Programs\Microsoft VS Code\bin;C:\Users\Administrator\AppData\Local\GitHubDesktop\bin;C:\Program Files\Java\jdk-21;C:\MinGW\bin;;C:\Users\Administrator\AppData\Local\Android\Sdk\platform-tools;C:\Users\Administrator\AppData\Local\Android\Sdk\platform-tools
USERNAME=Administrator
OS=Windows_NT
PROCESSOR_IDENTIFIER=Intel64 Family 6 Model 142 Stepping 9, GenuineIntel
TMP=C:\Users\ADMINI~1\AppData\Local\Temp
TEMP=C:\Users\ADMINI~1\AppData\Local\Temp




Periodic native trim disabled

---------------  S Y S T E M  ---------------

OS:
 Windows 10 , 64 bit Build 17763 (10.0.17763.292)
OS uptime: 3 days 20:47 hours

CPU: total 4 (initial active 4) (2 cores per cpu, 2 threads per core) family 6 model 142 stepping 9 microcode 0x84, cx8, cmov, fxsr, ht, mmx, 3dnowpref, sse, sse2, sse3, ssse3, sse4.1, sse4.2, popcnt, lzcnt, tsc, tscinvbit, avx, avx2, aes, erms, clmul, bmi1, bmi2, rtm, adx, fma, vzeroupper, clflush, clflushopt, rdtscp, f16c
Processor Information for all 4 processors :
  Max Mhz: 2701, Current Mhz: 2701, Mhz Limit: 2701

Memory: 4k page, system-wide physical 8076M (2462M free)
TotalPageFile size 16268M (AvailPageFile size 17M)
current process WorkingSet (physical memory assigned to process): 55M, peak: 55M
current process commit charge ("private bytes"): 183M, peak: 184M

vm_info: OpenJDK 64-Bit Server VM (21.0.5+11-LTS) for windows-amd64 JRE (21.0.5+11-LTS), built on 2024-10-15T00:00:00Z by "admin" with MS VC++ 17.7 (VS2022)

END.
