#
# There is insufficient memory for the Java Runtime Environment to continue.
# Native memory allocation (malloc) failed to allocate 1698240 bytes for Chunk::new
# Possible reasons:
#   The system is out of physical RAM or swap space
#   The process is running with CompressedOops enabled, and the Java Heap may be blocking the growth of the native heap
# Possible solutions:
#   Reduce memory load on the system
#   Increase physical memory or swap space
#   Check if swap backing store is full
#   Decrease Java heap size (-Xmx/-Xms)
#   Decrease number of Java threads
#   Decrease Java thread stack sizes (-Xss)
#   Set larger code cache with -XX:ReservedCodeCacheSize=
#   JVM is running with Zero Based Compressed Oops mode in which the Java heap is
#     placed in the first 32GB address space. The Java Heap base address is the
#     maximum limit for the native heap growth. Please use -XX:HeapBaseMinAddress
#     to set the Java Heap base and to place the Java Heap above 32GB virtual address.
# This output file may be truncated or incomplete.
#
#  Out of Memory Error (arena.cpp:168), pid=12908, tid=2988
#
# JRE version: Java(TM) SE Runtime Environment (21.0.6+8) (build 21.0.6+8-LTS-188)
# Java VM: Java HotSpot(TM) 64-Bit Server VM (21.0.6+8-LTS-188, mixed mode, sharing, tiered, compressed oops, compressed class ptrs, g1 gc, windows-amd64)
# No core dump will be written. Minidumps are not enabled by default on client versions of Windows
#

---------------  S U M M A R Y ------------

Command Line: -XX:MaxMetaspaceSize=2G -XX:+HeapDumpOnOutOfMemoryError --add-opens=java.base/java.util=ALL-UNNAMED --add-opens=java.base/java.lang=ALL-UNNAMED --add-opens=java.base/java.lang.invoke=ALL-UNNAMED --add-opens=java.prefs/java.util.prefs=ALL-UNNAMED --add-opens=java.base/java.nio.charset=ALL-UNNAMED --add-opens=java.base/java.net=ALL-UNNAMED --add-opens=java.base/java.util.concurrent.atomic=ALL-UNNAMED -Xmx4G -Dfile.encoding=utf8 -Duser.country=US -Duser.language=en -Duser.variant -javaagent:C:\Users\Administrator\.gradle\wrapper\dists\gradle-8.4-all\56r6xik2f6skrm47et0ibifug\gradle-8.4\lib\agents\gradle-instrumentation-agent-8.4.jar org.gradle.launcher.daemon.bootstrap.GradleDaemon 8.4

Host: Intel(R) Core(TM) i5-7300U CPU @ 2.60GHz, 4 cores, 7G,  Windows 10 , 64 bit Build 17763 (10.0.17763.292)
Time: Mon Jul 14 11:26:02 2025 SE Asia Standard Time elapsed time: 136.774952 seconds (0d 0h 2m 16s)

---------------  T H R E A D  ---------------

Current thread (0x000001c11f94f810):  JavaThread "C2 CompilerThread1" daemon [_thread_in_native, id=2988, stack(0x0000002215d00000,0x0000002215e00000) (1024K)]


Current CompileTask:
C2: 136775 11905       4       org.objectweb.asm.ClassReader::accept (1412 bytes)

Stack: [0x0000002215d00000,0x0000002215e00000]
Native frames: (J=compiled Java code, j=interpreted, Vv=VM code, C=native code)
V  [jvm.dll+0x6ca6d9]
V  [jvm.dll+0x854f51]
V  [jvm.dll+0x85747e]
V  [jvm.dll+0x857b53]
V  [jvm.dll+0x27dcc6]
V  [jvm.dll+0xc4c2d]
V  [jvm.dll+0xc5163]
V  [jvm.dll+0x3b515c]
V  [jvm.dll+0x1df829]
V  [jvm.dll+0x246a72]
V  [jvm.dll+0x245eff]
V  [jvm.dll+0x1c6d2e]
V  [jvm.dll+0x2554f9]
V  [jvm.dll+0x253a8a]
V  [jvm.dll+0x3ee576]
V  [jvm.dll+0x7ff2fb]
V  [jvm.dll+0x6c8dbd]
C  [ucrtbase.dll+0x203ba]
C  [KERNEL32.DLL+0x181f4]
C  [ntdll.dll+0x6a251]


---------------  P R O C E S S  ---------------

Threads class SMR info:
_java_thread_list=0x000001c122273350, length=52, elements={
0x000001c0b7906a70, 0x000001c0d8402460, 0x000001c0d8405530, 0x000001c0d84093b0,
0x000001c0d8409e00, 0x000001c0d840a850, 0x000001c0d840b2a0, 0x000001c0d840c020,
0x000001c0d8439160, 0x000001c0d83d82d0, 0x000001c0d869d200, 0x000001c11f5b8980,
0x000001c11e66b210, 0x000001c11e885480, 0x000001c11e0371d0, 0x000001c11e037830,
0x000001c0d8764850, 0x000001c0d8764eb0, 0x000001c11e874fd0, 0x000001c11e876380,
0x000001c11e872f00, 0x000001c11e873590, 0x000001c11e873c20, 0x000001c11e8742b0,
0x000001c11e875660, 0x000001c11e875cf0, 0x000001c11ec8fcc0, 0x000001c11ec91070,
0x000001c11ec93e60, 0x000001c11ec8f630, 0x000001c11ec92420, 0x000001c11ec92ab0,
0x000001c11ec944f0, 0x000001c11ec91700, 0x000001c11ec91d90, 0x000001c11ec93140,
0x000001c11ec8d560, 0x000001c11ec94b80, 0x000001c11ec8dbf0, 0x000001c11ec8efa0,
0x000001c11ec8e910, 0x000001c122b44aa0, 0x000001c122b436f0, 0x000001c122b43060,
0x000001c122b41620, 0x000001c122b41cb0, 0x000001c122b429d0, 0x000001c122b43d80,
0x000001c122b44410, 0x000001c11e874940, 0x000001c1209ff170, 0x000001c11f94f810
}

Java Threads: ( => current thread )
  0x000001c0b7906a70 JavaThread "main"                              [_thread_blocked, id=11612, stack(0x0000002215c00000,0x0000002215d00000) (1024K)]
  0x000001c0d8402460 JavaThread "Reference Handler"          daemon [_thread_blocked, id=11336, stack(0x0000002216500000,0x0000002216600000) (1024K)]
  0x000001c0d8405530 JavaThread "Finalizer"                  daemon [_thread_blocked, id=12328, stack(0x0000002216600000,0x0000002216700000) (1024K)]
  0x000001c0d84093b0 JavaThread "Signal Dispatcher"          daemon [_thread_blocked, id=2780, stack(0x0000002216700000,0x0000002216800000) (1024K)]
  0x000001c0d8409e00 JavaThread "Attach Listener"            daemon [_thread_blocked, id=12944, stack(0x0000002216800000,0x0000002216900000) (1024K)]
  0x000001c0d840a850 JavaThread "Service Thread"             daemon [_thread_blocked, id=14172, stack(0x0000002216900000,0x0000002216a00000) (1024K)]
  0x000001c0d840b2a0 JavaThread "Monitor Deflation Thread"   daemon [_thread_blocked, id=12624, stack(0x0000002216a00000,0x0000002216b00000) (1024K)]
  0x000001c0d840c020 JavaThread "C2 CompilerThread0"         daemon [_thread_in_native, id=9744, stack(0x0000002216b00000,0x0000002216c00000) (1024K)]
  0x000001c0d8439160 JavaThread "C1 CompilerThread0"         daemon [_thread_blocked, id=13504, stack(0x0000002216c00000,0x0000002216d00000) (1024K)]
  0x000001c0d83d82d0 JavaThread "Common-Cleaner"             daemon [_thread_blocked, id=3376, stack(0x0000002216d00000,0x0000002216e00000) (1024K)]
  0x000001c0d869d200 JavaThread "Notification Thread"        daemon [_thread_blocked, id=7628, stack(0x0000002216e00000,0x0000002216f00000) (1024K)]
  0x000001c11f5b8980 JavaThread "Daemon health stats"               [_thread_blocked, id=5188, stack(0x0000002217300000,0x0000002217400000) (1024K)]
  0x000001c11e66b210 JavaThread "Incoming local TCP Connector on port 63487"        [_thread_in_native, id=4720, stack(0x0000002217200000,0x0000002217300000) (1024K)]
  0x000001c11e885480 JavaThread "Daemon periodic checks"            [_thread_blocked, id=920, stack(0x0000002217400000,0x0000002217500000) (1024K)]
  0x000001c11e0371d0 JavaThread "Daemon"                            [_thread_blocked, id=11868, stack(0x0000002217500000,0x0000002217600000) (1024K)]
  0x000001c11e037830 JavaThread "Handler for socket connection from /127.0.0.1:63487 to /127.0.0.1:63488"        [_thread_in_native, id=7216, stack(0x0000002217600000,0x0000002217700000) (1024K)]
  0x000001c0d8764850 JavaThread "Cancel handler"                    [_thread_blocked, id=7932, stack(0x0000002217700000,0x0000002217800000) (1024K)]
  0x000001c0d8764eb0 JavaThread "Daemon worker"                     [_thread_in_native, id=7864, stack(0x0000002217800000,0x0000002217900000) (1024K)]
  0x000001c11e874fd0 JavaThread "Asynchronous log dispatcher for DefaultDaemonConnection: socket connection from /127.0.0.1:63487 to /127.0.0.1:63488"        [_thread_blocked, id=10880, stack(0x0000002217900000,0x0000002217a00000) (1024K)]
  0x000001c11e876380 JavaThread "Daemon client event forwarder"        [_thread_blocked, id=3708, stack(0x0000002217b00000,0x0000002217c00000) (1024K)]
  0x000001c11e872f00 JavaThread "Cache worker for journal cache (C:\Users\Administrator\.gradle\caches\journal-1)"        [_thread_blocked, id=1900, stack(0x0000002217c00000,0x0000002217d00000) (1024K)]
  0x000001c11e873590 JavaThread "File lock request listener"        [_thread_in_native, id=14072, stack(0x0000002217d00000,0x0000002217e00000) (1024K)]
  0x000001c11e873c20 JavaThread "File lock release action executor"        [_thread_blocked, id=13456, stack(0x0000002217f00000,0x0000002218000000) (1024K)]
  0x000001c11e8742b0 JavaThread "Cache worker for file hash cache (C:\Users\Administrator\.gradle\caches\8.4\fileHashes)"        [_thread_blocked, id=6308, stack(0x0000002217e00000,0x0000002217f00000) (1024K)]
  0x000001c11e875660 JavaThread "File watcher server"        daemon [_thread_in_native, id=1348, stack(0x0000002218100000,0x0000002218200000) (1024K)]
  0x000001c11e875cf0 JavaThread "File watcher consumer"      daemon [_thread_blocked, id=13848, stack(0x0000002218200000,0x0000002218300000) (1024K)]
  0x000001c11ec8fcc0 JavaThread "jar transforms"                    [_thread_blocked, id=10660, stack(0x0000002218300000,0x0000002218400000) (1024K)]
  0x000001c11ec91070 JavaThread "jar transforms Thread 2"           [_thread_blocked, id=5500, stack(0x0000002218400000,0x0000002218500000) (1024K)]
  0x000001c11ec93e60 JavaThread "jar transforms Thread 3"           [_thread_blocked, id=4760, stack(0x0000002218500000,0x0000002218600000) (1024K)]
  0x000001c11ec8f630 JavaThread "Cache worker for checksums cache (D:\flutter_to_do_app\client\android\.gradle\8.4\checksums)"        [_thread_blocked, id=13116, stack(0x0000002218000000,0x0000002218100000) (1024K)]
  0x000001c11ec92420 JavaThread "Cache worker for file hash cache (D:\flutter_to_do_app\client\android\.gradle\8.4\fileHashes)"        [_thread_blocked, id=10860, stack(0x0000002218600000,0x0000002218700000) (1024K)]
  0x000001c11ec92ab0 JavaThread "Cache worker for cache directory md-supplier (C:\Users\Administrator\.gradle\caches\8.4\md-supplier)"        [_thread_blocked, id=13864, stack(0x0000002218700000,0x0000002218800000) (1024K)]
  0x000001c11ec944f0 JavaThread "Cache worker for file content cache (C:\Users\Administrator\.gradle\caches\8.4\fileContent)"        [_thread_blocked, id=3776, stack(0x0000002218800000,0x0000002218900000) (1024K)]
  0x000001c11ec91700 JavaThread "Cache worker for cache directory md-rule (C:\Users\Administrator\.gradle\caches\8.4\md-rule)"        [_thread_blocked, id=1996, stack(0x0000002218900000,0x0000002218a00000) (1024K)]
  0x000001c11ec91d90 JavaThread "Cache worker for execution history cache (C:\Users\Administrator\.gradle\caches\8.4\executionHistory)"        [_thread_blocked, id=4420, stack(0x0000002218a00000,0x0000002218b00000) (1024K)]
  0x000001c11ec93140 JavaThread "jar transforms Thread 4"           [_thread_blocked, id=1956, stack(0x0000002218b00000,0x0000002218c00000) (1024K)]
  0x000001c11ec8d560 JavaThread "Cache worker for kotlin-dsl (C:\Users\Administrator\.gradle\caches\8.4\kotlin-dsl)"        [_thread_blocked, id=11412, stack(0x0000002218c00000,0x0000002218d00000) (1024K)]
  0x000001c11ec94b80 JavaThread "Cache worker for dependencies-accessors (D:\flutter_to_do_app\client\android\.gradle\8.4\dependencies-accessors)"        [_thread_blocked, id=1012, stack(0x0000002218e00000,0x0000002218f00000) (1024K)]
  0x000001c11ec8dbf0 JavaThread "Cache worker for Build Output Cleanup Cache (D:\flutter_to_do_app\client\android\.gradle\buildOutputCleanup)"        [_thread_blocked, id=13196, stack(0x0000002218f00000,0x0000002219000000) (1024K)]
  0x000001c11ec8efa0 JavaThread "Unconstrained build operations"        [_thread_blocked, id=2792, stack(0x0000002218d00000,0x0000002218e00000) (1024K)]
  0x000001c11ec8e910 JavaThread "Unconstrained build operations Thread 2"        [_thread_blocked, id=5012, stack(0x0000002219000000,0x0000002219100000) (1024K)]
  0x000001c122b44aa0 JavaThread "Unconstrained build operations Thread 3"        [_thread_blocked, id=4936, stack(0x0000002219100000,0x0000002219200000) (1024K)]
  0x000001c122b436f0 JavaThread "Memory manager"                    [_thread_blocked, id=7392, stack(0x0000002219300000,0x0000002219400000) (1024K)]
  0x000001c122b43060 JavaThread "build event listener"              [_thread_blocked, id=8992, stack(0x0000002219400000,0x0000002219500000) (1024K)]
  0x000001c122b41620 JavaThread "Unconstrained build operations Thread 4"        [_thread_blocked, id=13724, stack(0x0000002219200000,0x0000002219300000) (1024K)]
  0x000001c122b41cb0 JavaThread "Unconstrained build operations Thread 5"        [_thread_blocked, id=3096, stack(0x0000002219500000,0x0000002219600000) (1024K)]
  0x000001c122b429d0 JavaThread "Unconstrained build operations Thread 6"        [_thread_blocked, id=5112, stack(0x0000002219600000,0x0000002219700000) (1024K)]
  0x000001c122b43d80 JavaThread "File lock release action executor Thread 2"        [_thread_blocked, id=13920, stack(0x0000002215b00000,0x0000002215c00000) (1024K)]
  0x000001c122b44410 JavaThread "Unconstrained build operations Thread 7"        [_thread_blocked, id=12980, stack(0x0000002217a00000,0x0000002217b00000) (1024K)]
  0x000001c11e874940 JavaThread "Unconstrained build operations Thread 8"        [_thread_blocked, id=8848, stack(0x0000002219700000,0x0000002219800000) (1024K)]
  0x000001c1209ff170 JavaThread "Unconstrained build operations Thread 9"        [_thread_blocked, id=6528, stack(0x0000002219800000,0x0000002219900000) (1024K)]
=>0x000001c11f94f810 JavaThread "C2 CompilerThread1"         daemon [_thread_in_native, id=2988, stack(0x0000002215d00000,0x0000002215e00000) (1024K)]
Total: 52

Other Threads:
  0x000001c0d83ee0b0 VMThread "VM Thread"                           [id=7200, stack(0x0000002216400000,0x0000002216500000) (1024K)]
  0x000001c0d83d7010 WatcherThread "VM Periodic Task Thread"        [id=756, stack(0x0000002216300000,0x0000002216400000) (1024K)]
  0x000001c0b9b4b7f0 WorkerThread "GC Thread#0"                     [id=8860, stack(0x0000002215e00000,0x0000002215f00000) (1024K)]
  0x000001c0d8964060 WorkerThread "GC Thread#1"                     [id=3504, stack(0x0000002217000000,0x0000002217100000) (1024K)]
  0x000001c0d88d0210 WorkerThread "GC Thread#2"                     [id=11644, stack(0x0000002217100000,0x0000002217200000) (1024K)]
  0x000001c11e664600 WorkerThread "GC Thread#3"                     [id=2012, stack(0x0000002216f00000,0x0000002217000000) (1024K)]
  0x000001c0b9b5c6e0 ConcurrentGCThread "G1 Main Marker"            [id=1160, stack(0x0000002215f00000,0x0000002216000000) (1024K)]
  0x000001c0b9b5d0f0 WorkerThread "G1 Conc#0"                       [id=13964, stack(0x0000002216000000,0x0000002216100000) (1024K)]
  0x000001c0d82b10a0 ConcurrentGCThread "G1 Refine#0"               [id=13616, stack(0x0000002216100000,0x0000002216200000) (1024K)]
  0x000001c0b9ba5400 ConcurrentGCThread "G1 Service"                [id=4200, stack(0x0000002216200000,0x0000002216300000) (1024K)]
Total: 10

Threads with active compile tasks:
C2 CompilerThread0   136813 11902       4       org.objectweb.asm.ClassReader::readParameterAnnotations (106 bytes)
C2 CompilerThread1   136813 11905       4       org.objectweb.asm.ClassReader::accept (1412 bytes)
Total: 2

VM state: not at safepoint (normal execution)

VM Mutex/Monitor currently owned by a thread: None

Heap address: 0x0000000700000000, size: 4096 MB, Compressed Oops mode: Zero based, Oop shift amount: 3

CDS archive(s) mapped at: [0x000001c0d9000000-0x000001c0d9c90000-0x000001c0d9c90000), size 13172736, SharedBaseAddress: 0x000001c0d9000000, ArchiveRelocationMode: 1.
Compressed class space mapped at: 0x000001c0da000000-0x000001c11a000000, reserved size: 1073741824
Narrow klass base: 0x000001c0d9000000, Narrow klass shift: 0, Narrow klass range: 0x100000000

GC Precious Log:
 CardTable entry size: 512
 Card Set container configuration: InlinePtr #cards 4 size 8 Array Of Cards #cards 16 size 48 Howl #buckets 8 coarsen threshold 3686 Howl Bitmap #cards 512 size 80 coarsen threshold 460 Card regions per heap region 1 cards per card region 4096
 CPUs: 4 total, 4 available
 Memory: 8076M
 Large Page Support: Disabled
 NUMA Support: Disabled
 Compressed Oops: Enabled (Zero based)
 Heap Region Size: 2M
 Heap Min Capacity: 8M
 Heap Initial Capacity: 128M
 Heap Max Capacity: 4G
 Pre-touch: Disabled
 Parallel Workers: 4
 Concurrent Workers: 1
 Concurrent Refinement Workers: 4
 Periodic GC: Disabled

Heap:
 garbage-first heap   total 194560K, used 147628K [0x0000000700000000, 0x0000000800000000)
  region size 2048K, 24 young (49152K), 1 survivors (2048K)
 Metaspace       used 81443K, committed 83456K, reserved 1179648K
  class space    used 10850K, committed 11840K, reserved 1048576K

Heap Regions: E=young(eden), S=young(survivor), O=old, HS=humongous(starts), HC=humongous(continues), CS=collection set, F=free, TAMS=top-at-mark-start, PB=parsable bottom
|   0|0x0000000700000000, 0x0000000700200000, 0x0000000700200000|100%| O|  |TAMS 0x0000000700000000| PB 0x0000000700000000| Untracked 
|   1|0x0000000700200000, 0x0000000700400000, 0x0000000700400000|100%|HS|  |TAMS 0x0000000700200000| PB 0x0000000700200000| Complete 
|   2|0x0000000700400000, 0x0000000700600000, 0x0000000700600000|100%|HC|  |TAMS 0x0000000700400000| PB 0x0000000700400000| Complete 
|   3|0x0000000700600000, 0x0000000700800000, 0x0000000700800000|100%| O|  |TAMS 0x0000000700600000| PB 0x0000000700600000| Untracked 
|   4|0x0000000700800000, 0x0000000700a00000, 0x0000000700a00000|100%| O|  |TAMS 0x0000000700800000| PB 0x0000000700800000| Untracked 
|   5|0x0000000700a00000, 0x0000000700c00000, 0x0000000700c00000|100%| O|  |TAMS 0x0000000700a00000| PB 0x0000000700a00000| Untracked 
|   6|0x0000000700c00000, 0x0000000700e00000, 0x0000000700e00000|100%| O|  |TAMS 0x0000000700c00000| PB 0x0000000700c00000| Untracked 
|   7|0x0000000700e00000, 0x0000000701000000, 0x0000000701000000|100%| O|  |TAMS 0x0000000700e00000| PB 0x0000000700e00000| Untracked 
|   8|0x0000000701000000, 0x0000000701200000, 0x0000000701200000|100%| O|  |TAMS 0x0000000701000000| PB 0x0000000701000000| Untracked 
|   9|0x0000000701200000, 0x0000000701400000, 0x0000000701400000|100%| O|  |TAMS 0x0000000701200000| PB 0x0000000701200000| Untracked 
|  10|0x0000000701400000, 0x0000000701600000, 0x0000000701600000|100%| O|  |TAMS 0x0000000701400000| PB 0x0000000701400000| Untracked 
|  11|0x0000000701600000, 0x0000000701800000, 0x0000000701800000|100%| O|  |TAMS 0x0000000701600000| PB 0x0000000701600000| Untracked 
|  12|0x0000000701800000, 0x0000000701959c70, 0x0000000701a00000| 67%| O|  |TAMS 0x0000000701800000| PB 0x0000000701800000| Untracked 
|  13|0x0000000701a00000, 0x0000000701c00000, 0x0000000701c00000|100%| O|  |TAMS 0x0000000701a00000| PB 0x0000000701a00000| Untracked 
|  14|0x0000000701c00000, 0x0000000701e00000, 0x0000000701e00000|100%| O|  |TAMS 0x0000000701c00000| PB 0x0000000701c00000| Untracked 
|  15|0x0000000701e00000, 0x0000000702000000, 0x0000000702000000|100%| O|  |TAMS 0x0000000701e00000| PB 0x0000000701e00000| Untracked 
|  16|0x0000000702000000, 0x0000000702200000, 0x0000000702200000|100%| O|  |TAMS 0x0000000702000000| PB 0x0000000702000000| Untracked 
|  17|0x0000000702200000, 0x0000000702400000, 0x0000000702400000|100%| O|  |TAMS 0x0000000702200000| PB 0x0000000702200000| Untracked 
|  18|0x0000000702400000, 0x0000000702600000, 0x0000000702600000|100%| O|  |TAMS 0x0000000702400000| PB 0x0000000702400000| Untracked 
|  19|0x0000000702600000, 0x0000000702800000, 0x0000000702800000|100%|HS|  |TAMS 0x0000000702600000| PB 0x0000000702600000| Complete 
|  20|0x0000000702800000, 0x0000000702a00000, 0x0000000702a00000|100%| O|  |TAMS 0x0000000702800000| PB 0x0000000702800000| Untracked 
|  21|0x0000000702a00000, 0x0000000702c00000, 0x0000000702c00000|100%| O|  |TAMS 0x0000000702a00000| PB 0x0000000702a00000| Untracked 
|  22|0x0000000702c00000, 0x0000000702e00000, 0x0000000702e00000|100%| O|  |TAMS 0x0000000702c00000| PB 0x0000000702c00000| Untracked 
|  23|0x0000000702e00000, 0x0000000703000000, 0x0000000703000000|100%|HS|  |TAMS 0x0000000702e00000| PB 0x0000000702e00000| Complete 
|  24|0x0000000703000000, 0x0000000703200000, 0x0000000703200000|100%|HC|  |TAMS 0x0000000703000000| PB 0x0000000703000000| Complete 
|  25|0x0000000703200000, 0x0000000703400000, 0x0000000703400000|100%| O|  |TAMS 0x0000000703200000| PB 0x0000000703200000| Untracked 
|  26|0x0000000703400000, 0x0000000703600000, 0x0000000703600000|100%| O|  |TAMS 0x0000000703400000| PB 0x0000000703400000| Untracked 
|  27|0x0000000703600000, 0x0000000703800000, 0x0000000703800000|100%|HS|  |TAMS 0x0000000703600000| PB 0x0000000703600000| Complete 
|  28|0x0000000703800000, 0x0000000703a00000, 0x0000000703a00000|100%| O|  |TAMS 0x0000000703800000| PB 0x0000000703800000| Untracked 
|  29|0x0000000703a00000, 0x0000000703c00000, 0x0000000703c00000|100%| O|  |TAMS 0x0000000703a00000| PB 0x0000000703a00000| Untracked 
|  30|0x0000000703c00000, 0x0000000703e00000, 0x0000000703e00000|100%| O|  |TAMS 0x0000000703c00000| PB 0x0000000703c00000| Untracked 
|  31|0x0000000703e00000, 0x0000000704000000, 0x0000000704000000|100%| O|  |TAMS 0x0000000703e00000| PB 0x0000000703e00000| Untracked 
|  32|0x0000000704000000, 0x0000000704200000, 0x0000000704200000|100%| O|  |TAMS 0x0000000704000000| PB 0x0000000704000000| Untracked 
|  33|0x0000000704200000, 0x0000000704400000, 0x0000000704400000|100%| O|  |TAMS 0x0000000704200000| PB 0x0000000704200000| Untracked 
|  34|0x0000000704400000, 0x0000000704600000, 0x0000000704600000|100%| O|  |TAMS 0x0000000704400000| PB 0x0000000704400000| Untracked 
|  35|0x0000000704600000, 0x0000000704800000, 0x0000000704800000|100%|HS|  |TAMS 0x0000000704600000| PB 0x0000000704600000| Complete 
|  36|0x0000000704800000, 0x0000000704a00000, 0x0000000704a00000|100%|HC|  |TAMS 0x0000000704800000| PB 0x0000000704800000| Complete 
|  37|0x0000000704a00000, 0x0000000704c00000, 0x0000000704c00000|100%| O|  |TAMS 0x0000000704a00000| PB 0x0000000704a00000| Untracked 
|  38|0x0000000704c00000, 0x0000000704e00000, 0x0000000704e00000|100%| O|  |TAMS 0x0000000704c00000| PB 0x0000000704c00000| Untracked 
|  39|0x0000000704e00000, 0x0000000705000000, 0x0000000705000000|100%|HS|  |TAMS 0x0000000704e00000| PB 0x0000000704e00000| Complete 
|  40|0x0000000705000000, 0x0000000705200000, 0x0000000705200000|100%| O|  |TAMS 0x0000000705000000| PB 0x0000000705000000| Untracked 
|  41|0x0000000705200000, 0x0000000705400000, 0x0000000705400000|100%| O|  |TAMS 0x0000000705200000| PB 0x0000000705200000| Untracked 
|  42|0x0000000705400000, 0x0000000705600000, 0x0000000705600000|100%| O|  |TAMS 0x0000000705400000| PB 0x0000000705400000| Untracked 
|  43|0x0000000705600000, 0x0000000705800000, 0x0000000705800000|100%| O|  |TAMS 0x0000000705600000| PB 0x0000000705600000| Untracked 
|  44|0x0000000705800000, 0x0000000705a00000, 0x0000000705a00000|100%| O|  |TAMS 0x0000000705800000| PB 0x0000000705800000| Untracked 
|  45|0x0000000705a00000, 0x0000000705c00000, 0x0000000705c00000|100%| O|  |TAMS 0x0000000705a00000| PB 0x0000000705a00000| Untracked 
|  46|0x0000000705c00000, 0x0000000705e00000, 0x0000000705e00000|100%| O|  |TAMS 0x0000000705c00000| PB 0x0000000705c00000| Untracked 
|  47|0x0000000705e00000, 0x0000000706000000, 0x0000000706000000|100%| O|  |TAMS 0x0000000705e00000| PB 0x0000000705e00000| Untracked 
|  48|0x0000000706000000, 0x0000000706200000, 0x0000000706200000|100%|HS|  |TAMS 0x0000000706000000| PB 0x0000000706000000| Complete 
|  49|0x0000000706200000, 0x0000000706400000, 0x0000000706400000|100%|HC|  |TAMS 0x0000000706200000| PB 0x0000000706200000| Complete 
|  50|0x0000000706400000, 0x0000000706400000, 0x0000000706600000|  0%| F|  |TAMS 0x0000000706400000| PB 0x0000000706400000| Untracked 
|  51|0x0000000706600000, 0x0000000706600000, 0x0000000706800000|  0%| F|  |TAMS 0x0000000706600000| PB 0x0000000706600000| Untracked 
|  52|0x0000000706800000, 0x0000000706800000, 0x0000000706a00000|  0%| F|  |TAMS 0x0000000706800000| PB 0x0000000706800000| Untracked 
|  53|0x0000000706a00000, 0x0000000706a00000, 0x0000000706c00000|  0%| F|  |TAMS 0x0000000706a00000| PB 0x0000000706a00000| Untracked 
|  54|0x0000000706c00000, 0x0000000706cd1470, 0x0000000706e00000| 40%| S|CS|TAMS 0x0000000706c00000| PB 0x0000000706c00000| Complete 
|  55|0x0000000706e00000, 0x0000000706e00000, 0x0000000707000000|  0%| F|  |TAMS 0x0000000706e00000| PB 0x0000000706e00000| Untracked 
|  56|0x0000000707000000, 0x0000000707000000, 0x0000000707200000|  0%| F|  |TAMS 0x0000000707000000| PB 0x0000000707000000| Untracked 
|  57|0x0000000707200000, 0x0000000707200000, 0x0000000707400000|  0%| F|  |TAMS 0x0000000707200000| PB 0x0000000707200000| Untracked 
|  58|0x0000000707400000, 0x0000000707400000, 0x0000000707600000|  0%| F|  |TAMS 0x0000000707400000| PB 0x0000000707400000| Untracked 
|  59|0x0000000707600000, 0x0000000707600000, 0x0000000707800000|  0%| F|  |TAMS 0x0000000707600000| PB 0x0000000707600000| Untracked 
|  60|0x0000000707800000, 0x0000000707800000, 0x0000000707a00000|  0%| F|  |TAMS 0x0000000707800000| PB 0x0000000707800000| Untracked 
|  61|0x0000000707a00000, 0x0000000707a00000, 0x0000000707c00000|  0%| F|  |TAMS 0x0000000707a00000| PB 0x0000000707a00000| Untracked 
|  62|0x0000000707c00000, 0x0000000707c00000, 0x0000000707e00000|  0%| F|  |TAMS 0x0000000707c00000| PB 0x0000000707c00000| Untracked 
|  63|0x0000000707e00000, 0x0000000707e00000, 0x0000000708000000|  0%| F|  |TAMS 0x0000000707e00000| PB 0x0000000707e00000| Untracked 
|  64|0x0000000708000000, 0x0000000708000000, 0x0000000708200000|  0%| F|  |TAMS 0x0000000708000000| PB 0x0000000708000000| Untracked 
|  65|0x0000000708200000, 0x0000000708200000, 0x0000000708400000|  0%| F|  |TAMS 0x0000000708200000| PB 0x0000000708200000| Untracked 
|  66|0x0000000708400000, 0x0000000708400000, 0x0000000708600000|  0%| F|  |TAMS 0x0000000708400000| PB 0x0000000708400000| Untracked 
|  67|0x0000000708600000, 0x0000000708600000, 0x0000000708800000|  0%| F|  |TAMS 0x0000000708600000| PB 0x0000000708600000| Untracked 
|  68|0x0000000708800000, 0x0000000708800000, 0x0000000708a00000|  0%| F|  |TAMS 0x0000000708800000| PB 0x0000000708800000| Untracked 
|  69|0x0000000708a00000, 0x0000000708a00000, 0x0000000708c00000|  0%| F|  |TAMS 0x0000000708a00000| PB 0x0000000708a00000| Untracked 
|  70|0x0000000708c00000, 0x0000000708c00000, 0x0000000708e00000|  0%| F|  |TAMS 0x0000000708c00000| PB 0x0000000708c00000| Untracked 
|  71|0x0000000708e00000, 0x0000000708e00000, 0x0000000709000000|  0%| F|  |TAMS 0x0000000708e00000| PB 0x0000000708e00000| Untracked 
|  72|0x0000000709000000, 0x0000000709100ab8, 0x0000000709200000| 50%| E|  |TAMS 0x0000000709000000| PB 0x0000000709000000| Complete 
|  73|0x0000000709200000, 0x0000000709400000, 0x0000000709400000|100%| E|CS|TAMS 0x0000000709200000| PB 0x0000000709200000| Complete 
|  74|0x0000000709400000, 0x0000000709600000, 0x0000000709600000|100%| E|CS|TAMS 0x0000000709400000| PB 0x0000000709400000| Complete 
|  75|0x0000000709600000, 0x0000000709800000, 0x0000000709800000|100%| E|CS|TAMS 0x0000000709600000| PB 0x0000000709600000| Complete 
|  76|0x0000000709800000, 0x0000000709a00000, 0x0000000709a00000|100%| E|CS|TAMS 0x0000000709800000| PB 0x0000000709800000| Complete 
|  77|0x0000000709a00000, 0x0000000709c00000, 0x0000000709c00000|100%| E|CS|TAMS 0x0000000709a00000| PB 0x0000000709a00000| Complete 
|  78|0x0000000709c00000, 0x0000000709e00000, 0x0000000709e00000|100%| E|CS|TAMS 0x0000000709c00000| PB 0x0000000709c00000| Complete 
|  79|0x0000000709e00000, 0x000000070a000000, 0x000000070a000000|100%| E|CS|TAMS 0x0000000709e00000| PB 0x0000000709e00000| Complete 
|  80|0x000000070a000000, 0x000000070a200000, 0x000000070a200000|100%| E|CS|TAMS 0x000000070a000000| PB 0x000000070a000000| Complete 
|  81|0x000000070a200000, 0x000000070a400000, 0x000000070a400000|100%| E|CS|TAMS 0x000000070a200000| PB 0x000000070a200000| Complete 
|  82|0x000000070a400000, 0x000000070a600000, 0x000000070a600000|100%| E|CS|TAMS 0x000000070a400000| PB 0x000000070a400000| Complete 
|  83|0x000000070a600000, 0x000000070a800000, 0x000000070a800000|100%| E|CS|TAMS 0x000000070a600000| PB 0x000000070a600000| Complete 
|  84|0x000000070a800000, 0x000000070aa00000, 0x000000070aa00000|100%| E|CS|TAMS 0x000000070a800000| PB 0x000000070a800000| Complete 
|  85|0x000000070aa00000, 0x000000070ac00000, 0x000000070ac00000|100%| E|CS|TAMS 0x000000070aa00000| PB 0x000000070aa00000| Complete 
|  86|0x000000070ac00000, 0x000000070ae00000, 0x000000070ae00000|100%| E|CS|TAMS 0x000000070ac00000| PB 0x000000070ac00000| Complete 
|  87|0x000000070ae00000, 0x000000070b000000, 0x000000070b000000|100%| E|CS|TAMS 0x000000070ae00000| PB 0x000000070ae00000| Complete 
|  88|0x000000070b000000, 0x000000070b200000, 0x000000070b200000|100%| E|CS|TAMS 0x000000070b000000| PB 0x000000070b000000| Complete 
|  89|0x000000070b200000, 0x000000070b400000, 0x000000070b400000|100%| E|CS|TAMS 0x000000070b200000| PB 0x000000070b200000| Complete 
|  90|0x000000070b400000, 0x000000070b600000, 0x000000070b600000|100%| E|CS|TAMS 0x000000070b400000| PB 0x000000070b400000| Complete 
|  91|0x000000070b600000, 0x000000070b800000, 0x000000070b800000|100%| E|CS|TAMS 0x000000070b600000| PB 0x000000070b600000| Complete 
|  92|0x000000070b800000, 0x000000070ba00000, 0x000000070ba00000|100%| E|CS|TAMS 0x000000070b800000| PB 0x000000070b800000| Complete 
|  93|0x000000070ba00000, 0x000000070bc00000, 0x000000070bc00000|100%| E|CS|TAMS 0x000000070ba00000| PB 0x000000070ba00000| Complete 
|  94|0x000000070bc00000, 0x000000070be00000, 0x000000070be00000|100%| E|CS|TAMS 0x000000070bc00000| PB 0x000000070bc00000| Complete 

Card table byte_map: [0x000001c0d1770000,0x000001c0d1f70000] _byte_map_base: 0x000001c0cdf70000

Marking Bits: (CMBitMap*) 0x000001c0b9b4be00
 Bits: [0x000001c0d1f70000, 0x000001c0d5f70000)

Polling page: 0x000001c0b7ab0000

Metaspace:

Usage:
  Non-class:     68.94 MB used.
      Class:     10.60 MB used.
       Both:     79.54 MB used.

Virtual space:
  Non-class space:      128.00 MB reserved,      69.94 MB ( 55%) committed,  2 nodes.
      Class space:        1.00 GB reserved,      11.56 MB (  1%) committed,  1 nodes.
             Both:        1.13 GB reserved,      81.50 MB (  7%) committed. 

Chunk freelists:
   Non-Class:  9.84 MB
       Class:  4.38 MB
        Both:  14.22 MB

MaxMetaspaceSize: 2.00 GB
CompressedClassSpaceSize: 1.00 GB
Initial GC threshold: 21.00 MB
Current GC threshold: 135.63 MB
CDS: on
 - commit_granule_bytes: 65536.
 - commit_granule_words: 8192.
 - virtual_space_node_default_size: 8388608.
 - enlarge_chunks_in_place: 1.
 - use_allocation_guard: 0.


Internal statistics:

num_allocs_failed_limit: 9.
num_arena_births: 3522.
num_arena_deaths: 0.
num_vsnodes_births: 3.
num_vsnodes_deaths: 0.
num_space_committed: 1304.
num_space_uncommitted: 0.
num_chunks_returned_to_freelist: 9.
num_chunks_taken_from_freelist: 7069.
num_chunk_merges: 9.
num_chunk_splits: 4600.
num_chunks_enlarged: 2854.
num_inconsistent_stats: 0.

CodeHeap 'non-profiled nmethods': size=120000Kb used=6883Kb max_used=7268Kb free=113116Kb
 bounds [0x000001c0c9a40000, 0x000001c0ca170000, 0x000001c0d0f70000]
CodeHeap 'profiled nmethods': size=120000Kb used=19127Kb max_used=20963Kb free=100872Kb
 bounds [0x000001c0c1f70000, 0x000001c0c3410000, 0x000001c0c94a0000]
CodeHeap 'non-nmethods': size=5760Kb used=2888Kb max_used=3067Kb free=2871Kb
 bounds [0x000001c0c94a0000, 0x000001c0c97c0000, 0x000001c0c9a40000]
 total_blobs=10646 nmethods=9666 adapters=883
 compilation: enabled
              stopped_count=0, restarted_count=0
 full_count=0

Compilation events (20 events):
Event: 134.162 Thread 0x000001c0d840c020 11898       4       org.gradle.internal.normalization.java.impl.ApiMemberSelector$1::visitParameterAnnotation (38 bytes)
Event: 134.205 Thread 0x000001c0d840c020 nmethod 11898 0x000001c0ca0ec490 code [0x000001c0ca0ec7a0, 0x000001c0ca0ee328]
Event: 134.205 Thread 0x000001c0d840c020 11899       4       org.objectweb.asm.MethodWriter::visitParameterAnnotation (92 bytes)
Event: 134.223 Thread 0x000001c0d840c020 nmethod 11899 0x000001c0c9b6ab90 code [0x000001c0c9b6ae00, 0x000001c0c9b6c048]
Event: 134.553 Thread 0x000001c0d840c020 11900       4       org.objectweb.asm.ClassReader::readCode (5117 bytes)
Event: 134.803 Thread 0x000001c0d8439160 11903       1       org.gradle.launcher.daemon.server.health.gc.GarbageCollectionEvent::getCount (5 bytes)
Event: 134.803 Thread 0x000001c0d8439160 nmethod 11903 0x000001c0ca0ec190 code [0x000001c0ca0ec320, 0x000001c0ca0ec3e8]
Event: 134.920 Thread 0x000001c0d8439160 11904       3       org.objectweb.asm.ClassReader::readTypeAnnotationTarget (596 bytes)
Event: 134.922 Thread 0x000001c0d8439160 nmethod 11904 0x000001c0c21ecb90 code [0x000001c0c21ecec0, 0x000001c0c21eed10]
Event: 135.386 Thread 0x000001c0d8439160 11906       3       org.objectweb.asm.ClassReader::readElementValue (1237 bytes)
Event: 135.391 Thread 0x000001c0d8439160 nmethod 11906 0x000001c0c32ffd90 code [0x000001c0c3300640, 0x000001c0c3304f30]
Event: 136.396 Thread 0x000001c0d840c020 nmethod 11900 0x000001c0ca13b510 code [0x000001c0ca13c3a0, 0x000001c0ca14c728]
Event: 136.398 Thread 0x000001c0d840c020 11907       4       org.objectweb.asm.ClassReader::readMethod (1066 bytes)
Event: 136.398 Thread 0x000001c11f94f810 11905       4       org.objectweb.asm.ClassReader::accept (1412 bytes)
Event: 136.655 Thread 0x000001c0d8439160 11910   !   3       java.util.concurrent.LinkedBlockingDeque$AbstractItr::next (100 bytes)
Event: 136.656 Thread 0x000001c0d8439160 nmethod 11910 0x000001c0c2001490 code [0x000001c0c2001740, 0x000001c0c2002708]
Event: 136.656 Thread 0x000001c0d8439160 11911       3       java.util.concurrent.LinkedBlockingDeque$Itr::nextNode (5 bytes)
Event: 136.656 Thread 0x000001c0d8439160 nmethod 11911 0x000001c0c2678090 code [0x000001c0c2678220, 0x000001c0c2678338]
Event: 136.683 Thread 0x000001c0d8439160 11914       3       org.objectweb.asm.SymbolTable::addConstant (330 bytes)
Event: 136.685 Thread 0x000001c0d8439160 nmethod 11914 0x000001c0c26f2090 code [0x000001c0c26f2640, 0x000001c0c26f5808]

GC Heap History (20 events):
Event: 125.250 GC heap before
{Heap before GC invocations=41 (full 0):
 garbage-first heap   total 174080K, used 160182K [0x0000000700000000, 0x0000000800000000)
  region size 2048K, 31 young (63488K), 1 survivors (2048K)
 Metaspace       used 81420K, committed 83456K, reserved 1179648K
  class space    used 10850K, committed 11840K, reserved 1048576K
}
Event: 125.261 GC heap after
{Heap after GC invocations=42 (full 0):
 garbage-first heap   total 174080K, used 98469K [0x0000000700000000, 0x0000000800000000)
  region size 2048K, 1 young (2048K), 1 survivors (2048K)
 Metaspace       used 81420K, committed 83456K, reserved 1179648K
  class space    used 10850K, committed 11840K, reserved 1048576K
}
Event: 127.003 GC heap before
{Heap before GC invocations=42 (full 0):
 garbage-first heap   total 174080K, used 159909K [0x0000000700000000, 0x0000000800000000)
  region size 2048K, 31 young (63488K), 1 survivors (2048K)
 Metaspace       used 81421K, committed 83456K, reserved 1179648K
  class space    used 10850K, committed 11840K, reserved 1048576K
}
Event: 127.007 GC heap after
{Heap after GC invocations=43 (full 0):
 garbage-first heap   total 174080K, used 98148K [0x0000000700000000, 0x0000000800000000)
  region size 2048K, 1 young (2048K), 1 survivors (2048K)
 Metaspace       used 81421K, committed 83456K, reserved 1179648K
  class space    used 10850K, committed 11840K, reserved 1048576K
}
Event: 127.742 GC heap before
{Heap before GC invocations=44 (full 0):
 garbage-first heap   total 194560K, used 157540K [0x0000000700000000, 0x0000000800000000)
  region size 2048K, 30 young (61440K), 1 survivors (2048K)
 Metaspace       used 81422K, committed 83456K, reserved 1179648K
  class space    used 10850K, committed 11840K, reserved 1048576K
}
Event: 127.745 GC heap after
{Heap after GC invocations=45 (full 0):
 garbage-first heap   total 194560K, used 98326K [0x0000000700000000, 0x0000000800000000)
  region size 2048K, 1 young (2048K), 1 survivors (2048K)
 Metaspace       used 81422K, committed 83456K, reserved 1179648K
  class space    used 10850K, committed 11840K, reserved 1048576K
}
Event: 128.283 GC heap before
{Heap before GC invocations=45 (full 0):
 garbage-first heap   total 194560K, used 178198K [0x0000000700000000, 0x0000000800000000)
  region size 2048K, 40 young (81920K), 1 survivors (2048K)
 Metaspace       used 81424K, committed 83456K, reserved 1179648K
  class space    used 10850K, committed 11840K, reserved 1048576K
}
Event: 128.292 GC heap after
{Heap after GC invocations=46 (full 0):
 garbage-first heap   total 194560K, used 98691K [0x0000000700000000, 0x0000000800000000)
  region size 2048K, 1 young (2048K), 1 survivors (2048K)
 Metaspace       used 81424K, committed 83456K, reserved 1179648K
  class space    used 10850K, committed 11840K, reserved 1048576K
}
Event: 128.971 GC heap before
{Heap before GC invocations=46 (full 0):
 garbage-first heap   total 194560K, used 178563K [0x0000000700000000, 0x0000000800000000)
  region size 2048K, 40 young (81920K), 1 survivors (2048K)
 Metaspace       used 81424K, committed 83456K, reserved 1179648K
  class space    used 10850K, committed 11840K, reserved 1048576K
}
Event: 128.975 GC heap after
{Heap after GC invocations=47 (full 0):
 garbage-first heap   total 194560K, used 98155K [0x0000000700000000, 0x0000000800000000)
  region size 2048K, 1 young (2048K), 1 survivors (2048K)
 Metaspace       used 81424K, committed 83456K, reserved 1179648K
  class space    used 10850K, committed 11840K, reserved 1048576K
}
Event: 129.497 GC heap before
{Heap before GC invocations=48 (full 0):
 garbage-first heap   total 194560K, used 178027K [0x0000000700000000, 0x0000000800000000)
  region size 2048K, 40 young (81920K), 1 survivors (2048K)
 Metaspace       used 81424K, committed 83456K, reserved 1179648K
  class space    used 10850K, committed 11840K, reserved 1048576K
}
Event: 129.501 GC heap after
{Heap after GC invocations=49 (full 0):
 garbage-first heap   total 194560K, used 98173K [0x0000000700000000, 0x0000000800000000)
  region size 2048K, 1 young (2048K), 1 survivors (2048K)
 Metaspace       used 81424K, committed 83456K, reserved 1179648K
  class space    used 10850K, committed 11840K, reserved 1048576K
}
Event: 130.534 GC heap before
{Heap before GC invocations=49 (full 0):
 garbage-first heap   total 194560K, used 178045K [0x0000000700000000, 0x0000000800000000)
  region size 2048K, 40 young (81920K), 1 survivors (2048K)
 Metaspace       used 81432K, committed 83456K, reserved 1179648K
  class space    used 10850K, committed 11840K, reserved 1048576K
}
Event: 130.542 GC heap after
{Heap after GC invocations=50 (full 0):
 garbage-first heap   total 194560K, used 97787K [0x0000000700000000, 0x0000000800000000)
  region size 2048K, 1 young (2048K), 1 survivors (2048K)
 Metaspace       used 81432K, committed 83456K, reserved 1179648K
  class space    used 10850K, committed 11840K, reserved 1048576K
}
Event: 131.080 GC heap before
{Heap before GC invocations=50 (full 0):
 garbage-first heap   total 194560K, used 177659K [0x0000000700000000, 0x0000000800000000)
  region size 2048K, 40 young (81920K), 1 survivors (2048K)
 Metaspace       used 81442K, committed 83456K, reserved 1179648K
  class space    used 10850K, committed 11840K, reserved 1048576K
}
Event: 131.082 GC heap after
{Heap after GC invocations=51 (full 0):
 garbage-first heap   total 194560K, used 97866K [0x0000000700000000, 0x0000000800000000)
  region size 2048K, 1 young (2048K), 1 survivors (2048K)
 Metaspace       used 81442K, committed 83456K, reserved 1179648K
  class space    used 10850K, committed 11840K, reserved 1048576K
}
Event: 133.646 GC heap before
{Heap before GC invocations=52 (full 0):
 garbage-first heap   total 194560K, used 99914K [0x0000000700000000, 0x0000000800000000)
  region size 2048K, 3 young (6144K), 1 survivors (2048K)
 Metaspace       used 81442K, committed 83456K, reserved 1179648K
  class space    used 10850K, committed 11840K, reserved 1048576K
}
Event: 133.651 GC heap after
{Heap after GC invocations=53 (full 0):
 garbage-first heap   total 194560K, used 97762K [0x0000000700000000, 0x0000000800000000)
  region size 2048K, 1 young (2048K), 1 survivors (2048K)
 Metaspace       used 81442K, committed 83456K, reserved 1179648K
  class space    used 10850K, committed 11840K, reserved 1048576K
}
Event: 135.762 GC heap before
{Heap before GC invocations=54 (full 0):
 garbage-first heap   total 194560K, used 181730K [0x0000000700000000, 0x0000000800000000)
  region size 2048K, 40 young (81920K), 1 survivors (2048K)
 Metaspace       used 81442K, committed 83456K, reserved 1179648K
  class space    used 10850K, committed 11840K, reserved 1048576K
}
Event: 135.766 GC heap after
{Heap after GC invocations=55 (full 0):
 garbage-first heap   total 194560K, used 102572K [0x0000000700000000, 0x0000000800000000)
  region size 2048K, 1 young (2048K), 1 survivors (2048K)
 Metaspace       used 81442K, committed 83456K, reserved 1179648K
  class space    used 10850K, committed 11840K, reserved 1048576K
}

Dll operation events (15 events):
Event: 0.013 Loaded shared library C:\Program Files\Java\jdk-21\bin\java.dll
Event: 0.612 Loaded shared library C:\Program Files\Java\jdk-21\bin\jsvml.dll
Event: 0.657 Loaded shared library C:\Program Files\Java\jdk-21\bin\zip.dll
Event: 0.666 Loaded shared library C:\Program Files\Java\jdk-21\bin\instrument.dll
Event: 0.676 Loaded shared library C:\Program Files\Java\jdk-21\bin\net.dll
Event: 0.677 Loaded shared library C:\Program Files\Java\jdk-21\bin\nio.dll
Event: 0.692 Loaded shared library C:\Program Files\Java\jdk-21\bin\zip.dll
Event: 1.913 Loaded shared library C:\Program Files\Java\jdk-21\bin\jimage.dll
Event: 2.129 Loaded shared library C:\Program Files\Java\jdk-21\bin\verify.dll
Event: 2.819 Loaded shared library C:\Users\Administrator\.gradle\native\c067742578af261105cb4f569cf0c3c89f3d7b1fecec35dd04571415982c5e48\windows-amd64\native-platform.dll
Event: 2.826 Loaded shared library C:\Users\Administrator\.gradle\native\38dada09dfb8b06ba9b0570ebf7e218e3eb74d4ef43ca46872605cf95ebc2f47\windows-amd64\native-platform-file-events.dll
Event: 5.441 Loaded shared library C:\Program Files\Java\jdk-21\bin\management.dll
Event: 5.444 Loaded shared library C:\Program Files\Java\jdk-21\bin\management_ext.dll
Event: 6.239 Loaded shared library C:\Program Files\Java\jdk-21\bin\extnet.dll
Event: 6.592 Loaded shared library C:\Program Files\Java\jdk-21\bin\sunmscapi.dll

Deoptimization events (20 events):
Event: 133.933 Thread 0x000001c0d8764eb0 Uncommon trap: trap_request=0xffffff45 fr.pc=0x000001c0c9e29008 relative=0x0000000000005108
Event: 133.933 Thread 0x000001c0d8764eb0 Uncommon trap: reason=unstable_if action=reinterpret pc=0x000001c0c9e29008 method=org.objectweb.asm.ClassReader.readMethod(Lorg/objectweb/asm/ClassVisitor;Lorg/objectweb/asm/Context;I)I @ 382 c2
Event: 133.933 Thread 0x000001c0d8764eb0 DEOPT PACKING pc=0x000001c0c9e29008 sp=0x00000022178f3e60
Event: 133.933 Thread 0x000001c0d8764eb0 DEOPT UNPACKING pc=0x000001c0c94f46a2 sp=0x00000022178f3e08 mode 2
Event: 134.131 Thread 0x000001c0d8764eb0 Uncommon trap: trap_request=0xffffff45 fr.pc=0x000001c0ca02aedc relative=0x0000000000008bfc
Event: 134.131 Thread 0x000001c0d8764eb0 Uncommon trap: reason=unstable_if action=reinterpret pc=0x000001c0ca02aedc method=org.objectweb.asm.ClassReader.readCode(Lorg/objectweb/asm/MethodVisitor;Lorg/objectweb/asm/Context;I)V @ 1823 c2
Event: 134.131 Thread 0x000001c0d8764eb0 DEOPT PACKING pc=0x000001c0ca02aedc sp=0x00000022178f3c20
Event: 134.131 Thread 0x000001c0d8764eb0 DEOPT UNPACKING pc=0x000001c0c94f46a2 sp=0x00000022178f3b78 mode 2
Event: 134.636 Thread 0x000001c0d8764eb0 Uncommon trap: trap_request=0xffffff45 fr.pc=0x000001c0ca0791e0 relative=0x0000000000001800
Event: 134.636 Thread 0x000001c0d8764eb0 Uncommon trap: reason=unstable_if action=reinterpret pc=0x000001c0ca0791e0 method=org.objectweb.asm.ClassReader.readElementValue(Lorg/objectweb/asm/AnnotationVisitor;ILjava/lang/String;[C)I @ 18 c2
Event: 134.636 Thread 0x000001c0d8764eb0 DEOPT PACKING pc=0x000001c0ca0791e0 sp=0x00000022178f3c60
Event: 134.636 Thread 0x000001c0d8764eb0 DEOPT UNPACKING pc=0x000001c0c94f46a2 sp=0x00000022178f3be0 mode 2
Event: 134.655 Thread 0x000001c0d8764eb0 Uncommon trap: trap_request=0xffffff45 fr.pc=0x000001c0c9ec9968 relative=0x0000000000001308
Event: 134.655 Thread 0x000001c0d8764eb0 Uncommon trap: reason=unstable_if action=reinterpret pc=0x000001c0c9ec9968 method=org.objectweb.asm.ClassReader.readTypeAnnotationTarget(Lorg/objectweb/asm/Context;I)I @ 14 c2
Event: 134.655 Thread 0x000001c0d8764eb0 DEOPT PACKING pc=0x000001c0c9ec9968 sp=0x00000022178f3eb0
Event: 134.655 Thread 0x000001c0d8764eb0 DEOPT UNPACKING pc=0x000001c0c94f46a2 sp=0x00000022178f3e80 mode 2
Event: 136.665 Thread 0x000001c0d8764eb0 Uncommon trap: trap_request=0xffffff45 fr.pc=0x000001c0c9b9789c relative=0x000000000000039c
Event: 136.665 Thread 0x000001c0d8764eb0 Uncommon trap: reason=unstable_if action=reinterpret pc=0x000001c0c9b9789c method=org.objectweb.asm.SymbolTable.addConstantIntegerOrFloat(II)Lorg/objectweb/asm/Symbol; @ 44 c2
Event: 136.665 Thread 0x000001c0d8764eb0 DEOPT PACKING pc=0x000001c0c9b9789c sp=0x00000022178f3da0
Event: 136.666 Thread 0x000001c0d8764eb0 DEOPT UNPACKING pc=0x000001c0c94f46a2 sp=0x00000022178f3c98 mode 2

Classes loaded (20 events):
Event: 85.962 Loading class jdk/internal/event/TLSHandshakeEvent
Event: 85.962 Loading class jdk/internal/event/TLSHandshakeEvent done
Event: 85.962 Loading class javax/net/ssl/SSLEngineResult$HandshakeStatus
Event: 85.962 Loading class javax/net/ssl/SSLEngineResult$HandshakeStatus done
Event: 86.107 Loading class java/text/ParsePosition
Event: 86.107 Loading class java/text/ParsePosition done
Event: 86.107 Loading class java/text/CalendarBuilder
Event: 86.107 Loading class java/text/CalendarBuilder done
Event: 86.846 Loading class java/nio/charset/UnsupportedCharsetException
Event: 86.846 Loading class java/nio/charset/UnsupportedCharsetException done
Event: 87.713 Loading class java/lang/foreign/MemorySegment
Event: 87.714 Loading class java/lang/foreign/MemorySegment done
Event: 103.812 Loading class java/util/zip/ZipFile$ZipEntryIterator
Event: 103.812 Loading class java/util/zip/ZipFile$ZipEntryIterator done
Event: 104.958 Loading class sun/security/ssl/Alert
Event: 104.959 Loading class sun/security/ssl/Alert done
Event: 104.959 Loading class sun/security/ssl/Alert$AlertConsumer
Event: 104.959 Loading class sun/security/ssl/Alert$AlertConsumer done
Event: 104.959 Loading class sun/security/ssl/Alert$Level
Event: 104.960 Loading class sun/security/ssl/Alert$Level done

Classes unloaded (0 events):
No events

Classes redefined (0 events):
No events

Internal exceptions (20 events):
Event: 67.143 Thread 0x000001c0d8764eb0 Exception <a 'java/lang/ClassNotFoundException'{0x0000000707f1fa18}: java/util/ArrayListCustomizer> (0x0000000707f1fa18) 
thrown [s\open\src\hotspot\share\classfile\systemDictionary.cpp, line 312]
Event: 67.246 Thread 0x000001c0d8764eb0 Exception <a 'java/lang/ClassNotFoundException'{0x0000000707fc5e50}: org/codehaus/groovy/runtime/MethodClosureBeanInfo> (0x0000000707fc5e50) 
thrown [s\open\src\hotspot\share\classfile\systemDictionary.cpp, line 312]
Event: 67.247 Thread 0x000001c0d8764eb0 Exception <a 'java/lang/ClassNotFoundException'{0x0000000707fe0010}: org/codehaus/groovy/runtime/MethodClosureCustomizer> (0x0000000707fe0010) 
thrown [s\open\src\hotspot\share\classfile\systemDictionary.cpp, line 312]
Event: 67.267 Thread 0x000001c0d8764eb0 Exception <a 'java/lang/ClassNotFoundException'{0x0000000707c8be80}: java/util/LinkedHashMapBeanInfo> (0x0000000707c8be80) 
thrown [s\open\src\hotspot\share\classfile\systemDictionary.cpp, line 312]
Event: 67.268 Thread 0x000001c0d8764eb0 Exception <a 'java/lang/ClassNotFoundException'{0x0000000707c97858}: java/util/HashMapBeanInfo> (0x0000000707c97858) 
thrown [s\open\src\hotspot\share\classfile\systemDictionary.cpp, line 312]
Event: 67.268 Thread 0x000001c0d8764eb0 Exception <a 'java/lang/ClassNotFoundException'{0x0000000707ca2ca8}: java/util/HashMapCustomizer> (0x0000000707ca2ca8) 
thrown [s\open\src\hotspot\share\classfile\systemDictionary.cpp, line 312]
Event: 67.273 Thread 0x000001c0d8764eb0 Exception <a 'java/lang/ClassNotFoundException'{0x0000000707cfcf88}: java/util/LinkedHashMapCustomizer> (0x0000000707cfcf88) 
thrown [s\open\src\hotspot\share\classfile\systemDictionary.cpp, line 312]
Event: 67.283 Thread 0x000001c0d8764eb0 Exception <a 'java/lang/ClassNotFoundException'{0x0000000707d77790}: org/apache/tools/ant/taskdefs/condition/OsBeanInfo> (0x0000000707d77790) 
thrown [s\open\src\hotspot\share\classfile\systemDictionary.cpp, line 312]
Event: 67.284 Thread 0x000001c0d8764eb0 Exception <a 'java/lang/ClassNotFoundException'{0x0000000707d8f058}: org/apache/tools/ant/taskdefs/condition/OsCustomizer> (0x0000000707d8f058) 
thrown [s\open\src\hotspot\share\classfile\systemDictionary.cpp, line 312]
Event: 83.086 Thread 0x000001c122b44410 Implicit null exception at 0x000001c0c9a8c300 to 0x000001c0c9a8c330
Event: 83.127 Thread 0x000001c11e876380 Exception <a 'java/lang/NoSuchMethodError'{0x0000000706884de8}: static Lorg/gradle/internal/build/event/types/DefaultFileDownloadDescriptor;.<clinit>()V> (0x0000000706884de8) 
thrown [s\open\src\hotspot\share\prims\jni.cpp, line 1111]
Event: 83.326 Thread 0x000001c1209ff170 Exception <a 'sun/nio/fs/WindowsException'{0x000000070660b4a8}> (0x000000070660b4a8) 
thrown [s\open\src\hotspot\share\prims\jni.cpp, line 520]
Event: 86.218 Thread 0x000001c11e876380 Exception <a 'java/lang/NoSuchMethodError'{0x0000000708443378}: static Lorg/gradle/internal/build/event/types/DefaultStatusEvent;.<clinit>()V> (0x0000000708443378) 
thrown [s\open\src\hotspot\share\prims\jni.cpp, line 1111]
Event: 86.853 Thread 0x000001c11e876380 Exception <a 'java/lang/NoSuchMethodError'{0x00000007084bb5b0}: static Lorg/gradle/internal/build/event/types/DefaultFileDownloadSuccessResult;.<clinit>()V> (0x00000007084bb5b0) 
thrown [s\open\src\hotspot\share\prims\jni.cpp, line 1111]
Event: 103.815 Thread 0x000001c0d8764eb0 Implicit null exception at 0x000001c0c9c4ec12 to 0x000001c0c9c4f820
Event: 103.931 Thread 0x000001c0d8764eb0 Implicit null exception at 0x000001c0c9b85390 to 0x000001c0c9b85439
Event: 104.960 Thread 0x000001c0d8405530 Implicit null exception at 0x000001c0c9d6a20b to 0x000001c0c9d6a2e4
Event: 104.960 Thread 0x000001c0d8405530 Implicit null exception at 0x000001c0c9eae60e to 0x000001c0c9eaee80
Event: 117.348 Thread 0x000001c0d8764eb0 Implicit null exception at 0x000001c0ca077037 to 0x000001c0ca0792c4
Event: 117.363 Thread 0x000001c0d8764eb0 Implicit null exception at 0x000001c0ca0b61d2 to 0x000001c0ca0b7e28

ZGC Phase Switch (0 events):
No events

VM Operations (20 events):
Event: 129.218 Executing VM operation: G1PauseCleanup
Event: 129.225 Executing VM operation: G1PauseCleanup done
Event: 129.496 Executing VM operation: G1CollectForAllocation (G1 Evacuation Pause)
Event: 129.501 Executing VM operation: G1CollectForAllocation (G1 Evacuation Pause) done
Event: 130.534 Executing VM operation: G1CollectForAllocation (G1 Evacuation Pause)
Event: 130.543 Executing VM operation: G1CollectForAllocation (G1 Evacuation Pause) done
Event: 131.080 Executing VM operation: G1CollectForAllocation (G1 Evacuation Pause)
Event: 131.083 Executing VM operation: G1CollectForAllocation (G1 Evacuation Pause) done
Event: 131.257 Executing VM operation: G1PauseRemark
Event: 131.277 Executing VM operation: G1PauseRemark done
Event: 131.347 Executing VM operation: G1PauseCleanup
Event: 131.348 Executing VM operation: G1PauseCleanup done
Event: 133.646 Executing VM operation: G1TryInitiateConcMark (G1 Humongous Allocation)
Event: 133.651 Executing VM operation: G1TryInitiateConcMark (G1 Humongous Allocation) done
Event: 133.825 Executing VM operation: G1PauseRemark
Event: 133.843 Executing VM operation: G1PauseRemark done
Event: 133.896 Executing VM operation: G1PauseCleanup
Event: 133.896 Executing VM operation: G1PauseCleanup done
Event: 135.761 Executing VM operation: G1CollectForAllocation (G1 Evacuation Pause)
Event: 135.766 Executing VM operation: G1CollectForAllocation (G1 Evacuation Pause) done

Events (20 events):
Event: 133.842 Thread 0x000001c0d83ee0b0 flushing nmethod 0x000001c0c2398d90
Event: 133.842 Thread 0x000001c0d83ee0b0 flushing nmethod 0x000001c0c29c3390
Event: 133.842 Thread 0x000001c0d83ee0b0 flushing nmethod 0x000001c0c3279790
Event: 133.842 Thread 0x000001c0d83ee0b0 flushing nmethod 0x000001c0c32f4f10
Event: 133.842 Thread 0x000001c0d83ee0b0 flushing nmethod 0x000001c0c9d16e10
Event: 133.842 Thread 0x000001c0d83ee0b0 flushing nmethod 0x000001c0ca12d890
Event: 133.842 Thread 0x000001c0d83ee0b0 flushing nmethod 0x000001c0ca148910
Event: 133.842 Thread 0x000001c0d83ee0b0 flushing nmethod 0x000001c0c2050010
Event: 133.842 Thread 0x000001c0d83ee0b0 flushing nmethod 0x000001c0c2056a10
Event: 133.842 Thread 0x000001c0d83ee0b0 flushing nmethod 0x000001c0c2b3c410
Event: 133.842 Thread 0x000001c0d83ee0b0 flushing nmethod 0x000001c0c2ca4b10
Event: 133.842 Thread 0x000001c0d83ee0b0 flushing nmethod 0x000001c0c9d6ac10
Event: 133.842 Thread 0x000001c0d83ee0b0 flushing nmethod 0x000001c0c23b6710
Event: 133.842 Thread 0x000001c0d83ee0b0 flushing nmethod 0x000001c0c27f2610
Event: 133.842 Thread 0x000001c0d83ee0b0 flushing nmethod 0x000001c0c286ad90
Event: 133.842 Thread 0x000001c0d83ee0b0 flushing nmethod 0x000001c0c28fde10
Event: 133.842 Thread 0x000001c0d83ee0b0 flushing nmethod 0x000001c0c2b29090
Event: 133.842 Thread 0x000001c0d83ee0b0 flushing nmethod 0x000001c0c325de90
Event: 133.842 Thread 0x000001c0d83ee0b0 flushing nmethod 0x000001c0c325f110
Event: 136.398 Thread 0x000001c11f94f810 Thread added: 0x000001c11f94f810


Dynamic libraries:
0x00007ff792530000 - 0x00007ff792540000 	C:\Program Files\Java\jdk-21\bin\java.exe
0x00007ffb6b9b0000 - 0x00007ffb6bb9d000 	C:\Windows\SYSTEM32\ntdll.dll
0x00007ffb6ac70000 - 0x00007ffb6ad23000 	C:\Windows\System32\KERNEL32.DLL
0x00007ffb68080000 - 0x00007ffb68313000 	C:\Windows\System32\KERNELBASE.dll
0x00007ffb67d40000 - 0x00007ffb67e3c000 	C:\Windows\System32\ucrtbase.dll
0x00007ffb46410000 - 0x00007ffb46429000 	C:\Program Files\Java\jdk-21\bin\jli.dll
0x00007ffb6a0d0000 - 0x00007ffb6a173000 	C:\Windows\System32\ADVAPI32.dll
0x00007ffb6b0d0000 - 0x00007ffb6b16e000 	C:\Windows\System32\msvcrt.dll
0x00007ffb6b540000 - 0x00007ffb6b5de000 	C:\Windows\System32\sechost.dll
0x00007ffb6a4f0000 - 0x00007ffb6a612000 	C:\Windows\System32\RPCRT4.dll
0x00007ffb6a350000 - 0x00007ffb6a4e7000 	C:\Windows\System32\USER32.dll
0x00007ffb68320000 - 0x00007ffb68340000 	C:\Windows\System32\win32u.dll
0x00007ffb6b090000 - 0x00007ffb6b0b9000 	C:\Windows\System32\GDI32.dll
0x00007ffb67ee0000 - 0x00007ffb6807a000 	C:\Windows\System32\gdi32full.dll
0x00007ffb68340000 - 0x00007ffb683e0000 	C:\Windows\System32\msvcp_win.dll
0x00007ffb63cd0000 - 0x00007ffb63ceb000 	C:\Program Files\Java\jdk-21\bin\VCRUNTIME140.dll
0x00007ffb60db0000 - 0x00007ffb61029000 	C:\Windows\WinSxS\amd64_microsoft.windows.common-controls_6595b64144ccf1df_6.0.17763.316_none_05b53be2071f46b6\COMCTL32.dll
0x00007ffb6ad60000 - 0x00007ffb6b08d000 	C:\Windows\System32\combase.dll
0x00007ffb67e40000 - 0x00007ffb67ebe000 	C:\Windows\System32\bcryptPrimitives.dll
0x00007ffb66500000 - 0x00007ffb6650a000 	C:\Windows\SYSTEM32\VERSION.dll
0x00007ffb6ad30000 - 0x00007ffb6ad5e000 	C:\Windows\System32\IMM32.DLL
0x00007ffb654e0000 - 0x00007ffb654ec000 	C:\Program Files\Java\jdk-21\bin\vcruntime140_1.dll
0x00007ffb1e930000 - 0x00007ffb1e9be000 	C:\Program Files\Java\jdk-21\bin\msvcp140.dll
0x00007ffb0e730000 - 0x00007ffb0f44a000 	C:\Program Files\Java\jdk-21\bin\server\jvm.dll
0x00007ffb679f0000 - 0x00007ffb67a4d000 	C:\Windows\System32\POWRPROF.dll
0x00007ffb6b400000 - 0x00007ffb6b46d000 	C:\Windows\System32\WS2_32.dll
0x00007ffb664d0000 - 0x00007ffb664f4000 	C:\Windows\SYSTEM32\WINMM.dll
0x00007ffb662b0000 - 0x00007ffb662dd000 	C:\Windows\SYSTEM32\WINMMBASE.dll
0x00007ffb67ab0000 - 0x00007ffb67afa000 	C:\Windows\System32\cfgmgr32.dll
0x00007ffb679b0000 - 0x00007ffb679c1000 	C:\Windows\System32\kernel.appcore.dll
0x00007ffb62910000 - 0x00007ffb6291a000 	C:\Program Files\Java\jdk-21\bin\jimage.dll
0x00007ffb662e0000 - 0x00007ffb664cd000 	C:\Windows\SYSTEM32\DBGHELP.DLL
0x00007ffb66270000 - 0x00007ffb6629a000 	C:\Windows\SYSTEM32\dbgcore.DLL
0x00007ffb47930000 - 0x00007ffb4793f000 	C:\Program Files\Java\jdk-21\bin\instrument.dll
0x00007ffb50040000 - 0x00007ffb5005f000 	C:\Program Files\Java\jdk-21\bin\java.dll
0x00007ffb68be0000 - 0x00007ffb6a0cf000 	C:\Windows\System32\SHELL32.dll
0x00007ffb6b5e0000 - 0x00007ffb6b688000 	C:\Windows\System32\shcore.dll
0x00007ffb683e0000 - 0x00007ffb68b2a000 	C:\Windows\System32\windows.storage.dll
0x00007ffb67a50000 - 0x00007ffb67a74000 	C:\Windows\System32\profapi.dll
0x00007ffb6b4e0000 - 0x00007ffb6b532000 	C:\Windows\System32\shlwapi.dll
0x00007ffb67ec0000 - 0x00007ffb67ed7000 	C:\Windows\System32\cryptsp.dll
0x00007ffb1e9c0000 - 0x00007ffb1ea97000 	C:\Program Files\Java\jdk-21\bin\jsvml.dll
0x00007ffb49300000 - 0x00007ffb49318000 	C:\Program Files\Java\jdk-21\bin\zip.dll
0x00007ffb61c80000 - 0x00007ffb61c90000 	C:\Program Files\Java\jdk-21\bin\net.dll
0x00007ffb59390000 - 0x00007ffb59481000 	C:\Windows\SYSTEM32\WINHTTP.dll
0x00007ffb67240000 - 0x00007ffb672a7000 	C:\Windows\system32\mswsock.dll
0x00007ffb4ffc0000 - 0x00007ffb4ffd6000 	C:\Program Files\Java\jdk-21\bin\nio.dll
0x00007ffb4edb0000 - 0x00007ffb4edc0000 	C:\Program Files\Java\jdk-21\bin\verify.dll
0x00007ffb3d110000 - 0x00007ffb3d137000 	C:\Users\Administrator\.gradle\native\c067742578af261105cb4f569cf0c3c89f3d7b1fecec35dd04571415982c5e48\windows-amd64\native-platform.dll
0x00007ffb0e130000 - 0x00007ffb0e274000 	C:\Users\Administrator\.gradle\native\38dada09dfb8b06ba9b0570ebf7e218e3eb74d4ef43ca46872605cf95ebc2f47\windows-amd64\native-platform-file-events.dll
0x00007ffb48980000 - 0x00007ffb4898a000 	C:\Program Files\Java\jdk-21\bin\management.dll
0x00007ffb48770000 - 0x00007ffb4877b000 	C:\Program Files\Java\jdk-21\bin\management_ext.dll
0x00007ffb6b3f0000 - 0x00007ffb6b3f8000 	C:\Windows\System32\PSAPI.DLL
0x00007ffb66e00000 - 0x00007ffb66e33000 	C:\Windows\system32\rsaenh.dll
0x00007ffb67a80000 - 0x00007ffb67aa6000 	C:\Windows\System32\bcrypt.dll
0x00007ffb678e0000 - 0x00007ffb67908000 	C:\Windows\SYSTEM32\USERENV.dll
0x00007ffb67410000 - 0x00007ffb6741c000 	C:\Windows\SYSTEM32\CRYPTBASE.dll
0x00007ffb66fa0000 - 0x00007ffb66fdd000 	C:\Windows\SYSTEM32\IPHLPAPI.DLL
0x00007ffb6b4d0000 - 0x00007ffb6b4d8000 	C:\Windows\System32\NSI.dll
0x00007ffb4d9c0000 - 0x00007ffb4d9c9000 	C:\Program Files\Java\jdk-21\bin\extnet.dll
0x00007ffb46bb0000 - 0x00007ffb46bbe000 	C:\Program Files\Java\jdk-21\bin\sunmscapi.dll
0x00007ffb67b00000 - 0x00007ffb67cdb000 	C:\Windows\System32\CRYPT32.dll
0x00007ffb679d0000 - 0x00007ffb679e2000 	C:\Windows\System32\MSASN1.dll
0x00007ffb67500000 - 0x00007ffb67526000 	C:\Windows\SYSTEM32\ncrypt.dll
0x00007ffb674c0000 - 0x00007ffb674fc000 	C:\Windows\SYSTEM32\NTASN1.dll
0x00007ffb4a3b0000 - 0x00007ffb4a3b7000 	C:\Windows\system32\wshunix.dll
0x00007ffb66fe0000 - 0x00007ffb670a6000 	C:\Windows\SYSTEM32\DNSAPI.dll
0x0000000069e00000 - 0x0000000069e26000 	C:\Program Files\Bonjour\mdnsNSP.dll
0x00007ffb59340000 - 0x00007ffb5934a000 	C:\Windows\System32\rasadhlp.dll
0x00007ffb596d0000 - 0x00007ffb59749000 	C:\Windows\System32\fwpuclnt.dll

dbghelp: loaded successfully - version: 4.0.5 - missing functions: none
symbol engine: initialized successfully - sym options: 0x614 - pdb path: .;C:\Program Files\Java\jdk-21\bin;C:\Windows\SYSTEM32;C:\Windows\WinSxS\amd64_microsoft.windows.common-controls_6595b64144ccf1df_6.0.17763.316_none_05b53be2071f46b6;C:\Program Files\Java\jdk-21\bin\server;C:\Users\Administrator\.gradle\native\c067742578af261105cb4f569cf0c3c89f3d7b1fecec35dd04571415982c5e48\windows-amd64;C:\Users\Administrator\.gradle\native\38dada09dfb8b06ba9b0570ebf7e218e3eb74d4ef43ca46872605cf95ebc2f47\windows-amd64;C:\Program Files\Bonjour

VM Arguments:
jvm_args: -XX:MaxMetaspaceSize=2G -XX:+HeapDumpOnOutOfMemoryError --add-opens=java.base/java.util=ALL-UNNAMED --add-opens=java.base/java.lang=ALL-UNNAMED --add-opens=java.base/java.lang.invoke=ALL-UNNAMED --add-opens=java.prefs/java.util.prefs=ALL-UNNAMED --add-opens=java.base/java.nio.charset=ALL-UNNAMED --add-opens=java.base/java.net=ALL-UNNAMED --add-opens=java.base/java.util.concurrent.atomic=ALL-UNNAMED -Xmx4G -Dfile.encoding=utf8 -Duser.country=US -Duser.language=en -Duser.variant -javaagent:C:\Users\Administrator\.gradle\wrapper\dists\gradle-8.4-all\56r6xik2f6skrm47et0ibifug\gradle-8.4\lib\agents\gradle-instrumentation-agent-8.4.jar 
java_command: org.gradle.launcher.daemon.bootstrap.GradleDaemon 8.4
java_class_path (initial): C:\Users\Administrator\.gradle\wrapper\dists\gradle-8.4-all\56r6xik2f6skrm47et0ibifug\gradle-8.4\lib\gradle-launcher-8.4.jar
Launcher Type: SUN_STANDARD

[Global flags]
     intx CICompilerCount                          = 3                                         {product} {ergonomic}
     uint ConcGCThreads                            = 1                                         {product} {ergonomic}
     uint G1ConcRefinementThreads                  = 4                                         {product} {ergonomic}
   size_t G1HeapRegionSize                         = 2097152                                   {product} {ergonomic}
    uintx GCDrainStackTargetSize                   = 64                                        {product} {ergonomic}
     bool HeapDumpOnOutOfMemoryError               = true                                   {manageable} {command line}
   size_t InitialHeapSize                          = 134217728                                 {product} {ergonomic}
   size_t MarkStackSize                            = 4194304                                   {product} {ergonomic}
   size_t MaxHeapSize                              = 4294967296                                {product} {command line}
   size_t MaxMetaspaceSize                         = 2147483648                                {product} {command line}
   size_t MaxNewSize                               = 2575302656                                {product} {ergonomic}
   size_t MinHeapDeltaBytes                        = 2097152                                   {product} {ergonomic}
   size_t MinHeapSize                              = 8388608                                   {product} {ergonomic}
    uintx NonNMethodCodeHeapSize                   = 5832780                                {pd product} {ergonomic}
    uintx NonProfiledCodeHeapSize                  = 122912730                              {pd product} {ergonomic}
    uintx ProfiledCodeHeapSize                     = 122912730                              {pd product} {ergonomic}
    uintx ReservedCodeCacheSize                    = 251658240                              {pd product} {ergonomic}
     bool SegmentedCodeCache                       = true                                      {product} {ergonomic}
   size_t SoftMaxHeapSize                          = 4294967296                             {manageable} {ergonomic}
     bool UseCompressedOops                        = true                           {product lp64_product} {ergonomic}
     bool UseG1GC                                  = true                                      {product} {ergonomic}
     bool UseLargePagesIndividualAllocation        = false                                  {pd product} {ergonomic}

Logging:
Log output configuration:
 #0: stdout all=warning uptime,level,tags foldmultilines=false
 #1: stderr all=off uptime,level,tags foldmultilines=false

Environment Variables:
JAVA_HOME=C:\Program Files\Java\jdk-21
PATH=C:\Program Files\Java\jdk-21\bin;C:\Users\Admin\AppData\Local\Programs\Python\Python311\;C:\Users\Admin\AppData\Local\Programs\Python\Python311\Scripts\;C:\Windows\system32;C:\Windows;C:\Windows\System32\Wbem;C:\Windows\System32\WindowsPowerShell\v1.0\;C:\Windows\System32\OpenSSH\;C:\Program Files\kotlinc\bin;C:\ProgramData\chocolatey\bin;C:\Program Files\Git\cmd;C:\Program Files\Java\jdk-21\bin;C:\MinGW\bin;C:\Gradle\gradle-7.4\bin;C:\flutter\bin;C:\Users\Administrator\AppData\Local\Programs\Microsoft VS Code\Code.exe;C:\Users\Administrator\AppData\Local\Programs\Microsoft VS Code\bin;C:\Users\Administrator\AppData\Local\GitHubDesktop\bin;C:\Program Files\Java\jdk-21;C:\MinGW\bin;C:\Gradle\gradle-7.4\bin;C:\flutter\bin;C:\Users\Administrator\AppData\Local\Programs\Microsoft VS Code\Code.exe;C:\Users\Administrator\AppData\Local\Programs\Microsoft VS Code\bin;C:\Users\Administrator\AppData\Local\GitHubDesktop\bin;C:\Program Files\Java\jdk-21;C:\MinGW\bin;C:\Users\Administrator\AppData\Local\Android\Sdk\platform-tools;C:\Program Files\PostgreSQL\17\bin;C:\Program Files\nodejs;C:\Program Files\nodejs\;C:\Users\Administrator\AppData\Local\Pub\Cache\bin;C:\Users\Administrator\AppData\Local\Programs\Python\Python311\Scripts\;C:\Users\Administrator\AppData\Local\Programs\Python\Python311\;C:\Program Files\Java\jdk-21\bin;C:\Users\Admin\AppData\Local\Programs\Python\Python311\;C:\Users\Admin\AppData\Local\Programs\Python\Python311\Scripts\;C:\Windows\system32;C:\Windows;C:\Windows\System32\Wbem;C:\Windows\System32\WindowsPowerShell\v1.0\;C:\Windows\System32\OpenSSH\;C:\Program Files\kotlinc\bin;C:\ProgramData\chocolatey\bin;C:\Program Files\Git\cmd;C:\Program Files\Java\jdk-21\bin;C:\MinGW\bin;C:\Gradle\gradle-7.4\bin;C:\flutter\bin;C:\Users\Administrator\AppData\Local\Programs\Microsoft VS Code\Code.exe;C:\Users\Administrator\AppData\Local\Programs\Microsoft VS Code\bin;C:\Users\Administrator\AppData\Local\GitHubDesktop\bin;C:\Program Files\Java\jdk-21;C:\MinGW\bin;C:\Gradle\gradle-7.4\bin;C:\flutter\bin;C:\Users\Administrator\AppData\Local\Programs\Microsoft VS Code\Code.exe;C:\Users\Administrator\AppData\Local\Programs\Microsoft VS Code\bin;C:\Users\Administrator\AppData\Local\GitHubDesktop\bin;C:\Program Files\Java\jdk-21;C:\MinGW\bin;C:\Users\Administrator\AppData\Local\Android\Sdk\platform-tools;C:\Program Files\PostgreSQL\17\bin;C:\Program Files\nodejs;C:\Program Files\nodejs\;C:\Users\Administrator\AppData\Local\Pub\Cache\bin;;C:\Users\Administrator\AppData\Local\Android\Sdk\platform-tools;C:\Program Files\PostgreSQL\17\bin;C:\Program Files\nodejs;C:\Users\Administrator\AppData\Roaming\npm;C:\Users\Administrator\AppData\Local\GitHubDesktop\bin;C:\Program Files\MySQL\MySQL Server 8.0\bin;C:\Users\Administrator\AppData\Local\Pub\Cache\bin;
USERNAME=Administrator
OS=Windows_NT
PROCESSOR_IDENTIFIER=Intel64 Family 6 Model 142 Stepping 9, GenuineIntel
TMP=C:\Users\ADMINI~1\AppData\Local\Temp
TEMP=C:\Users\ADMINI~1\AppData\Local\Temp




Periodic native trim disabled

---------------  S Y S T E M  ---------------

OS:
 Windows 10 , 64 bit Build 17763 (10.0.17763.292)
OS uptime: 3 days 1:30 hours

CPU: total 4 (initial active 4) (2 cores per cpu, 2 threads per core) family 6 model 142 stepping 9 microcode 0x84, cx8, cmov, fxsr, ht, mmx, 3dnowpref, sse, sse2, sse3, ssse3, sse4.1, sse4.2, popcnt, lzcnt, tsc, tscinvbit, avx, avx2, aes, erms, clmul, bmi1, bmi2, rtm, adx, fma, vzeroupper, clflush, clflushopt, rdtscp, f16c
Processor Information for all 4 processors :
  Max Mhz: 2701, Current Mhz: 2701, Mhz Limit: 2701

Memory: 4k page, system-wide physical 8076M (2292M free)
TotalPageFile size 16268M (AvailPageFile size 10M)
current process WorkingSet (physical memory assigned to process): 101M, peak: 304M
current process commit charge ("private bytes"): 494M, peak: 499M

vm_info: Java HotSpot(TM) 64-Bit Server VM (21.0.6+8-LTS-188) for windows-amd64 JRE (21.0.6+8-LTS-188), built on 2024-12-03T10:50:54Z by "mach5one" with MS VC++ 17.6 (VS2022)

END.
