#
# There is insufficient memory for the Java Runtime Environment to continue.
# Native memory allocation (malloc) failed to allocate 2473696 bytes for Chunk::new
# Possible reasons:
#   The system is out of physical RAM or swap space
#   The process is running with CompressedOops enabled, and the Java Heap may be blocking the growth of the native heap
# Possible solutions:
#   Reduce memory load on the system
#   Increase physical memory or swap space
#   Check if swap backing store is full
#   Decrease Java heap size (-Xmx/-Xms)
#   Decrease number of Java threads
#   Decrease Java thread stack sizes (-Xss)
#   Set larger code cache with -XX:ReservedCodeCacheSize=
#   JVM is running with Zero Based Compressed Oops mode in which the Java heap is
#     placed in the first 32GB address space. The Java Heap base address is the
#     maximum limit for the native heap growth. Please use -XX:HeapBaseMinAddress
#     to set the Java Heap base and to place the Java Heap above 32GB virtual address.
# This output file may be truncated or incomplete.
#
#  Out of Memory Error (arena.cpp:168), pid=2184, tid=12256
#
# JRE version: Java(TM) SE Runtime Environment (21.0.6+8) (build 21.0.6+8-LTS-188)
# Java VM: Java HotSpot(TM) 64-Bit Server VM (21.0.6+8-LTS-188, mixed mode, sharing, tiered, compressed oops, compressed class ptrs, g1 gc, windows-amd64)
# No core dump will be written. Minidumps are not enabled by default on client versions of Windows
#

---------------  S U M M A R Y ------------

Command Line: -XX:MaxMetaspaceSize=2G -XX:+HeapDumpOnOutOfMemoryError --add-opens=java.base/java.util=ALL-UNNAMED --add-opens=java.base/java.lang=ALL-UNNAMED --add-opens=java.base/java.lang.invoke=ALL-UNNAMED --add-opens=java.prefs/java.util.prefs=ALL-UNNAMED --add-exports=jdk.compiler/com.sun.tools.javac.api=ALL-UNNAMED --add-exports=jdk.compiler/com.sun.tools.javac.util=ALL-UNNAMED --add-opens=java.base/java.nio.charset=ALL-UNNAMED --add-opens=java.base/java.net=ALL-UNNAMED --add-opens=java.base/java.util.concurrent.atomic=ALL-UNNAMED -Xmx4G -Dfile.encoding=utf8 -Duser.country=US -Duser.language=en -Duser.variant -javaagent:C:\Users\Administrator\.gradle\wrapper\dists\gradle-8.10-bin\deqhafrv1ntovfmgh0nh3npr9\gradle-8.10\lib\agents\gradle-instrumentation-agent-8.10.jar org.gradle.launcher.daemon.bootstrap.GradleDaemon 8.10

Host: Intel(R) Core(TM) i5-7300U CPU @ 2.60GHz, 4 cores, 7G,  Windows 10 , 64 bit Build 17763 (10.0.17763.292)
Time: Sat May 24 07:05:33 2025 SE Asia Standard Time elapsed time: 45.251399 seconds (0d 0h 0m 45s)

---------------  T H R E A D  ---------------

Current thread (0x000002bf4f6dbf80):  JavaThread "C2 CompilerThread0" daemon [_thread_in_native, id=12256, stack(0x000000dc2bc00000,0x000000dc2bd00000) (1024K)]


Current CompileTask:
C2:  45251 10764       4       java.beans.MethodRef::set (58 bytes)

Stack: [0x000000dc2bc00000,0x000000dc2bd00000]
Native frames: (J=compiled Java code, j=interpreted, Vv=VM code, C=native code)
V  [jvm.dll+0x6ca6d9]
V  [jvm.dll+0x854f51]
V  [jvm.dll+0x85747e]
V  [jvm.dll+0x857b53]
V  [jvm.dll+0x27dcc6]
V  [jvm.dll+0xc4c2d]
V  [jvm.dll+0xc5163]
V  [jvm.dll+0x3b515c]
V  [jvm.dll+0x381855]
V  [jvm.dll+0x380cca]
V  [jvm.dll+0x246920]
V  [jvm.dll+0x245eff]
V  [jvm.dll+0x1c6d2e]
V  [jvm.dll+0x2554f9]
V  [jvm.dll+0x253a8a]
V  [jvm.dll+0x3ee576]
V  [jvm.dll+0x7ff2fb]
V  [jvm.dll+0x6c8dbd]
C  [ucrtbase.dll+0x203ba]
C  [KERNEL32.DLL+0x181f4]
C  [ntdll.dll+0x6a251]


---------------  P R O C E S S  ---------------

Threads class SMR info:
_java_thread_list=0x000002bf95c481c0, length=55, elements={
0x000002bf2ed15d50, 0x000002bf4f6d23c0, 0x000002bf4f6d5490, 0x000002bf4f6d9310,
0x000002bf4f6d9d60, 0x000002bf4f6da7b0, 0x000002bf4f6db200, 0x000002bf4f6dbf80,
0x000002bf4f746780, 0x000002bf4f76d060, 0x000002bf4fa2b040, 0x000002bf965c2120,
0x000002bf965f8480, 0x000002bf965f6c40, 0x000002bf9694f090, 0x000002bf9672b420,
0x000002bf9675bb30, 0x000002bf9672e720, 0x000002bf9661e4e0, 0x000002bf966273b0,
0x000002bf96628760, 0x000002bf96627a40, 0x000002bf96629b10, 0x000002bf96629480,
0x000002bf9662a830, 0x000002bf966280d0, 0x000002bf9662a1a0, 0x000002bf974ebb00,
0x000002bf974e4b70, 0x000002bf974e72d0, 0x000002bf974ec190, 0x000002bf974e7960,
0x000002bf974e5f20, 0x000002bf974eade0, 0x000002bf974ea0c0, 0x000002bf974eb470,
0x000002bf974e7ff0, 0x000002bf974e8680, 0x000002bf974e8d10, 0x000002bf974e93a0,
0x000002bf974e9a30, 0x000002bf974ea750, 0x000002bf974b76e0, 0x000002bf974b3bd0,
0x000002bf974b4260, 0x000002bf974b7050, 0x000002bf974b7d70, 0x000002bf974b5610,
0x000002bf974b2820, 0x000002bf974b69c0, 0x000002bf974b8a90, 0x000002bf974b8400,
0x000002bf974b9120, 0x000002bf974b97b0, 0x000002bf974b9e40
}

Java Threads: ( => current thread )
  0x000002bf2ed15d50 JavaThread "main"                              [_thread_blocked, id=6932, stack(0x000000dc2ae00000,0x000000dc2af00000) (1024K)]
  0x000002bf4f6d23c0 JavaThread "Reference Handler"          daemon [_thread_blocked, id=6044, stack(0x000000dc2b600000,0x000000dc2b700000) (1024K)]
  0x000002bf4f6d5490 JavaThread "Finalizer"                  daemon [_thread_blocked, id=4344, stack(0x000000dc2b700000,0x000000dc2b800000) (1024K)]
  0x000002bf4f6d9310 JavaThread "Signal Dispatcher"          daemon [_thread_blocked, id=9840, stack(0x000000dc2b800000,0x000000dc2b900000) (1024K)]
  0x000002bf4f6d9d60 JavaThread "Attach Listener"            daemon [_thread_blocked, id=828, stack(0x000000dc2b900000,0x000000dc2ba00000) (1024K)]
  0x000002bf4f6da7b0 JavaThread "Service Thread"             daemon [_thread_blocked, id=7388, stack(0x000000dc2ba00000,0x000000dc2bb00000) (1024K)]
  0x000002bf4f6db200 JavaThread "Monitor Deflation Thread"   daemon [_thread_blocked, id=5436, stack(0x000000dc2bb00000,0x000000dc2bc00000) (1024K)]
=>0x000002bf4f6dbf80 JavaThread "C2 CompilerThread0"         daemon [_thread_in_native, id=12256, stack(0x000000dc2bc00000,0x000000dc2bd00000) (1024K)]
  0x000002bf4f746780 JavaThread "C1 CompilerThread0"         daemon [_thread_blocked, id=15196, stack(0x000000dc2bd00000,0x000000dc2be00000) (1024K)]
  0x000002bf4f76d060 JavaThread "Common-Cleaner"             daemon [_thread_blocked, id=11776, stack(0x000000dc2be00000,0x000000dc2bf00000) (1024K)]
  0x000002bf4fa2b040 JavaThread "Notification Thread"        daemon [_thread_blocked, id=7448, stack(0x000000dc2bf00000,0x000000dc2c000000) (1024K)]
  0x000002bf965c2120 JavaThread "Daemon health stats"               [_thread_blocked, id=9564, stack(0x000000dc2c300000,0x000000dc2c400000) (1024K)]
  0x000002bf965f8480 JavaThread "Incoming local TCP Connector on port 49636"        [_thread_in_native, id=13860, stack(0x000000dc2c400000,0x000000dc2c500000) (1024K)]
  0x000002bf965f6c40 JavaThread "Daemon periodic checks"            [_thread_blocked, id=14228, stack(0x000000dc2c500000,0x000000dc2c600000) (1024K)]
  0x000002bf9694f090 JavaThread "Daemon"                            [_thread_blocked, id=6224, stack(0x000000dc2c600000,0x000000dc2c700000) (1024K)]
  0x000002bf9672b420 JavaThread "Handler for socket connection from /127.0.0.1:49636 to /127.0.0.1:49637"        [_thread_in_native, id=7140, stack(0x000000dc2c700000,0x000000dc2c800000) (1024K)]
  0x000002bf9675bb30 JavaThread "Cancel handler"                    [_thread_blocked, id=14984, stack(0x000000dc2c800000,0x000000dc2c900000) (1024K)]
  0x000002bf9672e720 JavaThread "Daemon worker"                     [_thread_in_vm, id=10356, stack(0x000000dc2c900000,0x000000dc2ca00000) (1024K)]
  0x000002bf9661e4e0 JavaThread "Asynchronous log dispatcher for DefaultDaemonConnection: socket connection from /127.0.0.1:49636 to /127.0.0.1:49637"        [_thread_blocked, id=10596, stack(0x000000dc2ca00000,0x000000dc2cb00000) (1024K)]
  0x000002bf966273b0 JavaThread "Stdin handler"                     [_thread_blocked, id=10416, stack(0x000000dc2cb00000,0x000000dc2cc00000) (1024K)]
  0x000002bf96628760 JavaThread "Daemon client event forwarder"        [_thread_blocked, id=5256, stack(0x000000dc2cc00000,0x000000dc2cd00000) (1024K)]
  0x000002bf96627a40 JavaThread "Cache worker for journal cache (C:\Users\Administrator\.gradle\caches\journal-1)"        [_thread_blocked, id=11948, stack(0x000000dc2cd00000,0x000000dc2ce00000) (1024K)]
  0x000002bf96629b10 JavaThread "File lock request listener"        [_thread_in_native, id=9272, stack(0x000000dc2ce00000,0x000000dc2cf00000) (1024K)]
  0x000002bf96629480 JavaThread "Cache worker for file hash cache (C:\Users\Administrator\.gradle\caches\8.10\fileHashes)"        [_thread_blocked, id=2836, stack(0x000000dc2cf00000,0x000000dc2d000000) (1024K)]
  0x000002bf9662a830 JavaThread "Cache worker for file hash cache (D:\flutter_to_do_app\client\android\.gradle\8.10\fileHashes)"        [_thread_blocked, id=13600, stack(0x000000dc2d000000,0x000000dc2d100000) (1024K)]
  0x000002bf966280d0 JavaThread "Cache worker for Build Output Cleanup Cache (D:\flutter_to_do_app\client\android\.gradle\buildOutputCleanup)"        [_thread_blocked, id=6356, stack(0x000000dc2d100000,0x000000dc2d200000) (1024K)]
  0x000002bf9662a1a0 JavaThread "File watcher server"        daemon [_thread_in_native, id=8828, stack(0x000000dc2d200000,0x000000dc2d300000) (1024K)]
  0x000002bf974ebb00 JavaThread "File watcher consumer"      daemon [_thread_blocked, id=7340, stack(0x000000dc2d300000,0x000000dc2d400000) (1024K)]
  0x000002bf974e4b70 JavaThread "jar transforms"                    [_thread_blocked, id=12300, stack(0x000000dc2d500000,0x000000dc2d600000) (1024K)]
  0x000002bf974e72d0 JavaThread "jar transforms Thread 2"           [_thread_blocked, id=11404, stack(0x000000dc2d600000,0x000000dc2d700000) (1024K)]
  0x000002bf974ec190 JavaThread "jar transforms Thread 3"           [_thread_blocked, id=4440, stack(0x000000dc2d700000,0x000000dc2d800000) (1024K)]
  0x000002bf974e7960 JavaThread "Cache worker for checksums cache (D:\flutter_to_do_app\client\android\.gradle\8.10\checksums)"        [_thread_blocked, id=14376, stack(0x000000dc2d400000,0x000000dc2d500000) (1024K)]
  0x000002bf974e5f20 JavaThread "Cache worker for file content cache (C:\Users\Administrator\.gradle\caches\8.10\fileContent)"        [_thread_blocked, id=13388, stack(0x000000dc2d800000,0x000000dc2d900000) (1024K)]
  0x000002bf974eade0 JavaThread "Cache worker for cache directory md-rule (C:\Users\Administrator\.gradle\caches\8.10\md-rule)"        [_thread_blocked, id=15312, stack(0x000000dc2d900000,0x000000dc2da00000) (1024K)]
  0x000002bf974ea0c0 JavaThread "Cache worker for cache directory md-supplier (C:\Users\Administrator\.gradle\caches\8.10\md-supplier)"        [_thread_blocked, id=9928, stack(0x000000dc2da00000,0x000000dc2db00000) (1024K)]
  0x000002bf974eb470 JavaThread "jar transforms Thread 4"           [_thread_blocked, id=13920, stack(0x000000dc2db00000,0x000000dc2dc00000) (1024K)]
  0x000002bf974e7ff0 JavaThread "Cache worker for Build Output Cleanup Cache (C:\flutter\packages\flutter_tools\gradle\.gradle\buildOutputCleanup)"        [_thread_blocked, id=1136, stack(0x000000dc2dd00000,0x000000dc2de00000) (1024K)]
  0x000002bf974e8680 JavaThread "Memory manager"                    [_thread_blocked, id=14660, stack(0x000000dc2de00000,0x000000dc2df00000) (1024K)]
  0x000002bf974e8d10 JavaThread "included builds"                   [_thread_blocked, id=13940, stack(0x000000dc2df00000,0x000000dc2e000000) (1024K)]
  0x000002bf974e93a0 JavaThread "Execution worker"                  [_thread_blocked, id=15148, stack(0x000000dc2e000000,0x000000dc2e100000) (1024K)]
  0x000002bf974e9a30 JavaThread "Execution worker Thread 2"         [_thread_blocked, id=7456, stack(0x000000dc2e100000,0x000000dc2e200000) (1024K)]
  0x000002bf974ea750 JavaThread "Execution worker Thread 3"         [_thread_blocked, id=13136, stack(0x000000dc2e200000,0x000000dc2e300000) (1024K)]
  0x000002bf974b76e0 JavaThread "Cache worker for execution history cache (C:\flutter\packages\flutter_tools\gradle\.gradle\8.10\executionHistory)"        [_thread_blocked, id=6484, stack(0x000000dc2e300000,0x000000dc2e400000) (1024K)]
  0x000002bf974b3bd0 JavaThread "Unconstrained build operations"        [_thread_blocked, id=14884, stack(0x000000dc2e400000,0x000000dc2e500000) (1024K)]
  0x000002bf974b4260 JavaThread "Unconstrained build operations Thread 2"        [_thread_blocked, id=8288, stack(0x000000dc2e500000,0x000000dc2e600000) (1024K)]
  0x000002bf974b7050 JavaThread "Unconstrained build operations Thread 3"        [_thread_blocked, id=6924, stack(0x000000dc2e600000,0x000000dc2e700000) (1024K)]
  0x000002bf974b7d70 JavaThread "Unconstrained build operations Thread 4"        [_thread_blocked, id=11724, stack(0x000000dc2dc00000,0x000000dc2dd00000) (1024K)]
  0x000002bf974b5610 JavaThread "Unconstrained build operations Thread 5"        [_thread_blocked, id=9992, stack(0x000000dc2e700000,0x000000dc2e800000) (1024K)]
  0x000002bf974b2820 JavaThread "Unconstrained build operations Thread 6"        [_thread_blocked, id=5416, stack(0x000000dc2e800000,0x000000dc2e900000) (1024K)]
  0x000002bf974b69c0 JavaThread "Unconstrained build operations Thread 7"        [_thread_blocked, id=12584, stack(0x000000dc2e900000,0x000000dc2ea00000) (1024K)]
  0x000002bf974b8a90 JavaThread "Unconstrained build operations Thread 8"        [_thread_blocked, id=9684, stack(0x000000dc2ea00000,0x000000dc2eb00000) (1024K)]
  0x000002bf974b8400 JavaThread "Unconstrained build operations Thread 9"        [_thread_blocked, id=14876, stack(0x000000dc2eb00000,0x000000dc2ec00000) (1024K)]
  0x000002bf974b9120 JavaThread "Unconstrained build operations Thread 10"        [_thread_blocked, id=11564, stack(0x000000dc2ed00000,0x000000dc2ee00000) (1024K)]
  0x000002bf974b97b0 JavaThread "Unconstrained build operations Thread 11"        [_thread_blocked, id=13156, stack(0x000000dc2ee00000,0x000000dc2ef00000) (1024K)]
  0x000002bf974b9e40 JavaThread "Unconstrained build operations Thread 12"        [_thread_blocked, id=8756, stack(0x000000dc2ef00000,0x000000dc2f000000) (1024K)]
Total: 55

Other Threads:
  0x000002bf4f6bbbd0 VMThread "VM Thread"                           [id=13128, stack(0x000000dc2b500000,0x000000dc2b600000) (1024K)]
  0x000002bf30e7eb10 WatcherThread "VM Periodic Task Thread"        [id=12740, stack(0x000000dc2b400000,0x000000dc2b500000) (1024K)]
  0x000002bf30e1a840 WorkerThread "GC Thread#0"                     [id=6768, stack(0x000000dc2af00000,0x000000dc2b000000) (1024K)]
  0x000002bf4fabe740 WorkerThread "GC Thread#1"                     [id=1192, stack(0x000000dc2c000000,0x000000dc2c100000) (1024K)]
  0x000002bf4fac4a40 WorkerThread "GC Thread#2"                     [id=11092, stack(0x000000dc2c100000,0x000000dc2c200000) (1024K)]
  0x000002bf957f50e0 WorkerThread "GC Thread#3"                     [id=9496, stack(0x000000dc2c200000,0x000000dc2c300000) (1024K)]
  0x000002bf30e2b730 ConcurrentGCThread "G1 Main Marker"            [id=11300, stack(0x000000dc2b000000,0x000000dc2b100000) (1024K)]
  0x000002bf30e2c2f0 WorkerThread "G1 Conc#0"                       [id=2300, stack(0x000000dc2b100000,0x000000dc2b200000) (1024K)]
  0x000002bf4f5810a0 ConcurrentGCThread "G1 Refine#0"               [id=3176, stack(0x000000dc2b200000,0x000000dc2b300000) (1024K)]
  0x000002bf30e74510 ConcurrentGCThread "G1 Service"                [id=2532, stack(0x000000dc2b300000,0x000000dc2b400000) (1024K)]
Total: 10

Threads with active compile tasks:
C2 CompilerThread0    45287 10764       4       java.beans.MethodRef::set (58 bytes)
Total: 1

VM state: not at safepoint (normal execution)

VM Mutex/Monitor currently owned by a thread: None

Heap address: 0x0000000700000000, size: 4096 MB, Compressed Oops mode: Zero based, Oop shift amount: 3

CDS archive(s) mapped at: [0x000002bf50000000-0x000002bf50c90000-0x000002bf50c90000), size 13172736, SharedBaseAddress: 0x000002bf50000000, ArchiveRelocationMode: 1.
Compressed class space mapped at: 0x000002bf51000000-0x000002bf91000000, reserved size: 1073741824
Narrow klass base: 0x000002bf50000000, Narrow klass shift: 0, Narrow klass range: 0x100000000

GC Precious Log:
 CardTable entry size: 512
 Card Set container configuration: InlinePtr #cards 4 size 8 Array Of Cards #cards 16 size 48 Howl #buckets 8 coarsen threshold 3686 Howl Bitmap #cards 512 size 80 coarsen threshold 460 Card regions per heap region 1 cards per card region 4096
 CPUs: 4 total, 4 available
 Memory: 8076M
 Large Page Support: Disabled
 NUMA Support: Disabled
 Compressed Oops: Enabled (Zero based)
 Heap Region Size: 2M
 Heap Min Capacity: 8M
 Heap Initial Capacity: 128M
 Heap Max Capacity: 4G
 Pre-touch: Disabled
 Parallel Workers: 4
 Concurrent Workers: 1
 Concurrent Refinement Workers: 4
 Periodic GC: Disabled

Heap:
 garbage-first heap   total 167936K, used 107097K [0x0000000700000000, 0x0000000800000000)
  region size 2048K, 10 young (20480K), 2 survivors (4096K)
 Metaspace       used 79245K, committed 81472K, reserved 1179648K
  class space    used 11028K, committed 12160K, reserved 1048576K

Heap Regions: E=young(eden), S=young(survivor), O=old, HS=humongous(starts), HC=humongous(continues), CS=collection set, F=free, TAMS=top-at-mark-start, PB=parsable bottom
|   0|0x0000000700000000, 0x0000000700200000, 0x0000000700200000|100%|HS|  |TAMS 0x0000000700000000| PB 0x0000000700000000| Complete 
|   1|0x0000000700200000, 0x0000000700400000, 0x0000000700400000|100%|HC|  |TAMS 0x0000000700200000| PB 0x0000000700200000| Complete 
|   2|0x0000000700400000, 0x0000000700600000, 0x0000000700600000|100%| O|  |TAMS 0x0000000700400000| PB 0x0000000700400000| Untracked 
|   3|0x0000000700600000, 0x0000000700800000, 0x0000000700800000|100%| O|  |TAMS 0x0000000700600000| PB 0x0000000700600000| Untracked 
|   4|0x0000000700800000, 0x0000000700a00000, 0x0000000700a00000|100%| O|  |TAMS 0x0000000700800000| PB 0x0000000700800000| Untracked 
|   5|0x0000000700a00000, 0x0000000700c00000, 0x0000000700c00000|100%| O|  |TAMS 0x0000000700a00000| PB 0x0000000700a00000| Untracked 
|   6|0x0000000700c00000, 0x0000000700e00000, 0x0000000700e00000|100%| O|  |TAMS 0x0000000700c00000| PB 0x0000000700c00000| Untracked 
|   7|0x0000000700e00000, 0x0000000701000000, 0x0000000701000000|100%| O|  |TAMS 0x0000000700e00000| PB 0x0000000700e00000| Untracked 
|   8|0x0000000701000000, 0x0000000701200000, 0x0000000701200000|100%| O|  |TAMS 0x0000000701000000| PB 0x0000000701000000| Untracked 
|   9|0x0000000701200000, 0x0000000701400000, 0x0000000701400000|100%| O|  |TAMS 0x0000000701200000| PB 0x0000000701200000| Untracked 
|  10|0x0000000701400000, 0x0000000701600000, 0x0000000701600000|100%| O|  |TAMS 0x0000000701400000| PB 0x0000000701400000| Untracked 
|  11|0x0000000701600000, 0x0000000701800000, 0x0000000701800000|100%| O|  |TAMS 0x0000000701600000| PB 0x0000000701600000| Untracked 
|  12|0x0000000701800000, 0x0000000701a00000, 0x0000000701a00000|100%| O|  |TAMS 0x0000000701800000| PB 0x0000000701800000| Untracked 
|  13|0x0000000701a00000, 0x0000000701c00000, 0x0000000701c00000|100%| O|  |TAMS 0x0000000701a00000| PB 0x0000000701a00000| Untracked 
|  14|0x0000000701c00000, 0x0000000701e00000, 0x0000000701e00000|100%| O|  |TAMS 0x0000000701c00000| PB 0x0000000701c00000| Untracked 
|  15|0x0000000701e00000, 0x0000000702000000, 0x0000000702000000|100%| O|  |TAMS 0x0000000701e00000| PB 0x0000000701e00000| Untracked 
|  16|0x0000000702000000, 0x0000000702200000, 0x0000000702200000|100%| O|  |TAMS 0x0000000702000000| PB 0x0000000702000000| Untracked 
|  17|0x0000000702200000, 0x0000000702400000, 0x0000000702400000|100%| O|  |TAMS 0x0000000702200000| PB 0x0000000702200000| Untracked 
|  18|0x0000000702400000, 0x0000000702600000, 0x0000000702600000|100%| O|  |TAMS 0x0000000702400000| PB 0x0000000702400000| Untracked 
|  19|0x0000000702600000, 0x0000000702800000, 0x0000000702800000|100%| O|  |TAMS 0x0000000702600000| PB 0x0000000702600000| Untracked 
|  20|0x0000000702800000, 0x0000000702a00000, 0x0000000702a00000|100%| O|  |TAMS 0x0000000702800000| PB 0x0000000702800000| Untracked 
|  21|0x0000000702a00000, 0x0000000702c00000, 0x0000000702c00000|100%| O|  |TAMS 0x0000000702a00000| PB 0x0000000702a00000| Untracked 
|  22|0x0000000702c00000, 0x0000000702e00000, 0x0000000702e00000|100%| O|  |TAMS 0x0000000702c00000| PB 0x0000000702c00000| Untracked 
|  23|0x0000000702e00000, 0x0000000703000000, 0x0000000703000000|100%|HS|  |TAMS 0x0000000702e00000| PB 0x0000000702e00000| Complete 
|  24|0x0000000703000000, 0x0000000703200000, 0x0000000703200000|100%| O|  |TAMS 0x0000000703000000| PB 0x0000000703000000| Untracked 
|  25|0x0000000703200000, 0x0000000703400000, 0x0000000703400000|100%| O|  |TAMS 0x0000000703200000| PB 0x0000000703200000| Untracked 
|  26|0x0000000703400000, 0x0000000703600000, 0x0000000703600000|100%| O|  |TAMS 0x0000000703400000| PB 0x0000000703400000| Untracked 
|  27|0x0000000703600000, 0x0000000703800000, 0x0000000703800000|100%| O|Cm|TAMS 0x0000000703600000| PB 0x0000000703600000| Complete 
|  28|0x0000000703800000, 0x0000000703a00000, 0x0000000703a00000|100%|HS|  |TAMS 0x0000000703800000| PB 0x0000000703800000| Complete 
|  29|0x0000000703a00000, 0x0000000703c00000, 0x0000000703c00000|100%|HS|  |TAMS 0x0000000703a00000| PB 0x0000000703a00000| Complete 
|  30|0x0000000703c00000, 0x0000000703e00000, 0x0000000703e00000|100%|HC|  |TAMS 0x0000000703c00000| PB 0x0000000703c00000| Complete 
|  31|0x0000000703e00000, 0x0000000704000000, 0x0000000704000000|100%| O|  |TAMS 0x0000000703e00000| PB 0x0000000703e00000| Untracked 
|  32|0x0000000704000000, 0x0000000704200000, 0x0000000704200000|100%| O|  |TAMS 0x0000000704000000| PB 0x0000000704000000| Untracked 
|  33|0x0000000704200000, 0x0000000704400000, 0x0000000704400000|100%| O|  |TAMS 0x0000000704200000| PB 0x0000000704200000| Untracked 
|  34|0x0000000704400000, 0x0000000704600000, 0x0000000704600000|100%| O|  |TAMS 0x0000000704400000| PB 0x0000000704400000| Untracked 
|  35|0x0000000704600000, 0x0000000704800000, 0x0000000704800000|100%| O|  |TAMS 0x0000000704600000| PB 0x0000000704600000| Untracked 
|  36|0x0000000704800000, 0x0000000704a00000, 0x0000000704a00000|100%| O|  |TAMS 0x0000000704800000| PB 0x0000000704800000| Untracked 
|  37|0x0000000704a00000, 0x0000000704c00000, 0x0000000704c00000|100%| O|  |TAMS 0x0000000704a00000| PB 0x0000000704a00000| Untracked 
|  38|0x0000000704c00000, 0x0000000704d80d20, 0x0000000704e00000| 75%| O|  |TAMS 0x0000000704c00000| PB 0x0000000704c00000| Untracked 
|  39|0x0000000704e00000, 0x0000000704e00000, 0x0000000705000000|  0%| F|  |TAMS 0x0000000704e00000| PB 0x0000000704e00000| Untracked 
|  40|0x0000000705000000, 0x0000000705000000, 0x0000000705200000|  0%| F|  |TAMS 0x0000000705000000| PB 0x0000000705000000| Untracked 
|  41|0x0000000705200000, 0x0000000705200000, 0x0000000705400000|  0%| F|  |TAMS 0x0000000705200000| PB 0x0000000705200000| Untracked 
|  42|0x0000000705400000, 0x0000000705400000, 0x0000000705600000|  0%| F|  |TAMS 0x0000000705400000| PB 0x0000000705400000| Untracked 
|  43|0x0000000705600000, 0x00000007057156e8, 0x0000000705800000| 54%| S|CS|TAMS 0x0000000705600000| PB 0x0000000705600000| Complete 
|  44|0x0000000705800000, 0x0000000705800000, 0x0000000705a00000|  0%| F|  |TAMS 0x0000000705800000| PB 0x0000000705800000| Untracked 
|  45|0x0000000705a00000, 0x0000000705a00000, 0x0000000705c00000|  0%| F|  |TAMS 0x0000000705a00000| PB 0x0000000705a00000| Untracked 
|  46|0x0000000705c00000, 0x0000000705c00000, 0x0000000705e00000|  0%| F|  |TAMS 0x0000000705c00000| PB 0x0000000705c00000| Untracked 
|  47|0x0000000705e00000, 0x0000000706000000, 0x0000000706000000|100%| S|CS|TAMS 0x0000000705e00000| PB 0x0000000705e00000| Complete 
|  48|0x0000000706000000, 0x0000000706000000, 0x0000000706200000|  0%| F|  |TAMS 0x0000000706000000| PB 0x0000000706000000| Untracked 
|  49|0x0000000706200000, 0x0000000706200000, 0x0000000706400000|  0%| F|  |TAMS 0x0000000706200000| PB 0x0000000706200000| Untracked 
|  50|0x0000000706400000, 0x0000000706400000, 0x0000000706600000|  0%| F|  |TAMS 0x0000000706400000| PB 0x0000000706400000| Untracked 
|  51|0x0000000706600000, 0x0000000706600000, 0x0000000706800000|  0%| F|  |TAMS 0x0000000706600000| PB 0x0000000706600000| Untracked 
|  52|0x0000000706800000, 0x0000000706800000, 0x0000000706a00000|  0%| F|  |TAMS 0x0000000706800000| PB 0x0000000706800000| Untracked 
|  53|0x0000000706a00000, 0x0000000706a00000, 0x0000000706c00000|  0%| F|  |TAMS 0x0000000706a00000| PB 0x0000000706a00000| Untracked 
|  54|0x0000000706c00000, 0x0000000706c00000, 0x0000000706e00000|  0%| F|  |TAMS 0x0000000706c00000| PB 0x0000000706c00000| Untracked 
|  55|0x0000000706e00000, 0x0000000706e00000, 0x0000000707000000|  0%| F|  |TAMS 0x0000000706e00000| PB 0x0000000706e00000| Untracked 
|  56|0x0000000707000000, 0x0000000707000000, 0x0000000707200000|  0%| F|  |TAMS 0x0000000707000000| PB 0x0000000707000000| Untracked 
|  57|0x0000000707200000, 0x0000000707200000, 0x0000000707400000|  0%| F|  |TAMS 0x0000000707200000| PB 0x0000000707200000| Untracked 
|  58|0x0000000707400000, 0x0000000707400000, 0x0000000707600000|  0%| F|  |TAMS 0x0000000707400000| PB 0x0000000707400000| Untracked 
|  59|0x0000000707600000, 0x0000000707600000, 0x0000000707800000|  0%| F|  |TAMS 0x0000000707600000| PB 0x0000000707600000| Untracked 
|  60|0x0000000707800000, 0x0000000707800000, 0x0000000707a00000|  0%| F|  |TAMS 0x0000000707800000| PB 0x0000000707800000| Untracked 
|  61|0x0000000707a00000, 0x0000000707a00000, 0x0000000707c00000|  0%| F|  |TAMS 0x0000000707a00000| PB 0x0000000707a00000| Untracked 
|  62|0x0000000707c00000, 0x0000000707c00000, 0x0000000707e00000|  0%| F|  |TAMS 0x0000000707c00000| PB 0x0000000707c00000| Untracked 
|  63|0x0000000707e00000, 0x0000000707e00000, 0x0000000708000000|  0%| F|  |TAMS 0x0000000707e00000| PB 0x0000000707e00000| Untracked 
|  64|0x0000000708000000, 0x0000000708000000, 0x0000000708200000|  0%| F|  |TAMS 0x0000000708000000| PB 0x0000000708000000| Untracked 
|  65|0x0000000708200000, 0x0000000708200000, 0x0000000708400000|  0%| F|  |TAMS 0x0000000708200000| PB 0x0000000708200000| Untracked 
|  66|0x0000000708400000, 0x0000000708400000, 0x0000000708600000|  0%| F|  |TAMS 0x0000000708400000| PB 0x0000000708400000| Untracked 
|  67|0x0000000708600000, 0x0000000708600000, 0x0000000708800000|  0%| F|  |TAMS 0x0000000708600000| PB 0x0000000708600000| Untracked 
|  68|0x0000000708800000, 0x0000000708800000, 0x0000000708a00000|  0%| F|  |TAMS 0x0000000708800000| PB 0x0000000708800000| Untracked 
|  69|0x0000000708a00000, 0x0000000708c00000, 0x0000000708c00000|100%| E|CS|TAMS 0x0000000708a00000| PB 0x0000000708a00000| Complete 
|  70|0x0000000708c00000, 0x0000000708e00000, 0x0000000708e00000|100%| E|CS|TAMS 0x0000000708c00000| PB 0x0000000708c00000| Complete 
|  71|0x0000000708e00000, 0x0000000708fb55a0, 0x0000000709000000| 85%| E|  |TAMS 0x0000000708e00000| PB 0x0000000708e00000| Complete 
|  72|0x0000000709000000, 0x0000000709200000, 0x0000000709200000|100%| E|CS|TAMS 0x0000000709000000| PB 0x0000000709000000| Complete 
|  73|0x0000000709200000, 0x0000000709400000, 0x0000000709400000|100%| E|CS|TAMS 0x0000000709200000| PB 0x0000000709200000| Complete 
|  74|0x0000000709400000, 0x0000000709600000, 0x0000000709600000|100%| E|CS|TAMS 0x0000000709400000| PB 0x0000000709400000| Complete 
|  75|0x0000000709600000, 0x0000000709800000, 0x0000000709800000|100%| E|CS|TAMS 0x0000000709600000| PB 0x0000000709600000| Complete 
|2042|0x00000007ff400000, 0x00000007ff600000, 0x00000007ff600000|100%| O|  |TAMS 0x00000007ff400000| PB 0x00000007ff400000| Untracked 
|2043|0x00000007ff600000, 0x00000007ff800000, 0x00000007ff800000|100%| O|  |TAMS 0x00000007ff600000| PB 0x00000007ff600000| Untracked 
|2044|0x00000007ff800000, 0x00000007ffa00000, 0x00000007ffa00000|100%| O|  |TAMS 0x00000007ff800000| PB 0x00000007ff800000| Untracked 
|2045|0x00000007ffa00000, 0x00000007ffc00000, 0x00000007ffc00000|100%| O|  |TAMS 0x00000007ffa00000| PB 0x00000007ffa00000| Untracked 
|2046|0x00000007ffc00000, 0x00000007ffe00000, 0x00000007ffe00000|100%| E|CS|TAMS 0x00000007ffc00000| PB 0x00000007ffc00000| Complete 
|2047|0x00000007ffe00000, 0x0000000800000000, 0x0000000800000000|100%| O|  |TAMS 0x00000007ffe00000| PB 0x00000007ffe00000| Untracked 

Card table byte_map: [0x000002bf48a40000,0x000002bf49240000] _byte_map_base: 0x000002bf45240000

Marking Bits: (CMBitMap*) 0x000002bf30e1ae50
 Bits: [0x000002bf49240000, 0x000002bf4d240000)

Polling page: 0x000002bf2ec60000

Metaspace:

Usage:
  Non-class:     66.62 MB used.
      Class:     10.77 MB used.
       Both:     77.39 MB used.

Virtual space:
  Non-class space:      128.00 MB reserved,      67.69 MB ( 53%) committed,  2 nodes.
      Class space:        1.00 GB reserved,      11.88 MB (  1%) committed,  1 nodes.
             Both:        1.13 GB reserved,      79.56 MB (  7%) committed. 

Chunk freelists:
   Non-Class:  12.14 MB
       Class:  4.05 MB
        Both:  16.19 MB

MaxMetaspaceSize: 2.00 GB
CompressedClassSpaceSize: 1.00 GB
Initial GC threshold: 21.00 MB
Current GC threshold: 131.81 MB
CDS: on
 - commit_granule_bytes: 65536.
 - commit_granule_words: 8192.
 - virtual_space_node_default_size: 8388608.
 - enlarge_chunks_in_place: 1.
 - use_allocation_guard: 0.


Internal statistics:

num_allocs_failed_limit: 6.
num_arena_births: 3826.
num_arena_deaths: 0.
num_vsnodes_births: 3.
num_vsnodes_deaths: 0.
num_space_committed: 1273.
num_space_uncommitted: 0.
num_chunks_returned_to_freelist: 6.
num_chunks_taken_from_freelist: 7637.
num_chunk_merges: 6.
num_chunk_splits: 4870.
num_chunks_enlarged: 2957.
num_inconsistent_stats: 0.

CodeHeap 'non-profiled nmethods': size=120000Kb used=5894Kb max_used=5927Kb free=114105Kb
 bounds [0x000002bf40d10000, 0x000002bf412e0000, 0x000002bf48240000]
CodeHeap 'profiled nmethods': size=120000Kb used=16974Kb max_used=17604Kb free=103025Kb
 bounds [0x000002bf39240000, 0x000002bf3a380000, 0x000002bf40770000]
CodeHeap 'non-nmethods': size=5760Kb used=2825Kb max_used=2854Kb free=2934Kb
 bounds [0x000002bf40770000, 0x000002bf40a50000, 0x000002bf40d10000]
 total_blobs=10097 nmethods=9160 adapters=841
 compilation: enabled
              stopped_count=0, restarted_count=0
 full_count=0

Compilation events (20 events):
Event: 45.014 Thread 0x000002bf4f746780 nmethod 10768 0x000002bf392b1c90 code [0x000002bf392b1ea0, 0x000002bf392b2480]
Event: 45.061 Thread 0x000002bf99966490 nmethod 10763 0x000002bf412d9c10 code [0x000002bf412d9fc0, 0x000002bf412dc3f0]
Event: 45.061 Thread 0x000002bf99966490 10769       4       sun.reflect.annotation.AnnotationType::getInstance (65 bytes)
Event: 45.063 Thread 0x000002bf99966490 nmethod 10769 0x000002bf411b2a10 code [0x000002bf411b2bc0, 0x000002bf411b2da8]
Event: 45.066 Thread 0x000002bf4f746780 10770       3       org.gradle.internal.instantiation.generator.AsmBackedClassGenerator$ClassBuilderImpl::lambda$addActionMethod$39 (21 bytes)
Event: 45.066 Thread 0x000002bf4f746780 nmethod 10770 0x000002bf3932f010 code [0x000002bf3932f1c0, 0x000002bf3932f3c0]
Event: 45.096 Thread 0x000002bf4f746780 10771       3       sun.net.www.protocol.jar.JarFileFactory::urlFor (79 bytes)
Event: 45.096 Thread 0x000002bf4f746780 nmethod 10771 0x000002bf39a48690 code [0x000002bf39a48920, 0x000002bf39a49258]
Event: 45.098 Thread 0x000002bf4f746780 10772       1       com.google.common.cache.LocalCache$WeakEntry::getHash (5 bytes)
Event: 45.098 Thread 0x000002bf4f746780 nmethod 10772 0x000002bf40f99290 code [0x000002bf40f99420, 0x000002bf40f994e8]
Event: 45.098 Thread 0x000002bf99966490 10773       4       java.lang.ThreadLocal::remove (8 bytes)
Event: 45.109 Thread 0x000002bf99966490 nmethod 10773 0x000002bf41066390 code [0x000002bf41066580, 0x000002bf41066d68]
Event: 45.132 Thread 0x000002bf4f746780 10774       3       org.gradle.internal.instantiation.generator.DefaultInstantiatorFactory::inject (8 bytes)
Event: 45.132 Thread 0x000002bf4f746780 nmethod 10774 0x000002bf39342f90 code [0x000002bf39343140, 0x000002bf39343288]
Event: 45.133 Thread 0x000002bf4f746780 10775       1       org.gradle.api.internal.attributes.DefaultAttributeMatchingStrategy::getDisambiguationRules (5 bytes)
Event: 45.133 Thread 0x000002bf4f746780 nmethod 10775 0x000002bf40f98d10 code [0x000002bf40f98ea0, 0x000002bf40f98f70]
Event: 45.186 Thread 0x000002bf4f746780 10776       3       org.gradle.plugin.use.internal.DefaultPluginId::hashCode (8 bytes)
Event: 45.186 Thread 0x000002bf4f746780 nmethod 10776 0x000002bf39550c90 code [0x000002bf39550e40, 0x000002bf39550f88]
Event: 45.240 Thread 0x000002bf4f746780 10777       3       org.objectweb.asm.AnnotationWriter::putAnnotations (110 bytes)
Event: 45.241 Thread 0x000002bf4f746780 nmethod 10777 0x000002bf39268790 code [0x000002bf392689a0, 0x000002bf39268dd8]

GC Heap History (20 events):
Event: 32.913 GC heap before
{Heap before GC invocations=20 (full 0):
 garbage-first heap   total 92160K, used 80385K [0x0000000700000000, 0x0000000800000000)
  region size 2048K, 17 young (34816K), 2 survivors (4096K)
 Metaspace       used 63166K, committed 65216K, reserved 1114112K
  class space    used 9045K, committed 10112K, reserved 1048576K
}
Event: 32.925 GC heap after
{Heap after GC invocations=21 (full 0):
 garbage-first heap   total 92160K, used 51334K [0x0000000700000000, 0x0000000800000000)
  region size 2048K, 3 young (6144K), 3 survivors (6144K)
 Metaspace       used 63166K, committed 65216K, reserved 1114112K
  class space    used 9045K, committed 10112K, reserved 1048576K
}
Event: 35.094 GC heap before
{Heap before GC invocations=21 (full 0):
 garbage-first heap   total 92160K, used 75910K [0x0000000700000000, 0x0000000800000000)
  region size 2048K, 16 young (32768K), 3 survivors (6144K)
 Metaspace       used 65239K, committed 67328K, reserved 1114112K
  class space    used 9359K, committed 10432K, reserved 1048576K
}
Event: 35.108 GC heap after
{Heap after GC invocations=22 (full 0):
 garbage-first heap   total 92160K, used 55562K [0x0000000700000000, 0x0000000800000000)
  region size 2048K, 2 young (4096K), 2 survivors (4096K)
 Metaspace       used 65239K, committed 67328K, reserved 1114112K
  class space    used 9359K, committed 10432K, reserved 1048576K
}
Event: 36.324 GC heap before
{Heap before GC invocations=23 (full 0):
 garbage-first heap   total 102400K, used 78090K [0x0000000700000000, 0x0000000800000000)
  region size 2048K, 14 young (28672K), 2 survivors (4096K)
 Metaspace       used 65777K, committed 67904K, reserved 1114112K
  class space    used 9421K, committed 10496K, reserved 1048576K
}
Event: 36.336 GC heap after
{Heap after GC invocations=24 (full 0):
 garbage-first heap   total 102400K, used 58021K [0x0000000700000000, 0x0000000800000000)
  region size 2048K, 2 young (4096K), 2 survivors (4096K)
 Metaspace       used 65777K, committed 67904K, reserved 1114112K
  class space    used 9421K, committed 10496K, reserved 1048576K
}
Event: 37.547 GC heap before
{Heap before GC invocations=24 (full 0):
 garbage-first heap   total 102400K, used 88741K [0x0000000700000000, 0x0000000800000000)
  region size 2048K, 18 young (36864K), 2 survivors (4096K)
 Metaspace       used 66176K, committed 68224K, reserved 1114112K
  class space    used 9439K, committed 10496K, reserved 1048576K
}
Event: 37.563 GC heap after
{Heap after GC invocations=25 (full 0):
 garbage-first heap   total 102400K, used 59170K [0x0000000700000000, 0x0000000800000000)
  region size 2048K, 2 young (4096K), 2 survivors (4096K)
 Metaspace       used 66176K, committed 68224K, reserved 1114112K
  class space    used 9439K, committed 10496K, reserved 1048576K
}
Event: 38.099 GC heap before
{Heap before GC invocations=25 (full 0):
 garbage-first heap   total 102400K, used 89890K [0x0000000700000000, 0x0000000800000000)
  region size 2048K, 18 young (36864K), 2 survivors (4096K)
 Metaspace       used 66213K, committed 68288K, reserved 1114112K
  class space    used 9440K, committed 10496K, reserved 1048576K
}
Event: 38.106 GC heap after
{Heap after GC invocations=26 (full 0):
 garbage-first heap   total 102400K, used 60568K [0x0000000700000000, 0x0000000800000000)
  region size 2048K, 2 young (4096K), 2 survivors (4096K)
 Metaspace       used 66213K, committed 68288K, reserved 1114112K
  class space    used 9440K, committed 10496K, reserved 1048576K
}
Event: 38.835 GC heap before
{Heap before GC invocations=27 (full 0):
 garbage-first heap   total 120832K, used 87192K [0x0000000700000000, 0x0000000800000000)
  region size 2048K, 15 young (30720K), 2 survivors (4096K)
 Metaspace       used 66233K, committed 68288K, reserved 1114112K
  class space    used 9440K, committed 10496K, reserved 1048576K
}
Event: 38.843 GC heap after
{Heap after GC invocations=28 (full 0):
 garbage-first heap   total 120832K, used 61324K [0x0000000700000000, 0x0000000800000000)
  region size 2048K, 2 young (4096K), 2 survivors (4096K)
 Metaspace       used 66233K, committed 68288K, reserved 1114112K
  class space    used 9440K, committed 10496K, reserved 1048576K
}
Event: 40.695 GC heap before
{Heap before GC invocations=28 (full 0):
 garbage-first heap   total 120832K, used 110476K [0x0000000700000000, 0x0000000800000000)
  region size 2048K, 24 young (49152K), 2 survivors (4096K)
 Metaspace       used 66716K, committed 68800K, reserved 1114112K
  class space    used 9507K, committed 10560K, reserved 1048576K
}
Event: 40.709 GC heap after
{Heap after GC invocations=29 (full 0):
 garbage-first heap   total 157696K, used 78127K [0x0000000700000000, 0x0000000800000000)
  region size 2048K, 3 young (6144K), 3 survivors (6144K)
 Metaspace       used 66716K, committed 68800K, reserved 1114112K
  class space    used 9507K, committed 10560K, reserved 1048576K
}
Event: 42.335 GC heap before
{Heap before GC invocations=29 (full 0):
 garbage-first heap   total 157696K, used 135471K [0x0000000700000000, 0x0000000800000000)
  region size 2048K, 31 young (63488K), 3 survivors (6144K)
 Metaspace       used 71072K, committed 73216K, reserved 1114112K
  class space    used 10004K, committed 11072K, reserved 1048576K
}
Event: 42.349 GC heap after
{Heap after GC invocations=30 (full 0):
 garbage-first heap   total 157696K, used 85243K [0x0000000700000000, 0x0000000800000000)
  region size 2048K, 3 young (6144K), 3 survivors (6144K)
 Metaspace       used 71072K, committed 73216K, reserved 1114112K
  class space    used 10004K, committed 11072K, reserved 1048576K
}
Event: 43.317 GC heap before
{Heap before GC invocations=30 (full 0):
 garbage-first heap   total 157696K, used 134395K [0x0000000700000000, 0x0000000800000000)
  region size 2048K, 28 young (57344K), 3 survivors (6144K)
 Metaspace       used 73548K, committed 75712K, reserved 1114112K
  class space    used 10332K, committed 11392K, reserved 1048576K
}
Event: 43.330 GC heap after
{Heap after GC invocations=31 (full 0):
 garbage-first heap   total 157696K, used 89664K [0x0000000700000000, 0x0000000800000000)
  region size 2048K, 3 young (6144K), 3 survivors (6144K)
 Metaspace       used 73548K, committed 75712K, reserved 1114112K
  class space    used 10332K, committed 11392K, reserved 1048576K
}
Event: 44.750 GC heap before
{Heap before GC invocations=31 (full 0):
 garbage-first heap   total 157696K, used 138816K [0x0000000700000000, 0x0000000800000000)
  region size 2048K, 27 young (55296K), 3 survivors (6144K)
 Metaspace       used 78288K, committed 80512K, reserved 1179648K
  class space    used 10894K, committed 12032K, reserved 1048576K
}
Event: 44.761 GC heap after
{Heap after GC invocations=32 (full 0):
 garbage-first heap   total 157696K, used 92761K [0x0000000700000000, 0x0000000800000000)
  region size 2048K, 2 young (4096K), 2 survivors (4096K)
 Metaspace       used 78288K, committed 80512K, reserved 1179648K
  class space    used 10894K, committed 12032K, reserved 1048576K
}

Dll operation events (15 events):
Event: 0.023 Loaded shared library C:\Program Files\Java\jdk-21\bin\java.dll
Event: 0.214 Loaded shared library C:\Program Files\Java\jdk-21\bin\jsvml.dll
Event: 0.409 Loaded shared library C:\Program Files\Java\jdk-21\bin\zip.dll
Event: 0.414 Loaded shared library C:\Program Files\Java\jdk-21\bin\instrument.dll
Event: 0.426 Loaded shared library C:\Program Files\Java\jdk-21\bin\net.dll
Event: 0.430 Loaded shared library C:\Program Files\Java\jdk-21\bin\nio.dll
Event: 0.434 Loaded shared library C:\Program Files\Java\jdk-21\bin\zip.dll
Event: 1.179 Loaded shared library C:\Program Files\Java\jdk-21\bin\jimage.dll
Event: 1.725 Loaded shared library C:\Program Files\Java\jdk-21\bin\verify.dll
Event: 2.594 Loaded shared library C:\Users\Administrator\.gradle\native\c067742578af261105cb4f569cf0c3c89f3d7b1fecec35dd04571415982c5e48\windows-amd64\native-platform.dll
Event: 2.701 Loaded shared library C:\Users\Administrator\.gradle\native\100fb08df4bc3b14c8652ba06237920a3bd2aa13389f12d3474272988ae205f9\windows-amd64\native-platform-file-events.dll
Event: 7.464 Loaded shared library C:\Program Files\Java\jdk-21\bin\management.dll
Event: 7.469 Loaded shared library C:\Program Files\Java\jdk-21\bin\management_ext.dll
Event: 8.145 Loaded shared library C:\Program Files\Java\jdk-21\bin\extnet.dll
Event: 8.516 Loaded shared library C:\Program Files\Java\jdk-21\bin\sunmscapi.dll

Deoptimization events (20 events):
Event: 44.542 Thread 0x000002bf9672e720 DEOPT PACKING pc=0x000002bf41024bac sp=0x000000dc2c9f3130
Event: 44.542 Thread 0x000002bf9672e720 DEOPT UNPACKING pc=0x000002bf407c46a2 sp=0x000000dc2c9f3020 mode 2
Event: 44.601 Thread 0x000002bf9672e720 Uncommon trap: trap_request=0xffffff45 fr.pc=0x000002bf412c61f4 relative=0x00000000000000d4
Event: 44.601 Thread 0x000002bf9672e720 Uncommon trap: reason=unstable_if action=reinterpret pc=0x000002bf412c61f4 method=jdk.internal.util.xml.impl.Parser.bappend(CC)V @ 1 c2
Event: 44.601 Thread 0x000002bf9672e720 DEOPT PACKING pc=0x000002bf412c61f4 sp=0x000000dc2c9f2f30
Event: 44.601 Thread 0x000002bf9672e720 DEOPT UNPACKING pc=0x000002bf407c46a2 sp=0x000000dc2c9f2eb8 mode 2
Event: 44.602 Thread 0x000002bf9672e720 Uncommon trap: trap_request=0xffffff45 fr.pc=0x000002bf412c5a94 relative=0x0000000000000074
Event: 44.602 Thread 0x000002bf9672e720 Uncommon trap: reason=unstable_if action=reinterpret pc=0x000002bf412c5a94 method=jdk.internal.util.xml.impl.Parser.ensureCapacity(I)V @ 40 c2
Event: 44.602 Thread 0x000002bf9672e720 DEOPT PACKING pc=0x000002bf412c5a94 sp=0x000000dc2c9f2f30
Event: 44.602 Thread 0x000002bf9672e720 DEOPT UNPACKING pc=0x000002bf407c46a2 sp=0x000000dc2c9f2ea8 mode 2
Event: 44.710 Thread 0x000002bf9672e720 Uncommon trap: trap_request=0xffffff45 fr.pc=0x000002bf412447e4 relative=0x0000000000000104
Event: 44.710 Thread 0x000002bf9672e720 Uncommon trap: reason=unstable_if action=reinterpret pc=0x000002bf412447e4 method=sun.reflect.generics.parser.SignatureParser.parseTypeSignature()Lsun/reflect/generics/tree/TypeSignature; @ 4 c2
Event: 44.710 Thread 0x000002bf9672e720 DEOPT PACKING pc=0x000002bf412447e4 sp=0x000000dc2c9f39d0
Event: 44.710 Thread 0x000002bf9672e720 DEOPT UNPACKING pc=0x000002bf407c46a2 sp=0x000000dc2c9f3978 mode 2
Event: 44.807 Thread 0x000002bf9672e720 Uncommon trap: trap_request=0xffffff45 fr.pc=0x000002bf40e441a8 relative=0x00000000000000e8
Event: 44.807 Thread 0x000002bf9672e720 Uncommon trap: reason=unstable_if action=reinterpret pc=0x000002bf40e441a8 method=java.lang.invoke.LambdaForm$BasicType.basicType(C)Ljava/lang/invoke/LambdaForm$BasicType; @ 1 c2
Event: 44.807 Thread 0x000002bf9672e720 DEOPT PACKING pc=0x000002bf40e441a8 sp=0x000000dc2c9f35d0
Event: 44.807 Thread 0x000002bf9672e720 DEOPT UNPACKING pc=0x000002bf407c46a2 sp=0x000000dc2c9f3500 mode 2
Event: 45.236 Thread 0x000002bf9672e720 DEOPT PACKING pc=0x000002bf3a2f23c1 sp=0x000000dc2c9f3500
Event: 45.236 Thread 0x000002bf9672e720 DEOPT UNPACKING pc=0x000002bf407c4e42 sp=0x000000dc2c9f2ab0 mode 0

Classes loaded (20 events):
Event: 44.719 Loading class javax/management/ListenerNotFoundException
Event: 44.719 Loading class javax/management/OperationsException
Event: 44.719 Loading class javax/management/JMException
Event: 44.719 Loading class javax/management/JMException done
Event: 44.719 Loading class javax/management/OperationsException done
Event: 44.719 Loading class javax/management/ListenerNotFoundException done
Event: 44.719 Loading class jdk/jfr/Recording
Event: 44.720 Loading class jdk/jfr/Recording done
Event: 44.720 Loading class jdk/jfr/FlightRecorder
Event: 44.723 Loading class jdk/jfr/FlightRecorder done
Event: 44.723 Loading class jdk/management/jfr/FlightRecorderMXBeanImpl$MXBeanListener
Event: 44.724 Loading class jdk/jfr/FlightRecorderListener
Event: 44.724 Loading class jdk/jfr/FlightRecorderListener done
Event: 44.724 Loading class jdk/management/jfr/FlightRecorderMXBeanImpl$MXBeanListener done
Event: 44.736 Loading class java/time/format/DateTimeFormatterBuilder$WeekBasedFieldPrinterParser
Event: 44.737 Loading class java/time/format/DateTimeFormatterBuilder$WeekBasedFieldPrinterParser done
Event: 44.803 Loading class com/sun/jmx/mbeanserver/StandardMBeanSupport
Event: 44.803 Loading class com/sun/jmx/mbeanserver/StandardMBeanSupport done
Event: 44.803 Loading class com/sun/jmx/mbeanserver/StandardMBeanIntrospector
Event: 44.803 Loading class com/sun/jmx/mbeanserver/StandardMBeanIntrospector done

Classes unloaded (0 events):
No events

Classes redefined (0 events):
No events

Internal exceptions (20 events):
Event: 44.374 Thread 0x000002bf9672e720 Exception <a 'java/lang/ClassNotFoundException'{0x00000007066383c0}: org/gradle/api/internal/project/DefaultAntBuilderBeanInfo> (0x00000007066383c0) 
thrown [s\open\src\hotspot\share\classfile\systemDictionary.cpp, line 312]
Event: 44.375 Thread 0x000002bf9672e720 Exception <a 'java/lang/ClassNotFoundException'{0x0000000706652e88}: org/gradle/api/internal/project/ant/BasicAntBuilderBeanInfo> (0x0000000706652e88) 
thrown [s\open\src\hotspot\share\classfile\systemDictionary.cpp, line 312]
Event: 44.377 Thread 0x000002bf9672e720 Exception <a 'java/lang/ClassNotFoundException'{0x000000070666d220}: org/gradle/api/AntBuilderBeanInfo> (0x000000070666d220) 
thrown [s\open\src\hotspot\share\classfile\systemDictionary.cpp, line 312]
Event: 44.378 Thread 0x000002bf9672e720 Exception <a 'java/lang/ClassNotFoundException'{0x00000007066873b8}: groovy/ant/AntBuilderBeanInfo> (0x00000007066873b8) 
thrown [s\open\src\hotspot\share\classfile\systemDictionary.cpp, line 312]
Event: 44.380 Thread 0x000002bf9672e720 Exception <a 'java/lang/ClassNotFoundException'{0x00000007066a1cb0}: groovy/util/BuilderSupportBeanInfo> (0x00000007066a1cb0) 
thrown [s\open\src\hotspot\share\classfile\systemDictionary.cpp, line 312]
Event: 44.381 Thread 0x000002bf9672e720 Exception <a 'java/lang/ClassNotFoundException'{0x00000007066bc048}: groovy/util/BuilderSupportCustomizer> (0x00000007066bc048) 
thrown [s\open\src\hotspot\share\classfile\systemDictionary.cpp, line 312]
Event: 44.383 Thread 0x000002bf9672e720 Exception <a 'java/lang/ClassNotFoundException'{0x00000007066d8c68}: groovy/ant/AntBuilderCustomizer> (0x00000007066d8c68) 
thrown [s\open\src\hotspot\share\classfile\systemDictionary.cpp, line 312]
Event: 44.384 Thread 0x000002bf9672e720 Exception <a 'java/lang/ClassNotFoundException'{0x00000007066f7c30}: org/gradle/api/AntBuilderCustomizer> (0x00000007066f7c30) 
thrown [s\open\src\hotspot\share\classfile\systemDictionary.cpp, line 312]
Event: 44.387 Thread 0x000002bf9672e720 Exception <a 'java/lang/ClassNotFoundException'{0x000000070671d868}: org/gradle/api/internal/project/ant/BasicAntBuilderCustomizer> (0x000000070671d868) 
thrown [s\open\src\hotspot\share\classfile\systemDictionary.cpp, line 312]
Event: 44.391 Thread 0x000002bf9672e720 Exception <a 'java/lang/ClassNotFoundException'{0x000000070674ae10}: org/gradle/api/internal/project/DefaultAntBuilderCustomizer> (0x000000070674ae10) 
thrown [s\open\src\hotspot\share\classfile\systemDictionary.cpp, line 312]
Event: 44.431 Thread 0x000002bf9672e720 Exception <a 'java/lang/IncompatibleClassChangeError'{0x000000070642e1b8}: Found class java.lang.Object, but interface was expected> (0x000000070642e1b8) 
thrown [s\open\src\hotspot\share\interpreter\linkResolver.cpp, line 840]
Event: 44.928 Thread 0x000002bf9672e720 Exception <a 'java/lang/NoSuchMethodError'{0x0000000708a10738}: 'org.gradle.internal.buildoption.BuildOption$Value org.gradle.api.internal.StartParameterInternal.getIsolatedProjects()'> (0x0000000708a10738) 
thrown [s\open\src\hotspot\share\interpreter\linkResolver.cpp, line 773]
Event: 44.962 Thread 0x000002bf9672e720 Exception <a 'java/lang/ClassNotFoundException'{0x0000000708b22778}: org/gradle/api/internal/plugins/NaggingBasePluginConventionBeanInfo> (0x0000000708b22778) 
thrown [s\open\src\hotspot\share\classfile\systemDictionary.cpp, line 312]
Event: 44.964 Thread 0x000002bf9672e720 Exception <a 'java/lang/ClassNotFoundException'{0x0000000708b3f538}: org/gradle/api/plugins/BasePluginConventionBeanInfo> (0x0000000708b3f538) 
thrown [s\open\src\hotspot\share\classfile\systemDictionary.cpp, line 312]
Event: 44.965 Thread 0x000002bf9672e720 Exception <a 'java/lang/ClassNotFoundException'{0x0000000708b5b808}: org/gradle/api/plugins/BasePluginConventionCustomizer> (0x0000000708b5b808) 
thrown [s\open\src\hotspot\share\classfile\systemDictionary.cpp, line 312]
Event: 44.967 Thread 0x000002bf9672e720 Exception <a 'java/lang/ClassNotFoundException'{0x0000000708b83880}: org/gradle/api/internal/plugins/NaggingBasePluginConventionCustomizer> (0x0000000708b83880) 
thrown [s\open\src\hotspot\share\classfile\systemDictionary.cpp, line 312]
Event: 44.974 Thread 0x000002bf9672e720 Exception <a 'java/lang/ClassNotFoundException'{0x0000000708bd2cf8}: org/gradle/api/plugins/internal/NaggingJavaPluginConventionBeanInfo> (0x0000000708bd2cf8) 
thrown [s\open\src\hotspot\share\classfile\systemDictionary.cpp, line 312]
Event: 44.976 Thread 0x000002bf9672e720 Exception <a 'java/lang/ClassNotFoundException'{0x0000000708befac0}: org/gradle/api/plugins/JavaPluginConventionBeanInfo> (0x0000000708befac0) 
thrown [s\open\src\hotspot\share\classfile\systemDictionary.cpp, line 312]
Event: 44.977 Thread 0x000002bf9672e720 Exception <a 'java/lang/ClassNotFoundException'{0x000000070960c368}: org/gradle/api/plugins/JavaPluginConventionCustomizer> (0x000000070960c368) 
thrown [s\open\src\hotspot\share\classfile\systemDictionary.cpp, line 312]
Event: 44.979 Thread 0x000002bf9672e720 Exception <a 'java/lang/ClassNotFoundException'{0x000000070963deb0}: org/gradle/api/plugins/internal/NaggingJavaPluginConventionCustomizer> (0x000000070963deb0) 
thrown [s\open\src\hotspot\share\classfile\systemDictionary.cpp, line 312]

ZGC Phase Switch (0 events):
No events

VM Operations (20 events):
Event: 40.695 Executing VM operation: G1CollectForAllocation (G1 Evacuation Pause)
Event: 40.710 Executing VM operation: G1CollectForAllocation (G1 Evacuation Pause) done
Event: 41.710 Executing VM operation: Cleanup
Event: 41.711 Executing VM operation: Cleanup done
Event: 42.335 Executing VM operation: G1CollectForAllocation (G1 Evacuation Pause)
Event: 42.349 Executing VM operation: G1CollectForAllocation (G1 Evacuation Pause) done
Event: 43.317 Executing VM operation: G1CollectForAllocation (G1 Evacuation Pause)
Event: 43.331 Executing VM operation: G1CollectForAllocation (G1 Evacuation Pause) done
Event: 44.261 Executing VM operation: HandshakeAllThreads (Deoptimize)
Event: 44.261 Executing VM operation: HandshakeAllThreads (Deoptimize) done
Event: 44.531 Executing VM operation: HandshakeAllThreads (Deoptimize)
Event: 44.532 Executing VM operation: HandshakeAllThreads (Deoptimize) done
Event: 44.532 Executing VM operation: Cleanup
Event: 44.532 Executing VM operation: Cleanup done
Event: 44.750 Executing VM operation: G1CollectForAllocation (G1 Evacuation Pause)
Event: 44.761 Executing VM operation: G1CollectForAllocation (G1 Evacuation Pause) done
Event: 44.949 Executing VM operation: G1PauseRemark
Event: 44.958 Executing VM operation: G1PauseRemark done
Event: 45.033 Executing VM operation: G1PauseCleanup
Event: 45.033 Executing VM operation: G1PauseCleanup done

Events (20 events):
Event: 44.956 Thread 0x000002bf4f6bbbd0 flushing nmethod 0x000002bf3993c110
Event: 44.956 Thread 0x000002bf4f6bbbd0 flushing nmethod 0x000002bf399be910
Event: 44.956 Thread 0x000002bf4f6bbbd0 flushing nmethod 0x000002bf39a12610
Event: 44.956 Thread 0x000002bf4f6bbbd0 flushing nmethod 0x000002bf39a8d910
Event: 44.956 Thread 0x000002bf4f6bbbd0 flushing nmethod 0x000002bf39ae3910
Event: 44.956 Thread 0x000002bf4f6bbbd0 flushing nmethod 0x000002bf39ae5a10
Event: 44.956 Thread 0x000002bf4f6bbbd0 flushing nmethod 0x000002bf39b6ce90
Event: 44.956 Thread 0x000002bf4f6bbbd0 flushing nmethod 0x000002bf39b70610
Event: 44.956 Thread 0x000002bf4f6bbbd0 flushing nmethod 0x000002bf39bc6c90
Event: 44.956 Thread 0x000002bf4f6bbbd0 flushing nmethod 0x000002bf39bc7410
Event: 44.956 Thread 0x000002bf4f6bbbd0 flushing nmethod 0x000002bf39bc7f90
Event: 44.956 Thread 0x000002bf4f6bbbd0 flushing nmethod 0x000002bf39bc9090
Event: 44.956 Thread 0x000002bf4f6bbbd0 flushing nmethod 0x000002bf39bca110
Event: 44.956 Thread 0x000002bf4f6bbbd0 flushing nmethod 0x000002bf39bcd610
Event: 44.956 Thread 0x000002bf4f6bbbd0 flushing nmethod 0x000002bf39c6bc10
Event: 44.956 Thread 0x000002bf4f6bbbd0 flushing nmethod 0x000002bf39d24d90
Event: 44.956 Thread 0x000002bf4f6bbbd0 flushing nmethod 0x000002bf39d5b510
Event: 44.956 Thread 0x000002bf4f6bbbd0 flushing nmethod 0x000002bf39fbb490
Event: 44.956 Thread 0x000002bf4f6bbbd0 flushing nmethod 0x000002bf3a14f510
Event: 45.240 Thread 0x000002bf99966490 Thread exited: 0x000002bf99966490


Dynamic libraries:
0x00007ff77d840000 - 0x00007ff77d850000 	C:\Program Files\Java\jdk-21\bin\java.exe
0x00007ffe19970000 - 0x00007ffe19b5d000 	C:\Windows\SYSTEM32\ntdll.dll
0x00007ffe19490000 - 0x00007ffe19543000 	C:\Windows\System32\KERNEL32.DLL
0x00007ffe16190000 - 0x00007ffe16423000 	C:\Windows\System32\KERNELBASE.dll
0x00007ffe16740000 - 0x00007ffe1683c000 	C:\Windows\System32\ucrtbase.dll
0x00007ffdf7fe0000 - 0x00007ffdf7ff9000 	C:\Program Files\Java\jdk-21\bin\jli.dll
0x00007ffe18f40000 - 0x00007ffe18fe3000 	C:\Windows\System32\ADVAPI32.dll
0x00007ffe19680000 - 0x00007ffe1971e000 	C:\Windows\System32\msvcrt.dll
0x00007ffe193f0000 - 0x00007ffe1948e000 	C:\Windows\System32\sechost.dll
0x00007ffe19550000 - 0x00007ffe19672000 	C:\Windows\System32\RPCRT4.dll
0x00007ffe19070000 - 0x00007ffe19207000 	C:\Windows\System32\USER32.dll
0x00007ffe16680000 - 0x00007ffe166a0000 	C:\Windows\System32\win32u.dll
0x00007ffe186b0000 - 0x00007ffe186d9000 	C:\Windows\System32\GDI32.dll
0x00007ffe164e0000 - 0x00007ffe1667a000 	C:\Windows\System32\gdi32full.dll
0x00007ffe166a0000 - 0x00007ffe16740000 	C:\Windows\System32\msvcp_win.dll
0x00007ffdd04c0000 - 0x00007ffdd04db000 	C:\Program Files\Java\jdk-21\bin\VCRUNTIME140.dll
0x00007ffe06e80000 - 0x00007ffe070f9000 	C:\Windows\WinSxS\amd64_microsoft.windows.common-controls_6595b64144ccf1df_6.0.17763.316_none_05b53be2071f46b6\COMCTL32.dll
0x00007ffe186e0000 - 0x00007ffe18a0d000 	C:\Windows\System32\combase.dll
0x00007ffe16460000 - 0x00007ffe164de000 	C:\Windows\System32\bcryptPrimitives.dll
0x00007ffe144b0000 - 0x00007ffe144ba000 	C:\Windows\SYSTEM32\VERSION.dll
0x00007ffe16c50000 - 0x00007ffe16c7e000 	C:\Windows\System32\IMM32.DLL
0x00007ffdfb910000 - 0x00007ffdfb91c000 	C:\Program Files\Java\jdk-21\bin\vcruntime140_1.dll
0x00007ffdb9c80000 - 0x00007ffdb9d0e000 	C:\Program Files\Java\jdk-21\bin\msvcp140.dll
0x00007ffdb3410000 - 0x00007ffdb412a000 	C:\Program Files\Java\jdk-21\bin\server\jvm.dll
0x00007ffe159e0000 - 0x00007ffe15a3d000 	C:\Windows\System32\POWRPROF.dll
0x00007ffe19380000 - 0x00007ffe193ed000 	C:\Windows\System32\WS2_32.dll
0x00007ffe14480000 - 0x00007ffe144a4000 	C:\Windows\SYSTEM32\WINMM.dll
0x00007ffe14260000 - 0x00007ffe1428d000 	C:\Windows\SYSTEM32\WINMMBASE.dll
0x00007ffe168c0000 - 0x00007ffe1690a000 	C:\Windows\System32\cfgmgr32.dll
0x00007ffe159c0000 - 0x00007ffe159d1000 	C:\Windows\System32\kernel.appcore.dll
0x00007ffdf7fd0000 - 0x00007ffdf7fda000 	C:\Program Files\Java\jdk-21\bin\jimage.dll
0x00007ffe14290000 - 0x00007ffe1447d000 	C:\Windows\SYSTEM32\DBGHELP.DLL
0x00007ffe14230000 - 0x00007ffe1425a000 	C:\Windows\SYSTEM32\dbgcore.DLL
0x00007ffdf59d0000 - 0x00007ffdf59df000 	C:\Program Files\Java\jdk-21\bin\instrument.dll
0x00007ffdcfda0000 - 0x00007ffdcfdbf000 	C:\Program Files\Java\jdk-21\bin\java.dll
0x00007ffe17100000 - 0x00007ffe185ef000 	C:\Windows\System32\SHELL32.dll
0x00007ffe185f0000 - 0x00007ffe18698000 	C:\Windows\System32\shcore.dll
0x00007ffe15a40000 - 0x00007ffe1618a000 	C:\Windows\System32\windows.storage.dll
0x00007ffe15970000 - 0x00007ffe15994000 	C:\Windows\System32\profapi.dll
0x00007ffe18da0000 - 0x00007ffe18df2000 	C:\Windows\System32\shlwapi.dll
0x00007ffe168a0000 - 0x00007ffe168b7000 	C:\Windows\System32\cryptsp.dll
0x00007ffdb5590000 - 0x00007ffdb5667000 	C:\Program Files\Java\jdk-21\bin\jsvml.dll
0x00007ffdcfd80000 - 0x00007ffdcfd98000 	C:\Program Files\Java\jdk-21\bin\zip.dll
0x00007ffdf5100000 - 0x00007ffdf5110000 	C:\Program Files\Java\jdk-21\bin\net.dll
0x00007ffe076e0000 - 0x00007ffe077d1000 	C:\Windows\SYSTEM32\WINHTTP.dll
0x00007ffe15200000 - 0x00007ffe15267000 	C:\Windows\system32\mswsock.dll
0x00007ffdc6450000 - 0x00007ffdc6466000 	C:\Program Files\Java\jdk-21\bin\nio.dll
0x00007ffdf3650000 - 0x00007ffdf3660000 	C:\Program Files\Java\jdk-21\bin\verify.dll
0x00007ffdfbf00000 - 0x00007ffdfbf27000 	C:\Users\Administrator\.gradle\native\c067742578af261105cb4f569cf0c3c89f3d7b1fecec35dd04571415982c5e48\windows-amd64\native-platform.dll
0x00007ffdc1740000 - 0x00007ffdc1884000 	C:\Users\Administrator\.gradle\native\100fb08df4bc3b14c8652ba06237920a3bd2aa13389f12d3474272988ae205f9\windows-amd64\native-platform-file-events.dll
0x00007ffdf2880000 - 0x00007ffdf288a000 	C:\Program Files\Java\jdk-21\bin\management.dll
0x00007ffdf2090000 - 0x00007ffdf209b000 	C:\Program Files\Java\jdk-21\bin\management_ext.dll
0x00007ffe18f30000 - 0x00007ffe18f38000 	C:\Windows\System32\PSAPI.DLL
0x00007ffe14dc0000 - 0x00007ffe14df3000 	C:\Windows\system32\rsaenh.dll
0x00007ffe16430000 - 0x00007ffe16456000 	C:\Windows\System32\bcrypt.dll
0x00007ffe158a0000 - 0x00007ffe158c8000 	C:\Windows\SYSTEM32\USERENV.dll
0x00007ffe153d0000 - 0x00007ffe153dc000 	C:\Windows\SYSTEM32\CRYPTBASE.dll
0x00007ffe14f60000 - 0x00007ffe14f9d000 	C:\Windows\SYSTEM32\IPHLPAPI.DLL
0x00007ffe18d90000 - 0x00007ffe18d98000 	C:\Windows\System32\NSI.dll
0x00007ffdd9f40000 - 0x00007ffdd9f49000 	C:\Program Files\Java\jdk-21\bin\extnet.dll
0x00007ffdd60e0000 - 0x00007ffdd60ee000 	C:\Program Files\Java\jdk-21\bin\sunmscapi.dll
0x00007ffe16910000 - 0x00007ffe16aeb000 	C:\Windows\System32\CRYPT32.dll
0x00007ffe159a0000 - 0x00007ffe159b2000 	C:\Windows\System32\MSASN1.dll
0x00007ffe154c0000 - 0x00007ffe154e6000 	C:\Windows\SYSTEM32\ncrypt.dll
0x00007ffe15480000 - 0x00007ffe154bc000 	C:\Windows\SYSTEM32\NTASN1.dll
0x00007ffdff580000 - 0x00007ffdff587000 	C:\Windows\system32\wshunix.dll

dbghelp: loaded successfully - version: 4.0.5 - missing functions: none
symbol engine: initialized successfully - sym options: 0x614 - pdb path: .;C:\Program Files\Java\jdk-21\bin;C:\Windows\SYSTEM32;C:\Windows\WinSxS\amd64_microsoft.windows.common-controls_6595b64144ccf1df_6.0.17763.316_none_05b53be2071f46b6;C:\Program Files\Java\jdk-21\bin\server;C:\Users\Administrator\.gradle\native\c067742578af261105cb4f569cf0c3c89f3d7b1fecec35dd04571415982c5e48\windows-amd64;C:\Users\Administrator\.gradle\native\100fb08df4bc3b14c8652ba06237920a3bd2aa13389f12d3474272988ae205f9\windows-amd64

VM Arguments:
jvm_args: -XX:MaxMetaspaceSize=2G -XX:+HeapDumpOnOutOfMemoryError --add-opens=java.base/java.util=ALL-UNNAMED --add-opens=java.base/java.lang=ALL-UNNAMED --add-opens=java.base/java.lang.invoke=ALL-UNNAMED --add-opens=java.prefs/java.util.prefs=ALL-UNNAMED --add-exports=jdk.compiler/com.sun.tools.javac.api=ALL-UNNAMED --add-exports=jdk.compiler/com.sun.tools.javac.util=ALL-UNNAMED --add-opens=java.base/java.nio.charset=ALL-UNNAMED --add-opens=java.base/java.net=ALL-UNNAMED --add-opens=java.base/java.util.concurrent.atomic=ALL-UNNAMED -Xmx4G -Dfile.encoding=utf8 -Duser.country=US -Duser.language=en -Duser.variant -javaagent:C:\Users\Administrator\.gradle\wrapper\dists\gradle-8.10-bin\deqhafrv1ntovfmgh0nh3npr9\gradle-8.10\lib\agents\gradle-instrumentation-agent-8.10.jar 
java_command: org.gradle.launcher.daemon.bootstrap.GradleDaemon 8.10
java_class_path (initial): C:\Users\Administrator\.gradle\wrapper\dists\gradle-8.10-bin\deqhafrv1ntovfmgh0nh3npr9\gradle-8.10\lib\gradle-daemon-main-8.10.jar
Launcher Type: SUN_STANDARD

[Global flags]
     intx CICompilerCount                          = 3                                         {product} {ergonomic}
     uint ConcGCThreads                            = 1                                         {product} {ergonomic}
     uint G1ConcRefinementThreads                  = 4                                         {product} {ergonomic}
   size_t G1HeapRegionSize                         = 2097152                                   {product} {ergonomic}
    uintx GCDrainStackTargetSize                   = 64                                        {product} {ergonomic}
     bool HeapDumpOnOutOfMemoryError               = true                                   {manageable} {command line}
   size_t InitialHeapSize                          = 134217728                                 {product} {ergonomic}
   size_t MarkStackSize                            = 4194304                                   {product} {ergonomic}
   size_t MaxHeapSize                              = 4294967296                                {product} {command line}
   size_t MaxMetaspaceSize                         = 2147483648                                {product} {command line}
   size_t MaxNewSize                               = 2575302656                                {product} {ergonomic}
   size_t MinHeapDeltaBytes                        = 2097152                                   {product} {ergonomic}
   size_t MinHeapSize                              = 8388608                                   {product} {ergonomic}
    uintx NonNMethodCodeHeapSize                   = 5832780                                {pd product} {ergonomic}
    uintx NonProfiledCodeHeapSize                  = 122912730                              {pd product} {ergonomic}
    uintx ProfiledCodeHeapSize                     = 122912730                              {pd product} {ergonomic}
    uintx ReservedCodeCacheSize                    = 251658240                              {pd product} {ergonomic}
     bool SegmentedCodeCache                       = true                                      {product} {ergonomic}
   size_t SoftMaxHeapSize                          = 4294967296                             {manageable} {ergonomic}
     bool UseCompressedOops                        = true                           {product lp64_product} {ergonomic}
     bool UseG1GC                                  = true                                      {product} {ergonomic}
     bool UseLargePagesIndividualAllocation        = false                                  {pd product} {ergonomic}

Logging:
Log output configuration:
 #0: stdout all=warning uptime,level,tags foldmultilines=false
 #1: stderr all=off uptime,level,tags foldmultilines=false

Environment Variables:
JAVA_HOME=C:\Program Files\Java\jdk-21
PATH=C:\Program Files\Java\jdk-21\bin;C:\Program Files\Python312\Scripts\;C:\Program Files\Python312\;C:\Windows\system32;C:\Windows;C:\Windows\System32\Wbem;C:\Windows\System32\WindowsPowerShell\v1.0\;C:\Windows\System32\OpenSSH\;C:\Program Files\kotlinc\bin;C:\ProgramData\chocolatey\bin;C:\Program Files\Git\cmd;C:\Program Files\Java\jdk-21\bin;C:\MinGW\bin;C:\Gradle\gradle-7.4\bin;C:\flutter\bin;C:\Users\Administrator\AppData\Local\Programs\Microsoft VS Code\Code.exe;C:\Users\Administrator\AppData\Local\Programs\Microsoft VS Code\bin;C:\Users\Administrator\AppData\Local\GitHubDesktop\bin;C:\Program Files\Java\jdk-21;C:\MinGW\bin;C:\Gradle\gradle-7.4\bin;C:\flutter\bin;C:\Users\Administrator\AppData\Local\Programs\Microsoft VS Code\Code.exe;C:\Users\Administrator\AppData\Local\Programs\Microsoft VS Code\bin;C:\Users\Administrator\AppData\Local\GitHubDesktop\bin;C:\Program Files\Java\jdk-21;C:\MinGW\bin;C:\Users\Administrator\AppData\Local\Android\Sdk\platform-tools;C:\Program Files\PostgreSQL\17\bin;C:\Program Files\nodejs;C:\Program Files\nodejs\;C:\Users\Administrator\AppData\Local\Programs\Python\Python311\Scripts\;C:\Users\Administrator\AppData\Local\Programs\Python\Python311\;C:\Users\Administrator\AppData\Local\Programs\Python\Python313\Scripts\;C:\Users\Administrator\AppData\Local\Programs\Python\Python313\;C:\Program Files\Java\jdk-21\bin;C:\Program Files\Python312\Scripts\;C:\Program Files\Python312\;C:\Windows\system32;C:\Windows;C:\Windows\System32\Wbem;C:\Windows\System32\WindowsPowerShell\v1.0\;C:\Windows\System32\OpenSSH\;C:\Program Files\kotlinc\bin;C:\ProgramData\chocolatey\bin;C:\Program Files\Git\cmd;C:\Program Files\Java\jdk-21\bin;C:\MinGW\bin;C:\Gradle\gradle-7.4\bin;C:\flutter\bin;C:\Users\Administrator\AppData\Local\Programs\Microsoft VS Code\Code.exe;C:\Users\Administrator\AppData\Local\Programs\Microsoft VS Code\bin;C:\Users\Administrator\AppData\Local\GitHubDesktop\bin;C:\Program Files\Java\jdk-21;C:\MinGW\bin;C:\Gradle\gradle-7.4\bin;C:\flutter\bin;C:\Users\Administrator\AppData\Local\Programs\Microsoft VS Code\Code.exe;C:\Users\Administrator\AppData\Local\Programs\Microsoft VS Code\bin;C:\Users\Administrator\AppData\Local\GitHubDesktop\bin;C:\Program Files\Java\jdk-21;C:\MinGW\bin;C:\Users\Administrator\AppData\Local\Android\Sdk\platform-tools;C:\Program Files\PostgreSQL\17\bin;C:\Program Files\nodejs;C:\Program Files\nodejs\;;C:\Users\Administrator\AppData\Local\Android\Sdk\platform-tools;C:\Program Files\PostgreSQL\17\bin;C:\Program Files\nodejs;C:\Users\Administrator\AppData\Roaming\npm;C:\Users\Administrator\AppData\Local\GitHubDesktop\bin;C:\Program Files\MySQL\MySQL Server 8.0\bin;
USERNAME=Administrator
OS=Windows_NT
PROCESSOR_IDENTIFIER=Intel64 Family 6 Model 142 Stepping 9, GenuineIntel
TMP=C:\Users\ADMINI~1\AppData\Local\Temp
TEMP=C:\Users\ADMINI~1\AppData\Local\Temp




Periodic native trim disabled

---------------  S Y S T E M  ---------------

OS:
 Windows 10 , 64 bit Build 17763 (10.0.17763.292)
OS uptime: 1 days 0:04 hours

CPU: total 4 (initial active 4) (2 cores per cpu, 2 threads per core) family 6 model 142 stepping 9 microcode 0x84, cx8, cmov, fxsr, ht, mmx, 3dnowpref, sse, sse2, sse3, ssse3, sse4.1, sse4.2, popcnt, lzcnt, tsc, tscinvbit, avx, avx2, aes, erms, clmul, bmi1, bmi2, rtm, adx, fma, vzeroupper, clflush, clflushopt, rdtscp, f16c
Processor Information for all 4 processors :
  Max Mhz: 2701, Current Mhz: 2701, Mhz Limit: 2701

Memory: 4k page, system-wide physical 8076M (1303M free)
TotalPageFile size 16268M (AvailPageFile size 3M)
current process WorkingSet (physical memory assigned to process): 234M, peak: 234M
current process commit charge ("private bytes"): 429M, peak: 431M

vm_info: Java HotSpot(TM) 64-Bit Server VM (21.0.6+8-LTS-188) for windows-amd64 JRE (21.0.6+8-LTS-188), built on 2024-12-03T10:50:54Z by "mach5one" with MS VC++ 17.6 (VS2022)

END.
