#
# There is insufficient memory for the Java Runtime Environment to continue.
# Native memory allocation (malloc) failed to allocate 1373872 bytes. Error detail: Chunk::new
# Possible reasons:
#   The system is out of physical RAM or swap space
#   This process is running with CompressedOops enabled, and the Java Heap may be blocking the growth of the native heap
# Possible solutions:
#   Reduce memory load on the system
#   Increase physical memory or swap space
#   Check if swap backing store is full
#   Decrease Java heap size (-Xmx/-Xms)
#   Decrease number of Java threads
#   Decrease Java thread stack sizes (-Xss)
#   Set larger code cache with -XX:ReservedCodeCacheSize=
#   JVM is running with Unscaled Compressed Oops mode in which the Java heap is
#     placed in the first 4GB address space. The Java Heap base address is the
#     maximum limit for the native heap growth. Please use -XX:HeapBaseMinAddress
#     to set the Java Heap base and to place the Java Heap above 4GB virtual address.
# This output file may be truncated or incomplete.
#
#  Out of Memory Error (arena.cpp:168), pid=13444, tid=10320
#
# JRE version: OpenJDK Runtime Environment Temurin-21.0.8+9 (21.0.8+9) (build 21.0.8+9-LTS)
# Java VM: OpenJDK 64-Bit Server VM Temurin-21.0.8+9 (21.0.8+9-LTS, mixed mode, sharing, tiered, compressed oops, compressed class ptrs, parallel gc, windows-amd64)
# No core dump will be written. Minidumps are not enabled by default on client versions of Windows
#

---------------  S U M M A R Y ------------

Command Line: --add-modules=ALL-SYSTEM --add-opens=java.base/java.util=ALL-UNNAMED --add-opens=java.base/java.lang=ALL-UNNAMED --add-opens=java.base/sun.nio.fs=ALL-UNNAMED -Declipse.application=org.eclipse.jdt.ls.core.id1 -Dosgi.bundles.defaultStartLevel=4 -Declipse.product=org.eclipse.jdt.ls.core.product -Djava.import.generatesMetadataFilesAtProjectRoot=false -DDetectVMInstallationsJob.disabled=true -Dfile.encoding=utf8 -XX:+UseParallelGC -XX:GCTimeRatio=4 -XX:AdaptiveSizePolicyWeight=90 -Dsun.zip.disableMemoryMapping=true -Xmx2G -Xms100m -Xlog:disable -javaagent:c:\Users\Administrator\.vscode\extensions\redhat.java-1.44.0-win32-x64\lombok\lombok-1.18.39-4050.jar c:\Users\Administrator\.vscode\extensions\redhat.java-1.44.0-win32-x64\server\plugins\org.eclipse.equinox.launcher_1.7.0.v20250519-0528.jar -configuration c:\Users\Administrator\AppData\Roaming\Code\User\globalStorage\redhat.java\1.44.0\config_ss_win -data c:\Users\Administrator\AppData\Roaming\Code\User\workspaceStorage\dbf30d4801974aa40fd32adc88996aa2\redhat.java\ss_ws --pipe=\\.\pipe\lsp-0ab9410c16e60fe10520f236f40f75ed-sock

Host: Intel(R) Core(TM) i5-7300U CPU @ 2.60GHz, 4 cores, 7G,  Windows 10 , 64 bit Build 17763 (10.0.17763.292)
Time: Thu Aug  7 15:44:25 2025 SE Asia Standard Time elapsed time: 11.860767 seconds (0d 0h 0m 11s)

---------------  T H R E A D  ---------------

Current thread (0x000001c8a7a8bf60):  JavaThread "C2 CompilerThread0" daemon [_thread_in_native, id=10320, stack(0x0000002da1c00000,0x0000002da1d00000) (1024K)]


Current CompileTask:
C2:11860 2701       4       org.lombokweb.asm.ClassReader::readMethod (1070 bytes)

Stack: [0x0000002da1c00000,0x0000002da1d00000]
Native frames: (J=compiled Java code, j=interpreted, Vv=VM code, C=native code)
V  [jvm.dll+0x6d2449]
V  [jvm.dll+0x8ae341]
V  [jvm.dll+0x8b08be]
V  [jvm.dll+0x8b0fa3]
V  [jvm.dll+0x280c96]
V  [jvm.dll+0xc581d]
V  [jvm.dll+0xc5d53]
V  [jvm.dll+0x3b919c]
V  [jvm.dll+0x385315]
V  [jvm.dll+0x38477a]
V  [jvm.dll+0x248ed0]
V  [jvm.dll+0x2484af]
V  [jvm.dll+0x1c89ee]
V  [jvm.dll+0x257d4d]
V  [jvm.dll+0x2562ea]
V  [jvm.dll+0x3f2d16]
V  [jvm.dll+0x857e6b]
V  [jvm.dll+0x6d0b0d]
C  [ucrtbase.dll+0x203ba]
C  [KERNEL32.DLL+0x181f4]
C  [ntdll.dll+0x6a251]


---------------  P R O C E S S  ---------------

Threads class SMR info:
_java_thread_list=0x000001c9054f29e0, length=20, elements={
0x000001c8a5965ed0, 0x000001c8a7a81460, 0x000001c8a7a84ff0, 0x000001c8a7a87e10,
0x000001c8a7a88b20, 0x000001c8a7a8a6e0, 0x000001c8a7a8b130, 0x000001c8a7a8bf60,
0x000001c8a7b001d0, 0x000001c9001490d0, 0x000001c900382270, 0x000001c900aab440,
0x000001c9008ea800, 0x000001c9008eb3b0, 0x000001c9003bcaa0, 0x000001c90053d5e0,
0x000001c900696010, 0x000001c900bf08b0, 0x000001c9005ac580, 0x000001c905215bb0
}

Java Threads: ( => current thread )
  0x000001c8a5965ed0 JavaThread "main"                              [_thread_blocked, id=9232, stack(0x0000002da1100000,0x0000002da1200000) (1024K)]
  0x000001c8a7a81460 JavaThread "Reference Handler"          daemon [_thread_blocked, id=8892, stack(0x0000002da1600000,0x0000002da1700000) (1024K)]
  0x000001c8a7a84ff0 JavaThread "Finalizer"                  daemon [_thread_blocked, id=8300, stack(0x0000002da1700000,0x0000002da1800000) (1024K)]
  0x000001c8a7a87e10 JavaThread "Signal Dispatcher"          daemon [_thread_blocked, id=12656, stack(0x0000002da1800000,0x0000002da1900000) (1024K)]
  0x000001c8a7a88b20 JavaThread "Attach Listener"            daemon [_thread_blocked, id=11492, stack(0x0000002da1900000,0x0000002da1a00000) (1024K)]
  0x000001c8a7a8a6e0 JavaThread "Service Thread"             daemon [_thread_blocked, id=3432, stack(0x0000002da1a00000,0x0000002da1b00000) (1024K)]
  0x000001c8a7a8b130 JavaThread "Monitor Deflation Thread"   daemon [_thread_blocked, id=1860, stack(0x0000002da1b00000,0x0000002da1c00000) (1024K)]
=>0x000001c8a7a8bf60 JavaThread "C2 CompilerThread0"         daemon [_thread_in_native, id=10320, stack(0x0000002da1c00000,0x0000002da1d00000) (1024K)]
  0x000001c8a7b001d0 JavaThread "C1 CompilerThread0"         daemon [_thread_blocked, id=12516, stack(0x0000002da1d00000,0x0000002da1e00000) (1024K)]
  0x000001c9001490d0 JavaThread "Common-Cleaner"             daemon [_thread_blocked, id=6248, stack(0x0000002da1e00000,0x0000002da1f00000) (1024K)]
  0x000001c900382270 JavaThread "Notification Thread"        daemon [_thread_blocked, id=10868, stack(0x0000002da1f00000,0x0000002da2000000) (1024K)]
  0x000001c900aab440 JavaThread "Active Thread: Equinox Container: 3b69e7eb-d2c4-4623-9580-df1bebdaa658"        [_thread_blocked, id=7420, stack(0x0000002da2300000,0x0000002da2400000) (1024K)]
  0x000001c9008ea800 JavaThread "Framework Event Dispatcher: Equinox Container: 3b69e7eb-d2c4-4623-9580-df1bebdaa658" daemon [_thread_blocked, id=3348, stack(0x0000002da2400000,0x0000002da2500000) (1024K)]
  0x000001c9008eb3b0 JavaThread "Start Level: Equinox Container: 3b69e7eb-d2c4-4623-9580-df1bebdaa658" daemon [_thread_in_Java, id=2332, stack(0x0000002da2500000,0x0000002da2600000) (1024K)]
  0x000001c9003bcaa0 JavaThread "SCR Component Actor"        daemon [_thread_blocked, id=8136, stack(0x0000002da2600000,0x0000002da2700000) (1024K)]
  0x000001c90053d5e0 JavaThread "SCR Component Registry"     daemon [_thread_blocked, id=2708, stack(0x0000002da2700000,0x0000002da2800000) (1024K)]
  0x000001c900696010 JavaThread "Worker-JM"                         [_thread_blocked, id=3828, stack(0x0000002da2800000,0x0000002da2900000) (1024K)]
  0x000001c900bf08b0 JavaThread "JNA Cleaner"                daemon [_thread_blocked, id=14280, stack(0x0000002da2a00000,0x0000002da2b00000) (1024K)]
  0x000001c9005ac580 JavaThread "Worker-0"                          [_thread_blocked, id=10548, stack(0x0000002da2b00000,0x0000002da2c00000) (1024K)]
  0x000001c905215bb0 JavaThread "Worker-1"                          [_thread_blocked, id=11744, stack(0x0000002da2900000,0x0000002da2a00000) (1024K)]
Total: 20

Other Threads:
  0x000001c8a7c532a0 VMThread "VM Thread"                           [id=1240, stack(0x0000002da1500000,0x0000002da1600000) (1024K)]
  0x000001c8a7c00b50 WatcherThread "VM Periodic Task Thread"        [id=5720, stack(0x0000002da1400000,0x0000002da1500000) (1024K)]
  0x000001c8a7bb43e0 WorkerThread "GC Thread#0"                     [id=7548, stack(0x0000002da1300000,0x0000002da1400000) (1024K)]
  0x000001c90042df50 WorkerThread "GC Thread#1"                     [id=13428, stack(0x0000002da2000000,0x0000002da2100000) (1024K)]
  0x000001c90071ea60 WorkerThread "GC Thread#2"                     [id=5512, stack(0x0000002da2100000,0x0000002da2200000) (1024K)]
  0x000001c9007241b0 WorkerThread "GC Thread#3"                     [id=11900, stack(0x0000002da2200000,0x0000002da2300000) (1024K)]
Total: 6

Threads with active compile tasks:
C2 CompilerThread0  11893 2701       4       org.lombokweb.asm.ClassReader::readMethod (1070 bytes)
Total: 1

VM state: not at safepoint (normal execution)

VM Mutex/Monitor currently owned by a thread: None

Heap address: 0x0000000080000000, size: 2048 MB, Compressed Oops mode: 32-bit

CDS archive(s) mapped at: [0x000001c8bf000000-0x000001c8bfba0000-0x000001c8bfba0000), size 12189696, SharedBaseAddress: 0x000001c8bf000000, ArchiveRelocationMode: 1.
Compressed class space mapped at: 0x000001c8c0000000-0x000001c900000000, reserved size: 1073741824
Narrow klass base: 0x000001c8bf000000, Narrow klass shift: 0, Narrow klass range: 0x100000000

GC Precious Log:
 CardTable entry size: 512
 CPUs: 4 total, 4 available
 Memory: 8076M
 Large Page Support: Disabled
 NUMA Support: Disabled
 Compressed Oops: Enabled (32-bit)
 Alignments: Space 512K, Generation 512K, Heap 2M
 Heap Min Capacity: 100M
 Heap Initial Capacity: 100M
 Heap Max Capacity: 2G
 Pre-touch: Disabled
 Parallel Workers: 4

Heap:
 PSYoungGen      total 29696K, used 2394K [0x00000000d5580000, 0x00000000d7780000, 0x0000000100000000)
  eden space 25088K, 9% used [0x00000000d5580000,0x00000000d57d6ae0,0x00000000d6e00000)
  from space 4608K, 0% used [0x00000000d7300000,0x00000000d7300000,0x00000000d7780000)
  to   space 4608K, 0% used [0x00000000d6e80000,0x00000000d6e80000,0x00000000d7300000)
 ParOldGen       total 68608K, used 8418K [0x0000000080000000, 0x0000000084300000, 0x00000000d5580000)
  object space 68608K, 12% used [0x0000000080000000,0x0000000080838aa8,0x0000000084300000)
 Metaspace       used 21262K, committed 21952K, reserved 1114112K
  class space    used 2093K, committed 2432K, reserved 1048576K

Card table byte_map: [0x000001c8a7540000,0x000001c8a7950000] _byte_map_base: 0x000001c8a7140000

Marking Bits: (ParMarkBitMap*) 0x00007fffebeba340
 Begin Bits: [0x000001c8ba040000, 0x000001c8bc040000)
 End Bits:   [0x000001c8bc040000, 0x000001c8be040000)

Polling page: 0x000001c8a58a0000

Metaspace:

Usage:
  Non-class:     18.72 MB used.
      Class:      2.04 MB used.
       Both:     20.76 MB used.

Virtual space:
  Non-class space:       64.00 MB reserved,      19.06 MB ( 30%) committed,  1 nodes.
      Class space:        1.00 GB reserved,       2.38 MB ( <1%) committed,  1 nodes.
             Both:        1.06 GB reserved,      21.44 MB (  2%) committed. 

Chunk freelists:
   Non-Class:  12.45 MB
       Class:  13.49 MB
        Both:  25.94 MB

MaxMetaspaceSize: unlimited
CompressedClassSpaceSize: 1.00 GB
Initial GC threshold: 21.00 MB
Current GC threshold: 35.00 MB
CDS: on
 - commit_granule_bytes: 65536.
 - commit_granule_words: 8192.
 - virtual_space_node_default_size: 8388608.
 - enlarge_chunks_in_place: 1.
 - use_allocation_guard: 0.


Internal statistics:

num_allocs_failed_limit: 3.
num_arena_births: 504.
num_arena_deaths: 14.
num_vsnodes_births: 2.
num_vsnodes_deaths: 0.
num_space_committed: 343.
num_space_uncommitted: 0.
num_chunks_returned_to_freelist: 17.
num_chunks_taken_from_freelist: 1298.
num_chunk_merges: 9.
num_chunk_splits: 850.
num_chunks_enlarged: 565.
num_inconsistent_stats: 0.

CodeHeap 'non-profiled nmethods': size=120000Kb used=1195Kb max_used=1195Kb free=118804Kb
 bounds [0x000001c8b2860000, 0x000001c8b2ad0000, 0x000001c8b9d90000]
CodeHeap 'profiled nmethods': size=120000Kb used=5295Kb max_used=5295Kb free=114704Kb
 bounds [0x000001c8aad90000, 0x000001c8ab2c0000, 0x000001c8b22c0000]
CodeHeap 'non-nmethods': size=5760Kb used=1311Kb max_used=1358Kb free=4448Kb
 bounds [0x000001c8b22c0000, 0x000001c8b2530000, 0x000001c8b2860000]
CodeCache: size=245760Kb, used=7801Kb, max_used=7848Kb, free=237956Kb
 total_blobs=3299, nmethods=2702, adapters=503, full_count=0
Compilation: enabled, stopped_count=0, restarted_count=0

Compilation events (20 events):
Event: 11.411 Thread 0x000001c8a7b001d0 2694       3       java.util.regex.Pattern$BranchConn::match (11 bytes)
Event: 11.411 Thread 0x000001c8a7b001d0 nmethod 2694 0x000001c8ab2b3410 code [0x000001c8ab2b35c0, 0x000001c8ab2b3798]
Event: 11.436 Thread 0x000001c8a7a8bf60 nmethod 2693 0x000001c8b2989210 code [0x000001c8b29894a0, 0x000001c8b298a280]
Event: 11.543 Thread 0x000001c8a7b001d0 2699       3       java.util.concurrent.TimeUnit::toNanos (45 bytes)
Event: 11.544 Thread 0x000001c8a7b001d0 nmethod 2699 0x000001c8ab2b3890 code [0x000001c8ab2b3a40, 0x000001c8ab2b3c90]
Event: 11.561 Thread 0x000001c8a7b001d0 2700       3       org.lombokweb.asm.SymbolTable::hash (14 bytes)
Event: 11.561 Thread 0x000001c8a7b001d0 nmethod 2700 0x000001c8ab2b3d10 code [0x000001c8ab2b3ea0, 0x000001c8ab2b3fa8]
Event: 11.562 Thread 0x000001c8a7a8bf60 2701       4       org.lombokweb.asm.ClassReader::readMethod (1070 bytes)
Event: 11.564 Thread 0x000001c8a7b001d0 2703       3       org.lombokweb.asm.MethodWriter::visitFrame (811 bytes)
Event: 11.566 Thread 0x000001c8a7b001d0 nmethod 2703 0x000001c8ab2b4010 code [0x000001c8ab2b4560, 0x000001c8ab2b67d0]
Event: 11.566 Thread 0x000001c8a7b001d0 2705       3       org.lombokweb.asm.ClassReader::readStackMapFrame (535 bytes)
Event: 11.567 Thread 0x000001c8a7b001d0 nmethod 2705 0x000001c8ab2b7710 code [0x000001c8ab2b79c0, 0x000001c8ab2b8990]
Event: 11.567 Thread 0x000001c8a7b001d0 2704       3       org.lombokweb.asm.Label::put (83 bytes)
Event: 11.568 Thread 0x000001c8a7b001d0 nmethod 2704 0x000001c8ab2b8f90 code [0x000001c8ab2b91c0, 0x000001c8ab2b95f0]
Event: 11.568 Thread 0x000001c8a7b001d0 2706       3       org.lombokweb.asm.MethodWriter::visitJumpInsn (495 bytes)
Event: 11.569 Thread 0x000001c8a7b001d0 nmethod 2706 0x000001c8ab2b9790 code [0x000001c8ab2b9ae0, 0x000001c8ab2baae8]
Event: 11.572 Thread 0x000001c8a7b001d0 2707       3       org.lombokweb.asm.ByteVector::putByteArray (49 bytes)
Event: 11.573 Thread 0x000001c8a7b001d0 nmethod 2707 0x000001c8ab2bb110 code [0x000001c8ab2bb2e0, 0x000001c8ab2bb5a8]
Event: 11.778 Thread 0x000001c8a7b001d0 2709       3       java.util.concurrent.ConcurrentHashMap::remove (32 bytes)
Event: 11.779 Thread 0x000001c8a7b001d0 nmethod 2709 0x000001c8ab2bb710 code [0x000001c8ab2bb8e0, 0x000001c8ab2bbba8]

GC Heap History (14 events):
Event: 3.222 GC heap before
{Heap before GC invocations=1 (full 0):
 PSYoungGen      total 29696K, used 25600K [0x00000000d5580000, 0x00000000d7680000, 0x0000000100000000)
  eden space 25600K, 100% used [0x00000000d5580000,0x00000000d6e80000,0x00000000d6e80000)
  from space 4096K, 0% used [0x00000000d7280000,0x00000000d7280000,0x00000000d7680000)
  to   space 4096K, 0% used [0x00000000d6e80000,0x00000000d6e80000,0x00000000d7280000)
 ParOldGen       total 68608K, used 0K [0x0000000080000000, 0x0000000084300000, 0x00000000d5580000)
  object space 68608K, 0% used [0x0000000080000000,0x0000000080000000,0x0000000084300000)
 Metaspace       used 4319K, committed 4608K, reserved 1114112K
  class space    used 471K, committed 576K, reserved 1048576K
}
Event: 3.326 GC heap after
{Heap after GC invocations=1 (full 0):
 PSYoungGen      total 29696K, used 3334K [0x00000000d5580000, 0x00000000d7680000, 0x0000000100000000)
  eden space 25600K, 0% used [0x00000000d5580000,0x00000000d5580000,0x00000000d6e80000)
  from space 4096K, 81% used [0x00000000d6e80000,0x00000000d71c1bb8,0x00000000d7280000)
  to   space 4096K, 0% used [0x00000000d7280000,0x00000000d7280000,0x00000000d7680000)
 ParOldGen       total 68608K, used 0K [0x0000000080000000, 0x0000000084300000, 0x00000000d5580000)
  object space 68608K, 0% used [0x0000000080000000,0x0000000080000000,0x0000000084300000)
 Metaspace       used 4319K, committed 4608K, reserved 1114112K
  class space    used 471K, committed 576K, reserved 1048576K
}
Event: 6.382 GC heap before
{Heap before GC invocations=2 (full 0):
 PSYoungGen      total 29696K, used 28934K [0x00000000d5580000, 0x00000000d7680000, 0x0000000100000000)
  eden space 25600K, 100% used [0x00000000d5580000,0x00000000d6e80000,0x00000000d6e80000)
  from space 4096K, 81% used [0x00000000d6e80000,0x00000000d71c1bb8,0x00000000d7280000)
  to   space 4096K, 0% used [0x00000000d7280000,0x00000000d7280000,0x00000000d7680000)
 ParOldGen       total 68608K, used 0K [0x0000000080000000, 0x0000000084300000, 0x00000000d5580000)
  object space 68608K, 0% used [0x0000000080000000,0x0000000080000000,0x0000000084300000)
 Metaspace       used 8185K, committed 8448K, reserved 1114112K
  class space    used 870K, committed 1024K, reserved 1048576K
}
Event: 6.389 GC heap after
{Heap after GC invocations=2 (full 0):
 PSYoungGen      total 29696K, used 4091K [0x00000000d5580000, 0x00000000d7680000, 0x0000000100000000)
  eden space 25600K, 0% used [0x00000000d5580000,0x00000000d5580000,0x00000000d6e80000)
  from space 4096K, 99% used [0x00000000d7280000,0x00000000d767ed00,0x00000000d7680000)
  to   space 4096K, 0% used [0x00000000d6e80000,0x00000000d6e80000,0x00000000d7280000)
 ParOldGen       total 68608K, used 913K [0x0000000080000000, 0x0000000084300000, 0x00000000d5580000)
  object space 68608K, 1% used [0x0000000080000000,0x00000000800e4698,0x0000000084300000)
 Metaspace       used 8185K, committed 8448K, reserved 1114112K
  class space    used 870K, committed 1024K, reserved 1048576K
}
Event: 8.551 GC heap before
{Heap before GC invocations=3 (full 0):
 PSYoungGen      total 29696K, used 29691K [0x00000000d5580000, 0x00000000d7680000, 0x0000000100000000)
  eden space 25600K, 100% used [0x00000000d5580000,0x00000000d6e80000,0x00000000d6e80000)
  from space 4096K, 99% used [0x00000000d7280000,0x00000000d767ed00,0x00000000d7680000)
  to   space 4096K, 0% used [0x00000000d6e80000,0x00000000d6e80000,0x00000000d7280000)
 ParOldGen       total 68608K, used 913K [0x0000000080000000, 0x0000000084300000, 0x00000000d5580000)
  object space 68608K, 1% used [0x0000000080000000,0x00000000800e4698,0x0000000084300000)
 Metaspace       used 12985K, committed 13504K, reserved 1114112K
  class space    used 1373K, committed 1600K, reserved 1048576K
}
Event: 8.559 GC heap after
{Heap after GC invocations=3 (full 0):
 PSYoungGen      total 29696K, used 4081K [0x00000000d5580000, 0x00000000d7680000, 0x0000000100000000)
  eden space 25600K, 0% used [0x00000000d5580000,0x00000000d5580000,0x00000000d6e80000)
  from space 4096K, 99% used [0x00000000d6e80000,0x00000000d727c500,0x00000000d7280000)
  to   space 4096K, 0% used [0x00000000d7280000,0x00000000d7280000,0x00000000d7680000)
 ParOldGen       total 68608K, used 2771K [0x0000000080000000, 0x0000000084300000, 0x00000000d5580000)
  object space 68608K, 4% used [0x0000000080000000,0x00000000802b4f50,0x0000000084300000)
 Metaspace       used 12985K, committed 13504K, reserved 1114112K
  class space    used 1373K, committed 1600K, reserved 1048576K
}
Event: 10.590 GC heap before
{Heap before GC invocations=4 (full 0):
 PSYoungGen      total 29696K, used 29681K [0x00000000d5580000, 0x00000000d7680000, 0x0000000100000000)
  eden space 25600K, 100% used [0x00000000d5580000,0x00000000d6e80000,0x00000000d6e80000)
  from space 4096K, 99% used [0x00000000d6e80000,0x00000000d727c500,0x00000000d7280000)
  to   space 4096K, 0% used [0x00000000d7280000,0x00000000d7280000,0x00000000d7680000)
 ParOldGen       total 68608K, used 2771K [0x0000000080000000, 0x0000000084300000, 0x00000000d5580000)
  object space 68608K, 4% used [0x0000000080000000,0x00000000802b4f50,0x0000000084300000)
 Metaspace       used 17175K, committed 17856K, reserved 1114112K
  class space    used 1795K, committed 2112K, reserved 1048576K
}
Event: 10.598 GC heap after
{Heap after GC invocations=4 (full 0):
 PSYoungGen      total 29696K, used 4069K [0x00000000d5580000, 0x00000000d7680000, 0x0000000100000000)
  eden space 25600K, 0% used [0x00000000d5580000,0x00000000d5580000,0x00000000d6e80000)
  from space 4096K, 99% used [0x00000000d7280000,0x00000000d7679448,0x00000000d7680000)
  to   space 4096K, 0% used [0x00000000d6e80000,0x00000000d6e80000,0x00000000d7280000)
 ParOldGen       total 68608K, used 4321K [0x0000000080000000, 0x0000000084300000, 0x00000000d5580000)
  object space 68608K, 6% used [0x0000000080000000,0x0000000080438540,0x0000000084300000)
 Metaspace       used 17175K, committed 17856K, reserved 1114112K
  class space    used 1795K, committed 2112K, reserved 1048576K
}
Event: 11.528 GC heap before
{Heap before GC invocations=5 (full 0):
 PSYoungGen      total 29696K, used 29669K [0x00000000d5580000, 0x00000000d7680000, 0x0000000100000000)
  eden space 25600K, 100% used [0x00000000d5580000,0x00000000d6e80000,0x00000000d6e80000)
  from space 4096K, 99% used [0x00000000d7280000,0x00000000d7679448,0x00000000d7680000)
  to   space 4096K, 0% used [0x00000000d6e80000,0x00000000d6e80000,0x00000000d7280000)
 ParOldGen       total 68608K, used 4321K [0x0000000080000000, 0x0000000084300000, 0x00000000d5580000)
  object space 68608K, 6% used [0x0000000080000000,0x0000000080438540,0x0000000084300000)
 Metaspace       used 20374K, committed 21056K, reserved 1114112K
  class space    used 2019K, committed 2368K, reserved 1048576K
}
Event: 11.534 GC heap after
{Heap after GC invocations=5 (full 0):
 PSYoungGen      total 29184K, used 4066K [0x00000000d5580000, 0x00000000d7800000, 0x0000000100000000)
  eden space 25088K, 0% used [0x00000000d5580000,0x00000000d5580000,0x00000000d6e00000)
  from space 4096K, 99% used [0x00000000d6e80000,0x00000000d7278a00,0x00000000d7280000)
  to   space 5120K, 0% used [0x00000000d7300000,0x00000000d7300000,0x00000000d7800000)
 ParOldGen       total 68608K, used 4537K [0x0000000080000000, 0x0000000084300000, 0x00000000d5580000)
  object space 68608K, 6% used [0x0000000080000000,0x000000008046e540,0x0000000084300000)
 Metaspace       used 20374K, committed 21056K, reserved 1114112K
  class space    used 2019K, committed 2368K, reserved 1048576K
}
Event: 11.714 GC heap before
{Heap before GC invocations=6 (full 0):
 PSYoungGen      total 29184K, used 9202K [0x00000000d5580000, 0x00000000d7800000, 0x0000000100000000)
  eden space 25088K, 20% used [0x00000000d5580000,0x00000000d5a83e40,0x00000000d6e00000)
  from space 4096K, 99% used [0x00000000d6e80000,0x00000000d7278a00,0x00000000d7280000)
  to   space 5120K, 0% used [0x00000000d7300000,0x00000000d7300000,0x00000000d7800000)
 ParOldGen       total 68608K, used 4537K [0x0000000080000000, 0x0000000084300000, 0x00000000d5580000)
  object space 68608K, 6% used [0x0000000080000000,0x000000008046e540,0x0000000084300000)
 Metaspace       used 20866K, committed 21504K, reserved 1114112K
  class space    used 2054K, committed 2368K, reserved 1048576K
}
Event: 11.719 GC heap after
{Heap after GC invocations=6 (full 0):
 PSYoungGen      total 29696K, used 4151K [0x00000000d5580000, 0x00000000d7780000, 0x0000000100000000)
  eden space 25088K, 0% used [0x00000000d5580000,0x00000000d5580000,0x00000000d6e00000)
  from space 4608K, 90% used [0x00000000d7300000,0x00000000d770df30,0x00000000d7780000)
  to   space 4608K, 0% used [0x00000000d6e80000,0x00000000d6e80000,0x00000000d7300000)
 ParOldGen       total 68608K, used 4537K [0x0000000080000000, 0x0000000084300000, 0x00000000d5580000)
  object space 68608K, 6% used [0x0000000080000000,0x000000008046e540,0x0000000084300000)
 Metaspace       used 20866K, committed 21504K, reserved 1114112K
  class space    used 2054K, committed 2368K, reserved 1048576K
}
Event: 11.719 GC heap before
{Heap before GC invocations=7 (full 1):
 PSYoungGen      total 29696K, used 4151K [0x00000000d5580000, 0x00000000d7780000, 0x0000000100000000)
  eden space 25088K, 0% used [0x00000000d5580000,0x00000000d5580000,0x00000000d6e00000)
  from space 4608K, 90% used [0x00000000d7300000,0x00000000d770df30,0x00000000d7780000)
  to   space 4608K, 0% used [0x00000000d6e80000,0x00000000d6e80000,0x00000000d7300000)
 ParOldGen       total 68608K, used 4537K [0x0000000080000000, 0x0000000084300000, 0x00000000d5580000)
  object space 68608K, 6% used [0x0000000080000000,0x000000008046e540,0x0000000084300000)
 Metaspace       used 20866K, committed 21504K, reserved 1114112K
  class space    used 2054K, committed 2368K, reserved 1048576K
}
Event: 11.768 GC heap after
{Heap after GC invocations=7 (full 1):
 PSYoungGen      total 29696K, used 0K [0x00000000d5580000, 0x00000000d7780000, 0x0000000100000000)
  eden space 25088K, 0% used [0x00000000d5580000,0x00000000d5580000,0x00000000d6e00000)
  from space 4608K, 0% used [0x00000000d7300000,0x00000000d7300000,0x00000000d7780000)
  to   space 4608K, 0% used [0x00000000d6e80000,0x00000000d6e80000,0x00000000d7300000)
 ParOldGen       total 68608K, used 8418K [0x0000000080000000, 0x0000000084300000, 0x00000000d5580000)
  object space 68608K, 12% used [0x0000000080000000,0x0000000080838aa8,0x0000000084300000)
 Metaspace       used 20853K, committed 21504K, reserved 1114112K
  class space    used 2050K, committed 2368K, reserved 1048576K
}

Dll operation events (10 events):
Event: 0.022 Loaded shared library c:\Users\Administrator\.vscode\extensions\redhat.java-1.44.0-win32-x64\jre\21.0.8-win32-x86_64\bin\java.dll
Event: 0.477 Loaded shared library c:\Users\Administrator\.vscode\extensions\redhat.java-1.44.0-win32-x64\jre\21.0.8-win32-x86_64\bin\zip.dll
Event: 0.564 Loaded shared library C:\Users\Administrator\.vscode\extensions\redhat.java-1.44.0-win32-x64\jre\21.0.8-win32-x86_64\bin\instrument.dll
Event: 0.573 Loaded shared library C:\Users\Administrator\.vscode\extensions\redhat.java-1.44.0-win32-x64\jre\21.0.8-win32-x86_64\bin\net.dll
Event: 0.575 Loaded shared library C:\Users\Administrator\.vscode\extensions\redhat.java-1.44.0-win32-x64\jre\21.0.8-win32-x86_64\bin\nio.dll
Event: 0.578 Loaded shared library C:\Users\Administrator\.vscode\extensions\redhat.java-1.44.0-win32-x64\jre\21.0.8-win32-x86_64\bin\zip.dll
Event: 0.693 Loaded shared library C:\Users\Administrator\.vscode\extensions\redhat.java-1.44.0-win32-x64\jre\21.0.8-win32-x86_64\bin\jimage.dll
Event: 0.933 Loaded shared library c:\Users\Administrator\.vscode\extensions\redhat.java-1.44.0-win32-x64\jre\21.0.8-win32-x86_64\bin\verify.dll
Event: 6.300 Loaded shared library C:\Users\Administrator\AppData\Roaming\Code\User\globalStorage\redhat.java\1.44.0\config_ss_win\org.eclipse.equinox.launcher\org.eclipse.equinox.launcher.win32.win32.x86_64_1.2.1400.v20250730-1736\eclipse_11913.dll
Event: 9.555 Loaded shared library C:\Users\Administrator\AppData\Local\Temp\jna-146731693\jna15257795592273376350.dll

Deoptimization events (20 events):
Event: 10.326 Thread 0x000001c9008eb3b0 Uncommon trap: trap_request=0xffffffde fr.pc=0x000001c8b2951144 relative=0x00000000000003e4
Event: 10.326 Thread 0x000001c9008eb3b0 Uncommon trap: reason=class_check action=maybe_recompile pc=0x000001c8b2951144 method=java.util.regex.Pattern$BmpCharPropertyGreedy.match(Ljava/util/regex/Matcher;ILjava/lang/CharSequence;)Z @ 70 c2
Event: 10.326 Thread 0x000001c9008eb3b0 DEOPT PACKING pc=0x000001c8b2951144 sp=0x0000002da25f2d10
Event: 10.326 Thread 0x000001c9008eb3b0 DEOPT UNPACKING pc=0x000001c8b2313aa2 sp=0x0000002da25f2cb8 mode 2
Event: 10.326 Thread 0x000001c9008eb3b0 Uncommon trap: trap_request=0xffffffde fr.pc=0x000001c8b2951144 relative=0x00000000000003e4
Event: 10.326 Thread 0x000001c9008eb3b0 Uncommon trap: reason=class_check action=maybe_recompile pc=0x000001c8b2951144 method=java.util.regex.Pattern$BmpCharPropertyGreedy.match(Ljava/util/regex/Matcher;ILjava/lang/CharSequence;)Z @ 70 c2
Event: 10.326 Thread 0x000001c9008eb3b0 DEOPT PACKING pc=0x000001c8b2951144 sp=0x0000002da25f2b60
Event: 10.326 Thread 0x000001c9008eb3b0 DEOPT UNPACKING pc=0x000001c8b2313aa2 sp=0x0000002da25f2b08 mode 2
Event: 11.406 Thread 0x000001c9008eb3b0 Uncommon trap: trap_request=0xffffff45 fr.pc=0x000001c8b2987e84 relative=0x0000000000000164
Event: 11.406 Thread 0x000001c9008eb3b0 Uncommon trap: reason=unstable_if action=reinterpret pc=0x000001c8b2987e84 method=org.lombokweb.asm.ByteVector.putByteArray([BII)Lorg/lombokweb/asm/ByteVector; @ 20 c2
Event: 11.406 Thread 0x000001c9008eb3b0 DEOPT PACKING pc=0x000001c8b2987e84 sp=0x0000002da25ee5d0
Event: 11.406 Thread 0x000001c9008eb3b0 DEOPT UNPACKING pc=0x000001c8b2313aa2 sp=0x0000002da25ee5a0 mode 2
Event: 11.407 Thread 0x000001c9008eb3b0 Uncommon trap: trap_request=0xffffff45 fr.pc=0x000001c8b2987450 relative=0x0000000000000390
Event: 11.407 Thread 0x000001c9008eb3b0 Uncommon trap: reason=unstable_if action=reinterpret pc=0x000001c8b2987450 method=org.lombokweb.asm.Label.resolve([BLorg/lombokweb/asm/ByteVector;I)Z @ 81 c2
Event: 11.407 Thread 0x000001c9008eb3b0 DEOPT PACKING pc=0x000001c8b2987450 sp=0x0000002da25ee660
Event: 11.407 Thread 0x000001c9008eb3b0 DEOPT UNPACKING pc=0x000001c8b2313aa2 sp=0x0000002da25ee568 mode 2
Event: 11.562 Thread 0x000001c9008eb3b0 Uncommon trap: trap_request=0xffffff6e fr.pc=0x000001c8b298a060 relative=0x0000000000000bc0
Event: 11.562 Thread 0x000001c9008eb3b0 Uncommon trap: reason=loop_limit_check action=maybe_recompile pc=0x000001c8b298a060 method=java.util.regex.Pattern$StartS.match(Ljava/util/regex/Matcher;ILjava/lang/CharSequence;)Z @ 34 c2
Event: 11.562 Thread 0x000001c9008eb3b0 DEOPT PACKING pc=0x000001c8b298a060 sp=0x0000002da25f2220
Event: 11.562 Thread 0x000001c9008eb3b0 DEOPT UNPACKING pc=0x000001c8b2313aa2 sp=0x0000002da25f2190 mode 2

Classes loaded (20 events):
Event: 10.228 Loading class java/util/zip/GZIPInputStream
Event: 10.229 Loading class java/util/zip/GZIPInputStream done
Event: 10.357 Loading class java/io/StringReader
Event: 10.357 Loading class java/io/StringReader done
Event: 10.362 Loading class java/net/SocketTimeoutException
Event: 10.362 Loading class java/io/InterruptedIOException
Event: 10.363 Loading class java/io/InterruptedIOException done
Event: 10.363 Loading class java/net/SocketTimeoutException done
Event: 10.363 Loading class java/net/SocketException
Event: 10.363 Loading class java/net/SocketException done
Event: 10.363 Loading class java/net/UnknownHostException
Event: 10.363 Loading class java/net/UnknownHostException done
Event: 10.363 Loading class java/net/ProtocolException
Event: 10.363 Loading class java/net/ProtocolException done
Event: 10.491 Loading class java/lang/ThreadLocal$SuppliedThreadLocal
Event: 10.491 Loading class java/lang/ThreadLocal$SuppliedThreadLocal done
Event: 10.508 Loading class java/io/FileWriter
Event: 10.509 Loading class java/io/FileWriter done
Event: 10.509 Loading class java/lang/NegativeArraySizeException
Event: 10.509 Loading class java/lang/NegativeArraySizeException done

Classes unloaded (7 events):
Event: 11.729 Thread 0x000001c8a7c532a0 Unloading class 0x000001c8c018d400 'java/lang/invoke/LambdaForm$MH+0x000001c8c018d400'
Event: 11.729 Thread 0x000001c8a7c532a0 Unloading class 0x000001c8c018d000 'java/lang/invoke/LambdaForm$MH+0x000001c8c018d000'
Event: 11.729 Thread 0x000001c8a7c532a0 Unloading class 0x000001c8c018cc00 'java/lang/invoke/LambdaForm$MH+0x000001c8c018cc00'
Event: 11.729 Thread 0x000001c8a7c532a0 Unloading class 0x000001c8c018c800 'java/lang/invoke/LambdaForm$MH+0x000001c8c018c800'
Event: 11.729 Thread 0x000001c8a7c532a0 Unloading class 0x000001c8c018c400 'java/lang/invoke/LambdaForm$BMH+0x000001c8c018c400'
Event: 11.729 Thread 0x000001c8a7c532a0 Unloading class 0x000001c8c018c000 'java/lang/invoke/LambdaForm$DMH+0x000001c8c018c000'
Event: 11.729 Thread 0x000001c8a7c532a0 Unloading class 0x000001c8c018ac00 'java/lang/invoke/LambdaForm$DMH+0x000001c8c018ac00'

Classes redefined (0 events):
No events

Internal exceptions (20 events):
Event: 9.584 Thread 0x000001c9008eb3b0 Exception <a 'java/lang/NoSuchMethodError'{0x00000000d6391b10}: 'void java.lang.invoke.DelegatingMethodHandle$Holder.reinvoke_L(java.lang.Object, java.lang.Object, int)'> (0x00000000d6391b10) 
thrown [s\src\hotspot\share\interpreter\linkResolver.cpp, line 773]
Event: 9.585 Thread 0x000001c9008eb3b0 Exception <a 'java/lang/NoSuchMethodError'{0x00000000d63987f8}: 'int java.lang.invoke.Invokers$Holder.invokeExact_MT(java.lang.Object, java.lang.Object, java.lang.Object)'> (0x00000000d63987f8) 
thrown [s\src\hotspot\share\interpreter\linkResolver.cpp, line 773]
Event: 9.648 Thread 0x000001c9008eb3b0 Exception <a 'java/lang/NoSuchMethodError'{0x00000000d64895e8}: 'void java.lang.invoke.Invokers$Holder.invokeExact_MT(java.lang.Object, java.lang.Object, int, java.lang.Object)'> (0x00000000d64895e8) 
thrown [s\src\hotspot\share\interpreter\linkResolver.cpp, line 773]
Event: 9.725 Thread 0x000001c9008eb3b0 Exception <a 'java/lang/NoSuchMethodError'{0x00000000d658c718}: 'java.lang.Object java.lang.invoke.DirectMethodHandle$Holder.invokeSpecial(java.lang.Object, java.lang.Object, java.lang.Object, long, java.lang.Object)'> (0x00000000d658c718) 
thrown [s\src\hotspot\share\interpreter\linkResolver.cpp, line 773]
Event: 9.727 Thread 0x000001c9008eb3b0 Exception <a 'java/lang/NoSuchMethodError'{0x00000000d65941b8}: 'java.lang.Object java.lang.invoke.DirectMethodHandle$Holder.newInvokeSpecial(java.lang.Object, java.lang.Object, java.lang.Object, long)'> (0x00000000d65941b8) 
thrown [s\src\hotspot\share\interpreter\linkResolver.cpp, line 773]
Event: 9.727 Thread 0x000001c9008eb3b0 Exception <a 'java/lang/NoSuchMethodError'{0x00000000d65985a8}: 'java.lang.Object java.lang.invoke.DirectMethodHandle$Holder.invokeSpecial(java.lang.Object, java.lang.Object, java.lang.Object, java.lang.Object, long)'> (0x00000000d65985a8) 
thrown [s\src\hotspot\share\interpreter\linkResolver.cpp, line 773]
Event: 9.748 Thread 0x000001c9008eb3b0 Exception <a 'java/lang/NoSuchMethodError'{0x00000000d659c1c8}: 'java.lang.Object java.lang.invoke.Invokers$Holder.linkToTargetMethod(java.lang.Object, java.lang.Object, long, java.lang.Object)'> (0x00000000d659c1c8) 
thrown [s\src\hotspot\share\interpreter\linkResolver.cpp, line 773]
Event: 9.776 Thread 0x000001c9008eb3b0 Exception <a 'java/lang/NoSuchMethodError'{0x00000000d65f4d30}: 'int java.lang.invoke.DirectMethodHandle$Holder.invokeStaticInit(java.lang.Object, java.lang.Object, java.lang.Object)'> (0x00000000d65f4d30) 
thrown [s\src\hotspot\share\interpreter\linkResolver.cpp, line 773]
Event: 9.932 Thread 0x000001c9008eb3b0 Exception <a 'java/lang/IncompatibleClassChangeError'{0x00000000d6691660}: Found class java.lang.Object, but interface was expected> (0x00000000d6691660) 
thrown [s\src\hotspot\share\interpreter\linkResolver.cpp, line 840]
Event: 9.946 Thread 0x000001c9008eb3b0 Exception <a 'java/lang/NoSuchMethodError'{0x00000000d66a9088}: 'java.lang.Object java.lang.invoke.DirectMethodHandle$Holder.invokeSpecial(java.lang.Object, java.lang.Object, java.lang.Object, int, java.lang.Object, java.lang.Object)'> (0x00000000d66a9088) 
thrown [s\src\hotspot\share\interpreter\linkResolver.cpp, line 773]
Event: 9.948 Thread 0x000001c9008eb3b0 Exception <a 'java/lang/NoSuchMethodError'{0x00000000d66b0b60}: 'java.lang.Object java.lang.invoke.DirectMethodHandle$Holder.newInvokeSpecial(java.lang.Object, java.lang.Object, java.lang.Object, int, java.lang.Object)'> (0x00000000d66b0b60) 
thrown [s\src\hotspot\share\interpreter\linkResolver.cpp, line 773]
Event: 9.948 Thread 0x000001c9008eb3b0 Exception <a 'java/lang/NoSuchMethodError'{0x00000000d66b4b20}: 'java.lang.Object java.lang.invoke.DirectMethodHandle$Holder.invokeSpecial(java.lang.Object, java.lang.Object, java.lang.Object, java.lang.Object, int, java.lang.Object)'> (0x00000000d66b4b20) 
thrown [s\src\hotspot\share\interpreter\linkResolver.cpp, line 773]
Event: 9.948 Thread 0x000001c9008eb3b0 Exception <a 'java/lang/NoSuchMethodError'{0x00000000d66b8660}: 'java.lang.Object java.lang.invoke.Invokers$Holder.linkToTargetMethod(java.lang.Object, java.lang.Object, int, java.lang.Object, java.lang.Object)'> (0x00000000d66b8660) 
thrown [s\src\hotspot\share\interpreter\linkResolver.cpp, line 773]
Event: 9.949 Thread 0x000001c9005ac580 Exception <a 'java/lang/NoSuchMethodError'{0x00000000d66438f0}: 'java.lang.Object java.lang.invoke.DirectMethodHandle$Holder.invokeSpecial(java.lang.Object, java.lang.Object, int, java.lang.Object, java.lang.Object)'> (0x00000000d66438f0) 
thrown [s\src\hotspot\share\interpreter\linkResolver.cpp, line 773]
Event: 9.950 Thread 0x000001c9005ac580 Exception <a 'java/lang/NoSuchMethodError'{0x00000000d664a628}: 'java.lang.Object java.lang.invoke.DirectMethodHandle$Holder.newInvokeSpecial(java.lang.Object, java.lang.Object, int, java.lang.Object)'> (0x00000000d664a628) 
thrown [s\src\hotspot\share\interpreter\linkResolver.cpp, line 773]
Event: 9.950 Thread 0x000001c9005ac580 Exception <a 'java/lang/NoSuchMethodError'{0x00000000d664df48}: 'java.lang.Object java.lang.invoke.DirectMethodHandle$Holder.invokeSpecial(java.lang.Object, java.lang.Object, java.lang.Object, int, java.lang.Object)'> (0x00000000d664df48) 
thrown [s\src\hotspot\share\interpreter\linkResolver.cpp, line 773]
Event: 10.082 Thread 0x000001c9008eb3b0 Exception <a 'java/lang/NoSuchMethodError'{0x00000000d67bbff8}: 'void java.lang.invoke.DirectMethodHandle$Holder.invokeSpecial(java.lang.Object, java.lang.Object, java.lang.Object, java.lang.Object, java.lang.Object)'> (0x00000000d67bbff8) 
thrown [s\src\hotspot\share\interpreter\linkResolver.cpp, line 773]
Event: 10.183 Thread 0x000001c9008eb3b0 Exception <a 'java/lang/NoSuchMethodError'{0x00000000d69d8028}: 'double java.lang.invoke.DirectMethodHandle$Holder.invokeStatic(java.lang.Object, java.lang.Object)'> (0x00000000d69d8028) 
thrown [s\src\hotspot\share\interpreter\linkResolver.cpp, line 773]
Event: 10.184 Thread 0x000001c9008eb3b0 Exception <a 'java/lang/NoSuchMethodError'{0x00000000d69db6e8}: 'double java.lang.invoke.DirectMethodHandle$Holder.invokeStaticInit(java.lang.Object, java.lang.Object)'> (0x00000000d69db6e8) 
thrown [s\src\hotspot\share\interpreter\linkResolver.cpp, line 773]
Event: 11.406 Thread 0x000001c9008eb3b0 Implicit null exception at 0x000001c8b2987d75 to 0x000001c8b2987e68

ZGC Phase Switch (0 events):
No events

VM Operations (20 events):
Event: 8.682 Executing VM operation: HandshakeAllThreads (Deoptimize)
Event: 8.682 Executing VM operation: HandshakeAllThreads (Deoptimize) done
Event: 8.692 Executing VM operation: HandshakeAllThreads (Deoptimize)
Event: 8.692 Executing VM operation: HandshakeAllThreads (Deoptimize) done
Event: 8.711 Executing VM operation: HandshakeAllThreads (Deoptimize)
Event: 8.711 Executing VM operation: HandshakeAllThreads (Deoptimize) done
Event: 9.522 Executing VM operation: HandshakeAllThreads (Deoptimize)
Event: 9.522 Executing VM operation: HandshakeAllThreads (Deoptimize) done
Event: 9.565 Executing VM operation: HandshakeAllThreads (Deoptimize)
Event: 9.565 Executing VM operation: HandshakeAllThreads (Deoptimize) done
Event: 9.565 Executing VM operation: Cleanup
Event: 9.565 Executing VM operation: Cleanup done
Event: 10.566 Executing VM operation: Cleanup
Event: 10.585 Executing VM operation: Cleanup done
Event: 10.590 Executing VM operation: ParallelGCFailedAllocation (Allocation Failure)
Event: 10.598 Executing VM operation: ParallelGCFailedAllocation (Allocation Failure) done
Event: 11.528 Executing VM operation: ParallelGCFailedAllocation (Allocation Failure)
Event: 11.534 Executing VM operation: ParallelGCFailedAllocation (Allocation Failure) done
Event: 11.714 Executing VM operation: CollectForMetadataAllocation (Metadata GC Threshold)
Event: 11.768 Executing VM operation: CollectForMetadataAllocation (Metadata GC Threshold) done

Memory protections (0 events):
No events

Nmethod flushes (0 events):
No events

Events (20 events):
Event: 3.197 Thread 0x000001c9007241b0 Thread exited: 0x000001c9007241b0
Event: 4.214 Thread 0x000001c8a7b001d0 Thread added: 0x000001c90078ea10
Event: 4.437 Thread 0x000001c90078ea10 Thread exited: 0x000001c90078ea10
Event: 5.232 Thread 0x000001c8a5965ed0 Thread added: 0x000001c900aab440
Event: 6.259 Thread 0x000001c8a5965ed0 Thread added: 0x000001c9008ea800
Event: 6.285 Thread 0x000001c8a5965ed0 Thread added: 0x000001c9008eb3b0
Event: 6.411 Thread 0x000001c9008eb3b0 Thread added: 0x000001c9003bcaa0
Event: 6.841 Thread 0x000001c9008eb3b0 Thread added: 0x000001c90053d5e0
Event: 7.184 Thread 0x000001c8a7b001d0 Thread added: 0x000001c90031b7b0
Event: 7.362 Thread 0x000001c90031b7b0 Thread exited: 0x000001c90031b7b0
Event: 7.767 Thread 0x000001c9008eb3b0 Thread added: 0x000001c900696010
Event: 8.783 Thread 0x000001c8a7b001d0 Thread added: 0x000001c900c1f910
Event: 9.222 Thread 0x000001c900c1f910 Thread exited: 0x000001c900c1f910
Event: 9.536 Thread 0x000001c8a7b001d0 Thread added: 0x000001c900184630
Event: 9.629 Thread 0x000001c9008eb3b0 Thread added: 0x000001c900bf08b0
Event: 9.762 Thread 0x000001c9008eb3b0 Thread added: 0x000001c9005ac580
Event: 9.775 Thread 0x000001c900184630 Thread exited: 0x000001c900184630
Event: 9.956 Thread 0x000001c9008eb3b0 Thread added: 0x000001c905215bb0
Event: 10.610 Thread 0x000001c8a7b001d0 Thread added: 0x000001c9007fba90
Event: 10.961 Thread 0x000001c9007fba90 Thread exited: 0x000001c9007fba90


Dynamic libraries:
0x00007ff7ad3d0000 - 0x00007ff7ad3de000 	c:\Users\Administrator\.vscode\extensions\redhat.java-1.44.0-win32-x64\jre\21.0.8-win32-x86_64\bin\java.exe
0x00007ff845f50000 - 0x00007ff84613d000 	C:\Windows\SYSTEM32\ntdll.dll
0x00007ff844c20000 - 0x00007ff844cd3000 	C:\Windows\System32\KERNEL32.DLL
0x00007ff842e40000 - 0x00007ff8430d3000 	C:\Windows\System32\KERNELBASE.dll
0x00007ff842d40000 - 0x00007ff842e3c000 	C:\Windows\System32\ucrtbase.dll
0x00007ff82c780000 - 0x00007ff82c798000 	c:\Users\Administrator\.vscode\extensions\redhat.java-1.44.0-win32-x64\jre\21.0.8-win32-x86_64\bin\jli.dll
0x00007ff8446d0000 - 0x00007ff844867000 	C:\Windows\System32\USER32.dll
0x00007ff843160000 - 0x00007ff843180000 	C:\Windows\System32\win32u.dll
0x00007ff844a00000 - 0x00007ff844a29000 	C:\Windows\System32\GDI32.dll
0x00007ff8420c0000 - 0x00007ff84225a000 	C:\Windows\System32\gdi32full.dll
0x00007ff842020000 - 0x00007ff8420c0000 	C:\Windows\System32\msvcp_win.dll
0x00007ff829100000 - 0x00007ff82911e000 	c:\Users\Administrator\.vscode\extensions\redhat.java-1.44.0-win32-x64\jre\21.0.8-win32-x86_64\bin\VCRUNTIME140.dll
0x00007ff83b7f0000 - 0x00007ff83ba69000 	C:\Windows\WinSxS\amd64_microsoft.windows.common-controls_6595b64144ccf1df_6.0.17763.316_none_05b53be2071f46b6\COMCTL32.dll
0x00007ff845bd0000 - 0x00007ff845c6e000 	C:\Windows\System32\msvcrt.dll
0x00007ff845100000 - 0x00007ff84542d000 	C:\Windows\System32\combase.dll
0x00007ff845960000 - 0x00007ff845a82000 	C:\Windows\System32\RPCRT4.dll
0x00007ff842ca0000 - 0x00007ff842d1e000 	C:\Windows\System32\bcryptPrimitives.dll
0x00007ff844ce0000 - 0x00007ff844d0e000 	C:\Windows\System32\IMM32.DLL
0x00007ff832b50000 - 0x00007ff832b5c000 	c:\Users\Administrator\.vscode\extensions\redhat.java-1.44.0-win32-x64\jre\21.0.8-win32-x86_64\bin\vcruntime140_1.dll
0x00007ff800b20000 - 0x00007ff800bad000 	c:\Users\Administrator\.vscode\extensions\redhat.java-1.44.0-win32-x64\jre\21.0.8-win32-x86_64\bin\msvcp140.dll
0x00007fffeb200000 - 0x00007fffebf97000 	c:\Users\Administrator\.vscode\extensions\redhat.java-1.44.0-win32-x64\jre\21.0.8-win32-x86_64\bin\server\jvm.dll
0x00007ff844a30000 - 0x00007ff844ad3000 	C:\Windows\System32\ADVAPI32.dll
0x00007ff845ab0000 - 0x00007ff845b4e000 	C:\Windows\System32\sechost.dll
0x00007ff841f70000 - 0x00007ff841fcd000 	C:\Windows\System32\POWRPROF.dll
0x00007ff845e50000 - 0x00007ff845ebd000 	C:\Windows\System32\WS2_32.dll
0x00007ff840a80000 - 0x00007ff840aa4000 	C:\Windows\SYSTEM32\WINMM.dll
0x00007ff840a70000 - 0x00007ff840a7a000 	C:\Windows\SYSTEM32\VERSION.dll
0x00007ff840850000 - 0x00007ff84087d000 	C:\Windows\SYSTEM32\WINMMBASE.dll
0x00007ff8430e0000 - 0x00007ff84312a000 	C:\Windows\System32\cfgmgr32.dll
0x00007ff841fd0000 - 0x00007ff841fe1000 	C:\Windows\System32\kernel.appcore.dll
0x00007ff831fa0000 - 0x00007ff831faa000 	c:\Users\Administrator\.vscode\extensions\redhat.java-1.44.0-win32-x64\jre\21.0.8-win32-x86_64\bin\jimage.dll
0x00007ff840880000 - 0x00007ff840a6d000 	C:\Windows\SYSTEM32\DBGHELP.DLL
0x00007ff840820000 - 0x00007ff84084a000 	C:\Windows\SYSTEM32\dbgcore.DLL
0x00007ff82d140000 - 0x00007ff82d14f000 	c:\Users\Administrator\.vscode\extensions\redhat.java-1.44.0-win32-x64\jre\21.0.8-win32-x86_64\bin\instrument.dll
0x00007ff823150000 - 0x00007ff82316f000 	c:\Users\Administrator\.vscode\extensions\redhat.java-1.44.0-win32-x64\jre\21.0.8-win32-x86_64\bin\java.dll
0x00007ff8431e0000 - 0x00007ff8446cf000 	C:\Windows\System32\SHELL32.dll
0x00007ff8458b0000 - 0x00007ff845958000 	C:\Windows\System32\shcore.dll
0x00007ff842310000 - 0x00007ff842a5a000 	C:\Windows\System32\windows.storage.dll
0x00007ff841ff0000 - 0x00007ff842014000 	C:\Windows\System32\profapi.dll
0x00007ff844af0000 - 0x00007ff844b42000 	C:\Windows\System32\shlwapi.dll
0x00007ff842d20000 - 0x00007ff842d37000 	C:\Windows\System32\cryptsp.dll
0x00007ff81d8c0000 - 0x00007ff81d8d8000 	c:\Users\Administrator\.vscode\extensions\redhat.java-1.44.0-win32-x64\jre\21.0.8-win32-x86_64\bin\zip.dll
0x00007ff831d50000 - 0x00007ff831d60000 	C:\Users\Administrator\.vscode\extensions\redhat.java-1.44.0-win32-x64\jre\21.0.8-win32-x86_64\bin\net.dll
0x00007ff834b90000 - 0x00007ff834c81000 	C:\Windows\SYSTEM32\WINHTTP.dll
0x00007ff8417e0000 - 0x00007ff841847000 	C:\Windows\system32\mswsock.dll
0x00007ff818840000 - 0x00007ff818856000 	C:\Users\Administrator\.vscode\extensions\redhat.java-1.44.0-win32-x64\jre\21.0.8-win32-x86_64\bin\nio.dll
0x00007ff833150000 - 0x00007ff833160000 	c:\Users\Administrator\.vscode\extensions\redhat.java-1.44.0-win32-x64\jre\21.0.8-win32-x86_64\bin\verify.dll
0x00007ff804070000 - 0x00007ff8040b5000 	C:\Users\Administrator\AppData\Roaming\Code\User\globalStorage\redhat.java\1.44.0\config_ss_win\org.eclipse.equinox.launcher\org.eclipse.equinox.launcher.win32.win32.x86_64_1.2.1400.v20250730-1736\eclipse_11913.dll
0x00007ff844f40000 - 0x00007ff845095000 	C:\Windows\System32\ole32.dll
0x00007ff8413a0000 - 0x00007ff8413d3000 	C:\Windows\system32\rsaenh.dll
0x00007ff843130000 - 0x00007ff843156000 	C:\Windows\System32\bcrypt.dll
0x00007ff841e80000 - 0x00007ff841ea8000 	C:\Windows\SYSTEM32\USERENV.dll
0x00007ff8419b0000 - 0x00007ff8419bc000 	C:\Windows\SYSTEM32\CRYPTBASE.dll
0x00007ff841540000 - 0x00007ff84157d000 	C:\Windows\SYSTEM32\IPHLPAPI.DLL
0x00007ff8449e0000 - 0x00007ff8449e8000 	C:\Windows\System32\NSI.dll
0x00007ff803b80000 - 0x00007ff803bc9000 	C:\Users\Administrator\AppData\Local\Temp\jna-146731693\jna15257795592273376350.dll
0x00007ff844ae0000 - 0x00007ff844ae8000 	C:\Windows\System32\PSAPI.DLL

JVMTI agents:
c:\Users\Administrator\.vscode\extensions\redhat.java-1.44.0-win32-x64\lombok\lombok-1.18.39-4050.jar path:c:\Users\Administrator\.vscode\extensions\redhat.java-1.44.0-win32-x64\jre\21.0.8-win32-x86_64\bin\instrument.dll, loaded, initialized, instrumentlib options:none

dbghelp: loaded successfully - version: 4.0.5 - missing functions: none
symbol engine: initialized successfully - sym options: 0x614 - pdb path: .;c:\Users\Administrator\.vscode\extensions\redhat.java-1.44.0-win32-x64\jre\21.0.8-win32-x86_64\bin;C:\Windows\SYSTEM32;C:\Windows\WinSxS\amd64_microsoft.windows.common-controls_6595b64144ccf1df_6.0.17763.316_none_05b53be2071f46b6;c:\Users\Administrator\.vscode\extensions\redhat.java-1.44.0-win32-x64\jre\21.0.8-win32-x86_64\bin\server;C:\Users\Administrator\AppData\Roaming\Code\User\globalStorage\redhat.java\1.44.0\config_ss_win\org.eclipse.equinox.launcher\org.eclipse.equinox.launcher.win32.win32.x86_64_1.2.1400.v20250730-1736;C:\Users\Administrator\AppData\Local\Temp\jna-146731693

VM Arguments:
jvm_args: --add-modules=ALL-SYSTEM --add-opens=java.base/java.util=ALL-UNNAMED --add-opens=java.base/java.lang=ALL-UNNAMED --add-opens=java.base/sun.nio.fs=ALL-UNNAMED -Declipse.application=org.eclipse.jdt.ls.core.id1 -Dosgi.bundles.defaultStartLevel=4 -Declipse.product=org.eclipse.jdt.ls.core.product -Djava.import.generatesMetadataFilesAtProjectRoot=false -DDetectVMInstallationsJob.disabled=true -Dfile.encoding=utf8 -XX:+UseParallelGC -XX:GCTimeRatio=4 -XX:AdaptiveSizePolicyWeight=90 -Dsun.zip.disableMemoryMapping=true -Xmx2G -Xms100m -Xlog:disable -javaagent:c:\Users\Administrator\.vscode\extensions\redhat.java-1.44.0-win32-x64\lombok\lombok-1.18.39-4050.jar 
java_command: c:\Users\Administrator\.vscode\extensions\redhat.java-1.44.0-win32-x64\server\plugins\org.eclipse.equinox.launcher_1.7.0.v20250519-0528.jar -configuration c:\Users\Administrator\AppData\Roaming\Code\User\globalStorage\redhat.java\1.44.0\config_ss_win -data c:\Users\Administrator\AppData\Roaming\Code\User\workspaceStorage\dbf30d4801974aa40fd32adc88996aa2\redhat.java\ss_ws --pipe=\\.\pipe\lsp-0ab9410c16e60fe10520f236f40f75ed-sock
java_class_path (initial): c:\Users\Administrator\.vscode\extensions\redhat.java-1.44.0-win32-x64\server\plugins\org.eclipse.equinox.launcher_1.7.0.v20250519-0528.jar
Launcher Type: SUN_STANDARD

[Global flags]
    uintx AdaptiveSizePolicyWeight                 = 90                                        {product} {command line}
     intx CICompilerCount                          = 3                                         {product} {ergonomic}
    uintx GCTimeRatio                              = 4                                         {product} {command line}
   size_t InitialHeapSize                          = 104857600                                 {product} {command line}
   size_t MaxHeapSize                              = 2147483648                                {product} {command line}
   size_t MaxNewSize                               = 715653120                                 {product} {ergonomic}
   size_t MinHeapDeltaBytes                        = 524288                                    {product} {ergonomic}
   size_t MinHeapSize                              = 104857600                                 {product} {command line}
   size_t NewSize                                  = 34603008                                  {product} {ergonomic}
    uintx NonNMethodCodeHeapSize                   = 5832780                                {pd product} {ergonomic}
    uintx NonProfiledCodeHeapSize                  = 122912730                              {pd product} {ergonomic}
   size_t OldSize                                  = 70254592                                  {product} {ergonomic}
    uintx ProfiledCodeHeapSize                     = 122912730                              {pd product} {ergonomic}
    uintx ReservedCodeCacheSize                    = 251658240                              {pd product} {ergonomic}
     bool SegmentedCodeCache                       = true                                      {product} {ergonomic}
   size_t SoftMaxHeapSize                          = 2147483648                             {manageable} {ergonomic}
     bool UseCompressedOops                        = true                           {product lp64_product} {ergonomic}
     bool UseLargePagesIndividualAllocation        = false                                  {pd product} {ergonomic}
     bool UseParallelGC                            = true                                      {product} {command line}

Logging:
Log output configuration:
 #0: stdout all=off uptime,level,tags foldmultilines=false
 #1: stderr all=off uptime,level,tags foldmultilines=false

Environment Variables:
JAVA_HOME=C:\Program Files\Java\jdk-21
PATH=C:\Program Files\Java\jdk-21\bin;C:\Users\Admin\AppData\Local\Programs\Python\Python311\;C:\Users\Admin\AppData\Local\Programs\Python\Python311\Scripts\;C:\Windows\system32;C:\Windows;C:\Windows\System32\Wbem;C:\Windows\System32\WindowsPowerShell\v1.0\;C:\Windows\System32\OpenSSH\;C:\Program Files\kotlinc\bin;C:\ProgramData\chocolatey\bin;C:\Program Files\Git\cmd;C:\Program Files\Java\jdk-21\bin;C:\MinGW\bin;C:\Gradle\gradle-7.4\bin;C:\flutter\bin;C:\Users\Administrator\AppData\Local\Programs\Microsoft VS Code\Code.exe;C:\Users\Administrator\AppData\Local\Programs\Microsoft VS Code\bin;C:\Users\Administrator\AppData\Local\GitHubDesktop\bin;C:\Program Files\Java\jdk-21;C:\MinGW\bin;C:\Gradle\gradle-7.4\bin;C:\flutter\bin;C:\Users\Administrator\AppData\Local\Programs\Microsoft VS Code\Code.exe;C:\Users\Administrator\AppData\Local\Programs\Microsoft VS Code\bin;C:\Users\Administrator\AppData\Local\GitHubDesktop\bin;C:\Program Files\Java\jdk-21;C:\MinGW\bin;C:\Users\Administrator\AppData\Local\Android\Sdk\platform-tools;C:\Program Files\PostgreSQL\17\bin;C:\Program Files\nodejs;C:\Program Files\nodejs\;C:\Users\Administrator\AppData\Local\Pub\Cache\bin;C:\Users\Administrator\AppData\Local\Programs\Python\Python311\Scripts\;C:\Users\Administrator\AppData\Local\Programs\Python\Python311\;C:\Program Files\Java\jdk-21\bin;C:\Users\Admin\AppData\Local\Programs\Python\Python311\;C:\Users\Admin\AppData\Local\Programs\Python\Python311\Scripts\;C:\Windows\system32;C:\Windows;C:\Windows\System32\Wbem;C:\Windows\System32\WindowsPowerShell\v1.0\;C:\Windows\System32\OpenSSH\;C:\Program Files\kotlinc\bin;C:\ProgramData\chocolatey\bin;C:\Program Files\Git\cmd;C:\Program Files\Java\jdk-21\bin;C:\MinGW\bin;C:\Gradle\gradle-7.4\bin;C:\flutter\bin;C:\Users\Administrator\AppData\Local\Programs\Microsoft VS Code\Code.exe;C:\Users\Administrator\AppData\Local\Programs\Microsoft VS Code\bin;C:\Users\Administrator\AppData\Local\GitHubDesktop\bin;C:\Program Files\Java\jdk-21;C:\MinGW\bin;C:\Gradle\gradle-7.4\bin;C:\flutter\bin;C:\Users\Administrator\AppData\Local\Programs\Microsoft VS Code\Code.exe;C:\Users\Administrator\AppData\Local\Programs\Microsoft VS Code\bin;C:\Users\Administrator\AppData\Local\GitHubDesktop\bin;C:\Program Files\Java\jdk-21;C:\MinGW\bin;C:\Users\Administrator\AppData\Local\Android\Sdk\platform-tools;C:\Program Files\PostgreSQL\17\bin;C:\Program Files\nodejs;C:\Program Files\nodejs\;C:\Users\Administrator\AppData\Local\Pub\Cache\bin;;C:\Users\Administrator\AppData\Local\Android\Sdk\platform-tools;C:\Program Files\PostgreSQL\17\bin;C:\Program Files\nodejs;C:\Users\Administrator\AppData\Roaming\npm;C:\Users\Administrator\AppData\Local\GitHubDesktop\bin;C:\Program Files\MySQL\MySQL Server 8.0\bin;C:\Users\Administrator\AppData\Local\Pub\Cache\bin;
USERNAME=Administrator
OS=Windows_NT
PROCESSOR_IDENTIFIER=Intel64 Family 6 Model 142 Stepping 9, GenuineIntel
TMP=C:\Users\ADMINI~1\AppData\Local\Temp
TEMP=C:\Users\ADMINI~1\AppData\Local\Temp




Periodic native trim disabled

---------------  S Y S T E M  ---------------

OS:
 Windows 10 , 64 bit Build 17763 (10.0.17763.292)
OS uptime: 10 days 21:22 hours

CPU: total 4 (initial active 4) (2 cores per cpu, 2 threads per core) family 6 model 142 stepping 9 microcode 0x84, cx8, cmov, fxsr, ht, mmx, 3dnowpref, sse, sse2, sse3, ssse3, sse4.1, sse4.2, popcnt, lzcnt, tsc, tscinvbit, avx, avx2, aes, erms, clmul, bmi1, bmi2, rtm, adx, fma, vzeroupper, clflush, clflushopt, rdtscp, f16c
Processor Information for the first 4 processors :
  Max Mhz: 2701, Current Mhz: 2701, Mhz Limit: 2701

Memory: 4k page, system-wide physical 8076M (2162M free)
TotalPageFile size 16268M (AvailPageFile size 4M)
current process WorkingSet (physical memory assigned to process): 102M, peak: 102M
current process commit charge ("private bytes"): 261M, peak: 263M

vm_info: OpenJDK 64-Bit Server VM (21.0.8+9-LTS) for windows-amd64 JRE (21.0.8+9-LTS), built on 2025-07-15T00:00:00Z by "admin" with MS VC++ 17.7 (VS2022)

END.
