#
# There is insufficient memory for the Java Runtime Environment to continue.
# Native memory allocation (malloc) failed to allocate 1081536 bytes for Chunk::new
# Possible reasons:
#   The system is out of physical RAM or swap space
#   The process is running with CompressedOops enabled, and the Java Heap may be blocking the growth of the native heap
# Possible solutions:
#   Reduce memory load on the system
#   Increase physical memory or swap space
#   Check if swap backing store is full
#   Decrease Java heap size (-Xmx/-Xms)
#   Decrease number of Java threads
#   Decrease Java thread stack sizes (-Xss)
#   Set larger code cache with -XX:ReservedCodeCacheSize=
#   JVM is running with Zero Based Compressed Oops mode in which the Java heap is
#     placed in the first 32GB address space. The Java Heap base address is the
#     maximum limit for the native heap growth. Please use -XX:HeapBaseMinAddress
#     to set the Java Heap base and to place the Java Heap above 32GB virtual address.
# This output file may be truncated or incomplete.
#
#  Out of Memory Error (arena.cpp:168), pid=9532, tid=8480
#
# JRE version: Java(TM) SE Runtime Environment (21.0.6+8) (build 21.0.6+8-LTS-188)
# Java VM: Java HotSpot(TM) 64-Bit Server VM (21.0.6+8-LTS-188, mixed mode, sharing, tiered, compressed oops, compressed class ptrs, g1 gc, windows-amd64)
# No core dump will be written. Minidumps are not enabled by default on client versions of Windows
#

---------------  S U M M A R Y ------------

Command Line: -XX:MaxMetaspaceSize=2G -XX:+HeapDumpOnOutOfMemoryError --add-opens=java.base/java.util=ALL-UNNAMED --add-opens=java.base/java.lang=ALL-UNNAMED --add-opens=java.base/java.lang.invoke=ALL-UNNAMED --add-opens=java.prefs/java.util.prefs=ALL-UNNAMED --add-exports=jdk.compiler/com.sun.tools.javac.api=ALL-UNNAMED --add-exports=jdk.compiler/com.sun.tools.javac.util=ALL-UNNAMED --add-opens=java.base/java.nio.charset=ALL-UNNAMED --add-opens=java.base/java.net=ALL-UNNAMED --add-opens=java.base/java.util.concurrent.atomic=ALL-UNNAMED -Xmx4G -Dfile.encoding=utf8 -Duser.country=US -Duser.language=en -Duser.variant -javaagent:C:\Users\Administrator\.gradle\wrapper\dists\gradle-8.10-bin\deqhafrv1ntovfmgh0nh3npr9\gradle-8.10\lib\agents\gradle-instrumentation-agent-8.10.jar org.gradle.launcher.daemon.bootstrap.GradleDaemon 8.10

Host: Intel(R) Core(TM) i5-7300U CPU @ 2.60GHz, 4 cores, 7G,  Windows 10 , 64 bit Build 17763 (10.0.17763.292)
Time: Mon May 26 15:12:17 2025 SE Asia Standard Time elapsed time: 64.817405 seconds (0d 0h 1m 4s)

---------------  T H R E A D  ---------------

Current thread (0x00000206e6961500):  JavaThread "C2 CompilerThread1" daemon [_thread_in_native, id=8480, stack(0x0000006dd6400000,0x0000006dd6500000) (1024K)]


Current CompileTask:
C2:  64817 14000       4       org.gradle.api.internal.artifacts.transform.DefaultTransformInvocationFactory::createInvocation (273 bytes)

Stack: [0x0000006dd6400000,0x0000006dd6500000]
Native frames: (J=compiled Java code, j=interpreted, Vv=VM code, C=native code)
V  [jvm.dll+0x6ca6d9]
V  [jvm.dll+0x854f51]
V  [jvm.dll+0x85747e]
V  [jvm.dll+0x857b53]
V  [jvm.dll+0x27dcc6]
V  [jvm.dll+0xc4c2d]
V  [jvm.dll+0xc5163]
V  [jvm.dll+0x3b515c]
V  [jvm.dll+0x381855]
V  [jvm.dll+0x380cca]
V  [jvm.dll+0x246920]
V  [jvm.dll+0x245eff]
V  [jvm.dll+0x1c6d2e]
V  [jvm.dll+0x2554f9]
V  [jvm.dll+0x253a8a]
V  [jvm.dll+0x3ee576]
V  [jvm.dll+0x7ff2fb]
V  [jvm.dll+0x6c8dbd]
C  [ucrtbase.dll+0x203ba]
C  [KERNEL32.DLL+0x181f4]
C  [ntdll.dll+0x6a251]


---------------  P R O C E S S  ---------------

Threads class SMR info:
_java_thread_list=0x00000206e5d305c0, length=84, elements={
0x00000206fa7f7060, 0x00000206ffea46c0, 0x00000206ffea7790, 0x00000206ffeabe20,
0x00000206ffeac870, 0x00000206ffead2c0, 0x00000206ffeadd10, 0x00000206ffeaea90,
0x00000206ffedeb10, 0x00000206ffe77e80, 0x000002069b65fd50, 0x00000206e27bc350,
0x00000206e19e2820, 0x000002069b520d30, 0x00000206e1cd3cc0, 0x00000206e1cd4320,
0x00000206e294bc00, 0x00000206e1afe360, 0x00000206fff31c00, 0x00000206fff32260,
0x000002069b6d3450, 0x000002069b6d20a0, 0x000002069b6d4e90, 0x000002069b6d2730,
0x000002069b6d3ae0, 0x000002069b6d1a10, 0x000002069b6d4170, 0x000002069b6d4800,
0x00000206e51e7990, 0x00000206e51e86b0, 0x00000206e51e6c70, 0x00000206e51e8d40,
0x00000206e51e93d0, 0x00000206e51e7300, 0x00000206e51e9a60, 0x00000206e51ea0f0,
0x00000206e2e5af70, 0x00000206e2e5e3f0, 0x00000206e2e5ea80, 0x00000206e2e5bc90,
0x00000206e2e5d6d0, 0x00000206e2e58810, 0x00000206e2e59530, 0x00000206e2e5c320,
0x00000206e2e5c9b0, 0x00000206e2e59bc0, 0x00000206e2e5a250, 0x00000206e2e5f7a0,
0x00000206e2e5a8e0, 0x00000206e2e5b600, 0x00000206e2e5d040, 0x00000206e2e5dd60,
0x00000206e1ea55e0, 0x00000206e1ea7020, 0x00000206e1ea3ba0, 0x00000206e1ea90f0,
0x00000206e1ea8a60, 0x00000206e1ea4230, 0x00000206e1ea9e10, 0x00000206e1ea76b0,
0x00000206e1ea5c70, 0x00000206e1ea4f50, 0x00000206e1ea83d0, 0x00000206e1eaa4a0,
0x00000206e69f30d0, 0x00000206e69f51a0, 0x00000206e69f4480, 0x00000206e69ef5c0,
0x00000206e69f4b10, 0x00000206e69f02e0, 0x00000206e69f5830, 0x00000206e69f2a40,
0x00000206e69f1690, 0x00000206e623c8a0, 0x00000206e62410d0, 0x00000206e623d5c0,
0x00000206e623dc50, 0x00000206e623e2e0, 0x00000206e6241df0, 0x00000206e623e970,
0x00000206e623f000, 0x00000206e6241760, 0x00000206e6961500, 0x00000206ec417930
}

Java Threads: ( => current thread )
  0x00000206fa7f7060 JavaThread "main"                              [_thread_blocked, id=12896, stack(0x0000006dd6600000,0x0000006dd6700000) (1024K)]
  0x00000206ffea46c0 JavaThread "Reference Handler"          daemon [_thread_blocked, id=2092, stack(0x0000006dd6e00000,0x0000006dd6f00000) (1024K)]
  0x00000206ffea7790 JavaThread "Finalizer"                  daemon [_thread_blocked, id=8072, stack(0x0000006dd6f00000,0x0000006dd7000000) (1024K)]
  0x00000206ffeabe20 JavaThread "Signal Dispatcher"          daemon [_thread_blocked, id=12208, stack(0x0000006dd7000000,0x0000006dd7100000) (1024K)]
  0x00000206ffeac870 JavaThread "Attach Listener"            daemon [_thread_blocked, id=3732, stack(0x0000006dd7100000,0x0000006dd7200000) (1024K)]
  0x00000206ffead2c0 JavaThread "Service Thread"             daemon [_thread_blocked, id=10436, stack(0x0000006dd7200000,0x0000006dd7300000) (1024K)]
  0x00000206ffeadd10 JavaThread "Monitor Deflation Thread"   daemon [_thread_blocked, id=4780, stack(0x0000006dd7300000,0x0000006dd7400000) (1024K)]
  0x00000206ffeaea90 JavaThread "C2 CompilerThread0"         daemon [_thread_in_native, id=8428, stack(0x0000006dd7400000,0x0000006dd7500000) (1024K)]
  0x00000206ffedeb10 JavaThread "C1 CompilerThread0"         daemon [_thread_blocked, id=2904, stack(0x0000006dd7500000,0x0000006dd7600000) (1024K)]
  0x00000206ffe77e80 JavaThread "Common-Cleaner"             daemon [_thread_blocked, id=2524, stack(0x0000006dd7600000,0x0000006dd7700000) (1024K)]
  0x000002069b65fd50 JavaThread "Notification Thread"        daemon [_thread_blocked, id=12068, stack(0x0000006dd7700000,0x0000006dd7800000) (1024K)]
  0x00000206e27bc350 JavaThread "Daemon health stats"               [_thread_blocked, id=12004, stack(0x0000006dd7c00000,0x0000006dd7d00000) (1024K)]
  0x00000206e19e2820 JavaThread "Incoming local TCP Connector on port 55154"        [_thread_in_native, id=10468, stack(0x0000006dd7d00000,0x0000006dd7e00000) (1024K)]
  0x000002069b520d30 JavaThread "Daemon periodic checks"            [_thread_blocked, id=12284, stack(0x0000006dd7800000,0x0000006dd7900000) (1024K)]
  0x00000206e1cd3cc0 JavaThread "Daemon"                            [_thread_blocked, id=11588, stack(0x0000006dd7e00000,0x0000006dd7f00000) (1024K)]
  0x00000206e1cd4320 JavaThread "Handler for socket connection from /127.0.0.1:55154 to /127.0.0.1:55155"        [_thread_in_native, id=12272, stack(0x0000006dd7f00000,0x0000006dd8000000) (1024K)]
  0x00000206e294bc00 JavaThread "Cancel handler"                    [_thread_blocked, id=12828, stack(0x0000006dd8000000,0x0000006dd8100000) (1024K)]
  0x00000206e1afe360 JavaThread "Daemon worker"                     [_thread_in_native, id=10948, stack(0x0000006dd8100000,0x0000006dd8200000) (1024K)]
  0x00000206fff31c00 JavaThread "Asynchronous log dispatcher for DefaultDaemonConnection: socket connection from /127.0.0.1:55154 to /127.0.0.1:55155"        [_thread_blocked, id=12052, stack(0x0000006dd8200000,0x0000006dd8300000) (1024K)]
  0x00000206fff32260 JavaThread "Stdin handler"                     [_thread_blocked, id=11992, stack(0x0000006dd8300000,0x0000006dd8400000) (1024K)]
  0x000002069b6d3450 JavaThread "Daemon client event forwarder"        [_thread_in_Java, id=7308, stack(0x0000006dd8400000,0x0000006dd8500000) (1024K)]
  0x000002069b6d20a0 JavaThread "Cache worker for journal cache (C:\Users\Administrator\.gradle\caches\journal-1)"        [_thread_blocked, id=12580, stack(0x0000006dd8500000,0x0000006dd8600000) (1024K)]
  0x000002069b6d4e90 JavaThread "File lock request listener"        [_thread_in_native, id=10848, stack(0x0000006dd8600000,0x0000006dd8700000) (1024K)]
  0x000002069b6d2730 JavaThread "Cache worker for file hash cache (C:\Users\Administrator\.gradle\caches\8.10\fileHashes)"        [_thread_blocked, id=11024, stack(0x0000006dd8700000,0x0000006dd8800000) (1024K)]
  0x000002069b6d3ae0 JavaThread "Cache worker for file hash cache (D:\flutter_to_do_app\client\android\.gradle\8.10\fileHashes)"        [_thread_blocked, id=12572, stack(0x0000006dd8900000,0x0000006dd8a00000) (1024K)]
  0x000002069b6d1a10 JavaThread "Cache worker for Build Output Cleanup Cache (D:\flutter_to_do_app\client\android\.gradle\buildOutputCleanup)"        [_thread_blocked, id=12000, stack(0x0000006dd8a00000,0x0000006dd8b00000) (1024K)]
  0x000002069b6d4170 JavaThread "File watcher server"        daemon [_thread_in_native, id=8060, stack(0x0000006dd8b00000,0x0000006dd8c00000) (1024K)]
  0x000002069b6d4800 JavaThread "File watcher consumer"      daemon [_thread_blocked, id=5464, stack(0x0000006dd8c00000,0x0000006dd8d00000) (1024K)]
  0x00000206e51e7990 JavaThread "jar transforms"                    [_thread_blocked, id=5968, stack(0x0000006dd8d00000,0x0000006dd8e00000) (1024K)]
  0x00000206e51e86b0 JavaThread "jar transforms Thread 2"           [_thread_blocked, id=13280, stack(0x0000006dd8e00000,0x0000006dd8f00000) (1024K)]
  0x00000206e51e6c70 JavaThread "jar transforms Thread 3"           [_thread_blocked, id=12292, stack(0x0000006dd8f00000,0x0000006dd9000000) (1024K)]
  0x00000206e51e8d40 JavaThread "Cache worker for checksums cache (D:\flutter_to_do_app\client\android\.gradle\8.10\checksums)"        [_thread_blocked, id=3680, stack(0x0000006dd9000000,0x0000006dd9100000) (1024K)]
  0x00000206e51e93d0 JavaThread "Cache worker for file content cache (C:\Users\Administrator\.gradle\caches\8.10\fileContent)"        [_thread_blocked, id=5956, stack(0x0000006dd8800000,0x0000006dd8900000) (1024K)]
  0x00000206e51e7300 JavaThread "Cache worker for cache directory md-rule (C:\Users\Administrator\.gradle\caches\8.10\md-rule)"        [_thread_blocked, id=12476, stack(0x0000006dd9100000,0x0000006dd9200000) (1024K)]
  0x00000206e51e9a60 JavaThread "Cache worker for cache directory md-supplier (C:\Users\Administrator\.gradle\caches\8.10\md-supplier)"        [_thread_blocked, id=32, stack(0x0000006dd9200000,0x0000006dd9300000) (1024K)]
  0x00000206e51ea0f0 JavaThread "jar transforms Thread 4"           [_thread_blocked, id=1388, stack(0x0000006dd9300000,0x0000006dd9400000) (1024K)]
  0x00000206e2e5af70 JavaThread "Cache worker for Build Output Cleanup Cache (C:\flutter\packages\flutter_tools\gradle\.gradle\buildOutputCleanup)"        [_thread_blocked, id=3424, stack(0x0000006dd9400000,0x0000006dd9500000) (1024K)]
  0x00000206e2e5e3f0 JavaThread "Memory manager"                    [_thread_blocked, id=5880, stack(0x0000006dd9600000,0x0000006dd9700000) (1024K)]
  0x00000206e2e5ea80 JavaThread "included builds"                   [_thread_blocked, id=13188, stack(0x0000006dd9700000,0x0000006dd9800000) (1024K)]
  0x00000206e2e5bc90 JavaThread "Execution worker"                  [_thread_blocked, id=10104, stack(0x0000006dd9800000,0x0000006dd9900000) (1024K)]
  0x00000206e2e5d6d0 JavaThread "Execution worker Thread 2"         [_thread_blocked, id=11996, stack(0x0000006dd9900000,0x0000006dd9a00000) (1024K)]
  0x00000206e2e58810 JavaThread "Execution worker Thread 3"         [_thread_blocked, id=10808, stack(0x0000006dd9a00000,0x0000006dd9b00000) (1024K)]
  0x00000206e2e59530 JavaThread "Cache worker for execution history cache (C:\flutter\packages\flutter_tools\gradle\.gradle\8.10\executionHistory)"        [_thread_blocked, id=1416, stack(0x0000006dd9b00000,0x0000006dd9c00000) (1024K)]
  0x00000206e2e5c320 JavaThread "Unconstrained build operations"        [_thread_blocked, id=2900, stack(0x0000006dd9c00000,0x0000006dd9d00000) (1024K)]
  0x00000206e2e5c9b0 JavaThread "Unconstrained build operations Thread 2"        [_thread_in_native, id=9728, stack(0x0000006dd9d00000,0x0000006dd9e00000) (1024K)]
  0x00000206e2e59bc0 JavaThread "Unconstrained build operations Thread 3"        [_thread_blocked, id=10868, stack(0x0000006dd9e00000,0x0000006dd9f00000) (1024K)]
  0x00000206e2e5a250 JavaThread "Unconstrained build operations Thread 4"        [_thread_blocked, id=4168, stack(0x0000006dd9f00000,0x0000006dda000000) (1024K)]
  0x00000206e2e5f7a0 JavaThread "Unconstrained build operations Thread 5"        [_thread_blocked, id=5632, stack(0x0000006dda000000,0x0000006dda100000) (1024K)]
  0x00000206e2e5a8e0 JavaThread "Unconstrained build operations Thread 6"        [_thread_in_native, id=10016, stack(0x0000006dda100000,0x0000006dda200000) (1024K)]
  0x00000206e2e5b600 JavaThread "Unconstrained build operations Thread 7"        [_thread_blocked, id=3096, stack(0x0000006dda200000,0x0000006dda300000) (1024K)]
  0x00000206e2e5d040 JavaThread "Unconstrained build operations Thread 8"        [_thread_blocked, id=10816, stack(0x0000006dda300000,0x0000006dda400000) (1024K)]
  0x00000206e2e5dd60 JavaThread "Unconstrained build operations Thread 9"        [_thread_blocked, id=4028, stack(0x0000006dda400000,0x0000006dda500000) (1024K)]
  0x00000206e1ea55e0 JavaThread "Unconstrained build operations Thread 10"        [_thread_blocked, id=12772, stack(0x0000006dd9500000,0x0000006dd9600000) (1024K)]
  0x00000206e1ea7020 JavaThread "Unconstrained build operations Thread 11"        [_thread_blocked, id=12056, stack(0x0000006dda500000,0x0000006dda600000) (1024K)]
  0x00000206e1ea3ba0 JavaThread "Unconstrained build operations Thread 12"        [_thread_blocked, id=7112, stack(0x0000006dda600000,0x0000006dda700000) (1024K)]
  0x00000206e1ea90f0 JavaThread "Unconstrained build operations Thread 13"        [_thread_blocked, id=8560, stack(0x0000006dda800000,0x0000006dda900000) (1024K)]
  0x00000206e1ea8a60 JavaThread "Unconstrained build operations Thread 14"        [_thread_blocked, id=10164, stack(0x0000006dda900000,0x0000006ddaa00000) (1024K)]
  0x00000206e1ea4230 JavaThread "Unconstrained build operations Thread 15"        [_thread_blocked, id=8232, stack(0x0000006ddaa00000,0x0000006ddab00000) (1024K)]
  0x00000206e1ea9e10 JavaThread "Unconstrained build operations Thread 16"        [_thread_blocked, id=9604, stack(0x0000006dda700000,0x0000006dda800000) (1024K)]
  0x00000206e1ea76b0 JavaThread "Unconstrained build operations Thread 17"        [_thread_blocked, id=11816, stack(0x0000006ddab00000,0x0000006ddac00000) (1024K)]
  0x00000206e1ea5c70 JavaThread "Unconstrained build operations Thread 18"        [_thread_blocked, id=4212, stack(0x0000006ddac00000,0x0000006ddad00000) (1024K)]
  0x00000206e1ea4f50 JavaThread "Unconstrained build operations Thread 19"        [_thread_blocked, id=3028, stack(0x0000006ddae00000,0x0000006ddaf00000) (1024K)]
  0x00000206e1ea83d0 JavaThread "Unconstrained build operations Thread 20"        [_thread_blocked, id=9480, stack(0x0000006ddaf00000,0x0000006ddb000000) (1024K)]
  0x00000206e1eaa4a0 JavaThread "Unconstrained build operations Thread 21"        [_thread_blocked, id=7372, stack(0x0000006ddb000000,0x0000006ddb100000) (1024K)]
  0x00000206e69f30d0 JavaThread "Unconstrained build operations Thread 22"        [_thread_blocked, id=10352, stack(0x0000006ddad00000,0x0000006ddae00000) (1024K)]
  0x00000206e69f51a0 JavaThread "Unconstrained build operations Thread 23"        [_thread_blocked, id=4296, stack(0x0000006ddb100000,0x0000006ddb200000) (1024K)]
  0x00000206e69f4480 JavaThread "Unconstrained build operations Thread 24"        [_thread_blocked, id=7028, stack(0x0000006ddb200000,0x0000006ddb300000) (1024K)]
  0x00000206e69ef5c0 JavaThread "Unconstrained build operations Thread 25"        [_thread_blocked, id=5576, stack(0x0000006ddb300000,0x0000006ddb400000) (1024K)]
  0x00000206e69f4b10 JavaThread "Unconstrained build operations Thread 26"        [_thread_blocked, id=12708, stack(0x0000006ddb400000,0x0000006ddb500000) (1024K)]
  0x00000206e69f02e0 JavaThread "Unconstrained build operations Thread 27"        [_thread_blocked, id=2636, stack(0x0000006ddb500000,0x0000006ddb600000) (1024K)]
  0x00000206e69f5830 JavaThread "Unconstrained build operations Thread 28"        [_thread_blocked, id=10100, stack(0x0000006ddb600000,0x0000006ddb700000) (1024K)]
  0x00000206e69f2a40 JavaThread "Unconstrained build operations Thread 29"        [_thread_blocked, id=10572, stack(0x0000006ddb700000,0x0000006ddb800000) (1024K)]
  0x00000206e69f1690 JavaThread "Unconstrained build operations Thread 30"        [_thread_blocked, id=9720, stack(0x0000006ddb800000,0x0000006ddb900000) (1024K)]
  0x00000206e623c8a0 JavaThread "Unconstrained build operations Thread 31"        [_thread_blocked, id=8804, stack(0x0000006dd6500000,0x0000006dd6600000) (1024K)]
  0x00000206e62410d0 JavaThread "Unconstrained build operations Thread 32"        [_thread_blocked, id=12768, stack(0x0000006ddb900000,0x0000006ddba00000) (1024K)]
  0x00000206e623d5c0 JavaThread "Unconstrained build operations Thread 33"        [_thread_blocked, id=13184, stack(0x0000006ddba00000,0x0000006ddbb00000) (1024K)]
  0x00000206e623dc50 JavaThread "Unconstrained build operations Thread 34"        [_thread_blocked, id=10592, stack(0x0000006ddbb00000,0x0000006ddbc00000) (1024K)]
  0x00000206e623e2e0 JavaThread "Unconstrained build operations Thread 35"        [_thread_blocked, id=10144, stack(0x0000006ddbc00000,0x0000006ddbd00000) (1024K)]
  0x00000206e6241df0 JavaThread "Unconstrained build operations Thread 36"        [_thread_blocked, id=5200, stack(0x0000006ddbd00000,0x0000006ddbe00000) (1024K)]
  0x00000206e623e970 JavaThread "Unconstrained build operations Thread 37"        [_thread_blocked, id=11020, stack(0x0000006ddbe00000,0x0000006ddbf00000) (1024K)]
  0x00000206e623f000 JavaThread "Unconstrained build operations Thread 38"        [_thread_blocked, id=13172, stack(0x0000006ddbf00000,0x0000006ddc000000) (1024K)]
  0x00000206e6241760 JavaThread "Unconstrained build operations Thread 39"        [_thread_blocked, id=12600, stack(0x0000006ddc000000,0x0000006ddc100000) (1024K)]
=>0x00000206e6961500 JavaThread "C2 CompilerThread1"         daemon [_thread_in_native, id=8480, stack(0x0000006dd6400000,0x0000006dd6500000) (1024K)]
  0x00000206ec417930 JavaThread "Unconstrained build operations Thread 40"        [_thread_blocked, id=2768, stack(0x0000006ddc100000,0x0000006ddc200000) (1024K)]
Total: 84

Other Threads:
  0x00000206ffe8e280 VMThread "VM Thread"                           [id=8796, stack(0x0000006dd6d00000,0x0000006dd6e00000) (1024K)]
  0x00000206ffe772e0 WatcherThread "VM Periodic Task Thread"        [id=1732, stack(0x0000006dd6c00000,0x0000006dd6d00000) (1024K)]
  0x00000206fc9ab9b0 WorkerThread "GC Thread#0"                     [id=8036, stack(0x0000006dd6700000,0x0000006dd6800000) (1024K)]
  0x000002069b71b480 WorkerThread "GC Thread#1"                     [id=1160, stack(0x0000006dd7900000,0x0000006dd7a00000) (1024K)]
  0x000002069b79dcf0 WorkerThread "GC Thread#2"                     [id=8196, stack(0x0000006dd7a00000,0x0000006dd7b00000) (1024K)]
  0x00000206e1766d00 WorkerThread "GC Thread#3"                     [id=12576, stack(0x0000006dd7b00000,0x0000006dd7c00000) (1024K)]
  0x00000206fc9bc8a0 ConcurrentGCThread "G1 Main Marker"            [id=10624, stack(0x0000006dd6800000,0x0000006dd6900000) (1024K)]
  0x00000206fc9bd2b0 WorkerThread "G1 Conc#0"                       [id=10204, stack(0x0000006dd6900000,0x0000006dd6a00000) (1024K)]
  0x00000206ffd510a0 ConcurrentGCThread "G1 Refine#0"               [id=6112, stack(0x0000006dd6a00000,0x0000006dd6b00000) (1024K)]
  0x00000206ffd51b20 ConcurrentGCThread "G1 Service"                [id=10236, stack(0x0000006dd6b00000,0x0000006dd6c00000) (1024K)]
Total: 10

Threads with active compile tasks:
C2 CompilerThread0    64888 14002       4       org.gradle.internal.execution.steps.IdentifyStep::executeDeferred (18 bytes)
C2 CompilerThread1    64888 14000       4       org.gradle.api.internal.artifacts.transform.DefaultTransformInvocationFactory::createInvocation (273 bytes)
Total: 2

VM state: not at safepoint (normal execution)

VM Mutex/Monitor currently owned by a thread: None

Heap address: 0x0000000700000000, size: 4096 MB, Compressed Oops mode: Zero based, Oop shift amount: 3

CDS archive(s) mapped at: [0x000002069c000000-0x000002069cc90000-0x000002069cc90000), size 13172736, SharedBaseAddress: 0x000002069c000000, ArchiveRelocationMode: 1.
Compressed class space mapped at: 0x000002069d000000-0x00000206dd000000, reserved size: 1073741824
Narrow klass base: 0x000002069c000000, Narrow klass shift: 0, Narrow klass range: 0x100000000

GC Precious Log:
 CardTable entry size: 512
 Card Set container configuration: InlinePtr #cards 4 size 8 Array Of Cards #cards 16 size 48 Howl #buckets 8 coarsen threshold 3686 Howl Bitmap #cards 512 size 80 coarsen threshold 460 Card regions per heap region 1 cards per card region 4096
 CPUs: 4 total, 4 available
 Memory: 8076M
 Large Page Support: Disabled
 NUMA Support: Disabled
 Compressed Oops: Enabled (Zero based)
 Heap Region Size: 2M
 Heap Min Capacity: 8M
 Heap Initial Capacity: 128M
 Heap Max Capacity: 4G
 Pre-touch: Disabled
 Parallel Workers: 4
 Concurrent Workers: 1
 Concurrent Refinement Workers: 4
 Periodic GC: Disabled

Heap:
 garbage-first heap   total 294912K, used 241406K [0x0000000700000000, 0x0000000800000000)
  region size 2048K, 44 young (90112K), 4 survivors (8192K)
 Metaspace       used 95765K, committed 98304K, reserved 1179648K
  class space    used 13429K, committed 14656K, reserved 1048576K

Heap Regions: E=young(eden), S=young(survivor), O=old, HS=humongous(starts), HC=humongous(continues), CS=collection set, F=free, TAMS=top-at-mark-start, PB=parsable bottom
|   0|0x0000000700000000, 0x0000000700200000, 0x0000000700200000|100%|HS|  |TAMS 0x0000000700000000| PB 0x0000000700000000| Complete 
|   1|0x0000000700200000, 0x0000000700400000, 0x0000000700400000|100%|HC|  |TAMS 0x0000000700200000| PB 0x0000000700200000| Complete 
|   2|0x0000000700400000, 0x0000000700600000, 0x0000000700600000|100%| O|  |TAMS 0x0000000700400000| PB 0x0000000700400000| Untracked 
|   3|0x0000000700600000, 0x0000000700800000, 0x0000000700800000|100%| O|  |TAMS 0x0000000700600000| PB 0x0000000700600000| Untracked 
|   4|0x0000000700800000, 0x0000000700a00000, 0x0000000700a00000|100%| O|  |TAMS 0x0000000700800000| PB 0x0000000700800000| Untracked 
|   5|0x0000000700a00000, 0x0000000700c00000, 0x0000000700c00000|100%| O|  |TAMS 0x0000000700a00000| PB 0x0000000700a00000| Untracked 
|   6|0x0000000700c00000, 0x0000000700e00000, 0x0000000700e00000|100%| O|  |TAMS 0x0000000700c00000| PB 0x0000000700c00000| Untracked 
|   7|0x0000000700e00000, 0x0000000701000000, 0x0000000701000000|100%| O|  |TAMS 0x0000000700e00000| PB 0x0000000700e00000| Untracked 
|   8|0x0000000701000000, 0x0000000701200000, 0x0000000701200000|100%| O|  |TAMS 0x0000000701000000| PB 0x0000000701000000| Untracked 
|   9|0x0000000701200000, 0x0000000701400000, 0x0000000701400000|100%| O|  |TAMS 0x0000000701200000| PB 0x0000000701200000| Untracked 
|  10|0x0000000701400000, 0x0000000701600000, 0x0000000701600000|100%| O|  |TAMS 0x0000000701400000| PB 0x0000000701400000| Untracked 
|  11|0x0000000701600000, 0x0000000701800000, 0x0000000701800000|100%| O|  |TAMS 0x0000000701600000| PB 0x0000000701600000| Untracked 
|  12|0x0000000701800000, 0x0000000701a00000, 0x0000000701a00000|100%| O|  |TAMS 0x0000000701800000| PB 0x0000000701800000| Untracked 
|  13|0x0000000701a00000, 0x0000000701c00000, 0x0000000701c00000|100%| O|  |TAMS 0x0000000701a00000| PB 0x0000000701a00000| Untracked 
|  14|0x0000000701c00000, 0x0000000701e00000, 0x0000000701e00000|100%| O|  |TAMS 0x0000000701c00000| PB 0x0000000701c00000| Untracked 
|  15|0x0000000701e00000, 0x0000000702000000, 0x0000000702000000|100%| O|  |TAMS 0x0000000701e00000| PB 0x0000000701e00000| Untracked 
|  16|0x0000000702000000, 0x0000000702200000, 0x0000000702200000|100%| O|  |TAMS 0x0000000702000000| PB 0x0000000702000000| Untracked 
|  17|0x0000000702200000, 0x0000000702400000, 0x0000000702400000|100%| O|  |TAMS 0x0000000702200000| PB 0x0000000702200000| Untracked 
|  18|0x0000000702400000, 0x0000000702600000, 0x0000000702600000|100%| O|  |TAMS 0x0000000702400000| PB 0x0000000702400000| Untracked 
|  19|0x0000000702600000, 0x0000000702800000, 0x0000000702800000|100%| O|  |TAMS 0x0000000702600000| PB 0x0000000702600000| Untracked 
|  20|0x0000000702800000, 0x0000000702a00000, 0x0000000702a00000|100%| O|  |TAMS 0x0000000702800000| PB 0x0000000702800000| Untracked 
|  21|0x0000000702a00000, 0x0000000702c00000, 0x0000000702c00000|100%| O|  |TAMS 0x0000000702a00000| PB 0x0000000702a00000| Untracked 
|  22|0x0000000702c00000, 0x0000000702e00000, 0x0000000702e00000|100%| O|  |TAMS 0x0000000702c00000| PB 0x0000000702c00000| Untracked 
|  23|0x0000000702e00000, 0x0000000703000000, 0x0000000703000000|100%| O|  |TAMS 0x0000000702e00000| PB 0x0000000702e00000| Untracked 
|  24|0x0000000703000000, 0x0000000703200000, 0x0000000703200000|100%| O|  |TAMS 0x0000000703000000| PB 0x0000000703000000| Untracked 
|  25|0x0000000703200000, 0x0000000703400000, 0x0000000703400000|100%| O|Cm|TAMS 0x0000000703200000| PB 0x0000000703200000| Complete 
|  26|0x0000000703400000, 0x0000000703600000, 0x0000000703600000|100%| O|  |TAMS 0x0000000703400000| PB 0x0000000703400000| Untracked 
|  27|0x0000000703600000, 0x0000000703800000, 0x0000000703800000|100%| O|  |TAMS 0x0000000703600000| PB 0x0000000703600000| Untracked 
|  28|0x0000000703800000, 0x0000000703a00000, 0x0000000703a00000|100%| O|  |TAMS 0x0000000703800000| PB 0x0000000703800000| Untracked 
|  29|0x0000000703a00000, 0x0000000703c00000, 0x0000000703c00000|100%| O|Cm|TAMS 0x0000000703a00000| PB 0x0000000703a00000| Complete 
|  30|0x0000000703c00000, 0x0000000703e00000, 0x0000000703e00000|100%| O|  |TAMS 0x0000000703c00000| PB 0x0000000703c00000| Untracked 
|  31|0x0000000703e00000, 0x0000000704000000, 0x0000000704000000|100%|HS|  |TAMS 0x0000000703e00000| PB 0x0000000703e00000| Complete 
|  32|0x0000000704000000, 0x0000000704200000, 0x0000000704200000|100%|HS|  |TAMS 0x0000000704000000| PB 0x0000000704000000| Complete 
|  33|0x0000000704200000, 0x0000000704400000, 0x0000000704400000|100%|HC|  |TAMS 0x0000000704200000| PB 0x0000000704200000| Complete 
|  34|0x0000000704400000, 0x0000000704600000, 0x0000000704600000|100%| O|  |TAMS 0x0000000704400000| PB 0x0000000704400000| Untracked 
|  35|0x0000000704600000, 0x0000000704800000, 0x0000000704800000|100%| O|  |TAMS 0x0000000704600000| PB 0x0000000704600000| Untracked 
|  36|0x0000000704800000, 0x0000000704a00000, 0x0000000704a00000|100%| O|  |TAMS 0x0000000704800000| PB 0x0000000704800000| Untracked 
|  37|0x0000000704a00000, 0x0000000704c00000, 0x0000000704c00000|100%| O|  |TAMS 0x0000000704a00000| PB 0x0000000704a00000| Untracked 
|  38|0x0000000704c00000, 0x0000000704e00000, 0x0000000704e00000|100%|HS|  |TAMS 0x0000000704c00000| PB 0x0000000704c00000| Complete 
|  39|0x0000000704e00000, 0x0000000705000000, 0x0000000705000000|100%| O|  |TAMS 0x0000000704e00000| PB 0x0000000704e00000| Untracked 
|  40|0x0000000705000000, 0x0000000705200000, 0x0000000705200000|100%| O|  |TAMS 0x0000000705000000| PB 0x0000000705000000| Untracked 
|  41|0x0000000705200000, 0x0000000705400000, 0x0000000705400000|100%| O|  |TAMS 0x0000000705200000| PB 0x0000000705200000| Untracked 
|  42|0x0000000705400000, 0x0000000705600000, 0x0000000705600000|100%| O|  |TAMS 0x0000000705400000| PB 0x0000000705400000| Untracked 
|  43|0x0000000705600000, 0x0000000705800000, 0x0000000705800000|100%| O|  |TAMS 0x0000000705600000| PB 0x0000000705600000| Untracked 
|  44|0x0000000705800000, 0x0000000705a00000, 0x0000000705a00000|100%|HS|  |TAMS 0x0000000705800000| PB 0x0000000705800000| Complete 
|  45|0x0000000705a00000, 0x0000000705c00000, 0x0000000705c00000|100%|HC|  |TAMS 0x0000000705a00000| PB 0x0000000705a00000| Complete 
|  46|0x0000000705c00000, 0x0000000705e00000, 0x0000000705e00000|100%|HS|  |TAMS 0x0000000705c00000| PB 0x0000000705c00000| Complete 
|  47|0x0000000705e00000, 0x0000000706000000, 0x0000000706000000|100%|HC|  |TAMS 0x0000000705e00000| PB 0x0000000705e00000| Complete 
|  48|0x0000000706000000, 0x0000000706200000, 0x0000000706200000|100%|HS|  |TAMS 0x0000000706000000| PB 0x0000000706000000| Complete 
|  49|0x0000000706200000, 0x0000000706400000, 0x0000000706400000|100%| O|  |TAMS 0x0000000706200000| PB 0x0000000706200000| Untracked 
|  50|0x0000000706400000, 0x0000000706600000, 0x0000000706600000|100%| O|  |TAMS 0x0000000706400000| PB 0x0000000706400000| Untracked 
|  51|0x0000000706600000, 0x0000000706800000, 0x0000000706800000|100%| O|  |TAMS 0x0000000706600000| PB 0x0000000706600000| Untracked 
|  52|0x0000000706800000, 0x0000000706a00000, 0x0000000706a00000|100%| O|  |TAMS 0x0000000706800000| PB 0x0000000706800000| Untracked 
|  53|0x0000000706a00000, 0x0000000706c00000, 0x0000000706c00000|100%| O|  |TAMS 0x0000000706a00000| PB 0x0000000706a00000| Untracked 
|  54|0x0000000706c00000, 0x0000000706e00000, 0x0000000706e00000|100%| O|  |TAMS 0x0000000706c00000| PB 0x0000000706c00000| Untracked 
|  55|0x0000000706e00000, 0x0000000707000000, 0x0000000707000000|100%| O|  |TAMS 0x0000000706e00000| PB 0x0000000706e00000| Untracked 
|  56|0x0000000707000000, 0x0000000707200000, 0x0000000707200000|100%| O|  |TAMS 0x0000000707000000| PB 0x0000000707000000| Untracked 
|  57|0x0000000707200000, 0x0000000707400000, 0x0000000707400000|100%| O|  |TAMS 0x0000000707200000| PB 0x0000000707200000| Untracked 
|  58|0x0000000707400000, 0x0000000707600000, 0x0000000707600000|100%| O|  |TAMS 0x0000000707400000| PB 0x0000000707400000| Untracked 
|  59|0x0000000707600000, 0x0000000707800000, 0x0000000707800000|100%| O|  |TAMS 0x0000000707600000| PB 0x0000000707600000| Untracked 
|  60|0x0000000707800000, 0x0000000707a00000, 0x0000000707a00000|100%| O|  |TAMS 0x0000000707800000| PB 0x0000000707800000| Untracked 
|  61|0x0000000707a00000, 0x0000000707c00000, 0x0000000707c00000|100%| O|  |TAMS 0x0000000707a00000| PB 0x0000000707a00000| Untracked 
|  62|0x0000000707c00000, 0x0000000707e00000, 0x0000000707e00000|100%|HS|  |TAMS 0x0000000707c00000| PB 0x0000000707c00000| Complete 
|  63|0x0000000707e00000, 0x0000000707e00000, 0x0000000708000000|  0%| F|  |TAMS 0x0000000707e00000| PB 0x0000000707e00000| Untracked 
|  64|0x0000000708000000, 0x0000000708200000, 0x0000000708200000|100%| O|  |TAMS 0x0000000708000000| PB 0x0000000708000000| Untracked 
|  65|0x0000000708200000, 0x0000000708400000, 0x0000000708400000|100%| O|Cm|TAMS 0x0000000708200000| PB 0x0000000708200000| Complete 
|  66|0x0000000708400000, 0x0000000708600000, 0x0000000708600000|100%| O|  |TAMS 0x0000000708400000| PB 0x0000000708400000| Untracked 
|  67|0x0000000708600000, 0x0000000708800000, 0x0000000708800000|100%| O|  |TAMS 0x0000000708600000| PB 0x0000000708600000| Untracked 
|  68|0x0000000708800000, 0x0000000708a00000, 0x0000000708a00000|100%| O|  |TAMS 0x0000000708800000| PB 0x0000000708800000| Untracked 
|  69|0x0000000708a00000, 0x0000000708c00000, 0x0000000708c00000|100%| O|  |TAMS 0x0000000708a00000| PB 0x0000000708a00000| Untracked 
|  70|0x0000000708c00000, 0x0000000708e00000, 0x0000000708e00000|100%| O|  |TAMS 0x0000000708c00000| PB 0x0000000708c00000| Untracked 
|  71|0x0000000708e00000, 0x0000000708e00000, 0x0000000709000000|  0%| F|  |TAMS 0x0000000708e00000| PB 0x0000000708e00000| Untracked 
|  72|0x0000000709000000, 0x0000000709000000, 0x0000000709200000|  0%| F|  |TAMS 0x0000000709000000| PB 0x0000000709000000| Untracked 
|  73|0x0000000709200000, 0x0000000709200000, 0x0000000709400000|  0%| F|  |TAMS 0x0000000709200000| PB 0x0000000709200000| Untracked 
|  74|0x0000000709400000, 0x0000000709600000, 0x0000000709600000|100%| O|  |TAMS 0x0000000709400000| PB 0x0000000709400000| Untracked 
|  75|0x0000000709600000, 0x0000000709800000, 0x0000000709800000|100%| O|  |TAMS 0x0000000709600000| PB 0x0000000709600000| Untracked 
|  76|0x0000000709800000, 0x0000000709a00000, 0x0000000709a00000|100%| O|  |TAMS 0x0000000709800000| PB 0x0000000709800000| Untracked 
|  77|0x0000000709a00000, 0x0000000709bbfa90, 0x0000000709c00000| 87%| O|  |TAMS 0x0000000709a00000| PB 0x0000000709a00000| Untracked 
|  78|0x0000000709c00000, 0x0000000709c00000, 0x0000000709e00000|  0%| F|  |TAMS 0x0000000709c00000| PB 0x0000000709c00000| Untracked 
|  79|0x0000000709e00000, 0x0000000709e00000, 0x000000070a000000|  0%| F|  |TAMS 0x0000000709e00000| PB 0x0000000709e00000| Untracked 
|  80|0x000000070a000000, 0x000000070a000000, 0x000000070a200000|  0%| F|  |TAMS 0x000000070a000000| PB 0x000000070a000000| Untracked 
|  81|0x000000070a200000, 0x000000070a200000, 0x000000070a400000|  0%| F|  |TAMS 0x000000070a200000| PB 0x000000070a200000| Untracked 
|  82|0x000000070a400000, 0x000000070a400000, 0x000000070a600000|  0%| F|  |TAMS 0x000000070a400000| PB 0x000000070a400000| Untracked 
|  83|0x000000070a600000, 0x000000070a600000, 0x000000070a800000|  0%| F|  |TAMS 0x000000070a600000| PB 0x000000070a600000| Untracked 
|  84|0x000000070a800000, 0x000000070a800000, 0x000000070aa00000|  0%| F|  |TAMS 0x000000070a800000| PB 0x000000070a800000| Untracked 
|  85|0x000000070aa00000, 0x000000070aa00000, 0x000000070ac00000|  0%| F|  |TAMS 0x000000070aa00000| PB 0x000000070aa00000| Untracked 
|  86|0x000000070ac00000, 0x000000070ac00000, 0x000000070ae00000|  0%| F|  |TAMS 0x000000070ac00000| PB 0x000000070ac00000| Untracked 
|  87|0x000000070ae00000, 0x000000070ae00000, 0x000000070b000000|  0%| F|  |TAMS 0x000000070ae00000| PB 0x000000070ae00000| Untracked 
|  88|0x000000070b000000, 0x000000070b000000, 0x000000070b200000|  0%| F|  |TAMS 0x000000070b000000| PB 0x000000070b000000| Untracked 
|  89|0x000000070b200000, 0x000000070b200000, 0x000000070b400000|  0%| F|  |TAMS 0x000000070b200000| PB 0x000000070b200000| Untracked 
|  90|0x000000070b400000, 0x000000070b400000, 0x000000070b600000|  0%| F|  |TAMS 0x000000070b400000| PB 0x000000070b400000| Untracked 
|  91|0x000000070b600000, 0x000000070b600000, 0x000000070b800000|  0%| F|  |TAMS 0x000000070b600000| PB 0x000000070b600000| Untracked 
|  92|0x000000070b800000, 0x000000070b800000, 0x000000070ba00000|  0%| F|  |TAMS 0x000000070b800000| PB 0x000000070b800000| Untracked 
|  93|0x000000070ba00000, 0x000000070ba00000, 0x000000070bc00000|  0%| F|  |TAMS 0x000000070ba00000| PB 0x000000070ba00000| Untracked 
|  94|0x000000070bc00000, 0x000000070bc00000, 0x000000070be00000|  0%| F|  |TAMS 0x000000070bc00000| PB 0x000000070bc00000| Untracked 
|  95|0x000000070be00000, 0x000000070be00000, 0x000000070c000000|  0%| F|  |TAMS 0x000000070be00000| PB 0x000000070be00000| Untracked 
|  96|0x000000070c000000, 0x000000070c000000, 0x000000070c200000|  0%| F|  |TAMS 0x000000070c000000| PB 0x000000070c000000| Untracked 
|  97|0x000000070c200000, 0x000000070c200000, 0x000000070c400000|  0%| F|  |TAMS 0x000000070c200000| PB 0x000000070c200000| Untracked 
|  98|0x000000070c400000, 0x000000070c469cd0, 0x000000070c600000| 20%| E|  |TAMS 0x000000070c400000| PB 0x000000070c400000| Complete 
|  99|0x000000070c600000, 0x000000070c800000, 0x000000070c800000|100%| E|CS|TAMS 0x000000070c600000| PB 0x000000070c600000| Complete 
| 100|0x000000070c800000, 0x000000070ca00000, 0x000000070ca00000|100%| E|CS|TAMS 0x000000070c800000| PB 0x000000070c800000| Complete 
| 101|0x000000070ca00000, 0x000000070cc00000, 0x000000070cc00000|100%| E|CS|TAMS 0x000000070ca00000| PB 0x000000070ca00000| Complete 
| 102|0x000000070cc00000, 0x000000070ce00000, 0x000000070ce00000|100%| E|CS|TAMS 0x000000070cc00000| PB 0x000000070cc00000| Complete 
| 103|0x000000070ce00000, 0x000000070d000000, 0x000000070d000000|100%| E|CS|TAMS 0x000000070ce00000| PB 0x000000070ce00000| Complete 
| 104|0x000000070d000000, 0x000000070d200000, 0x000000070d200000|100%| E|CS|TAMS 0x000000070d000000| PB 0x000000070d000000| Complete 
| 105|0x000000070d200000, 0x000000070d400000, 0x000000070d400000|100%| E|CS|TAMS 0x000000070d200000| PB 0x000000070d200000| Complete 
| 106|0x000000070d400000, 0x000000070d600000, 0x000000070d600000|100%| E|CS|TAMS 0x000000070d400000| PB 0x000000070d400000| Complete 
| 107|0x000000070d600000, 0x000000070d800000, 0x000000070d800000|100%| E|CS|TAMS 0x000000070d600000| PB 0x000000070d600000| Complete 
| 108|0x000000070d800000, 0x000000070da00000, 0x000000070da00000|100%| E|CS|TAMS 0x000000070d800000| PB 0x000000070d800000| Complete 
| 109|0x000000070da00000, 0x000000070dc00000, 0x000000070dc00000|100%| E|CS|TAMS 0x000000070da00000| PB 0x000000070da00000| Complete 
| 110|0x000000070dc00000, 0x000000070de00000, 0x000000070de00000|100%| E|CS|TAMS 0x000000070dc00000| PB 0x000000070dc00000| Complete 
| 111|0x000000070de00000, 0x000000070e000000, 0x000000070e000000|100%| E|CS|TAMS 0x000000070de00000| PB 0x000000070de00000| Complete 
| 112|0x000000070e000000, 0x000000070e200000, 0x000000070e200000|100%| E|CS|TAMS 0x000000070e000000| PB 0x000000070e000000| Complete 
| 113|0x000000070e200000, 0x000000070e400000, 0x000000070e400000|100%| E|CS|TAMS 0x000000070e200000| PB 0x000000070e200000| Complete 
| 114|0x000000070e400000, 0x000000070e600000, 0x000000070e600000|100%| E|CS|TAMS 0x000000070e400000| PB 0x000000070e400000| Complete 
| 115|0x000000070e600000, 0x000000070e800000, 0x000000070e800000|100%| E|CS|TAMS 0x000000070e600000| PB 0x000000070e600000| Complete 
| 116|0x000000070e800000, 0x000000070ea00000, 0x000000070ea00000|100%| E|CS|TAMS 0x000000070e800000| PB 0x000000070e800000| Complete 
| 117|0x000000070ea00000, 0x000000070ec00000, 0x000000070ec00000|100%| E|CS|TAMS 0x000000070ea00000| PB 0x000000070ea00000| Complete 
| 118|0x000000070ec00000, 0x000000070ee00000, 0x000000070ee00000|100%| S|CS|TAMS 0x000000070ec00000| PB 0x000000070ec00000| Complete 
| 119|0x000000070ee00000, 0x000000070f000000, 0x000000070f000000|100%| S|CS|TAMS 0x000000070ee00000| PB 0x000000070ee00000| Complete 
| 120|0x000000070f000000, 0x000000070f200000, 0x000000070f200000|100%| S|CS|TAMS 0x000000070f000000| PB 0x000000070f000000| Complete 
| 121|0x000000070f200000, 0x000000070f400000, 0x000000070f400000|100%| S|CS|TAMS 0x000000070f200000| PB 0x000000070f200000| Complete 
| 122|0x000000070f400000, 0x000000070f600000, 0x000000070f600000|100%| E|CS|TAMS 0x000000070f400000| PB 0x000000070f400000| Complete 
| 123|0x000000070f600000, 0x000000070f800000, 0x000000070f800000|100%| E|CS|TAMS 0x000000070f600000| PB 0x000000070f600000| Complete 
| 124|0x000000070f800000, 0x000000070fa00000, 0x000000070fa00000|100%| E|CS|TAMS 0x000000070f800000| PB 0x000000070f800000| Complete 
| 125|0x000000070fa00000, 0x000000070fc00000, 0x000000070fc00000|100%| E|CS|TAMS 0x000000070fa00000| PB 0x000000070fa00000| Complete 
| 126|0x000000070fc00000, 0x000000070fe00000, 0x000000070fe00000|100%| E|CS|TAMS 0x000000070fc00000| PB 0x000000070fc00000| Complete 
| 127|0x000000070fe00000, 0x0000000710000000, 0x0000000710000000|100%| E|CS|TAMS 0x000000070fe00000| PB 0x000000070fe00000| Complete 
| 128|0x0000000710000000, 0x0000000710200000, 0x0000000710200000|100%| E|CS|TAMS 0x0000000710000000| PB 0x0000000710000000| Complete 
| 129|0x0000000710200000, 0x0000000710400000, 0x0000000710400000|100%| E|CS|TAMS 0x0000000710200000| PB 0x0000000710200000| Complete 
| 130|0x0000000710400000, 0x0000000710600000, 0x0000000710600000|100%| E|CS|TAMS 0x0000000710400000| PB 0x0000000710400000| Complete 
| 131|0x0000000710600000, 0x0000000710800000, 0x0000000710800000|100%| E|CS|TAMS 0x0000000710600000| PB 0x0000000710600000| Complete 
| 132|0x0000000710800000, 0x0000000710a00000, 0x0000000710a00000|100%| E|CS|TAMS 0x0000000710800000| PB 0x0000000710800000| Complete 
| 133|0x0000000710a00000, 0x0000000710c00000, 0x0000000710c00000|100%| E|CS|TAMS 0x0000000710a00000| PB 0x0000000710a00000| Complete 
| 134|0x0000000710c00000, 0x0000000710e00000, 0x0000000710e00000|100%| E|CS|TAMS 0x0000000710c00000| PB 0x0000000710c00000| Complete 
| 135|0x0000000710e00000, 0x0000000711000000, 0x0000000711000000|100%| E|CS|TAMS 0x0000000710e00000| PB 0x0000000710e00000| Complete 
| 136|0x0000000711000000, 0x0000000711200000, 0x0000000711200000|100%| E|CS|TAMS 0x0000000711000000| PB 0x0000000711000000| Complete 
| 137|0x0000000711200000, 0x0000000711400000, 0x0000000711400000|100%| E|CS|TAMS 0x0000000711200000| PB 0x0000000711200000| Complete 
| 138|0x0000000711400000, 0x0000000711600000, 0x0000000711600000|100%| E|CS|TAMS 0x0000000711400000| PB 0x0000000711400000| Complete 
| 139|0x0000000711600000, 0x0000000711800000, 0x0000000711800000|100%| E|CS|TAMS 0x0000000711600000| PB 0x0000000711600000| Complete 
|2044|0x00000007ff800000, 0x00000007ffa00000, 0x00000007ffa00000|100%| E|CS|TAMS 0x00000007ff800000| PB 0x00000007ff800000| Complete 
|2045|0x00000007ffa00000, 0x00000007ffc00000, 0x00000007ffc00000|100%| O|  |TAMS 0x00000007ffa00000| PB 0x00000007ffa00000| Untracked 
|2046|0x00000007ffc00000, 0x00000007ffe00000, 0x00000007ffe00000|100%| O|  |TAMS 0x00000007ffc00000| PB 0x00000007ffc00000| Untracked 
|2047|0x00000007ffe00000, 0x0000000800000000, 0x0000000800000000|100%| E|  |TAMS 0x00000007ffe00000| PB 0x00000007ffe00000| Complete 

Card table byte_map: [0x00000206fd210000,0x00000206fda10000] _byte_map_base: 0x00000206f9a10000

Marking Bits: (CMBitMap*) 0x00000206fc9abfc0
 Bits: [0x00000206973c0000, 0x000002069b3c0000)

Polling page: 0x00000206fa8d0000

Metaspace:

Usage:
  Non-class:     80.41 MB used.
      Class:     13.12 MB used.
       Both:     93.52 MB used.

Virtual space:
  Non-class space:      128.00 MB reserved,      81.69 MB ( 64%) committed,  2 nodes.
      Class space:        1.00 GB reserved,      14.31 MB (  1%) committed,  1 nodes.
             Both:        1.13 GB reserved,      96.00 MB (  8%) committed. 

Chunk freelists:
   Non-Class:  14.36 MB
       Class:  1.53 MB
        Both:  15.88 MB

MaxMetaspaceSize: 2.00 GB
CompressedClassSpaceSize: 1.00 GB
Initial GC threshold: 21.00 MB
Current GC threshold: 159.31 MB
CDS: on
 - commit_granule_bytes: 65536.
 - commit_granule_words: 8192.
 - virtual_space_node_default_size: 8388608.
 - enlarge_chunks_in_place: 1.
 - use_allocation_guard: 0.


Internal statistics:

num_allocs_failed_limit: 6.
num_arena_births: 4218.
num_arena_deaths: 0.
num_vsnodes_births: 3.
num_vsnodes_deaths: 0.
num_space_committed: 1536.
num_space_uncommitted: 0.
num_chunks_returned_to_freelist: 6.
num_chunks_taken_from_freelist: 8816.
num_chunk_merges: 6.
num_chunk_splits: 5663.
num_chunks_enlarged: 3518.
num_inconsistent_stats: 0.

CodeHeap 'non-profiled nmethods': size=120000Kb used=8388Kb max_used=8388Kb free=111611Kb
 bounds [0x000002068fe90000, 0x00000206906d0000, 0x00000206973c0000]
CodeHeap 'profiled nmethods': size=120000Kb used=21437Kb max_used=21494Kb free=98562Kb
 bounds [0x00000206883c0000, 0x00000206898c0000, 0x000002068f8f0000]
CodeHeap 'non-nmethods': size=5760Kb used=2863Kb max_used=2951Kb free=2896Kb
 bounds [0x000002068f8f0000, 0x000002068fbe0000, 0x000002068fe90000]
 total_blobs=12547 nmethods=11579 adapters=872
 compilation: enabled
              stopped_count=0, restarted_count=0
 full_count=0

Compilation events (20 events):
Event: 64.599 Thread 0x00000206ffeaea90 nmethod 13989 0x00000206906a8190 code [0x00000206906a8320, 0x00000206906a83f0]
Event: 64.601 Thread 0x00000206ffeaea90 13990       4       com.google.common.collect.CollectCollectors$$Lambda/0x000002069d5377d0::accept (17 bytes)
Event: 64.603 Thread 0x00000206ffeaea90 nmethod 13990 0x00000206906a8490 code [0x00000206906a8660, 0x00000206906a8878]
Event: 64.604 Thread 0x00000206ffeaea90 13991       4       org.gradle.internal.snapshot.impl.HashCodeSnapshot::appendToHasher (14 bytes)
Event: 64.612 Thread 0x00000206e6961500 nmethod 13984 0x00000206906a8b10 code [0x00000206906a8ee0, 0x00000206906ab9c0]
Event: 64.613 Thread 0x00000206e6961500 13993       4       org.gradle.internal.fingerprint.impl.DefaultCurrentFileCollectionFingerprint::from (96 bytes)
Event: 64.618 Thread 0x00000206ffeaea90 nmethod 13991 0x00000206906ace90 code [0x00000206906ad0e0, 0x00000206906ad9e8]
Event: 64.618 Thread 0x00000206ffeaea90 13994       4       org.gradle.internal.buildoption.DefaultInternalOptions::getOption (58 bytes)
Event: 64.624 Thread 0x00000206e6961500 nmethod 13993 0x00000206906ae410 code [0x00000206906ae660, 0x00000206906aef98]
Event: 64.624 Thread 0x00000206e6961500 13995       4       org.gradle.internal.execution.impl.DefaultExecutionEngine$1::createExecutionRequestContext (44 bytes)
Event: 64.635 Thread 0x00000206e6961500 nmethod 13995 0x00000206906af410 code [0x00000206906af600, 0x00000206906afea8]
Event: 64.636 Thread 0x00000206e6961500 13996       4       org.gradle.api.internal.artifacts.DependencyManagementGradleUserHomeScopeServices$$Lambda/0x000002069d4cf4c8::test (8 bytes)
Event: 64.636 Thread 0x00000206e6961500 nmethod 13996 0x00000206906b0190 code [0x00000206906b0320, 0x00000206906b0430]
Event: 64.636 Thread 0x00000206e6961500 13992       4       org.gradle.internal.Deferrable$1::completeAndGet (18 bytes)
Event: 64.641 Thread 0x00000206ffeaea90 nmethod 13994 0x00000206906b0590 code [0x00000206906b0840, 0x00000206906b15b8]
Event: 64.641 Thread 0x00000206ffeaea90 13998       4       org.gradle.internal.execution.steps.IdentifyStep$$Lambda/0x000002069d52c010::accept (14 bytes)
Event: 64.661 Thread 0x00000206e6961500 nmethod 13992 0x00000206906b1f10 code [0x00000206906b2180, 0x00000206906b2df8]
Event: 64.661 Thread 0x00000206e6961500 13999       4       org.gradle.internal.execution.steps.IdentityCacheStep::executeDeferred (11 bytes)
Event: 64.735 Thread 0x00000206e6961500 nmethod 13999 0x00000206906b3590 code [0x00000206906b3980, 0x00000206906b5998]
Event: 64.735 Thread 0x00000206e6961500 14000       4       org.gradle.api.internal.artifacts.transform.DefaultTransformInvocationFactory::createInvocation (273 bytes)

GC Heap History (20 events):
Event: 49.433 GC heap before
{Heap before GC invocations=36 (full 0):
 garbage-first heap   total 194560K, used 165989K [0x0000000700000000, 0x0000000800000000)
  region size 2048K, 36 young (73728K), 6 survivors (12288K)
 Metaspace       used 81274K, committed 83584K, reserved 1179648K
  class space    used 11262K, committed 12416K, reserved 1048576K
}
Event: 49.451 GC heap after
{Heap after GC invocations=37 (full 0):
 garbage-first heap   total 194560K, used 110554K [0x0000000700000000, 0x0000000800000000)
  region size 2048K, 3 young (6144K), 3 survivors (6144K)
 Metaspace       used 81274K, committed 83584K, reserved 1179648K
  class space    used 11262K, committed 12416K, reserved 1048576K
}
Event: 50.515 GC heap before
{Heap before GC invocations=38 (full 0):
 garbage-first heap   total 202752K, used 174042K [0x0000000700000000, 0x0000000800000000)
  region size 2048K, 34 young (69632K), 3 survivors (6144K)
 Metaspace       used 81276K, committed 83584K, reserved 1179648K
  class space    used 11262K, committed 12416K, reserved 1048576K
}
Event: 50.528 GC heap after
{Heap after GC invocations=39 (full 0):
 garbage-first heap   total 202752K, used 112690K [0x0000000700000000, 0x0000000800000000)
  region size 2048K, 4 young (8192K), 4 survivors (8192K)
 Metaspace       used 81276K, committed 83584K, reserved 1179648K
  class space    used 11262K, committed 12416K, reserved 1048576K
}
Event: 52.578 GC heap before
{Heap before GC invocations=39 (full 0):
 garbage-first heap   total 202752K, used 184370K [0x0000000700000000, 0x0000000800000000)
  region size 2048K, 37 young (75776K), 4 survivors (8192K)
 Metaspace       used 83608K, committed 85888K, reserved 1179648K
  class space    used 11562K, committed 12736K, reserved 1048576K
}
Event: 52.599 GC heap after
{Heap after GC invocations=40 (full 0):
 garbage-first heap   total 206848K, used 126164K [0x0000000700000000, 0x0000000800000000)
  region size 2048K, 5 young (10240K), 5 survivors (10240K)
 Metaspace       used 83608K, committed 85888K, reserved 1179648K
  class space    used 11562K, committed 12736K, reserved 1048576K
}
Event: 54.178 GC heap before
{Heap before GC invocations=40 (full 0):
 garbage-first heap   total 206848K, used 181460K [0x0000000700000000, 0x0000000800000000)
  region size 2048K, 33 young (67584K), 5 survivors (10240K)
 Metaspace       used 86311K, committed 88640K, reserved 1179648K
  class space    used 11942K, committed 13120K, reserved 1048576K
}
Event: 54.194 GC heap after
{Heap after GC invocations=41 (full 0):
 garbage-first heap   total 206848K, used 130844K [0x0000000700000000, 0x0000000800000000)
  region size 2048K, 3 young (6144K), 3 survivors (6144K)
 Metaspace       used 86311K, committed 88640K, reserved 1179648K
  class space    used 11942K, committed 13120K, reserved 1048576K
}
Event: 55.688 GC heap before
{Heap before GC invocations=42 (full 0):
 garbage-first heap   total 235520K, used 184092K [0x0000000700000000, 0x0000000800000000)
  region size 2048K, 29 young (59392K), 3 survivors (6144K)
 Metaspace       used 89854K, committed 92224K, reserved 1179648K
  class space    used 12604K, committed 13760K, reserved 1048576K
}
Event: 55.702 GC heap after
{Heap after GC invocations=43 (full 0):
 garbage-first heap   total 235520K, used 131594K [0x0000000700000000, 0x0000000800000000)
  region size 2048K, 1 young (2048K), 1 survivors (2048K)
 Metaspace       used 89854K, committed 92224K, reserved 1179648K
  class space    used 12604K, committed 13760K, reserved 1048576K
}
Event: 57.165 GC heap before
{Heap before GC invocations=43 (full 0):
 garbage-first heap   total 235520K, used 213514K [0x0000000700000000, 0x0000000800000000)
  region size 2048K, 41 young (83968K), 1 survivors (2048K)
 Metaspace       used 92777K, committed 95168K, reserved 1179648K
  class space    used 13005K, committed 14208K, reserved 1048576K
}
Event: 57.182 GC heap after
{Heap after GC invocations=44 (full 0):
 garbage-first heap   total 235520K, used 137768K [0x0000000700000000, 0x0000000800000000)
  region size 2048K, 5 young (10240K), 5 survivors (10240K)
 Metaspace       used 92777K, committed 95168K, reserved 1179648K
  class space    used 13005K, committed 14208K, reserved 1048576K
}
Event: 58.425 GC heap before
{Heap before GC invocations=44 (full 0):
 garbage-first heap   total 235520K, used 207400K [0x0000000700000000, 0x0000000800000000)
  region size 2048K, 40 young (81920K), 5 survivors (10240K)
 Metaspace       used 93729K, committed 96128K, reserved 1179648K
  class space    used 13122K, committed 14336K, reserved 1048576K
}
Event: 58.450 GC heap after
{Heap after GC invocations=45 (full 0):
 garbage-first heap   total 282624K, used 144721K [0x0000000700000000, 0x0000000800000000)
  region size 2048K, 4 young (8192K), 4 survivors (8192K)
 Metaspace       used 93729K, committed 96128K, reserved 1179648K
  class space    used 13122K, committed 14336K, reserved 1048576K
}
Event: 61.540 GC heap before
{Heap before GC invocations=46 (full 0):
 garbage-first heap   total 282624K, used 251217K [0x0000000700000000, 0x0000000800000000)
  region size 2048K, 57 young (116736K), 4 survivors (8192K)
 Metaspace       used 95064K, committed 97536K, reserved 1179648K
  class space    used 13354K, committed 14592K, reserved 1048576K
}
Event: 61.567 GC heap after
{Heap after GC invocations=47 (full 0):
 garbage-first heap   total 282624K, used 157696K [0x0000000700000000, 0x0000000800000000)
  region size 2048K, 8 young (16384K), 8 survivors (16384K)
 Metaspace       used 95064K, committed 97536K, reserved 1179648K
  class space    used 13354K, committed 14592K, reserved 1048576K
}
Event: 62.663 GC heap before
{Heap before GC invocations=47 (full 0):
 garbage-first heap   total 282624K, used 247808K [0x0000000700000000, 0x0000000800000000)
  region size 2048K, 53 young (108544K), 8 survivors (16384K)
 Metaspace       used 95128K, committed 97600K, reserved 1179648K
  class space    used 13356K, committed 14592K, reserved 1048576K
}
Event: 62.699 GC heap after
{Heap after GC invocations=48 (full 0):
 garbage-first heap   total 282624K, used 159486K [0x0000000700000000, 0x0000000800000000)
  region size 2048K, 3 young (6144K), 3 survivors (6144K)
 Metaspace       used 95128K, committed 97600K, reserved 1179648K
  class space    used 13356K, committed 14592K, reserved 1048576K
}
Event: 63.134 GC heap before
{Heap before GC invocations=48 (full 0):
 garbage-first heap   total 282624K, used 186110K [0x0000000700000000, 0x0000000800000000)
  region size 2048K, 17 young (34816K), 3 survivors (6144K)
 Metaspace       used 95256K, committed 97728K, reserved 1179648K
  class space    used 13373K, committed 14592K, reserved 1048576K
}
Event: 63.143 GC heap after
{Heap after GC invocations=49 (full 0):
 garbage-first heap   total 282624K, used 161534K [0x0000000700000000, 0x0000000800000000)
  region size 2048K, 4 young (8192K), 4 survivors (8192K)
 Metaspace       used 95256K, committed 97728K, reserved 1179648K
  class space    used 13373K, committed 14592K, reserved 1048576K
}

Dll operation events (15 events):
Event: 0.016 Loaded shared library C:\Program Files\Java\jdk-21\bin\java.dll
Event: 0.072 Loaded shared library C:\Program Files\Java\jdk-21\bin\jsvml.dll
Event: 0.204 Loaded shared library C:\Program Files\Java\jdk-21\bin\zip.dll
Event: 0.211 Loaded shared library C:\Program Files\Java\jdk-21\bin\instrument.dll
Event: 0.217 Loaded shared library C:\Program Files\Java\jdk-21\bin\net.dll
Event: 0.219 Loaded shared library C:\Program Files\Java\jdk-21\bin\nio.dll
Event: 0.223 Loaded shared library C:\Program Files\Java\jdk-21\bin\zip.dll
Event: 0.912 Loaded shared library C:\Program Files\Java\jdk-21\bin\jimage.dll
Event: 1.308 Loaded shared library C:\Program Files\Java\jdk-21\bin\verify.dll
Event: 1.800 Loaded shared library C:\Users\Administrator\.gradle\native\c067742578af261105cb4f569cf0c3c89f3d7b1fecec35dd04571415982c5e48\windows-amd64\native-platform.dll
Event: 1.821 Loaded shared library C:\Users\Administrator\.gradle\native\100fb08df4bc3b14c8652ba06237920a3bd2aa13389f12d3474272988ae205f9\windows-amd64\native-platform-file-events.dll
Event: 5.164 Loaded shared library C:\Program Files\Java\jdk-21\bin\management.dll
Event: 5.167 Loaded shared library C:\Program Files\Java\jdk-21\bin\management_ext.dll
Event: 5.778 Loaded shared library C:\Program Files\Java\jdk-21\bin\extnet.dll
Event: 6.212 Loaded shared library C:\Program Files\Java\jdk-21\bin\sunmscapi.dll

Deoptimization events (20 events):
Event: 64.160 Thread 0x00000206fff31c00 DEOPT PACKING pc=0x00000206904d36f0 sp=0x0000006dd82ff0b0
Event: 64.160 Thread 0x00000206fff31c00 DEOPT UNPACKING pc=0x000002068f9446a2 sp=0x0000006dd82ff080 mode 2
Event: 64.163 Thread 0x00000206e1afe360 Uncommon trap: trap_request=0xffffffde fr.pc=0x0000020690663bb8 relative=0x0000000000000498
Event: 64.163 Thread 0x00000206e1afe360 Uncommon trap: reason=class_check action=maybe_recompile pc=0x0000020690663bb8 method=com.google.common.collect.ImmutableMapEntrySet.contains(Ljava/lang/Object;)Z @ 37 c2
Event: 64.163 Thread 0x00000206e1afe360 DEOPT PACKING pc=0x0000020690663bb8 sp=0x0000006dd81f8f50
Event: 64.163 Thread 0x00000206e1afe360 DEOPT UNPACKING pc=0x000002068f9446a2 sp=0x0000006dd81f8ed8 mode 2
Event: 64.163 Thread 0x00000206e1afe360 Uncommon trap: trap_request=0xffffffde fr.pc=0x0000020690663bb8 relative=0x0000000000000498
Event: 64.163 Thread 0x00000206e1afe360 Uncommon trap: reason=class_check action=maybe_recompile pc=0x0000020690663bb8 method=com.google.common.collect.ImmutableMapEntrySet.contains(Ljava/lang/Object;)Z @ 37 c2
Event: 64.163 Thread 0x00000206e1afe360 DEOPT PACKING pc=0x0000020690663bb8 sp=0x0000006dd81f8f50
Event: 64.163 Thread 0x00000206e1afe360 DEOPT UNPACKING pc=0x000002068f9446a2 sp=0x0000006dd81f8ed8 mode 2
Event: 64.163 Thread 0x00000206e1afe360 Uncommon trap: trap_request=0xffffffde fr.pc=0x0000020690663bb8 relative=0x0000000000000498
Event: 64.163 Thread 0x00000206e1afe360 Uncommon trap: reason=class_check action=maybe_recompile pc=0x0000020690663bb8 method=com.google.common.collect.ImmutableMapEntrySet.contains(Ljava/lang/Object;)Z @ 37 c2
Event: 64.163 Thread 0x00000206e1afe360 DEOPT PACKING pc=0x0000020690663bb8 sp=0x0000006dd81f8f50
Event: 64.163 Thread 0x00000206e1afe360 DEOPT UNPACKING pc=0x000002068f9446a2 sp=0x0000006dd81f8ed8 mode 2
Event: 64.163 Thread 0x00000206e1afe360 Uncommon trap: trap_request=0xffffffde fr.pc=0x0000020690663bb8 relative=0x0000000000000498
Event: 64.163 Thread 0x00000206e1afe360 Uncommon trap: reason=class_check action=maybe_recompile pc=0x0000020690663bb8 method=com.google.common.collect.ImmutableMapEntrySet.contains(Ljava/lang/Object;)Z @ 37 c2
Event: 64.163 Thread 0x00000206e1afe360 DEOPT PACKING pc=0x0000020690663bb8 sp=0x0000006dd81f8f50
Event: 64.164 Thread 0x00000206e1afe360 DEOPT UNPACKING pc=0x000002068f9446a2 sp=0x0000006dd81f8ed8 mode 2
Event: 64.414 Thread 0x00000206e1afe360 DEOPT PACKING pc=0x00000206894b81ac sp=0x0000006dd81f8db0
Event: 64.414 Thread 0x00000206e1afe360 DEOPT UNPACKING pc=0x000002068f944e42 sp=0x0000006dd81f8260 mode 0

Classes loaded (20 events):
Event: 57.503 Loading class java/lang/IntegerBeanInfo
Event: 57.503 Loading class java/lang/IntegerBeanInfo done
Event: 57.503 Loading class java/lang/IntegerBeanInfo
Event: 57.503 Loading class java/lang/IntegerBeanInfo done
Event: 57.504 Loading class java/lang/NumberBeanInfo
Event: 57.504 Loading class java/lang/NumberBeanInfo done
Event: 57.504 Loading class java/lang/NumberBeanInfo
Event: 57.504 Loading class java/lang/NumberBeanInfo done
Event: 57.504 Loading class java/lang/NumberCustomizer
Event: 57.504 Loading class java/lang/NumberCustomizer done
Event: 57.504 Loading class java/lang/NumberCustomizer
Event: 57.504 Loading class java/lang/NumberCustomizer done
Event: 57.516 Loading class java/lang/IntegerCustomizer
Event: 57.516 Loading class java/lang/IntegerCustomizer done
Event: 57.517 Loading class java/lang/IntegerCustomizer
Event: 57.517 Loading class java/lang/IntegerCustomizer done
Event: 57.517 Loading class jdk/internal/ValueBased
Event: 57.517 Loading class jdk/internal/ValueBased done
Event: 60.670 Loading class java/beans/ParameterDescriptor
Event: 60.671 Loading class java/beans/ParameterDescriptor done

Classes unloaded (0 events):
No events

Classes redefined (0 events):
No events

Internal exceptions (20 events):
Event: 61.368 Thread 0x00000206e1afe360 Exception <a 'java/lang/ClassNotFoundException'{0x000000070abea0b0}: com/android/build/gradle/internal/api/LibraryVariantOutputImplBeanInfo> (0x000000070abea0b0) 
thrown [s\open\src\hotspot\share\classfile\systemDictionary.cpp, line 312]
Event: 61.369 Thread 0x00000206e1afe360 Exception <a 'java/lang/ClassNotFoundException'{0x000000070abf61b8}: com/android/build/gradle/internal/api/LibraryVariantOutputImplCustomizer> (0x000000070abf61b8) 
thrown [s\open\src\hotspot\share\classfile\systemDictionary.cpp, line 312]
Event: 61.371 Thread 0x00000206e1afe360 Exception <a 'java/lang/ClassNotFoundException'{0x000000070a80b738}: com/android/build/gradle/internal/api/LibraryVariantOutputImpl_DecoratedCustomizer> (0x000000070a80b738) 
thrown [s\open\src\hotspot\share\classfile\systemDictionary.cpp, line 312]
Event: 61.419 Thread 0x00000206e1afe360 Exception <a 'java/lang/ClassNotFoundException'{0x000000070a957ad8}: build_58hqi37e2fpgz2813p6bxplhuBeanInfo> (0x000000070a957ad8) 
thrown [s\open\src\hotspot\share\classfile\systemDictionary.cpp, line 312]
Event: 61.419 Thread 0x00000206e1afe360 Exception <a 'java/lang/ClassNotFoundException'{0x000000070a95e470}: build_58hqi37e2fpgz2813p6bxplhuCustomizer> (0x000000070a95e470) 
thrown [s\open\src\hotspot\share\classfile\systemDictionary.cpp, line 312]
Event: 62.852 Thread 0x00000206e1afe360 Exception <a 'java/lang/ClassNotFoundException'{0x000000070fff4b90}: build_58hqi37e2fpgz2813p6bxplhuBeanInfo> (0x000000070fff4b90) 
thrown [s\open\src\hotspot\share\classfile\systemDictionary.cpp, line 312]
Event: 62.852 Thread 0x00000206e1afe360 Exception <a 'java/lang/ClassNotFoundException'{0x000000070fffb4c0}: build_58hqi37e2fpgz2813p6bxplhuCustomizer> (0x000000070fffb4c0) 
thrown [s\open\src\hotspot\share\classfile\systemDictionary.cpp, line 312]
Event: 62.968 Thread 0x00000206e1afe360 Exception <a 'java/lang/NoSuchMethodError'{0x000000070fdf0998}: 'org.gradle.internal.buildoption.BuildOption$Value org.gradle.api.internal.StartParameterInternal.getIsolatedProjects()'> (0x000000070fdf0998) 
thrown [s\open\src\hotspot\share\interpreter\linkResolver.cpp, line 773]
Event: 63.332 Thread 0x00000206e1afe360 Exception <a 'java/lang/ClassNotFoundException'{0x000000071085ffe8}: com/google/common/collect/SingletonImmutableSetBeanInfo> (0x000000071085ffe8) 
thrown [s\open\src\hotspot\share\classfile\systemDictionary.cpp, line 312]
Event: 63.333 Thread 0x00000206e1afe360 Exception <a 'java/lang/ClassNotFoundException'{0x000000071086d7e0}: com/google/common/collect/ImmutableSetBeanInfo> (0x000000071086d7e0) 
thrown [s\open\src\hotspot\share\classfile\systemDictionary.cpp, line 312]
Event: 63.333 Thread 0x00000206e1afe360 Exception <a 'java/lang/ClassNotFoundException'{0x000000071087b290}: com/google/common/collect/ImmutableCollectionBeanInfo> (0x000000071087b290) 
thrown [s\open\src\hotspot\share\classfile\systemDictionary.cpp, line 312]
Event: 63.334 Thread 0x00000206e1afe360 Exception <a 'java/lang/ClassNotFoundException'{0x0000000710888c80}: com/google/common/collect/ImmutableCollectionCustomizer> (0x0000000710888c80) 
thrown [s\open\src\hotspot\share\classfile\systemDictionary.cpp, line 312]
Event: 63.348 Thread 0x00000206e1afe360 Exception <a 'java/lang/ClassNotFoundException'{0x00000007108d81c0}: com/google/common/collect/ImmutableSetCustomizer> (0x00000007108d81c0) 
thrown [s\open\src\hotspot\share\classfile\systemDictionary.cpp, line 312]
Event: 63.350 Thread 0x00000206e1afe360 Exception <a 'java/lang/ClassNotFoundException'{0x0000000710919f48}: com/google/common/collect/SingletonImmutableSetCustomizer> (0x0000000710919f48) 
thrown [s\open\src\hotspot\share\classfile\systemDictionary.cpp, line 312]
Event: 63.950 Thread 0x00000206e1afe360 Exception <a 'java/lang/ClassNotFoundException'{0x000000071013ad50}: build_mu6opc0xkg1o384ebnr01hqyBeanInfo> (0x000000071013ad50) 
thrown [s\open\src\hotspot\share\classfile\systemDictionary.cpp, line 312]
Event: 63.952 Thread 0x00000206e1afe360 Exception <a 'java/lang/ClassNotFoundException'{0x00000007101416c0}: build_mu6opc0xkg1o384ebnr01hqyCustomizer> (0x00000007101416c0) 
thrown [s\open\src\hotspot\share\classfile\systemDictionary.cpp, line 312]
Event: 64.186 Thread 0x00000206e1afe360 Exception <a 'java/lang/ClassNotFoundException'{0x000000070e9c5f78}: build_mu6opc0xkg1o384ebnr01hqyBeanInfo> (0x000000070e9c5f78) 
thrown [s\open\src\hotspot\share\classfile\systemDictionary.cpp, line 312]
Event: 64.186 Thread 0x00000206e1afe360 Exception <a 'java/lang/ClassNotFoundException'{0x000000070e9cc888}: build_mu6opc0xkg1o384ebnr01hqyCustomizer> (0x000000070e9cc888) 
thrown [s\open\src\hotspot\share\classfile\systemDictionary.cpp, line 312]
Event: 64.415 Thread 0x00000206e1afe360 Exception <a 'java/lang/ClassNotFoundException'{0x000000070dfa5f98}: build_8kh29zckoz8a4z5ie82hecba5BeanInfo> (0x000000070dfa5f98) 
thrown [s\open\src\hotspot\share\classfile\systemDictionary.cpp, line 312]
Event: 64.415 Thread 0x00000206e1afe360 Exception <a 'java/lang/ClassNotFoundException'{0x000000070dfac930}: build_8kh29zckoz8a4z5ie82hecba5Customizer> (0x000000070dfac930) 
thrown [s\open\src\hotspot\share\classfile\systemDictionary.cpp, line 312]

ZGC Phase Switch (0 events):
No events

VM Operations (20 events):
Event: 60.041 Executing VM operation: HandshakeAllThreads (HandshakeForDeflation)
Event: 60.041 Executing VM operation: HandshakeAllThreads (HandshakeForDeflation) done
Event: 60.041 Executing VM operation: Cleanup
Event: 60.041 Executing VM operation: Cleanup done
Event: 60.041 Executing VM operation: RendezvousGCThreads
Event: 60.041 Executing VM operation: RendezvousGCThreads done
Event: 61.540 Executing VM operation: G1CollectForAllocation (G1 Evacuation Pause)
Event: 61.593 Executing VM operation: G1CollectForAllocation (G1 Evacuation Pause) done
Event: 62.593 Executing VM operation: Cleanup
Event: 62.594 Executing VM operation: Cleanup done
Event: 62.662 Executing VM operation: G1CollectForAllocation (G1 Evacuation Pause)
Event: 62.700 Executing VM operation: G1CollectForAllocation (G1 Evacuation Pause) done
Event: 63.134 Executing VM operation: G1TryInitiateConcMark (G1 Humongous Allocation)
Event: 63.147 Executing VM operation: G1TryInitiateConcMark (G1 Humongous Allocation) done
Event: 63.454 Executing VM operation: G1PauseRemark
Event: 63.468 Executing VM operation: G1PauseRemark done
Event: 63.598 Executing VM operation: G1PauseCleanup
Event: 63.598 Executing VM operation: G1PauseCleanup done
Event: 64.460 Executing VM operation: ICBufferFull
Event: 64.460 Executing VM operation: ICBufferFull done

Events (20 events):
Event: 63.465 Thread 0x00000206ffe8e280 flushing nmethod 0x0000020688f71710
Event: 63.465 Thread 0x00000206ffe8e280 flushing nmethod 0x0000020688f8a510
Event: 63.465 Thread 0x00000206ffe8e280 flushing nmethod 0x0000020688fa1c10
Event: 63.465 Thread 0x00000206ffe8e280 flushing nmethod 0x0000020688fc0310
Event: 63.465 Thread 0x00000206ffe8e280 flushing nmethod 0x0000020688fc0a10
Event: 63.465 Thread 0x00000206ffe8e280 flushing nmethod 0x0000020688fc2790
Event: 63.465 Thread 0x00000206ffe8e280 flushing nmethod 0x0000020688fed590
Event: 63.465 Thread 0x00000206ffe8e280 flushing nmethod 0x0000020688feec10
Event: 63.465 Thread 0x00000206ffe8e280 flushing nmethod 0x00000206890fdc10
Event: 63.465 Thread 0x00000206ffe8e280 flushing nmethod 0x0000020689107110
Event: 63.465 Thread 0x00000206ffe8e280 flushing nmethod 0x0000020689107b10
Event: 63.465 Thread 0x00000206ffe8e280 flushing nmethod 0x0000020689169c10
Event: 63.465 Thread 0x00000206ffe8e280 flushing nmethod 0x0000020689173990
Event: 63.465 Thread 0x00000206ffe8e280 flushing nmethod 0x0000020689184f10
Event: 63.465 Thread 0x00000206ffe8e280 flushing nmethod 0x0000020689476490
Event: 63.465 Thread 0x00000206ffe8e280 flushing nmethod 0x00000206894d1110
Event: 63.465 Thread 0x00000206ffe8e280 flushing nmethod 0x00000206894d9710
Event: 63.465 Thread 0x00000206ffe8e280 flushing nmethod 0x0000020689503290
Event: 64.000 Thread 0x00000206e6961500 Thread added: 0x00000206e6961500
Event: 64.078 Thread 0x00000206ec417930 Thread added: 0x00000206ec417930


Dynamic libraries:
0x00007ff7fb0f0000 - 0x00007ff7fb100000 	C:\Program Files\Java\jdk-21\bin\java.exe
0x00007ff935f70000 - 0x00007ff93615d000 	C:\Windows\SYSTEM32\ntdll.dll
0x00007ff934100000 - 0x00007ff9341b3000 	C:\Windows\System32\KERNEL32.DLL
0x00007ff932f00000 - 0x00007ff933193000 	C:\Windows\System32\KERNELBASE.dll
0x00007ff932040000 - 0x00007ff93213c000 	C:\Windows\System32\ucrtbase.dll
0x00007ff925c60000 - 0x00007ff925c79000 	C:\Program Files\Java\jdk-21\bin\jli.dll
0x00007ff933b40000 - 0x00007ff933be3000 	C:\Windows\System32\ADVAPI32.dll
0x00007ff933a70000 - 0x00007ff933b0e000 	C:\Windows\System32\msvcrt.dll
0x00007ff934060000 - 0x00007ff9340fe000 	C:\Windows\System32\sechost.dll
0x00007ff934250000 - 0x00007ff934372000 	C:\Windows\System32\RPCRT4.dll
0x00007ff933ec0000 - 0x00007ff934057000 	C:\Windows\System32\USER32.dll
0x00007ff932ee0000 - 0x00007ff932f00000 	C:\Windows\System32\win32u.dll
0x00007ff934380000 - 0x00007ff9343a9000 	C:\Windows\System32\GDI32.dll
0x00007ff932bd0000 - 0x00007ff932d6a000 	C:\Windows\System32\gdi32full.dll
0x00007ff932e20000 - 0x00007ff932ec0000 	C:\Windows\System32\msvcp_win.dll
0x00007ff9197b0000 - 0x00007ff9197cb000 	C:\Program Files\Java\jdk-21\bin\VCRUNTIME140.dll
0x00007ff91fcd0000 - 0x00007ff91ff49000 	C:\Windows\WinSxS\amd64_microsoft.windows.common-controls_6595b64144ccf1df_6.0.17763.316_none_05b53be2071f46b6\COMCTL32.dll
0x00007ff933740000 - 0x00007ff933a6d000 	C:\Windows\System32\combase.dll
0x00007ff932b50000 - 0x00007ff932bce000 	C:\Windows\System32\bcryptPrimitives.dll
0x00007ff930ab0000 - 0x00007ff930aba000 	C:\Windows\SYSTEM32\VERSION.dll
0x00007ff933b10000 - 0x00007ff933b3e000 	C:\Windows\System32\IMM32.DLL
0x00007ff92c520000 - 0x00007ff92c52c000 	C:\Program Files\Java\jdk-21\bin\vcruntime140_1.dll
0x00007ff925ce0000 - 0x00007ff925d6e000 	C:\Program Files\Java\jdk-21\bin\msvcp140.dll
0x00007ff8e85a0000 - 0x00007ff8e92ba000 	C:\Program Files\Java\jdk-21\bin\server\jvm.dll
0x00007ff931f90000 - 0x00007ff931fed000 	C:\Windows\System32\POWRPROF.dll
0x00007ff9341c0000 - 0x00007ff93422d000 	C:\Windows\System32\WS2_32.dll
0x00007ff930a80000 - 0x00007ff930aa4000 	C:\Windows\SYSTEM32\WINMM.dll
0x00007ff930860000 - 0x00007ff93088d000 	C:\Windows\SYSTEM32\WINMMBASE.dll
0x00007ff932dd0000 - 0x00007ff932e1a000 	C:\Windows\System32\cfgmgr32.dll
0x00007ff931f70000 - 0x00007ff931f81000 	C:\Windows\System32\kernel.appcore.dll
0x00007ff92c140000 - 0x00007ff92c14a000 	C:\Program Files\Java\jdk-21\bin\jimage.dll
0x00007ff930890000 - 0x00007ff930a7d000 	C:\Windows\SYSTEM32\DBGHELP.DLL
0x00007ff930830000 - 0x00007ff93085a000 	C:\Windows\SYSTEM32\dbgcore.DLL
0x00007ff925c50000 - 0x00007ff925c5f000 	C:\Program Files\Java\jdk-21\bin\instrument.dll
0x00007ff9186b0000 - 0x00007ff9186cf000 	C:\Program Files\Java\jdk-21\bin\java.dll
0x00007ff934a50000 - 0x00007ff935f3f000 	C:\Windows\System32\SHELL32.dll
0x00007ff9331a0000 - 0x00007ff933248000 	C:\Windows\System32\shcore.dll
0x00007ff932220000 - 0x00007ff93296a000 	C:\Windows\System32\windows.storage.dll
0x00007ff932010000 - 0x00007ff932034000 	C:\Windows\System32\profapi.dll
0x00007ff934990000 - 0x00007ff9349e2000 	C:\Windows\System32\shlwapi.dll
0x00007ff932ec0000 - 0x00007ff932ed7000 	C:\Windows\System32\cryptsp.dll
0x00007ff8e8480000 - 0x00007ff8e8557000 	C:\Program Files\Java\jdk-21\bin\jsvml.dll
0x00007ff916e20000 - 0x00007ff916e38000 	C:\Program Files\Java\jdk-21\bin\zip.dll
0x00007ff920030000 - 0x00007ff920040000 	C:\Program Files\Java\jdk-21\bin\net.dll
0x00007ff9259f0000 - 0x00007ff925ae1000 	C:\Windows\SYSTEM32\WINHTTP.dll
0x00007ff931800000 - 0x00007ff931867000 	C:\Windows\system32\mswsock.dll
0x00007ff9180c0000 - 0x00007ff9180d6000 	C:\Program Files\Java\jdk-21\bin\nio.dll
0x00007ff91dfd0000 - 0x00007ff91dfe0000 	C:\Program Files\Java\jdk-21\bin\verify.dll
0x00007ff925ca0000 - 0x00007ff925cc7000 	C:\Users\Administrator\.gradle\native\c067742578af261105cb4f569cf0c3c89f3d7b1fecec35dd04571415982c5e48\windows-amd64\native-platform.dll
0x00007ff8e7b10000 - 0x00007ff8e7c54000 	C:\Users\Administrator\.gradle\native\100fb08df4bc3b14c8652ba06237920a3bd2aa13389f12d3474272988ae205f9\windows-amd64\native-platform-file-events.dll
0x00007ff92abc0000 - 0x00007ff92abca000 	C:\Program Files\Java\jdk-21\bin\management.dll
0x00007ff92abb0000 - 0x00007ff92abbb000 	C:\Program Files\Java\jdk-21\bin\management_ext.dll
0x00007ff933310000 - 0x00007ff933318000 	C:\Windows\System32\PSAPI.DLL
0x00007ff9313c0000 - 0x00007ff9313f3000 	C:\Windows\system32\rsaenh.dll
0x00007ff932140000 - 0x00007ff932166000 	C:\Windows\System32\bcrypt.dll
0x00007ff931ea0000 - 0x00007ff931ec8000 	C:\Windows\SYSTEM32\USERENV.dll
0x00007ff9319d0000 - 0x00007ff9319dc000 	C:\Windows\SYSTEM32\CRYPTBASE.dll
0x00007ff931560000 - 0x00007ff93159d000 	C:\Windows\SYSTEM32\IPHLPAPI.DLL
0x00007ff933300000 - 0x00007ff933308000 	C:\Windows\System32\NSI.dll
0x00007ff91cb00000 - 0x00007ff91cb09000 	C:\Program Files\Java\jdk-21\bin\extnet.dll
0x00007ff925b10000 - 0x00007ff925b1e000 	C:\Program Files\Java\jdk-21\bin\sunmscapi.dll
0x00007ff932970000 - 0x00007ff932b4b000 	C:\Windows\System32\CRYPT32.dll
0x00007ff931ff0000 - 0x00007ff932002000 	C:\Windows\System32\MSASN1.dll
0x00007ff931ac0000 - 0x00007ff931ae6000 	C:\Windows\SYSTEM32\ncrypt.dll
0x00007ff931a80000 - 0x00007ff931abc000 	C:\Windows\SYSTEM32\NTASN1.dll
0x00007ff92fb90000 - 0x00007ff92fb97000 	C:\Windows\system32\wshunix.dll

dbghelp: loaded successfully - version: 4.0.5 - missing functions: none
symbol engine: initialized successfully - sym options: 0x614 - pdb path: .;C:\Program Files\Java\jdk-21\bin;C:\Windows\SYSTEM32;C:\Windows\WinSxS\amd64_microsoft.windows.common-controls_6595b64144ccf1df_6.0.17763.316_none_05b53be2071f46b6;C:\Program Files\Java\jdk-21\bin\server;C:\Users\Administrator\.gradle\native\c067742578af261105cb4f569cf0c3c89f3d7b1fecec35dd04571415982c5e48\windows-amd64;C:\Users\Administrator\.gradle\native\100fb08df4bc3b14c8652ba06237920a3bd2aa13389f12d3474272988ae205f9\windows-amd64

VM Arguments:
jvm_args: -XX:MaxMetaspaceSize=2G -XX:+HeapDumpOnOutOfMemoryError --add-opens=java.base/java.util=ALL-UNNAMED --add-opens=java.base/java.lang=ALL-UNNAMED --add-opens=java.base/java.lang.invoke=ALL-UNNAMED --add-opens=java.prefs/java.util.prefs=ALL-UNNAMED --add-exports=jdk.compiler/com.sun.tools.javac.api=ALL-UNNAMED --add-exports=jdk.compiler/com.sun.tools.javac.util=ALL-UNNAMED --add-opens=java.base/java.nio.charset=ALL-UNNAMED --add-opens=java.base/java.net=ALL-UNNAMED --add-opens=java.base/java.util.concurrent.atomic=ALL-UNNAMED -Xmx4G -Dfile.encoding=utf8 -Duser.country=US -Duser.language=en -Duser.variant -javaagent:C:\Users\Administrator\.gradle\wrapper\dists\gradle-8.10-bin\deqhafrv1ntovfmgh0nh3npr9\gradle-8.10\lib\agents\gradle-instrumentation-agent-8.10.jar 
java_command: org.gradle.launcher.daemon.bootstrap.GradleDaemon 8.10
java_class_path (initial): C:\Users\Administrator\.gradle\wrapper\dists\gradle-8.10-bin\deqhafrv1ntovfmgh0nh3npr9\gradle-8.10\lib\gradle-daemon-main-8.10.jar
Launcher Type: SUN_STANDARD

[Global flags]
     intx CICompilerCount                          = 3                                         {product} {ergonomic}
     uint ConcGCThreads                            = 1                                         {product} {ergonomic}
     uint G1ConcRefinementThreads                  = 4                                         {product} {ergonomic}
   size_t G1HeapRegionSize                         = 2097152                                   {product} {ergonomic}
    uintx GCDrainStackTargetSize                   = 64                                        {product} {ergonomic}
     bool HeapDumpOnOutOfMemoryError               = true                                   {manageable} {command line}
   size_t InitialHeapSize                          = 134217728                                 {product} {ergonomic}
   size_t MarkStackSize                            = 4194304                                   {product} {ergonomic}
   size_t MaxHeapSize                              = 4294967296                                {product} {command line}
   size_t MaxMetaspaceSize                         = 2147483648                                {product} {command line}
   size_t MaxNewSize                               = 2575302656                                {product} {ergonomic}
   size_t MinHeapDeltaBytes                        = 2097152                                   {product} {ergonomic}
   size_t MinHeapSize                              = 8388608                                   {product} {ergonomic}
    uintx NonNMethodCodeHeapSize                   = 5832780                                {pd product} {ergonomic}
    uintx NonProfiledCodeHeapSize                  = 122912730                              {pd product} {ergonomic}
    uintx ProfiledCodeHeapSize                     = 122912730                              {pd product} {ergonomic}
    uintx ReservedCodeCacheSize                    = 251658240                              {pd product} {ergonomic}
     bool SegmentedCodeCache                       = true                                      {product} {ergonomic}
   size_t SoftMaxHeapSize                          = 4294967296                             {manageable} {ergonomic}
     bool UseCompressedOops                        = true                           {product lp64_product} {ergonomic}
     bool UseG1GC                                  = true                                      {product} {ergonomic}
     bool UseLargePagesIndividualAllocation        = false                                  {pd product} {ergonomic}

Logging:
Log output configuration:
 #0: stdout all=warning uptime,level,tags foldmultilines=false
 #1: stderr all=off uptime,level,tags foldmultilines=false

Environment Variables:
JAVA_HOME=C:\Program Files\Java\jdk-21
PATH=C:\Program Files\Java\jdk-21\bin;C:\Users\Admin\AppData\Local\Programs\Python\Python311\;C:\Users\Admin\AppData\Local\Programs\Python\Python311\Scripts\;C:\Windows\system32;C:\Windows;C:\Windows\System32\Wbem;C:\Windows\System32\WindowsPowerShell\v1.0\;C:\Windows\System32\OpenSSH\;C:\Program Files\kotlinc\bin;C:\ProgramData\chocolatey\bin;C:\Program Files\Git\cmd;C:\Program Files\Java\jdk-21\bin;C:\MinGW\bin;C:\Gradle\gradle-7.4\bin;C:\flutter\bin;C:\Users\Administrator\AppData\Local\Programs\Microsoft VS Code\Code.exe;C:\Users\Administrator\AppData\Local\Programs\Microsoft VS Code\bin;C:\Users\Administrator\AppData\Local\GitHubDesktop\bin;C:\Program Files\Java\jdk-21;C:\MinGW\bin;C:\Gradle\gradle-7.4\bin;C:\flutter\bin;C:\Users\Administrator\AppData\Local\Programs\Microsoft VS Code\Code.exe;C:\Users\Administrator\AppData\Local\Programs\Microsoft VS Code\bin;C:\Users\Administrator\AppData\Local\GitHubDesktop\bin;C:\Program Files\Java\jdk-21;C:\MinGW\bin;C:\Users\Administrator\AppData\Local\Android\Sdk\platform-tools;C:\Program Files\PostgreSQL\17\bin;C:\Program Files\nodejs;C:\Program Files\nodejs\;C:\Users\Administrator\AppData\Local\Pub\Cache\bin;C:\Users\Administrator\AppData\Local\Programs\Python\Python311\Scripts\;C:\Users\Administrator\AppData\Local\Programs\Python\Python311\;C:\Program Files\Java\jdk-21\bin;C:\Users\Admin\AppData\Local\Programs\Python\Python311\;C:\Users\Admin\AppData\Local\Programs\Python\Python311\Scripts\;C:\Windows\system32;C:\Windows;C:\Windows\System32\Wbem;C:\Windows\System32\WindowsPowerShell\v1.0\;C:\Windows\System32\OpenSSH\;C:\Program Files\kotlinc\bin;C:\ProgramData\chocolatey\bin;C:\Program Files\Git\cmd;C:\Program Files\Java\jdk-21\bin;C:\MinGW\bin;C:\Gradle\gradle-7.4\bin;C:\flutter\bin;C:\Users\Administrator\AppData\Local\Programs\Microsoft VS Code\Code.exe;C:\Users\Administrator\AppData\Local\Programs\Microsoft VS Code\bin;C:\Users\Administrator\AppData\Local\GitHubDesktop\bin;C:\Program Files\Java\jdk-21;C:\MinGW\bin;C:\Gradle\gradle-7.4\bin;C:\flutter\bin;C:\Users\Administrator\AppData\Local\Programs\Microsoft VS Code\Code.exe;C:\Users\Administrator\AppData\Local\Programs\Microsoft VS Code\bin;C:\Users\Administrator\AppData\Local\GitHubDesktop\bin;C:\Program Files\Java\jdk-21;C:\MinGW\bin;C:\Users\Administrator\AppData\Local\Android\Sdk\platform-tools;C:\Program Files\PostgreSQL\17\bin;C:\Program Files\nodejs;C:\Program Files\nodejs\;C:\Users\Administrator\AppData\Local\Pub\Cache\bin;;C:\Users\Administrator\AppData\Local\Android\Sdk\platform-tools;C:\Program Files\PostgreSQL\17\bin;C:\Program Files\nodejs;C:\Users\Administrator\AppData\Roaming\npm;C:\Users\Administrator\AppData\Local\GitHubDesktop\bin;C:\Program Files\MySQL\MySQL Server 8.0\bin;C:\Users\Administrator\AppData\Local\Pub\Cache\bin;
USERNAME=Administrator
OS=Windows_NT
PROCESSOR_IDENTIFIER=Intel64 Family 6 Model 142 Stepping 9, GenuineIntel
TMP=C:\Users\ADMINI~1\AppData\Local\Temp
TEMP=C:\Users\ADMINI~1\AppData\Local\Temp




Periodic native trim disabled

---------------  S Y S T E M  ---------------

OS:
 Windows 10 , 64 bit Build 17763 (10.0.17763.292)
OS uptime: 0 days 0:59 hours

CPU: total 4 (initial active 4) (2 cores per cpu, 2 threads per core) family 6 model 142 stepping 9 microcode 0x84, cx8, cmov, fxsr, ht, mmx, 3dnowpref, sse, sse2, sse3, ssse3, sse4.1, sse4.2, popcnt, lzcnt, tsc, tscinvbit, avx, avx2, aes, erms, clmul, bmi1, bmi2, rtm, adx, fma, vzeroupper, clflush, clflushopt, rdtscp, f16c
Processor Information for all 4 processors :
  Max Mhz: 2701, Current Mhz: 2701, Mhz Limit: 2701

Memory: 4k page, system-wide physical 8076M (1350M free)
TotalPageFile size 16268M (AvailPageFile size 1M)
current process WorkingSet (physical memory assigned to process): 73M, peak: 361M
current process commit charge ("private bytes"): 616M, peak: 617M

vm_info: Java HotSpot(TM) 64-Bit Server VM (21.0.6+8-LTS-188) for windows-amd64 JRE (21.0.6+8-LTS-188), built on 2024-12-03T10:50:54Z by "mach5one" with MS VC++ 17.6 (VS2022)

END.
