#
# There is insufficient memory for the Java Runtime Environment to continue.
# Native memory allocation (malloc) failed to allocate 278496 bytes. Error detail: Chunk::new
# Possible reasons:
#   The system is out of physical RAM or swap space
#   This process is running with CompressedOops enabled, and the Java Heap may be blocking the growth of the native heap
# Possible solutions:
#   Reduce memory load on the system
#   Increase physical memory or swap space
#   Check if swap backing store is full
#   Decrease Java heap size (-Xmx/-Xms)
#   Decrease number of Java threads
#   Decrease Java thread stack sizes (-Xss)
#   Set larger code cache with -XX:ReservedCodeCacheSize=
#   JVM is running with Unscaled Compressed Oops mode in which the Java heap is
#     placed in the first 4GB address space. The Java Heap base address is the
#     maximum limit for the native heap growth. Please use -XX:HeapBaseMinAddress
#     to set the Java Heap base and to place the Java Heap above 4GB virtual address.
# This output file may be truncated or incomplete.
#
#  Out of Memory Error (arena.cpp:168), pid=14484, tid=9896
#
# JRE version: OpenJDK Runtime Environment Temurin-21.0.8+9 (21.0.8+9) (build 21.0.8+9-LTS)
# Java VM: OpenJDK 64-Bit Server VM Temurin-21.0.8+9 (21.0.8+9-LTS, mixed mode, sharing, tiered, compressed oops, compressed class ptrs, parallel gc, windows-amd64)
# No core dump will be written. Minidumps are not enabled by default on client versions of Windows
#

---------------  S U M M A R Y ------------

Command Line: --add-modules=ALL-SYSTEM --add-opens=java.base/java.util=ALL-UNNAMED --add-opens=java.base/java.lang=ALL-UNNAMED --add-opens=java.base/sun.nio.fs=ALL-UNNAMED -Declipse.application=org.eclipse.jdt.ls.core.id1 -Dosgi.bundles.defaultStartLevel=4 -Declipse.product=org.eclipse.jdt.ls.core.product -Djava.import.generatesMetadataFilesAtProjectRoot=false -DDetectVMInstallationsJob.disabled=true -Dfile.encoding=utf8 -XX:+UseParallelGC -XX:GCTimeRatio=4 -XX:AdaptiveSizePolicyWeight=90 -Dsun.zip.disableMemoryMapping=true -Xmx2G -Xms100m -Xlog:disable -javaagent:c:\Users\Administrator\.vscode\extensions\redhat.java-1.44.0-win32-x64\lombok\lombok-1.18.39-4050.jar -XX:+HeapDumpOnOutOfMemoryError -XX:HeapDumpPath=c:\Users\Administrator\AppData\Roaming\Code\User\workspaceStorage\dbf30d4801974aa40fd32adc88996aa2\redhat.java -Daether.dependencyCollector.impl=bf c:\Users\Administrator\.vscode\extensions\redhat.java-1.44.0-win32-x64\server\plugins\org.eclipse.equinox.launcher_1.7.0.v20250519-0528.jar -configuration c:\Users\Administrator\AppData\Roaming\Code\User\globalStorage\redhat.java\1.44.0\config_win -data c:\Users\Administrator\AppData\Roaming\Code\User\workspaceStorage\dbf30d4801974aa40fd32adc88996aa2\redhat.java\jdt_ws --pipe=\\.\pipe\lsp-e84e2427d11bb1eb67ec8226d078f084-sock

Host: Intel(R) Core(TM) i5-7300U CPU @ 2.60GHz, 4 cores, 7G,  Windows 10 , 64 bit Build 17763 (10.0.17763.292)
Time: Thu Aug  7 15:39:44 2025 SE Asia Standard Time elapsed time: 33.374593 seconds (0d 0h 0m 33s)

---------------  T H R E A D  ---------------

Current thread (0x0000019317681360):  JavaThread "C2 CompilerThread0" daemon [_thread_in_native, id=9896, stack(0x0000007548100000,0x0000007548200000) (1024K)]


Current CompileTask:
C2:33374 7601       4       java.lang.ClassLoader::postDefineClass (39 bytes)

Stack: [0x0000007548100000,0x0000007548200000]
Native frames: (J=compiled Java code, j=interpreted, Vv=VM code, C=native code)
V  [jvm.dll+0x6d2449]
V  [jvm.dll+0x8ae341]
V  [jvm.dll+0x8b08be]
V  [jvm.dll+0x8b0fa3]
V  [jvm.dll+0x280c96]
V  [jvm.dll+0xc581d]
V  [jvm.dll+0xc5d53]
V  [jvm.dll+0x2f539d]
V  [jvm.dll+0x5fa00a]
V  [jvm.dll+0x252092]
V  [jvm.dll+0x24a56e]
V  [jvm.dll+0x2483a4]
V  [jvm.dll+0x1c89ee]
V  [jvm.dll+0x257d4d]
V  [jvm.dll+0x2562ea]
V  [jvm.dll+0x3f2d16]
V  [jvm.dll+0x857e6b]
V  [jvm.dll+0x6d0b0d]
C  [ucrtbase.dll+0x203ba]
C  [KERNEL32.DLL+0x181f4]
C  [ntdll.dll+0x6a251]


---------------  P R O C E S S  ---------------

Threads class SMR info:
_java_thread_list=0x000001935f6f4f10, length=35, elements={
0x000001937e8e6040, 0x0000019317678930, 0x000001931767a8f0, 0x000001931767c230,
0x000001931767dca0, 0x000001931767f860, 0x00000193176802b0, 0x0000019317681360,
0x00000193176f3b60, 0x0000019359481e60, 0x000001935960c820, 0x000001935e8147d0,
0x000001935e116830, 0x000001935e1303b0, 0x000001935e6e2170, 0x000001935ea6b850,
0x000001935e5976c0, 0x000001935e83df80, 0x000001935e8406e0, 0x000001935e83f330,
0x000001935e83f9c0, 0x000001935e83eca0, 0x000001935e840d70, 0x000001935e840050,
0x000001935e841400, 0x000001935e83e610, 0x000001935fc11030, 0x000001935fc116c0,
0x000001935fc0e8d0, 0x000001935fc0dbb0, 0x000001935fc109a0, 0x000001935fc0c170,
0x000001935fc0ef60, 0x000001935fc0fc80, 0x000001935fc0c800
}

Java Threads: ( => current thread )
  0x000001937e8e6040 JavaThread "main"                              [_thread_blocked, id=15192, stack(0x0000007547600000,0x0000007547700000) (1024K)]
  0x0000019317678930 JavaThread "Reference Handler"          daemon [_thread_blocked, id=1104, stack(0x0000007547b00000,0x0000007547c00000) (1024K)]
  0x000001931767a8f0 JavaThread "Finalizer"                  daemon [_thread_blocked, id=7316, stack(0x0000007547c00000,0x0000007547d00000) (1024K)]
  0x000001931767c230 JavaThread "Signal Dispatcher"          daemon [_thread_blocked, id=444, stack(0x0000007547d00000,0x0000007547e00000) (1024K)]
  0x000001931767dca0 JavaThread "Attach Listener"            daemon [_thread_blocked, id=13240, stack(0x0000007547e00000,0x0000007547f00000) (1024K)]
  0x000001931767f860 JavaThread "Service Thread"             daemon [_thread_blocked, id=960, stack(0x0000007547f00000,0x0000007548000000) (1024K)]
  0x00000193176802b0 JavaThread "Monitor Deflation Thread"   daemon [_thread_blocked, id=9880, stack(0x0000007548000000,0x0000007548100000) (1024K)]
=>0x0000019317681360 JavaThread "C2 CompilerThread0"         daemon [_thread_in_native, id=9896, stack(0x0000007548100000,0x0000007548200000) (1024K)]
  0x00000193176f3b60 JavaThread "C1 CompilerThread0"         daemon [_thread_blocked, id=1312, stack(0x0000007548200000,0x0000007548300000) (1024K)]
  0x0000019359481e60 JavaThread "Common-Cleaner"             daemon [_thread_blocked, id=15160, stack(0x0000007548300000,0x0000007548400000) (1024K)]
  0x000001935960c820 JavaThread "Notification Thread"        daemon [_thread_blocked, id=13972, stack(0x0000007548400000,0x0000007548500000) (1024K)]
  0x000001935e8147d0 JavaThread "Active Thread: Equinox Container: ea35bd73-8361-4f81-99d5-070b4b34f3c3"        [_thread_blocked, id=7564, stack(0x0000007548500000,0x0000007548600000) (1024K)]
  0x000001935e116830 JavaThread "Refresh Thread: Equinox Container: ea35bd73-8361-4f81-99d5-070b4b34f3c3" daemon [_thread_blocked, id=2084, stack(0x0000007548900000,0x0000007548a00000) (1024K)]
  0x000001935e1303b0 JavaThread "Framework Event Dispatcher: Equinox Container: ea35bd73-8361-4f81-99d5-070b4b34f3c3" daemon [_thread_blocked, id=13688, stack(0x0000007548a00000,0x0000007548b00000) (1024K)]
  0x000001935e6e2170 JavaThread "Start Level: Equinox Container: ea35bd73-8361-4f81-99d5-070b4b34f3c3" daemon [_thread_blocked, id=12272, stack(0x0000007548b00000,0x0000007548c00000) (1024K)]
  0x000001935ea6b850 JavaThread "Bundle File Closer"         daemon [_thread_blocked, id=7068, stack(0x0000007548c00000,0x0000007548d00000) (1024K)]
  0x000001935e5976c0 JavaThread "SCR Component Actor"        daemon [_thread_blocked, id=13980, stack(0x0000007548d00000,0x0000007548e00000) (1024K)]
  0x000001935e83df80 JavaThread "Worker-JM"                         [_thread_blocked, id=11216, stack(0x0000007548f00000,0x0000007549000000) (1024K)]
  0x000001935e8406e0 JavaThread "JNA Cleaner"                daemon [_thread_blocked, id=5660, stack(0x0000007549000000,0x0000007549100000) (1024K)]
  0x000001935e83f330 JavaThread "Worker-0: Java indexing... "        [_thread_blocked, id=10628, stack(0x0000007549100000,0x0000007549200000) (1024K)]
  0x000001935e83f9c0 JavaThread "Worker-1: Building"                [_thread_in_vm, id=10660, stack(0x0000007549200000,0x0000007549300000) (1024K)]
  0x000001935e83eca0 JavaThread "Worker-2"                          [_thread_blocked, id=11900, stack(0x0000007549300000,0x0000007549400000) (1024K)]
  0x000001935e840d70 JavaThread "Worker-3"                          [_thread_blocked, id=7440, stack(0x0000007549400000,0x0000007549500000) (1024K)]
  0x000001935e840050 JavaThread "Java indexing"              daemon [_thread_in_Java, id=6704, stack(0x0000007549600000,0x0000007549700000) (1024K)]
  0x000001935e841400 JavaThread "Worker-4"                          [_thread_blocked, id=1072, stack(0x0000007549700000,0x0000007549800000) (1024K)]
  0x000001935e83e610 JavaThread "Worker-5"                          [_thread_blocked, id=1192, stack(0x0000007549800000,0x0000007549900000) (1024K)]
  0x000001935fc11030 JavaThread "Thread-2"                   daemon [_thread_in_native, id=14868, stack(0x0000007549900000,0x0000007549a00000) (1024K)]
  0x000001935fc116c0 JavaThread "Thread-3"                   daemon [_thread_in_native, id=7816, stack(0x0000007549a00000,0x0000007549b00000) (1024K)]
  0x000001935fc0e8d0 JavaThread "Thread-4"                   daemon [_thread_in_native, id=2704, stack(0x0000007549b00000,0x0000007549c00000) (1024K)]
  0x000001935fc0dbb0 JavaThread "Thread-5"                   daemon [_thread_in_native, id=2284, stack(0x0000007549c00000,0x0000007549d00000) (1024K)]
  0x000001935fc109a0 JavaThread "Thread-6"                   daemon [_thread_in_native, id=13376, stack(0x0000007549d00000,0x0000007549e00000) (1024K)]
  0x000001935fc0c170 JavaThread "pool-2-thread-1"                   [_thread_blocked, id=1140, stack(0x0000007549e00000,0x0000007549f00000) (1024K)]
  0x000001935fc0ef60 JavaThread "WorkspaceEventsHandler"            [_thread_blocked, id=13668, stack(0x0000007549f00000,0x000000754a000000) (1024K)]
  0x000001935fc0fc80 JavaThread "pool-1-thread-1"                   [_thread_blocked, id=14812, stack(0x000000754a000000,0x000000754a100000) (1024K)]
  0x000001935fc0c800 JavaThread "Keep-Alive-Timer"           daemon [_thread_blocked, id=12176, stack(0x000000754a100000,0x000000754a200000) (1024K)]
Total: 35

Other Threads:
  0x000001937f7b4f20 VMThread "VM Thread"                           [id=10272, stack(0x0000007547a00000,0x0000007547b00000) (1024K)]
  0x000001937f7629e0 WatcherThread "VM Periodic Task Thread"        [id=10996, stack(0x0000007547900000,0x0000007547a00000) (1024K)]
  0x000001937f716230 WorkerThread "GC Thread#0"                     [id=2588, stack(0x0000007547800000,0x0000007547900000) (1024K)]
  0x000001935e36f910 WorkerThread "GC Thread#1"                     [id=11996, stack(0x0000007548600000,0x0000007548700000) (1024K)]
  0x000001935e36fcb0 WorkerThread "GC Thread#2"                     [id=6500, stack(0x0000007548700000,0x0000007548800000) (1024K)]
  0x000001935e370050 WorkerThread "GC Thread#3"                     [id=5812, stack(0x0000007548800000,0x0000007548900000) (1024K)]
Total: 6

Threads with active compile tasks:
C2 CompilerThread0  33409 7601       4       java.lang.ClassLoader::postDefineClass (39 bytes)
Total: 1

VM state: not at safepoint (normal execution)

VM Mutex/Monitor currently owned by a thread: None

Heap address: 0x0000000080000000, size: 2048 MB, Compressed Oops mode: 32-bit

CDS archive(s) mapped at: [0x0000019318000000-0x0000019318ba0000-0x0000019318ba0000), size 12189696, SharedBaseAddress: 0x0000019318000000, ArchiveRelocationMode: 1.
Compressed class space mapped at: 0x0000019319000000-0x0000019359000000, reserved size: 1073741824
Narrow klass base: 0x0000019318000000, Narrow klass shift: 0, Narrow klass range: 0x100000000

GC Precious Log:
 CardTable entry size: 512
 CPUs: 4 total, 4 available
 Memory: 8076M
 Large Page Support: Disabled
 NUMA Support: Disabled
 Compressed Oops: Enabled (32-bit)
 Alignments: Space 512K, Generation 512K, Heap 2M
 Heap Min Capacity: 100M
 Heap Initial Capacity: 100M
 Heap Max Capacity: 2G
 Pre-touch: Disabled
 Parallel Workers: 4

Heap:
 PSYoungGen      total 20480K, used 10348K [0x00000000d5580000, 0x00000000d6f80000, 0x0000000100000000)
  eden space 18432K, 45% used [0x00000000d5580000,0x00000000d5d9c470,0x00000000d6780000)
  from space 2048K, 99% used [0x00000000d6780000,0x00000000d697ecb0,0x00000000d6980000)
  to   space 4096K, 0% used [0x00000000d6b80000,0x00000000d6b80000,0x00000000d6f80000)
 ParOldGen       total 68608K, used 39837K [0x0000000080000000, 0x0000000084300000, 0x00000000d5580000)
  object space 68608K, 58% used [0x0000000080000000,0x00000000826e7768,0x0000000084300000)
 Metaspace       used 54867K, committed 56000K, reserved 1114112K
  class space    used 5996K, committed 6528K, reserved 1048576K

Card table byte_map: [0x000001937f0a0000,0x000001937f4b0000] _byte_map_base: 0x000001937eca0000

Marking Bits: (ParMarkBitMap*) 0x00007fffebeba340
 Begin Bits: [0x0000019313540000, 0x0000019315540000)
 End Bits:   [0x0000019315540000, 0x0000019317540000)

Polling page: 0x000001937e9c0000

Metaspace:

Usage:
  Non-class:     47.73 MB used.
      Class:      5.86 MB used.
       Both:     53.58 MB used.

Virtual space:
  Non-class space:       64.00 MB reserved,      48.31 MB ( 75%) committed,  1 nodes.
      Class space:        1.00 GB reserved,       6.38 MB ( <1%) committed,  1 nodes.
             Both:        1.06 GB reserved,      54.69 MB (  5%) committed. 

Chunk freelists:
   Non-Class:  15.50 MB
       Class:  9.66 MB
        Both:  25.16 MB

MaxMetaspaceSize: unlimited
CompressedClassSpaceSize: 1.00 GB
Initial GC threshold: 21.00 MB
Current GC threshold: 58.38 MB
CDS: on
 - commit_granule_bytes: 65536.
 - commit_granule_words: 8192.
 - virtual_space_node_default_size: 8388608.
 - enlarge_chunks_in_place: 1.
 - use_allocation_guard: 0.


Internal statistics:

num_allocs_failed_limit: 8.
num_arena_births: 872.
num_arena_deaths: 16.
num_vsnodes_births: 2.
num_vsnodes_deaths: 0.
num_space_committed: 875.
num_space_uncommitted: 0.
num_chunks_returned_to_freelist: 25.
num_chunks_taken_from_freelist: 3133.
num_chunk_merges: 10.
num_chunk_splits: 1949.
num_chunks_enlarged: 1150.
num_inconsistent_stats: 0.

CodeHeap 'non-profiled nmethods': size=120000Kb used=4286Kb max_used=4286Kb free=115713Kb
 bounds [0x000001930c010000, 0x000001930c440000, 0x0000019313540000]
CodeHeap 'profiled nmethods': size=120000Kb used=14884Kb max_used=14884Kb free=105115Kb
 bounds [0x0000019304540000, 0x00000193053d0000, 0x000001930ba70000]
CodeHeap 'non-nmethods': size=5760Kb used=1431Kb max_used=1477Kb free=4328Kb
 bounds [0x000001930ba70000, 0x000001930bce0000, 0x000001930c010000]
CodeCache: size=245760Kb, used=20601Kb, max_used=20647Kb, free=225156Kb
 total_blobs=7730, nmethods=6990, adapters=646, full_count=0
Compilation: enabled, stopped_count=0, restarted_count=0

Compilation events (20 events):
Event: 33.319 Thread 0x00000193176f3b60 7593       3       org.eclipse.jdt.internal.compiler.util.CharDeduplication::intern (11 bytes)
Event: 33.320 Thread 0x00000193176f3b60 nmethod 7593 0x00000193053c4690 code [0x00000193053c4840, 0x00000193053c49c0]
Event: 33.320 Thread 0x00000193176f3b60 7594       3       org.eclipse.jdt.core.search.SearchDocument::getContainerRelativePath (27 bytes)
Event: 33.321 Thread 0x00000193176f3b60 nmethod 7594 0x00000193053c4b10 code [0x00000193053c4cc0, 0x00000193053c4e98]
Event: 33.321 Thread 0x00000193176f3b60 7595       3       org.eclipse.jdt.internal.core.search.indexing.AbstractIndexer::addIndexEntry (10 bytes)
Event: 33.321 Thread 0x00000193176f3b60 nmethod 7595 0x00000193053c4f90 code [0x00000193053c5180, 0x00000193053c55f0]
Event: 33.321 Thread 0x00000193176f3b60 7596       3       org.eclipse.jdt.core.search.SearchDocument::addIndexEntry (21 bytes)
Event: 33.322 Thread 0x00000193176f3b60 nmethod 7596 0x00000193053c5810 code [0x00000193053c59e0, 0x00000193053c5d18]
Event: 33.322 Thread 0x00000193176f3b60 7597  s    3       sun.nio.ch.ChannelInputStream::read (77 bytes)
Event: 33.322 Thread 0x00000193176f3b60 nmethod 7597 0x00000193053c5f10 code [0x00000193053c6140, 0x00000193053c6920]
Event: 33.323 Thread 0x00000193176f3b60 7598       3       org.eclipse.jdt.core.compiler.CharOperation::lastIndexOf (24 bytes)
Event: 33.323 Thread 0x00000193176f3b60 nmethod 7598 0x00000193053c6c10 code [0x00000193053c6dc0, 0x00000193053c6fe8]
Event: 33.323 Thread 0x00000193176f3b60 7600       3       org.eclipse.jdt.internal.compiler.util.HashtableOfObject::get (56 bytes)
Event: 33.323 Thread 0x00000193176f3b60 nmethod 7600 0x00000193053c7110 code [0x00000193053c7300, 0x00000193053c7730]
Event: 33.323 Thread 0x00000193176f3b60 7599       3       org.eclipse.jdt.internal.core.index.MemoryIndex::addIndexEntry (118 bytes)
Event: 33.324 Thread 0x00000193176f3b60 nmethod 7599 0x00000193053c7990 code [0x00000193053c7be0, 0x00000193053c8328]
Event: 33.327 Thread 0x00000193176f3b60 7602   !   3       org.eclipse.core.internal.jobs.JobManager::withWriteLock (70 bytes)
Event: 33.328 Thread 0x00000193176f3b60 nmethod 7602 0x00000193053c8610 code [0x00000193053c8820, 0x00000193053c8e38]
Event: 33.362 Thread 0x0000019317681360 nmethod 7590 0x000001930c43c990 code [0x000001930c43cd20, 0x000001930c43e9c8]
Event: 33.362 Thread 0x0000019317681360 7601       4       java.lang.ClassLoader::postDefineClass (39 bytes)

GC Heap History (20 events):
Event: 21.576 GC heap before
{Heap before GC invocations=20 (full 2):
 PSYoungGen      total 25088K, used 24683K [0x00000000d5580000, 0x00000000d7100000, 0x0000000100000000)
  eden space 22016K, 100% used [0x00000000d5580000,0x00000000d6b00000,0x00000000d6b00000)
  from space 3072K, 86% used [0x00000000d6b80000,0x00000000d6e1aec0,0x00000000d6e80000)
  to   space 2560K, 0% used [0x00000000d6e80000,0x00000000d6e80000,0x00000000d7100000)
 ParOldGen       total 68608K, used 21772K [0x0000000080000000, 0x0000000084300000, 0x00000000d5580000)
  object space 68608K, 31% used [0x0000000080000000,0x0000000081543388,0x0000000084300000)
 Metaspace       used 48402K, committed 49664K, reserved 1114112K
  class space    used 5308K, committed 5888K, reserved 1048576K
}
Event: 21.583 GC heap after
{Heap after GC invocations=20 (full 2):
 PSYoungGen      total 24576K, used 2192K [0x00000000d5580000, 0x00000000d7100000, 0x0000000100000000)
  eden space 22016K, 0% used [0x00000000d5580000,0x00000000d5580000,0x00000000d6b00000)
  from space 2560K, 85% used [0x00000000d6e80000,0x00000000d70a4028,0x00000000d7100000)
  to   space 2560K, 0% used [0x00000000d6c00000,0x00000000d6c00000,0x00000000d6e80000)
 ParOldGen       total 68608K, used 22580K [0x0000000080000000, 0x0000000084300000, 0x00000000d5580000)
  object space 68608K, 32% used [0x0000000080000000,0x000000008160d3b8,0x0000000084300000)
 Metaspace       used 48402K, committed 49664K, reserved 1114112K
  class space    used 5308K, committed 5888K, reserved 1048576K
}
Event: 23.235 GC heap before
{Heap before GC invocations=21 (full 2):
 PSYoungGen      total 24576K, used 24208K [0x00000000d5580000, 0x00000000d7100000, 0x0000000100000000)
  eden space 22016K, 100% used [0x00000000d5580000,0x00000000d6b00000,0x00000000d6b00000)
  from space 2560K, 85% used [0x00000000d6e80000,0x00000000d70a4028,0x00000000d7100000)
  to   space 2560K, 0% used [0x00000000d6c00000,0x00000000d6c00000,0x00000000d6e80000)
 ParOldGen       total 68608K, used 22580K [0x0000000080000000, 0x0000000084300000, 0x00000000d5580000)
  object space 68608K, 32% used [0x0000000080000000,0x000000008160d3b8,0x0000000084300000)
 Metaspace       used 50527K, committed 51712K, reserved 1114112K
  class space    used 5541K, committed 6080K, reserved 1048576K
}
Event: 23.240 GC heap after
{Heap after GC invocations=21 (full 2):
 PSYoungGen      total 24576K, used 2422K [0x00000000d5580000, 0x00000000d7000000, 0x0000000100000000)
  eden space 22016K, 0% used [0x00000000d5580000,0x00000000d5580000,0x00000000d6b00000)
  from space 2560K, 94% used [0x00000000d6c00000,0x00000000d6e5db00,0x00000000d6e80000)
  to   space 1536K, 0% used [0x00000000d6e80000,0x00000000d6e80000,0x00000000d7000000)
 ParOldGen       total 68608K, used 24669K [0x0000000080000000, 0x0000000084300000, 0x00000000d5580000)
  object space 68608K, 35% used [0x0000000080000000,0x0000000081817440,0x0000000084300000)
 Metaspace       used 50527K, committed 51712K, reserved 1114112K
  class space    used 5541K, committed 6080K, reserved 1048576K
}
Event: 23.901 GC heap before
{Heap before GC invocations=22 (full 2):
 PSYoungGen      total 24576K, used 24438K [0x00000000d5580000, 0x00000000d7000000, 0x0000000100000000)
  eden space 22016K, 100% used [0x00000000d5580000,0x00000000d6b00000,0x00000000d6b00000)
  from space 2560K, 94% used [0x00000000d6c00000,0x00000000d6e5db00,0x00000000d6e80000)
  to   space 1536K, 0% used [0x00000000d6e80000,0x00000000d6e80000,0x00000000d7000000)
 ParOldGen       total 68608K, used 24669K [0x0000000080000000, 0x0000000084300000, 0x00000000d5580000)
  object space 68608K, 35% used [0x0000000080000000,0x0000000081817440,0x0000000084300000)
 Metaspace       used 50754K, committed 51904K, reserved 1114112K
  class space    used 5554K, committed 6080K, reserved 1048576K
}
Event: 23.908 GC heap after
{Heap after GC invocations=22 (full 2):
 PSYoungGen      total 22528K, used 1504K [0x00000000d5580000, 0x00000000d7400000, 0x0000000100000000)
  eden space 20992K, 0% used [0x00000000d5580000,0x00000000d5580000,0x00000000d6a00000)
  from space 1536K, 97% used [0x00000000d6e80000,0x00000000d6ff8030,0x00000000d7000000)
  to   space 4608K, 0% used [0x00000000d6a00000,0x00000000d6a00000,0x00000000d6e80000)
 ParOldGen       total 68608K, used 27431K [0x0000000080000000, 0x0000000084300000, 0x00000000d5580000)
  object space 68608K, 39% used [0x0000000080000000,0x0000000081ac9fc0,0x0000000084300000)
 Metaspace       used 50754K, committed 51904K, reserved 1114112K
  class space    used 5554K, committed 6080K, reserved 1048576K
}
Event: 24.989 GC heap before
{Heap before GC invocations=23 (full 2):
 PSYoungGen      total 22528K, used 22496K [0x00000000d5580000, 0x00000000d7400000, 0x0000000100000000)
  eden space 20992K, 100% used [0x00000000d5580000,0x00000000d6a00000,0x00000000d6a00000)
  from space 1536K, 97% used [0x00000000d6e80000,0x00000000d6ff8030,0x00000000d7000000)
  to   space 4608K, 0% used [0x00000000d6a00000,0x00000000d6a00000,0x00000000d6e80000)
 ParOldGen       total 68608K, used 27431K [0x0000000080000000, 0x0000000084300000, 0x00000000d5580000)
  object space 68608K, 39% used [0x0000000080000000,0x0000000081ac9fc0,0x0000000084300000)
 Metaspace       used 51297K, committed 52416K, reserved 1114112K
  class space    used 5631K, committed 6144K, reserved 1048576K
}
Event: 24.996 GC heap after
{Heap after GC invocations=23 (full 2):
 PSYoungGen      total 23552K, used 2050K [0x00000000d5580000, 0x00000000d7000000, 0x0000000100000000)
  eden space 20992K, 0% used [0x00000000d5580000,0x00000000d5580000,0x00000000d6a00000)
  from space 2560K, 80% used [0x00000000d6a00000,0x00000000d6c00810,0x00000000d6c80000)
  to   space 3072K, 0% used [0x00000000d6d00000,0x00000000d6d00000,0x00000000d7000000)
 ParOldGen       total 68608K, used 28904K [0x0000000080000000, 0x0000000084300000, 0x00000000d5580000)
  object space 68608K, 42% used [0x0000000080000000,0x0000000081c3a010,0x0000000084300000)
 Metaspace       used 51297K, committed 52416K, reserved 1114112K
  class space    used 5631K, committed 6144K, reserved 1048576K
}
Event: 25.419 GC heap before
{Heap before GC invocations=24 (full 2):
 PSYoungGen      total 23552K, used 23042K [0x00000000d5580000, 0x00000000d7000000, 0x0000000100000000)
  eden space 20992K, 100% used [0x00000000d5580000,0x00000000d6a00000,0x00000000d6a00000)
  from space 2560K, 80% used [0x00000000d6a00000,0x00000000d6c00810,0x00000000d6c80000)
  to   space 3072K, 0% used [0x00000000d6d00000,0x00000000d6d00000,0x00000000d7000000)
 ParOldGen       total 68608K, used 28904K [0x0000000080000000, 0x0000000084300000, 0x00000000d5580000)
  object space 68608K, 42% used [0x0000000080000000,0x0000000081c3a010,0x0000000084300000)
 Metaspace       used 51312K, committed 52416K, reserved 1114112K
  class space    used 5631K, committed 6144K, reserved 1048576K
}
Event: 25.425 GC heap after
{Heap after GC invocations=24 (full 2):
 PSYoungGen      total 23552K, used 2176K [0x00000000d5580000, 0x00000000d6f80000, 0x0000000100000000)
  eden space 20992K, 0% used [0x00000000d5580000,0x00000000d5580000,0x00000000d6a00000)
  from space 2560K, 85% used [0x00000000d6d00000,0x00000000d6f20010,0x00000000d6f80000)
  to   space 2560K, 0% used [0x00000000d6a00000,0x00000000d6a00000,0x00000000d6c80000)
 ParOldGen       total 68608K, used 30902K [0x0000000080000000, 0x0000000084300000, 0x00000000d5580000)
  object space 68608K, 45% used [0x0000000080000000,0x0000000081e2d948,0x0000000084300000)
 Metaspace       used 51312K, committed 52416K, reserved 1114112K
  class space    used 5631K, committed 6144K, reserved 1048576K
}
Event: 25.601 GC heap before
{Heap before GC invocations=25 (full 2):
 PSYoungGen      total 23552K, used 23168K [0x00000000d5580000, 0x00000000d6f80000, 0x0000000100000000)
  eden space 20992K, 100% used [0x00000000d5580000,0x00000000d6a00000,0x00000000d6a00000)
  from space 2560K, 85% used [0x00000000d6d00000,0x00000000d6f20010,0x00000000d6f80000)
  to   space 2560K, 0% used [0x00000000d6a00000,0x00000000d6a00000,0x00000000d6c80000)
 ParOldGen       total 68608K, used 30902K [0x0000000080000000, 0x0000000084300000, 0x00000000d5580000)
  object space 68608K, 45% used [0x0000000080000000,0x0000000081e2d948,0x0000000084300000)
 Metaspace       used 51324K, committed 52480K, reserved 1114112K
  class space    used 5631K, committed 6144K, reserved 1048576K
}
Event: 25.606 GC heap after
{Heap after GC invocations=25 (full 2):
 PSYoungGen      total 23040K, used 1924K [0x00000000d5580000, 0x00000000d6e00000, 0x0000000100000000)
  eden space 20992K, 0% used [0x00000000d5580000,0x00000000d5580000,0x00000000d6a00000)
  from space 2048K, 93% used [0x00000000d6a00000,0x00000000d6be1000,0x00000000d6c00000)
  to   space 2048K, 0% used [0x00000000d6c00000,0x00000000d6c00000,0x00000000d6e00000)
 ParOldGen       total 68608K, used 32998K [0x0000000080000000, 0x0000000084300000, 0x00000000d5580000)
  object space 68608K, 48% used [0x0000000080000000,0x0000000082039958,0x0000000084300000)
 Metaspace       used 51324K, committed 52480K, reserved 1114112K
  class space    used 5631K, committed 6144K, reserved 1048576K
}
Event: 26.110 GC heap before
{Heap before GC invocations=26 (full 2):
 PSYoungGen      total 23040K, used 22916K [0x00000000d5580000, 0x00000000d6e00000, 0x0000000100000000)
  eden space 20992K, 100% used [0x00000000d5580000,0x00000000d6a00000,0x00000000d6a00000)
  from space 2048K, 93% used [0x00000000d6a00000,0x00000000d6be1000,0x00000000d6c00000)
  to   space 2048K, 0% used [0x00000000d6c00000,0x00000000d6c00000,0x00000000d6e00000)
 ParOldGen       total 68608K, used 32998K [0x0000000080000000, 0x0000000084300000, 0x00000000d5580000)
  object space 68608K, 48% used [0x0000000080000000,0x0000000082039958,0x0000000084300000)
 Metaspace       used 51331K, committed 52480K, reserved 1114112K
  class space    used 5632K, committed 6144K, reserved 1048576K
}
Event: 26.115 GC heap after
{Heap after GC invocations=26 (full 2):
 PSYoungGen      total 20480K, used 2016K [0x00000000d5580000, 0x00000000d7300000, 0x0000000100000000)
  eden space 18432K, 0% used [0x00000000d5580000,0x00000000d5580000,0x00000000d6780000)
  from space 2048K, 98% used [0x00000000d6c00000,0x00000000d6df8010,0x00000000d6e00000)
  to   space 4608K, 0% used [0x00000000d6780000,0x00000000d6780000,0x00000000d6c00000)
 ParOldGen       total 68608K, used 34859K [0x0000000080000000, 0x0000000084300000, 0x00000000d5580000)
  object space 68608K, 50% used [0x0000000080000000,0x000000008220af80,0x0000000084300000)
 Metaspace       used 51331K, committed 52480K, reserved 1114112K
  class space    used 5632K, committed 6144K, reserved 1048576K
}
Event: 26.596 GC heap before
{Heap before GC invocations=27 (full 2):
 PSYoungGen      total 20480K, used 20448K [0x00000000d5580000, 0x00000000d7300000, 0x0000000100000000)
  eden space 18432K, 100% used [0x00000000d5580000,0x00000000d6780000,0x00000000d6780000)
  from space 2048K, 98% used [0x00000000d6c00000,0x00000000d6df8010,0x00000000d6e00000)
  to   space 4608K, 0% used [0x00000000d6780000,0x00000000d6780000,0x00000000d6c00000)
 ParOldGen       total 68608K, used 34859K [0x0000000080000000, 0x0000000084300000, 0x00000000d5580000)
  object space 68608K, 50% used [0x0000000080000000,0x000000008220af80,0x0000000084300000)
 Metaspace       used 51371K, committed 52480K, reserved 1114112K
  class space    used 5634K, committed 6144K, reserved 1048576K
}
Event: 26.602 GC heap after
{Heap after GC invocations=27 (full 2):
 PSYoungGen      total 20480K, used 1624K [0x00000000d5580000, 0x00000000d6c80000, 0x0000000100000000)
  eden space 18432K, 0% used [0x00000000d5580000,0x00000000d5580000,0x00000000d6780000)
  from space 2048K, 79% used [0x00000000d6780000,0x00000000d6916200,0x00000000d6980000)
  to   space 2560K, 0% used [0x00000000d6a00000,0x00000000d6a00000,0x00000000d6c80000)
 ParOldGen       total 68608K, used 36875K [0x0000000080000000, 0x0000000084300000, 0x00000000d5580000)
  object space 68608K, 53% used [0x0000000080000000,0x0000000082402f90,0x0000000084300000)
 Metaspace       used 51371K, committed 52480K, reserved 1114112K
  class space    used 5634K, committed 6144K, reserved 1048576K
}
Event: 30.181 GC heap before
{Heap before GC invocations=28 (full 2):
 PSYoungGen      total 20480K, used 19464K [0x00000000d5580000, 0x00000000d6c80000, 0x0000000100000000)
  eden space 18432K, 96% used [0x00000000d5580000,0x00000000d66ec030,0x00000000d6780000)
  from space 2048K, 79% used [0x00000000d6780000,0x00000000d6916200,0x00000000d6980000)
  to   space 2560K, 0% used [0x00000000d6a00000,0x00000000d6a00000,0x00000000d6c80000)
 ParOldGen       total 68608K, used 36875K [0x0000000080000000, 0x0000000084300000, 0x00000000d5580000)
  object space 68608K, 53% used [0x0000000080000000,0x0000000082402f90,0x0000000084300000)
 Metaspace       used 51584K, committed 52736K, reserved 1114112K
  class space    used 5654K, committed 6144K, reserved 1048576K
}
Event: 30.190 GC heap after
{Heap after GC invocations=28 (full 2):
 PSYoungGen      total 19968K, used 1410K [0x00000000d5580000, 0x00000000d6b80000, 0x0000000100000000)
  eden space 18432K, 0% used [0x00000000d5580000,0x00000000d5580000,0x00000000d6780000)
  from space 1536K, 91% used [0x00000000d6a00000,0x00000000d6b60a80,0x00000000d6b80000)
  to   space 2048K, 0% used [0x00000000d6780000,0x00000000d6780000,0x00000000d6980000)
 ParOldGen       total 68608K, used 38420K [0x0000000080000000, 0x0000000084300000, 0x00000000d5580000)
  object space 68608K, 55% used [0x0000000080000000,0x0000000082585190,0x0000000084300000)
 Metaspace       used 51584K, committed 52736K, reserved 1114112K
  class space    used 5654K, committed 6144K, reserved 1048576K
}
Event: 33.040 GC heap before
{Heap before GC invocations=29 (full 2):
 PSYoungGen      total 19968K, used 19842K [0x00000000d5580000, 0x00000000d6b80000, 0x0000000100000000)
  eden space 18432K, 99% used [0x00000000d5580000,0x00000000d677fff0,0x00000000d6780000)
  from space 1536K, 91% used [0x00000000d6a00000,0x00000000d6b60a80,0x00000000d6b80000)
  to   space 2048K, 0% used [0x00000000d6780000,0x00000000d6780000,0x00000000d6980000)
 ParOldGen       total 68608K, used 38420K [0x0000000080000000, 0x0000000084300000, 0x00000000d5580000)
  object space 68608K, 55% used [0x0000000080000000,0x0000000082585190,0x0000000084300000)
 Metaspace       used 53517K, committed 54720K, reserved 1114112K
  class space    used 5853K, committed 6400K, reserved 1048576K
}
Event: 33.045 GC heap after
{Heap after GC invocations=29 (full 2):
 PSYoungGen      total 20480K, used 2043K [0x00000000d5580000, 0x00000000d6f80000, 0x0000000100000000)
  eden space 18432K, 0% used [0x00000000d5580000,0x00000000d5580000,0x00000000d6780000)
  from space 2048K, 99% used [0x00000000d6780000,0x00000000d697ecb0,0x00000000d6980000)
  to   space 4096K, 0% used [0x00000000d6b80000,0x00000000d6b80000,0x00000000d6f80000)
 ParOldGen       total 68608K, used 39837K [0x0000000080000000, 0x0000000084300000, 0x00000000d5580000)
  object space 68608K, 58% used [0x0000000080000000,0x00000000826e7768,0x0000000084300000)
 Metaspace       used 53517K, committed 54720K, reserved 1114112K
  class space    used 5853K, committed 6400K, reserved 1048576K
}

Dll operation events (12 events):
Event: 0.006 Loaded shared library c:\Users\Administrator\.vscode\extensions\redhat.java-1.44.0-win32-x64\jre\21.0.8-win32-x86_64\bin\java.dll
Event: 0.444 Loaded shared library c:\Users\Administrator\.vscode\extensions\redhat.java-1.44.0-win32-x64\jre\21.0.8-win32-x86_64\bin\zip.dll
Event: 0.606 Loaded shared library C:\Users\Administrator\.vscode\extensions\redhat.java-1.44.0-win32-x64\jre\21.0.8-win32-x86_64\bin\instrument.dll
Event: 0.612 Loaded shared library C:\Users\Administrator\.vscode\extensions\redhat.java-1.44.0-win32-x64\jre\21.0.8-win32-x86_64\bin\net.dll
Event: 0.614 Loaded shared library C:\Users\Administrator\.vscode\extensions\redhat.java-1.44.0-win32-x64\jre\21.0.8-win32-x86_64\bin\nio.dll
Event: 0.618 Loaded shared library C:\Users\Administrator\.vscode\extensions\redhat.java-1.44.0-win32-x64\jre\21.0.8-win32-x86_64\bin\zip.dll
Event: 0.761 Loaded shared library C:\Users\Administrator\.vscode\extensions\redhat.java-1.44.0-win32-x64\jre\21.0.8-win32-x86_64\bin\jimage.dll
Event: 1.016 Loaded shared library c:\Users\Administrator\.vscode\extensions\redhat.java-1.44.0-win32-x64\jre\21.0.8-win32-x86_64\bin\verify.dll
Event: 5.988 Loaded shared library C:\Users\Administrator\AppData\Roaming\Code\User\globalStorage\redhat.java\1.44.0\config_win\org.eclipse.equinox.launcher\org.eclipse.equinox.launcher.win32.win32.x86_64_1.2.1400.v20250730-1736\eclipse_11913.dll
Event: 11.238 Loaded shared library C:\Users\Administrator\AppData\Local\Temp\jna-146731693\jna2022261820663981400.dll
Event: 17.325 Loaded shared library C:\Users\Administrator\.vscode\extensions\redhat.java-1.44.0-win32-x64\jre\21.0.8-win32-x86_64\bin\sunmscapi.dll
Event: 19.245 Loaded shared library C:\Users\Administrator\.vscode\extensions\redhat.java-1.44.0-win32-x64\jre\21.0.8-win32-x86_64\bin\extnet.dll

Deoptimization events (20 events):
Event: 32.201 Thread 0x000001935e83f9c0 DEOPT PACKING pc=0x00000193053b8126 sp=0x00000075492fd9a0
Event: 32.201 Thread 0x000001935e83f9c0 DEOPT UNPACKING pc=0x000001930bac4242 sp=0x00000075492fce90 mode 0
Event: 32.201 Thread 0x000001935e83f9c0 DEOPT PACKING pc=0x00000193053b8126 sp=0x00000075492fd9a0
Event: 32.201 Thread 0x000001935e83f9c0 DEOPT UNPACKING pc=0x000001930bac4242 sp=0x00000075492fce90 mode 0
Event: 32.201 Thread 0x000001935e83f9c0 DEOPT PACKING pc=0x00000193053b8126 sp=0x00000075492fd9a0
Event: 32.201 Thread 0x000001935e83f9c0 DEOPT UNPACKING pc=0x000001930bac4242 sp=0x00000075492fce90 mode 0
Event: 32.202 Thread 0x000001935e83f9c0 DEOPT PACKING pc=0x00000193053b8126 sp=0x00000075492fd9a0
Event: 32.202 Thread 0x000001935e83f9c0 DEOPT UNPACKING pc=0x000001930bac4242 sp=0x00000075492fce90 mode 0
Event: 33.309 Thread 0x000001935e840050 Uncommon trap: trap_request=0xffffffde fr.pc=0x000001930c3c5eac relative=0x0000000000004b2c
Event: 33.309 Thread 0x000001935e840050 Uncommon trap: reason=class_check action=maybe_recompile pc=0x000001930c3c5eac method=org.eclipse.jdt.internal.compiler.util.JrtFileSystem$2.visitFile(Ljava/nio/file/Path;Ljava/nio/file/attribute/BasicFileAttributes;)Ljava/nio/file/FileVisitResult; @ 66 c
Event: 33.309 Thread 0x000001935e840050 DEOPT PACKING pc=0x000001930c3c5eac sp=0x00000075496feb00
Event: 33.309 Thread 0x000001935e840050 DEOPT UNPACKING pc=0x000001930bac3aa2 sp=0x00000075496fea90 mode 2
Event: 33.312 Thread 0x000001935e840050 Uncommon trap: trap_request=0xffffffde fr.pc=0x000001930c3c5eac relative=0x0000000000004b2c
Event: 33.312 Thread 0x000001935e840050 Uncommon trap: reason=class_check action=maybe_recompile pc=0x000001930c3c5eac method=org.eclipse.jdt.internal.compiler.util.JrtFileSystem$2.visitFile(Ljava/nio/file/Path;Ljava/nio/file/attribute/BasicFileAttributes;)Ljava/nio/file/FileVisitResult; @ 66 c
Event: 33.312 Thread 0x000001935e840050 DEOPT PACKING pc=0x000001930c3c5eac sp=0x00000075496feb00
Event: 33.312 Thread 0x000001935e840050 DEOPT UNPACKING pc=0x000001930bac3aa2 sp=0x00000075496fea90 mode 2
Event: 33.313 Thread 0x000001935e840050 Uncommon trap: trap_request=0xffffffde fr.pc=0x000001930c3d2cac relative=0x0000000000004b2c
Event: 33.313 Thread 0x000001935e840050 Uncommon trap: reason=class_check action=maybe_recompile pc=0x000001930c3d2cac method=org.eclipse.jdt.internal.compiler.util.JrtFileSystem$2.visitFile(Ljava/nio/file/Path;Ljava/nio/file/attribute/BasicFileAttributes;)Ljava/nio/file/FileVisitResult; @ 66 c
Event: 33.313 Thread 0x000001935e840050 DEOPT PACKING pc=0x000001930c3d2cac sp=0x00000075496fea90
Event: 33.313 Thread 0x000001935e840050 DEOPT UNPACKING pc=0x000001930bac3aa2 sp=0x00000075496fea90 mode 2

Classes loaded (20 events):
Event: 23.129 Loading class java/nio/file/FileVisitResult
Event: 23.129 Loading class java/nio/file/FileVisitResult done
Event: 24.324 Loading class java/util/AbstractList$ListItr
Event: 24.324 Loading class java/util/AbstractList$ListItr done
Event: 24.447 Loading class java/nio/channels/Channels$ReadableByteChannelImpl
Event: 24.450 Loading class java/nio/channels/Channels$ReadableByteChannelImpl done
Event: 24.451 Loading class java/nio/channels/NonWritableChannelException
Event: 24.451 Loading class java/nio/channels/NonWritableChannelException done
Event: 30.191 Loading class java/util/WeakHashMap$KeyIterator
Event: 30.192 Loading class java/util/WeakHashMap$KeyIterator done
Event: 31.126 Loading class sun/security/ssl/Alert
Event: 31.129 Loading class sun/security/ssl/Alert done
Event: 31.130 Loading class sun/security/ssl/Alert$AlertConsumer
Event: 31.130 Loading class sun/security/ssl/Alert$AlertConsumer done
Event: 31.130 Loading class sun/security/ssl/Alert$Level
Event: 31.130 Loading class sun/security/ssl/Alert$Level done
Event: 31.849 Loading class sun/nio/ch/WindowsAsynchronousFileChannelImpl$WriteTask
Event: 31.851 Loading class sun/nio/ch/WindowsAsynchronousFileChannelImpl$WriteTask done
Event: 32.045 Loading class jdk/internal/math/FormattedFPDecimal
Event: 32.046 Loading class jdk/internal/math/FormattedFPDecimal done

Classes unloaded (8 events):
Event: 13.254 Thread 0x000001937f7b4f20 Unloading class 0x00000193191aa800 'java/lang/invoke/LambdaForm$MH+0x00000193191aa800'
Event: 13.254 Thread 0x000001937f7b4f20 Unloading class 0x00000193191aa400 'java/lang/invoke/LambdaForm$MH+0x00000193191aa400'
Event: 13.254 Thread 0x000001937f7b4f20 Unloading class 0x00000193191aa000 'java/lang/invoke/LambdaForm$MH+0x00000193191aa000'
Event: 13.254 Thread 0x000001937f7b4f20 Unloading class 0x00000193191a9c00 'java/lang/invoke/LambdaForm$MH+0x00000193191a9c00'
Event: 13.254 Thread 0x000001937f7b4f20 Unloading class 0x00000193191a9800 'java/lang/invoke/LambdaForm$BMH+0x00000193191a9800'
Event: 13.254 Thread 0x000001937f7b4f20 Unloading class 0x00000193191a9400 'java/lang/invoke/LambdaForm$DMH+0x00000193191a9400'
Event: 13.254 Thread 0x000001937f7b4f20 Unloading class 0x00000193191a8000 'java/lang/invoke/LambdaForm$DMH+0x00000193191a8000'
Event: 17.428 Thread 0x000001937f7b4f20 Unloading class 0x00000193192b9c00 'java/lang/invoke/LambdaForm$MH+0x00000193192b9c00'

Classes redefined (0 events):
No events

Internal exceptions (20 events):
Event: 23.269 Thread 0x000001935e840d70 Exception <a 'java/lang/NoSuchMethodError'{0x00000000d565a048}: 'java.lang.Object java.lang.invoke.Invokers$Holder.invoke_MT(java.lang.Object, java.lang.Object, java.lang.Object, java.lang.Object, java.lang.Object, java.lang.Object, java.lang.Object, java.lang.Object, java.lang.Object, java.lang.Object)'> (0x00000000d565a048) 
thrown [s\src\hotspot\share\interpreter\linkResolver.cpp, line 773]
Event: 24.421 Thread 0x000001935e840d70 Exception <a 'java/io/FileNotFoundException'{0x00000000d637f060}> (0x00000000d637f060) 
thrown [s\src\hotspot\share\prims\jni.cpp, line 520]
Event: 24.421 Thread 0x000001935e840d70 Exception <a 'java/io/FileNotFoundException'{0x00000000d6380870}> (0x00000000d6380870) 
thrown [s\src\hotspot\share\prims\jni.cpp, line 520]
Event: 24.424 Thread 0x000001935e840d70 Exception <a 'java/lang/NoSuchMethodError'{0x00000000d638ee78}: 'java.lang.Object java.lang.invoke.DirectMethodHandle$Holder.newInvokeSpecial(java.lang.Object, java.lang.Object, java.lang.Object, int)'> (0x00000000d638ee78) 
thrown [s\src\hotspot\share\interpreter\linkResolver.cpp, line 773]
Event: 24.425 Thread 0x000001935e840d70 Exception <a 'java/lang/NoSuchMethodError'{0x00000000d6392de0}: 'java.lang.Object java.lang.invoke.DirectMethodHandle$Holder.invokeSpecial(java.lang.Object, java.lang.Object, java.lang.Object, java.lang.Object, int)'> (0x00000000d6392de0) 
thrown [s\src\hotspot\share\interpreter\linkResolver.cpp, line 773]
Event: 24.425 Thread 0x000001935e840d70 Exception <a 'java/lang/NoSuchMethodError'{0x00000000d6396538}: 'java.lang.Object java.lang.invoke.Invokers$Holder.linkToTargetMethod(java.lang.Object, java.lang.Object, int, java.lang.Object)'> (0x00000000d6396538) 
thrown [s\src\hotspot\share\interpreter\linkResolver.cpp, line 773]
Event: 30.195 Thread 0x000001935e840d70 Exception <a 'java/io/FileNotFoundException'{0x00000000d56562c8}> (0x00000000d56562c8) 
thrown [s\src\hotspot\share\prims\jni.cpp, line 520]
Event: 30.195 Thread 0x000001935e840d70 Exception <a 'java/io/FileNotFoundException'{0x00000000d5657308}> (0x00000000d5657308) 
thrown [s\src\hotspot\share\prims\jni.cpp, line 520]
Event: 30.195 Thread 0x000001935e840d70 Exception <a 'java/io/FileNotFoundException'{0x00000000d56580a0}> (0x00000000d56580a0) 
thrown [s\src\hotspot\share\prims\jni.cpp, line 520]
Event: 30.528 Thread 0x000001935e83f9c0 Exception <a 'sun/nio/fs/WindowsException'{0x00000000d5707188}> (0x00000000d5707188) 
thrown [s\src\hotspot\share\prims\jni.cpp, line 520]
Event: 30.528 Thread 0x000001935e83f9c0 Exception <a 'sun/nio/fs/WindowsException'{0x00000000d57077b8}> (0x00000000d57077b8) 
thrown [s\src\hotspot\share\prims\jni.cpp, line 520]
Event: 30.529 Thread 0x000001935e83f9c0 Exception <a 'sun/nio/fs/WindowsException'{0x00000000d5844d70}> (0x00000000d5844d70) 
thrown [s\src\hotspot\share\prims\jni.cpp, line 520]
Event: 30.530 Thread 0x000001935e83f9c0 Exception <a 'sun/nio/fs/WindowsException'{0x00000000d5845650}> (0x00000000d5845650) 
thrown [s\src\hotspot\share\prims\jni.cpp, line 520]
Event: 31.150 Thread 0x000001935e83f9c0 Exception <a 'java/io/FileNotFoundException'{0x00000000d5aeab10}> (0x00000000d5aeab10) 
thrown [s\src\hotspot\share\prims\jni.cpp, line 520]
Event: 31.151 Thread 0x000001935e83f9c0 Exception <a 'java/io/FileNotFoundException'{0x00000000d5aebb48}> (0x00000000d5aebb48) 
thrown [s\src\hotspot\share\prims\jni.cpp, line 520]
Event: 31.152 Thread 0x000001935e83f9c0 Exception <a 'java/io/FileNotFoundException'{0x00000000d5aed330}> (0x00000000d5aed330) 
thrown [s\src\hotspot\share\prims\jni.cpp, line 520]
Event: 31.152 Thread 0x000001935e83f9c0 Exception <a 'java/io/FileNotFoundException'{0x00000000d5aee638}> (0x00000000d5aee638) 
thrown [s\src\hotspot\share\prims\jni.cpp, line 520]
Event: 31.152 Thread 0x000001935e83f9c0 Exception <a 'java/io/FileNotFoundException'{0x00000000d5aef690}> (0x00000000d5aef690) 
thrown [s\src\hotspot\share\prims\jni.cpp, line 520]
Event: 32.006 Thread 0x000001935e83f9c0 Exception <a 'java/lang/NoSuchMethodError'{0x00000000d609b408}: 'int java.lang.invoke.DirectMethodHandle$Holder.invokeSpecialIFC(java.lang.Object, java.lang.Object, java.lang.Object, java.lang.Object)'> (0x00000000d609b408) 
thrown [s\src\hotspot\share\interpreter\linkResolver.cpp, line 773]
Event: 33.158 Thread 0x000001935fc0fc80 Exception <a 'java/lang/IncompatibleClassChangeError'{0x00000000d56a30c0}: Found class java.lang.Object, but interface was expected> (0x00000000d56a30c0) 
thrown [s\src\hotspot\share\interpreter\linkResolver.cpp, line 840]

ZGC Phase Switch (0 events):
No events

VM Operations (20 events):
Event: 26.110 Executing VM operation: ParallelGCFailedAllocation (Allocation Failure)
Event: 26.115 Executing VM operation: ParallelGCFailedAllocation (Allocation Failure) done
Event: 26.595 Executing VM operation: ParallelGCFailedAllocation (Allocation Failure)
Event: 26.602 Executing VM operation: ParallelGCFailedAllocation (Allocation Failure) done
Event: 27.602 Executing VM operation: Cleanup
Event: 27.602 Executing VM operation: Cleanup done
Event: 29.603 Executing VM operation: Cleanup
Event: 29.603 Executing VM operation: Cleanup done
Event: 30.180 Executing VM operation: ParallelGCFailedAllocation (Allocation Failure)
Event: 30.190 Executing VM operation: ParallelGCFailedAllocation (Allocation Failure) done
Event: 30.628 Executing VM operation: HandshakeAllThreads (Deoptimize)
Event: 30.653 Executing VM operation: HandshakeAllThreads (Deoptimize) done
Event: 30.839 Executing VM operation: HandshakeAllThreads (Deoptimize)
Event: 31.239 Executing VM operation: HandshakeAllThreads (Deoptimize) done
Event: 31.239 Executing VM operation: Cleanup
Event: 31.239 Executing VM operation: Cleanup done
Event: 32.239 Executing VM operation: Cleanup
Event: 32.998 Executing VM operation: Cleanup done
Event: 33.040 Executing VM operation: ParallelGCFailedAllocation (Allocation Failure)
Event: 33.045 Executing VM operation: ParallelGCFailedAllocation (Allocation Failure) done

Memory protections (0 events):
No events

Nmethod flushes (20 events):
Event: 17.443 Thread 0x000001937f7b4f20 flushing  nmethod 0x0000019304bef210
Event: 17.443 Thread 0x000001937f7b4f20 flushing  nmethod 0x0000019304bef610
Event: 17.443 Thread 0x000001937f7b4f20 flushing  nmethod 0x0000019304beff10
Event: 17.443 Thread 0x000001937f7b4f20 flushing  nmethod 0x0000019304bf1110
Event: 17.443 Thread 0x000001937f7b4f20 flushing  nmethod 0x0000019304bf1910
Event: 17.443 Thread 0x000001937f7b4f20 flushing  nmethod 0x0000019304bf2090
Event: 17.443 Thread 0x000001937f7b4f20 flushing  nmethod 0x0000019304bf3a10
Event: 17.443 Thread 0x000001937f7b4f20 flushing  nmethod 0x0000019304bf4310
Event: 17.443 Thread 0x000001937f7b4f20 flushing  nmethod 0x0000019304bf5810
Event: 17.443 Thread 0x000001937f7b4f20 flushing  nmethod 0x0000019304bf6210
Event: 17.443 Thread 0x000001937f7b4f20 flushing  nmethod 0x0000019304bf6d90
Event: 17.443 Thread 0x000001937f7b4f20 flushing  nmethod 0x0000019304bf7290
Event: 17.443 Thread 0x000001937f7b4f20 flushing  nmethod 0x0000019304bf8210
Event: 17.443 Thread 0x000001937f7b4f20 flushing  nmethod 0x0000019304c3da10
Event: 17.443 Thread 0x000001937f7b4f20 flushing  nmethod 0x0000019304c46a10
Event: 17.443 Thread 0x000001937f7b4f20 flushing  nmethod 0x0000019304c4e110
Event: 17.443 Thread 0x000001937f7b4f20 flushing  nmethod 0x0000019304ca1b90
Event: 17.443 Thread 0x000001937f7b4f20 flushing  nmethod 0x0000019304ccc290
Event: 17.443 Thread 0x000001937f7b4f20 flushing  nmethod 0x0000019304ce1390
Event: 17.443 Thread 0x000001937f7b4f20 flushing  nmethod 0x0000019304d0e290

Events (20 events):
Event: 18.175 Thread 0x000001937e8e6040 Thread added: 0x000001935fc116c0
Event: 18.175 Thread 0x000001937e8e6040 Thread added: 0x000001935fc0e8d0
Event: 18.175 Thread 0x000001937e8e6040 Thread added: 0x000001935fc0dbb0
Event: 18.176 Thread 0x000001937e8e6040 Thread added: 0x000001935fc109a0
Event: 18.238 Thread 0x000001937e8e6040 Thread added: 0x000001935fc0c170
Event: 18.239 Thread 0x000001935ec5d020 Thread exited: 0x000001935ec5d020
Event: 19.205 Thread 0x0000019360dc1930 Thread exited: 0x0000019360dc1930
Event: 19.308 Thread 0x00000193176f3b60 Thread added: 0x000001935fc3e610
Event: 19.383 Thread 0x000001937e8e6040 Thread added: 0x000001935fc0ef60
Event: 19.383 Thread 0x000001937e8e6040 Thread added: 0x000001935fc0fc80
Event: 19.510 Thread 0x000001935fc3e610 Thread exited: 0x000001935fc3e610
Event: 19.546 Thread 0x00000193176f3b60 Thread added: 0x000001935fc3f3b0
Event: 20.870 Thread 0x000001935e83eca0 Thread added: 0x000001935fc10310
Event: 20.950 Thread 0x000001935fc10310 Thread exited: 0x000001935fc10310
Event: 21.026 Thread 0x000001935e83eca0 Thread added: 0x000001935fc0c800
Event: 22.158 Thread 0x000001935fc3f3b0 Thread exited: 0x000001935fc3f3b0
Event: 23.804 Thread 0x0000019317681360 Thread added: 0x000001935fc3f3b0
Event: 25.416 Thread 0x000001935fc3f3b0 Thread exited: 0x000001935fc3f3b0
Event: 25.761 Thread 0x00000193176f3b60 Thread added: 0x000001935fc3f3b0
Event: 26.327 Thread 0x000001935fc3f3b0 Thread exited: 0x000001935fc3f3b0


Dynamic libraries:
0x00007ff7ad3d0000 - 0x00007ff7ad3de000 	c:\Users\Administrator\.vscode\extensions\redhat.java-1.44.0-win32-x64\jre\21.0.8-win32-x86_64\bin\java.exe
0x00007ff845f50000 - 0x00007ff84613d000 	C:\Windows\SYSTEM32\ntdll.dll
0x00007ff844c20000 - 0x00007ff844cd3000 	C:\Windows\System32\KERNEL32.DLL
0x00007ff842e40000 - 0x00007ff8430d3000 	C:\Windows\System32\KERNELBASE.dll
0x00007ff842d40000 - 0x00007ff842e3c000 	C:\Windows\System32\ucrtbase.dll
0x00007ff82c780000 - 0x00007ff82c798000 	c:\Users\Administrator\.vscode\extensions\redhat.java-1.44.0-win32-x64\jre\21.0.8-win32-x86_64\bin\jli.dll
0x00007ff8446d0000 - 0x00007ff844867000 	C:\Windows\System32\USER32.dll
0x00007ff843160000 - 0x00007ff843180000 	C:\Windows\System32\win32u.dll
0x00007ff844a00000 - 0x00007ff844a29000 	C:\Windows\System32\GDI32.dll
0x00007ff8420c0000 - 0x00007ff84225a000 	C:\Windows\System32\gdi32full.dll
0x00007ff842020000 - 0x00007ff8420c0000 	C:\Windows\System32\msvcp_win.dll
0x00007ff829100000 - 0x00007ff82911e000 	c:\Users\Administrator\.vscode\extensions\redhat.java-1.44.0-win32-x64\jre\21.0.8-win32-x86_64\bin\VCRUNTIME140.dll
0x00007ff83b7f0000 - 0x00007ff83ba69000 	C:\Windows\WinSxS\amd64_microsoft.windows.common-controls_6595b64144ccf1df_6.0.17763.316_none_05b53be2071f46b6\COMCTL32.dll
0x00007ff845bd0000 - 0x00007ff845c6e000 	C:\Windows\System32\msvcrt.dll
0x00007ff845100000 - 0x00007ff84542d000 	C:\Windows\System32\combase.dll
0x00007ff845960000 - 0x00007ff845a82000 	C:\Windows\System32\RPCRT4.dll
0x00007ff842ca0000 - 0x00007ff842d1e000 	C:\Windows\System32\bcryptPrimitives.dll
0x00007ff844ce0000 - 0x00007ff844d0e000 	C:\Windows\System32\IMM32.DLL
0x00007ff832b50000 - 0x00007ff832b5c000 	c:\Users\Administrator\.vscode\extensions\redhat.java-1.44.0-win32-x64\jre\21.0.8-win32-x86_64\bin\vcruntime140_1.dll
0x00007ff800b20000 - 0x00007ff800bad000 	c:\Users\Administrator\.vscode\extensions\redhat.java-1.44.0-win32-x64\jre\21.0.8-win32-x86_64\bin\msvcp140.dll
0x00007fffeb200000 - 0x00007fffebf97000 	c:\Users\Administrator\.vscode\extensions\redhat.java-1.44.0-win32-x64\jre\21.0.8-win32-x86_64\bin\server\jvm.dll
0x00007ff844a30000 - 0x00007ff844ad3000 	C:\Windows\System32\ADVAPI32.dll
0x00007ff845ab0000 - 0x00007ff845b4e000 	C:\Windows\System32\sechost.dll
0x00007ff841f70000 - 0x00007ff841fcd000 	C:\Windows\System32\POWRPROF.dll
0x00007ff845e50000 - 0x00007ff845ebd000 	C:\Windows\System32\WS2_32.dll
0x00007ff840a80000 - 0x00007ff840aa4000 	C:\Windows\SYSTEM32\WINMM.dll
0x00007ff840a70000 - 0x00007ff840a7a000 	C:\Windows\SYSTEM32\VERSION.dll
0x00007ff840850000 - 0x00007ff84087d000 	C:\Windows\SYSTEM32\WINMMBASE.dll
0x00007ff8430e0000 - 0x00007ff84312a000 	C:\Windows\System32\cfgmgr32.dll
0x00007ff841fd0000 - 0x00007ff841fe1000 	C:\Windows\System32\kernel.appcore.dll
0x00007ff831fa0000 - 0x00007ff831faa000 	c:\Users\Administrator\.vscode\extensions\redhat.java-1.44.0-win32-x64\jre\21.0.8-win32-x86_64\bin\jimage.dll
0x00007ff840880000 - 0x00007ff840a6d000 	C:\Windows\SYSTEM32\DBGHELP.DLL
0x00007ff840820000 - 0x00007ff84084a000 	C:\Windows\SYSTEM32\dbgcore.DLL
0x00007ff82ca00000 - 0x00007ff82ca0f000 	c:\Users\Administrator\.vscode\extensions\redhat.java-1.44.0-win32-x64\jre\21.0.8-win32-x86_64\bin\instrument.dll
0x00007ff823150000 - 0x00007ff82316f000 	c:\Users\Administrator\.vscode\extensions\redhat.java-1.44.0-win32-x64\jre\21.0.8-win32-x86_64\bin\java.dll
0x00007ff8431e0000 - 0x00007ff8446cf000 	C:\Windows\System32\SHELL32.dll
0x00007ff8458b0000 - 0x00007ff845958000 	C:\Windows\System32\shcore.dll
0x00007ff842310000 - 0x00007ff842a5a000 	C:\Windows\System32\windows.storage.dll
0x00007ff841ff0000 - 0x00007ff842014000 	C:\Windows\System32\profapi.dll
0x00007ff844af0000 - 0x00007ff844b42000 	C:\Windows\System32\shlwapi.dll
0x00007ff842d20000 - 0x00007ff842d37000 	C:\Windows\System32\cryptsp.dll
0x00007ff81d8c0000 - 0x00007ff81d8d8000 	c:\Users\Administrator\.vscode\extensions\redhat.java-1.44.0-win32-x64\jre\21.0.8-win32-x86_64\bin\zip.dll
0x00007ff831d50000 - 0x00007ff831d60000 	C:\Users\Administrator\.vscode\extensions\redhat.java-1.44.0-win32-x64\jre\21.0.8-win32-x86_64\bin\net.dll
0x00007ff834b90000 - 0x00007ff834c81000 	C:\Windows\SYSTEM32\WINHTTP.dll
0x00007ff8417e0000 - 0x00007ff841847000 	C:\Windows\system32\mswsock.dll
0x00007ff818840000 - 0x00007ff818856000 	C:\Users\Administrator\.vscode\extensions\redhat.java-1.44.0-win32-x64\jre\21.0.8-win32-x86_64\bin\nio.dll
0x00007ff82a0d0000 - 0x00007ff82a0e0000 	c:\Users\Administrator\.vscode\extensions\redhat.java-1.44.0-win32-x64\jre\21.0.8-win32-x86_64\bin\verify.dll
0x00007ff8292d0000 - 0x00007ff829315000 	C:\Users\Administrator\AppData\Roaming\Code\User\globalStorage\redhat.java\1.44.0\config_win\org.eclipse.equinox.launcher\org.eclipse.equinox.launcher.win32.win32.x86_64_1.2.1400.v20250730-1736\eclipse_11913.dll
0x00007ff844f40000 - 0x00007ff845095000 	C:\Windows\System32\ole32.dll
0x00007ff8413a0000 - 0x00007ff8413d3000 	C:\Windows\system32\rsaenh.dll
0x00007ff843130000 - 0x00007ff843156000 	C:\Windows\System32\bcrypt.dll
0x00007ff841e80000 - 0x00007ff841ea8000 	C:\Windows\SYSTEM32\USERENV.dll
0x00007ff8419b0000 - 0x00007ff8419bc000 	C:\Windows\SYSTEM32\CRYPTBASE.dll
0x00007ff841540000 - 0x00007ff84157d000 	C:\Windows\SYSTEM32\IPHLPAPI.DLL
0x00007ff8449e0000 - 0x00007ff8449e8000 	C:\Windows\System32\NSI.dll
0x00007ff829280000 - 0x00007ff8292c9000 	C:\Users\Administrator\AppData\Local\Temp\jna-146731693\jna2022261820663981400.dll
0x00007ff844ae0000 - 0x00007ff844ae8000 	C:\Windows\System32\PSAPI.DLL
0x00007ff83c2d0000 - 0x00007ff83c2e6000 	C:\Windows\SYSTEM32\dhcpcsvc6.DLL
0x00007ff83bf40000 - 0x00007ff83bf5c000 	C:\Windows\SYSTEM32\dhcpcsvc.DLL
0x00007ff82eac0000 - 0x00007ff82eace000 	C:\Users\Administrator\.vscode\extensions\redhat.java-1.44.0-win32-x64\jre\21.0.8-win32-x86_64\bin\sunmscapi.dll
0x00007ff842ac0000 - 0x00007ff842c9b000 	C:\Windows\System32\CRYPT32.dll
0x00007ff841f50000 - 0x00007ff841f62000 	C:\Windows\System32\MSASN1.dll
0x00007ff841aa0000 - 0x00007ff841ac6000 	C:\Windows\SYSTEM32\ncrypt.dll
0x00007ff841a60000 - 0x00007ff841a9c000 	C:\Windows\SYSTEM32\NTASN1.dll
0x00007ff841580000 - 0x00007ff841646000 	C:\Windows\SYSTEM32\DNSAPI.dll
0x0000000053260000 - 0x0000000053286000 	C:\Program Files\Bonjour\mdnsNSP.dll
0x00007ff8338c0000 - 0x00007ff8338ca000 	C:\Windows\System32\rasadhlp.dll
0x00007ff834a10000 - 0x00007ff834a89000 	C:\Windows\System32\fwpuclnt.dll
0x00007ff82d960000 - 0x00007ff82d969000 	C:\Users\Administrator\.vscode\extensions\redhat.java-1.44.0-win32-x64\jre\21.0.8-win32-x86_64\bin\extnet.dll

JVMTI agents:
c:\Users\Administrator\.vscode\extensions\redhat.java-1.44.0-win32-x64\lombok\lombok-1.18.39-4050.jar path:c:\Users\Administrator\.vscode\extensions\redhat.java-1.44.0-win32-x64\jre\21.0.8-win32-x86_64\bin\instrument.dll, loaded, initialized, instrumentlib options:none

dbghelp: loaded successfully - version: 4.0.5 - missing functions: none
symbol engine: initialized successfully - sym options: 0x614 - pdb path: .;c:\Users\Administrator\.vscode\extensions\redhat.java-1.44.0-win32-x64\jre\21.0.8-win32-x86_64\bin;C:\Windows\SYSTEM32;C:\Windows\WinSxS\amd64_microsoft.windows.common-controls_6595b64144ccf1df_6.0.17763.316_none_05b53be2071f46b6;c:\Users\Administrator\.vscode\extensions\redhat.java-1.44.0-win32-x64\jre\21.0.8-win32-x86_64\bin\server;C:\Users\Administrator\AppData\Roaming\Code\User\globalStorage\redhat.java\1.44.0\config_win\org.eclipse.equinox.launcher\org.eclipse.equinox.launcher.win32.win32.x86_64_1.2.1400.v20250730-1736;C:\Users\Administrator\AppData\Local\Temp\jna-146731693;C:\Program Files\Bonjour

VM Arguments:
jvm_args: --add-modules=ALL-SYSTEM --add-opens=java.base/java.util=ALL-UNNAMED --add-opens=java.base/java.lang=ALL-UNNAMED --add-opens=java.base/sun.nio.fs=ALL-UNNAMED -Declipse.application=org.eclipse.jdt.ls.core.id1 -Dosgi.bundles.defaultStartLevel=4 -Declipse.product=org.eclipse.jdt.ls.core.product -Djava.import.generatesMetadataFilesAtProjectRoot=false -DDetectVMInstallationsJob.disabled=true -Dfile.encoding=utf8 -XX:+UseParallelGC -XX:GCTimeRatio=4 -XX:AdaptiveSizePolicyWeight=90 -Dsun.zip.disableMemoryMapping=true -Xmx2G -Xms100m -Xlog:disable -javaagent:c:\Users\Administrator\.vscode\extensions\redhat.java-1.44.0-win32-x64\lombok\lombok-1.18.39-4050.jar -XX:+HeapDumpOnOutOfMemoryError -XX:HeapDumpPath=c:\Users\Administrator\AppData\Roaming\Code\User\workspaceStorage\dbf30d4801974aa40fd32adc88996aa2\redhat.java -Daether.dependencyCollector.impl=bf 
java_command: c:\Users\Administrator\.vscode\extensions\redhat.java-1.44.0-win32-x64\server\plugins\org.eclipse.equinox.launcher_1.7.0.v20250519-0528.jar -configuration c:\Users\Administrator\AppData\Roaming\Code\User\globalStorage\redhat.java\1.44.0\config_win -data c:\Users\Administrator\AppData\Roaming\Code\User\workspaceStorage\dbf30d4801974aa40fd32adc88996aa2\redhat.java\jdt_ws --pipe=\\.\pipe\lsp-e84e2427d11bb1eb67ec8226d078f084-sock
java_class_path (initial): c:\Users\Administrator\.vscode\extensions\redhat.java-1.44.0-win32-x64\server\plugins\org.eclipse.equinox.launcher_1.7.0.v20250519-0528.jar
Launcher Type: SUN_STANDARD

[Global flags]
    uintx AdaptiveSizePolicyWeight                 = 90                                        {product} {command line}
     intx CICompilerCount                          = 3                                         {product} {ergonomic}
    uintx GCTimeRatio                              = 4                                         {product} {command line}
     bool HeapDumpOnOutOfMemoryError               = true                                   {manageable} {command line}
    ccstr HeapDumpPath                             = c:\Users\Administrator\AppData\Roaming\Code\User\workspaceStorage\dbf30d4801974aa40fd32adc88996aa2\redhat.java         {manageable} {command line}
   size_t InitialHeapSize                          = 104857600                                 {product} {command line}
   size_t MaxHeapSize                              = 2147483648                                {product} {command line}
   size_t MaxNewSize                               = 715653120                                 {product} {ergonomic}
   size_t MinHeapDeltaBytes                        = 524288                                    {product} {ergonomic}
   size_t MinHeapSize                              = 104857600                                 {product} {command line}
   size_t NewSize                                  = 34603008                                  {product} {ergonomic}
    uintx NonNMethodCodeHeapSize                   = 5832780                                {pd product} {ergonomic}
    uintx NonProfiledCodeHeapSize                  = 122912730                              {pd product} {ergonomic}
   size_t OldSize                                  = 70254592                                  {product} {ergonomic}
    uintx ProfiledCodeHeapSize                     = 122912730                              {pd product} {ergonomic}
    uintx ReservedCodeCacheSize                    = 251658240                              {pd product} {ergonomic}
     bool SegmentedCodeCache                       = true                                      {product} {ergonomic}
   size_t SoftMaxHeapSize                          = 2147483648                             {manageable} {ergonomic}
     bool UseCompressedOops                        = true                           {product lp64_product} {ergonomic}
     bool UseLargePagesIndividualAllocation        = false                                  {pd product} {ergonomic}
     bool UseParallelGC                            = true                                      {product} {command line}

Logging:
Log output configuration:
 #0: stdout all=off uptime,level,tags foldmultilines=false
 #1: stderr all=off uptime,level,tags foldmultilines=false

Environment Variables:
JAVA_HOME=C:\Program Files\Java\jdk-21
PATH=C:\Program Files\Java\jdk-21\bin;C:\Users\Admin\AppData\Local\Programs\Python\Python311\;C:\Users\Admin\AppData\Local\Programs\Python\Python311\Scripts\;C:\Windows\system32;C:\Windows;C:\Windows\System32\Wbem;C:\Windows\System32\WindowsPowerShell\v1.0\;C:\Windows\System32\OpenSSH\;C:\Program Files\kotlinc\bin;C:\ProgramData\chocolatey\bin;C:\Program Files\Git\cmd;C:\Program Files\Java\jdk-21\bin;C:\MinGW\bin;C:\Gradle\gradle-7.4\bin;C:\flutter\bin;C:\Users\Administrator\AppData\Local\Programs\Microsoft VS Code\Code.exe;C:\Users\Administrator\AppData\Local\Programs\Microsoft VS Code\bin;C:\Users\Administrator\AppData\Local\GitHubDesktop\bin;C:\Program Files\Java\jdk-21;C:\MinGW\bin;C:\Gradle\gradle-7.4\bin;C:\flutter\bin;C:\Users\Administrator\AppData\Local\Programs\Microsoft VS Code\Code.exe;C:\Users\Administrator\AppData\Local\Programs\Microsoft VS Code\bin;C:\Users\Administrator\AppData\Local\GitHubDesktop\bin;C:\Program Files\Java\jdk-21;C:\MinGW\bin;C:\Users\Administrator\AppData\Local\Android\Sdk\platform-tools;C:\Program Files\PostgreSQL\17\bin;C:\Program Files\nodejs;C:\Program Files\nodejs\;C:\Users\Administrator\AppData\Local\Pub\Cache\bin;C:\Users\Administrator\AppData\Local\Programs\Python\Python311\Scripts\;C:\Users\Administrator\AppData\Local\Programs\Python\Python311\;C:\Program Files\Java\jdk-21\bin;C:\Users\Admin\AppData\Local\Programs\Python\Python311\;C:\Users\Admin\AppData\Local\Programs\Python\Python311\Scripts\;C:\Windows\system32;C:\Windows;C:\Windows\System32\Wbem;C:\Windows\System32\WindowsPowerShell\v1.0\;C:\Windows\System32\OpenSSH\;C:\Program Files\kotlinc\bin;C:\ProgramData\chocolatey\bin;C:\Program Files\Git\cmd;C:\Program Files\Java\jdk-21\bin;C:\MinGW\bin;C:\Gradle\gradle-7.4\bin;C:\flutter\bin;C:\Users\Administrator\AppData\Local\Programs\Microsoft VS Code\Code.exe;C:\Users\Administrator\AppData\Local\Programs\Microsoft VS Code\bin;C:\Users\Administrator\AppData\Local\GitHubDesktop\bin;C:\Program Files\Java\jdk-21;C:\MinGW\bin;C:\Gradle\gradle-7.4\bin;C:\flutter\bin;C:\Users\Administrator\AppData\Local\Programs\Microsoft VS Code\Code.exe;C:\Users\Administrator\AppData\Local\Programs\Microsoft VS Code\bin;C:\Users\Administrator\AppData\Local\GitHubDesktop\bin;C:\Program Files\Java\jdk-21;C:\MinGW\bin;C:\Users\Administrator\AppData\Local\Android\Sdk\platform-tools;C:\Program Files\PostgreSQL\17\bin;C:\Program Files\nodejs;C:\Program Files\nodejs\;C:\Users\Administrator\AppData\Local\Pub\Cache\bin;;C:\Users\Administrator\AppData\Local\Android\Sdk\platform-tools;C:\Program Files\PostgreSQL\17\bin;C:\Program Files\nodejs;C:\Users\Administrator\AppData\Roaming\npm;C:\Users\Administrator\AppData\Local\GitHubDesktop\bin;C:\Program Files\MySQL\MySQL Server 8.0\bin;C:\Users\Administrator\AppData\Local\Pub\Cache\bin;
USERNAME=Administrator
OS=Windows_NT
PROCESSOR_IDENTIFIER=Intel64 Family 6 Model 142 Stepping 9, GenuineIntel
TMP=C:\Users\ADMINI~1\AppData\Local\Temp
TEMP=C:\Users\ADMINI~1\AppData\Local\Temp




Periodic native trim disabled

---------------  S Y S T E M  ---------------

OS:
 Windows 10 , 64 bit Build 17763 (10.0.17763.292)
OS uptime: 10 days 21:18 hours

CPU: total 4 (initial active 4) (2 cores per cpu, 2 threads per core) family 6 model 142 stepping 9 microcode 0x84, cx8, cmov, fxsr, ht, mmx, 3dnowpref, sse, sse2, sse3, ssse3, sse4.1, sse4.2, popcnt, lzcnt, tsc, tscinvbit, avx, avx2, aes, erms, clmul, bmi1, bmi2, rtm, adx, fma, vzeroupper, clflush, clflushopt, rdtscp, f16c
Processor Information for the first 4 processors :
  Max Mhz: 2701, Current Mhz: 2701, Mhz Limit: 2701

Memory: 4k page, system-wide physical 8076M (2019M free)
TotalPageFile size 16268M (AvailPageFile size 0M)
current process WorkingSet (physical memory assigned to process): 92M, peak: 150M
current process commit charge ("private bytes"): 312M, peak: 340M

vm_info: OpenJDK 64-Bit Server VM (21.0.8+9-LTS) for windows-amd64 JRE (21.0.8+9-LTS), built on 2025-07-15T00:00:00Z by "admin" with MS VC++ 17.7 (VS2022)

END.
