#
# There is insufficient memory for the Java Runtime Environment to continue.
# Native memory allocation (mmap) failed to map 44040192 bytes for G1 virtual space
# Possible reasons:
#   The system is out of physical RAM or swap space
#   The process is running with CompressedOops enabled, and the Java Heap may be blocking the growth of the native heap
# Possible solutions:
#   Reduce memory load on the system
#   Increase physical memory or swap space
#   Check if swap backing store is full
#   Decrease Java heap size (-Xmx/-Xms)
#   Decrease number of Java threads
#   Decrease Java thread stack sizes (-Xss)
#   Set larger code cache with -XX:ReservedCodeCacheSize=
#   JVM is running with Zero Based Compressed Oops mode in which the Java heap is
#     placed in the first 32GB address space. The Java Heap base address is the
#     maximum limit for the native heap growth. Please use -XX:HeapBaseMinAddress
#     to set the Java Heap base and to place the Java Heap above 32GB virtual address.
# This output file may be truncated or incomplete.
#
#  Out of Memory Error (os_windows.cpp:3603), pid=5172, tid=13480
#
# JRE version: Java(TM) SE Runtime Environment (21.0.6+8) (build 21.0.6+8-LTS-188)
# Java VM: Java HotSpot(TM) 64-Bit Server VM (21.0.6+8-LTS-188, mixed mode, sharing, tiered, compressed oops, compressed class ptrs, g1 gc, windows-amd64)
# No core dump will be written. Minidumps are not enabled by default on client versions of Windows
#

---------------  S U M M A R Y ------------

Command Line: -XX:MaxMetaspaceSize=2G -XX:+HeapDumpOnOutOfMemoryError --add-opens=java.base/java.util=ALL-UNNAMED --add-opens=java.base/java.lang=ALL-UNNAMED --add-opens=java.base/java.lang.invoke=ALL-UNNAMED --add-opens=java.prefs/java.util.prefs=ALL-UNNAMED --add-opens=java.base/java.nio.charset=ALL-UNNAMED --add-opens=java.base/java.net=ALL-UNNAMED --add-opens=java.base/java.util.concurrent.atomic=ALL-UNNAMED -Xmx4G -Dfile.encoding=utf8 -Duser.country=US -Duser.language=en -Duser.variant -javaagent:C:\Users\Administrator\.gradle\wrapper\dists\gradle-8.4-all\56r6xik2f6skrm47et0ibifug\gradle-8.4\lib\agents\gradle-instrumentation-agent-8.4.jar org.gradle.launcher.daemon.bootstrap.GradleDaemon 8.4

Host: Intel(R) Core(TM) i5-7300U CPU @ 2.60GHz, 4 cores, 7G,  Windows 10 , 64 bit Build 17763 (10.0.17763.292)
Time: Mon Jul 14 11:28:10 2025 SE Asia Standard Time elapsed time: 61.163657 seconds (0d 0h 1m 1s)

---------------  T H R E A D  ---------------

Current thread (0x0000027d48adb350):  VMThread "VM Thread"          [id=13480, stack(0x000000db84a00000,0x000000db84b00000) (1024K)]

Stack: [0x000000db84a00000,0x000000db84b00000]
Native frames: (J=compiled Java code, j=interpreted, Vv=VM code, C=native code)
V  [jvm.dll+0x6ca6d9]
V  [jvm.dll+0x854f51]
V  [jvm.dll+0x85747e]
V  [jvm.dll+0x857b53]
V  [jvm.dll+0x27dcc6]
V  [jvm.dll+0x6c6e55]
V  [jvm.dll+0x6bb9da]
V  [jvm.dll+0x35393a]
V  [jvm.dll+0x35b596]
V  [jvm.dll+0x3adefe]
V  [jvm.dll+0x3ae1a8]
V  [jvm.dll+0x327cbc]
V  [jvm.dll+0x32a516]
V  [jvm.dll+0x3344c8]
V  [jvm.dll+0x36a795]
V  [jvm.dll+0x85d920]
V  [jvm.dll+0x85eca4]
V  [jvm.dll+0x85f1e0]
V  [jvm.dll+0x85f483]
V  [jvm.dll+0x7ff2fb]
V  [jvm.dll+0x6c8dbd]
C  [ucrtbase.dll+0x203ba]
C  [KERNEL32.DLL+0x181f4]
C  [ntdll.dll+0x6a251]

VM_Operation (0x000000db845ff5e0): G1PauseRemark, mode: safepoint, requested by thread 0x0000027d2a23ca00


---------------  P R O C E S S  ---------------

Threads class SMR info:
_java_thread_list=0x0000027d93a53170, length=52, elements={
0x0000027d28046ff0, 0x0000027d48af2610, 0x0000027d48af56e0, 0x0000027d48af9560,
0x0000027d48af9fb0, 0x0000027d48afaa00, 0x0000027d48afb450, 0x0000027d48afc1d0,
0x0000027d48b66ab0, 0x0000027d48b87b80, 0x0000027d8e204250, 0x0000027d8f204030,
0x0000027d8ebb3250, 0x0000027d8f8c0040, 0x0000027d8f6e6390, 0x0000027d8f8d7ee0,
0x0000027d8f9fcb90, 0x0000027d8f9fd1f0, 0x0000027d8fa9d560, 0x0000027d8fa9e910,
0x0000027d8fa9efa0, 0x0000027d8fa9dbf0, 0x0000027d8fa9f630, 0x0000027d8faa0350,
0x0000027d8faa09e0, 0x0000027d8fa9fcc0, 0x0000027d8f631060, 0x0000027d8f632410,
0x0000027d8f6316f0, 0x0000027d8f631d80, 0x0000027d8f632aa0, 0x0000027d8f6337c0,
0x0000027d8f633130, 0x0000027d8f633e50, 0x0000027d8f6344e0, 0x0000027d8f0d4810,
0x0000027d8f0d4ea0, 0x0000027d8f0d5530, 0x0000027d8f0d6f70, 0x0000027d8f0d5bc0,
0x0000027d8f0d3460, 0x0000027d8f0d1a20, 0x0000027d8f0d6250, 0x0000027d8f0d20b0,
0x0000027d8f0d3af0, 0x0000027d8fef91c0, 0x0000027d8f0d2dd0, 0x0000027d8f0d68e0,
0x0000027d8f0cffe0, 0x0000027d8f0d7600, 0x0000027d8f0d0670, 0x0000027d8f0d2740
}

Java Threads: ( => current thread )
  0x0000027d28046ff0 JavaThread "main"                              [_thread_blocked, id=11924, stack(0x000000db84300000,0x000000db84400000) (1024K)]
  0x0000027d48af2610 JavaThread "Reference Handler"          daemon [_thread_blocked, id=924, stack(0x000000db84b00000,0x000000db84c00000) (1024K)]
  0x0000027d48af56e0 JavaThread "Finalizer"                  daemon [_thread_blocked, id=7376, stack(0x000000db84c00000,0x000000db84d00000) (1024K)]
  0x0000027d48af9560 JavaThread "Signal Dispatcher"          daemon [_thread_blocked, id=3856, stack(0x000000db84d00000,0x000000db84e00000) (1024K)]
  0x0000027d48af9fb0 JavaThread "Attach Listener"            daemon [_thread_blocked, id=10732, stack(0x000000db84e00000,0x000000db84f00000) (1024K)]
  0x0000027d48afaa00 JavaThread "Service Thread"             daemon [_thread_blocked, id=13912, stack(0x000000db84f00000,0x000000db85000000) (1024K)]
  0x0000027d48afb450 JavaThread "Monitor Deflation Thread"   daemon [_thread_blocked, id=12532, stack(0x000000db85000000,0x000000db85100000) (1024K)]
  0x0000027d48afc1d0 JavaThread "C2 CompilerThread0"         daemon [_thread_blocked, id=10212, stack(0x000000db85100000,0x000000db85200000) (1024K)]
  0x0000027d48b66ab0 JavaThread "C1 CompilerThread0"         daemon [_thread_blocked, id=4596, stack(0x000000db85200000,0x000000db85300000) (1024K)]
  0x0000027d48b87b80 JavaThread "Common-Cleaner"             daemon [_thread_blocked, id=4476, stack(0x000000db85300000,0x000000db85400000) (1024K)]
  0x0000027d8e204250 JavaThread "Notification Thread"        daemon [_thread_blocked, id=13600, stack(0x000000db85400000,0x000000db85500000) (1024K)]
  0x0000027d8f204030 JavaThread "Daemon health stats"               [_thread_blocked, id=5112, stack(0x000000db85800000,0x000000db85900000) (1024K)]
  0x0000027d8ebb3250 JavaThread "Incoming local TCP Connector on port 63645"        [_thread_in_native, id=1060, stack(0x000000db85900000,0x000000db85a00000) (1024K)]
  0x0000027d8f8c0040 JavaThread "Daemon periodic checks"            [_thread_blocked, id=1492, stack(0x000000db85a00000,0x000000db85b00000) (1024K)]
  0x0000027d8f6e6390 JavaThread "Daemon"                            [_thread_blocked, id=10624, stack(0x000000db85b00000,0x000000db85c00000) (1024K)]
  0x0000027d8f8d7ee0 JavaThread "Handler for socket connection from /127.0.0.1:63645 to /127.0.0.1:63646"        [_thread_in_native, id=5296, stack(0x000000db85c00000,0x000000db85d00000) (1024K)]
  0x0000027d8f9fcb90 JavaThread "Cancel handler"                    [_thread_blocked, id=3416, stack(0x000000db85d00000,0x000000db85e00000) (1024K)]
  0x0000027d8f9fd1f0 JavaThread "Daemon worker"                     [_thread_blocked, id=1208, stack(0x000000db85e00000,0x000000db85f00000) (1024K)]
  0x0000027d8fa9d560 JavaThread "Asynchronous log dispatcher for DefaultDaemonConnection: socket connection from /127.0.0.1:63645 to /127.0.0.1:63646"        [_thread_blocked, id=11000, stack(0x000000db85f00000,0x000000db86000000) (1024K)]
  0x0000027d8fa9e910 JavaThread "Stdin handler"                     [_thread_blocked, id=5604, stack(0x000000db86000000,0x000000db86100000) (1024K)]
  0x0000027d8fa9efa0 JavaThread "Daemon client event forwarder"        [_thread_blocked, id=5804, stack(0x000000db86100000,0x000000db86200000) (1024K)]
  0x0000027d8fa9dbf0 JavaThread "Cache worker for journal cache (C:\Users\Administrator\.gradle\caches\journal-1)"        [_thread_blocked, id=8864, stack(0x000000db86200000,0x000000db86300000) (1024K)]
  0x0000027d8fa9f630 JavaThread "File lock request listener"        [_thread_in_native, id=9876, stack(0x000000db86300000,0x000000db86400000) (1024K)]
  0x0000027d8faa0350 JavaThread "File lock release action executor"        [_thread_blocked, id=9624, stack(0x000000db86400000,0x000000db86500000) (1024K)]
  0x0000027d8faa09e0 JavaThread "Cache worker for file hash cache (C:\Users\Administrator\.gradle\caches\8.4\fileHashes)"        [_thread_blocked, id=10804, stack(0x000000db86500000,0x000000db86600000) (1024K)]
  0x0000027d8fa9fcc0 JavaThread "File watcher server"        daemon [_thread_in_native, id=2880, stack(0x000000db86700000,0x000000db86800000) (1024K)]
  0x0000027d8f631060 JavaThread "File watcher consumer"      daemon [_thread_blocked, id=12328, stack(0x000000db86800000,0x000000db86900000) (1024K)]
  0x0000027d8f632410 JavaThread "jar transforms"                    [_thread_blocked, id=6528, stack(0x000000db86600000,0x000000db86700000) (1024K)]
  0x0000027d8f6316f0 JavaThread "jar transforms Thread 2"           [_thread_blocked, id=1956, stack(0x000000db86900000,0x000000db86a00000) (1024K)]
  0x0000027d8f631d80 JavaThread "jar transforms Thread 3"           [_thread_blocked, id=9720, stack(0x000000db86a00000,0x000000db86b00000) (1024K)]
  0x0000027d8f632aa0 JavaThread "Cache worker for checksums cache (D:\flutter_to_do_app\client\android\.gradle\8.4\checksums)"        [_thread_blocked, id=8884, stack(0x000000db86b00000,0x000000db86c00000) (1024K)]
  0x0000027d8f6337c0 JavaThread "Cache worker for file hash cache (D:\flutter_to_do_app\client\android\.gradle\8.4\fileHashes)"        [_thread_blocked, id=8532, stack(0x000000db86c00000,0x000000db86d00000) (1024K)]
  0x0000027d8f633130 JavaThread "Cache worker for cache directory md-supplier (C:\Users\Administrator\.gradle\caches\8.4\md-supplier)"        [_thread_blocked, id=10356, stack(0x000000db86d00000,0x000000db86e00000) (1024K)]
  0x0000027d8f633e50 JavaThread "Cache worker for file content cache (C:\Users\Administrator\.gradle\caches\8.4\fileContent)"        [_thread_blocked, id=10652, stack(0x000000db86e00000,0x000000db86f00000) (1024K)]
  0x0000027d8f6344e0 JavaThread "Cache worker for cache directory md-rule (C:\Users\Administrator\.gradle\caches\8.4\md-rule)"        [_thread_blocked, id=248, stack(0x000000db86f00000,0x000000db87000000) (1024K)]
  0x0000027d8f0d4810 JavaThread "Cache worker for execution history cache (C:\Users\Administrator\.gradle\caches\8.4\executionHistory)"        [_thread_blocked, id=6356, stack(0x000000db87000000,0x000000db87100000) (1024K)]
  0x0000027d8f0d4ea0 JavaThread "jar transforms Thread 4"           [_thread_blocked, id=11644, stack(0x000000db87100000,0x000000db87200000) (1024K)]
  0x0000027d8f0d5530 JavaThread "Cache worker for kotlin-dsl (C:\Users\Administrator\.gradle\caches\8.4\kotlin-dsl)"        [_thread_blocked, id=13144, stack(0x000000db87200000,0x000000db87300000) (1024K)]
  0x0000027d8f0d6f70 JavaThread "Cache worker for dependencies-accessors (D:\flutter_to_do_app\client\android\.gradle\8.4\dependencies-accessors)"        [_thread_blocked, id=4856, stack(0x000000db87300000,0x000000db87400000) (1024K)]
  0x0000027d8f0d5bc0 JavaThread "Cache worker for Build Output Cleanup Cache (D:\flutter_to_do_app\client\android\.gradle\buildOutputCleanup)"        [_thread_blocked, id=9448, stack(0x000000db87400000,0x000000db87500000) (1024K)]
  0x0000027d8f0d3460 JavaThread "Unconstrained build operations"        [_thread_blocked, id=11896, stack(0x000000db87500000,0x000000db87600000) (1024K)]
  0x0000027d8f0d1a20 JavaThread "Unconstrained build operations Thread 2"        [_thread_blocked, id=8988, stack(0x000000db87600000,0x000000db87700000) (1024K)]
  0x0000027d8f0d6250 JavaThread "Unconstrained build operations Thread 3"        [_thread_blocked, id=8908, stack(0x000000db87700000,0x000000db87800000) (1024K)]
  0x0000027d8f0d20b0 JavaThread "Memory manager"                    [_thread_blocked, id=8888, stack(0x000000db87800000,0x000000db87900000) (1024K)]
  0x0000027d8f0d3af0 JavaThread "build event listener"              [_thread_blocked, id=13224, stack(0x000000db87a00000,0x000000db87b00000) (1024K)]
  0x0000027d8fef91c0 JavaThread "C2 CompilerThread1"         daemon [_thread_blocked, id=11176, stack(0x000000db87900000,0x000000db87a00000) (1024K)]
  0x0000027d8f0d2dd0 JavaThread "Unconstrained build operations Thread 4"        [_thread_blocked, id=11612, stack(0x000000db87b00000,0x000000db87c00000) (1024K)]
  0x0000027d8f0d68e0 JavaThread "Unconstrained build operations Thread 5"        [_thread_blocked, id=11536, stack(0x000000db87c00000,0x000000db87d00000) (1024K)]
  0x0000027d8f0cffe0 JavaThread "Unconstrained build operations Thread 6"        [_thread_blocked, id=800, stack(0x000000db87d00000,0x000000db87e00000) (1024K)]
  0x0000027d8f0d7600 JavaThread "Unconstrained build operations Thread 7"        [_thread_blocked, id=10084, stack(0x000000db84100000,0x000000db84200000) (1024K)]
  0x0000027d8f0d0670 JavaThread "Unconstrained build operations Thread 8"        [_thread_blocked, id=6928, stack(0x000000db84200000,0x000000db84300000) (1024K)]
  0x0000027d8f0d2740 JavaThread "Unconstrained build operations Thread 9"        [_thread_blocked, id=12972, stack(0x000000db87e00000,0x000000db87f00000) (1024K)]
Total: 52

Other Threads:
=>0x0000027d48adb350 VMThread "VM Thread"                           [id=13480, stack(0x000000db84a00000,0x000000db84b00000) (1024K)]
  0x0000027d48ac5090 WatcherThread "VM Periodic Task Thread"        [id=12252, stack(0x000000db84900000,0x000000db84a00000) (1024K)]
  0x0000027d2a22bb10 WorkerThread "GC Thread#0"                     [id=12052, stack(0x000000db84400000,0x000000db84500000) (1024K)]
  0x0000027d8e152760 WorkerThread "GC Thread#1"                     [id=8196, stack(0x000000db85500000,0x000000db85600000) (1024K)]
  0x0000027d8e152b00 WorkerThread "GC Thread#2"                     [id=5712, stack(0x000000db85600000,0x000000db85700000) (1024K)]
  0x0000027d8ebbeb80 WorkerThread "GC Thread#3"                     [id=8468, stack(0x000000db85700000,0x000000db85800000) (1024K)]
  0x0000027d2a23ca00 ConcurrentGCThread "G1 Main Marker"            [id=12592, stack(0x000000db84500000,0x000000db84600000) (1024K)]
  0x0000027d2a23d410 WorkerThread "G1 Conc#0"                       [id=5732, stack(0x000000db84600000,0x000000db84700000) (1024K)]
  0x0000027d489a10a0 ConcurrentGCThread "G1 Refine#0"               [id=12096, stack(0x000000db84700000,0x000000db84800000) (1024K)]
  0x0000027d2a2855e0 ConcurrentGCThread "G1 Service"                [id=11528, stack(0x000000db84800000,0x000000db84900000) (1024K)]
Total: 10

Threads with active compile tasks:
Total: 0

VM state: at safepoint (normal execution)

VM Mutex/Monitor currently owned by a thread:  ([mutex/lock_event])
[0x00007ffb0f36de98] Threads_lock - owner thread: 0x0000027d48adb350
[0x00007ffb0f36df98] Heap_lock - owner thread: 0x0000027d2a23ca00

Heap address: 0x0000000700000000, size: 4096 MB, Compressed Oops mode: Zero based, Oop shift amount: 3

CDS archive(s) mapped at: [0x0000027d49000000-0x0000027d49c90000-0x0000027d49c90000), size 13172736, SharedBaseAddress: 0x0000027d49000000, ArchiveRelocationMode: 1.
Compressed class space mapped at: 0x0000027d4a000000-0x0000027d8a000000, reserved size: 1073741824
Narrow klass base: 0x0000027d49000000, Narrow klass shift: 0, Narrow klass range: 0x100000000

GC Precious Log:
 CardTable entry size: 512
 Card Set container configuration: InlinePtr #cards 4 size 8 Array Of Cards #cards 16 size 48 Howl #buckets 8 coarsen threshold 3686 Howl Bitmap #cards 512 size 80 coarsen threshold 460 Card regions per heap region 1 cards per card region 4096
 CPUs: 4 total, 4 available
 Memory: 8076M
 Large Page Support: Disabled
 NUMA Support: Disabled
 Compressed Oops: Enabled (Zero based)
 Heap Region Size: 2M
 Heap Min Capacity: 8M
 Heap Initial Capacity: 128M
 Heap Max Capacity: 4G
 Pre-touch: Disabled
 Parallel Workers: 4
 Concurrent Workers: 1
 Concurrent Refinement Workers: 4
 Periodic GC: Disabled

Heap:
 garbage-first heap   total 149504K, used 109952K [0x0000000700000000, 0x0000000800000000)
  region size 2048K, 6 young (12288K), 2 survivors (4096K)
 Metaspace       used 73047K, committed 75136K, reserved 1114112K
  class space    used 9951K, committed 11008K, reserved 1048576K

Heap Regions: E=young(eden), S=young(survivor), O=old, HS=humongous(starts), HC=humongous(continues), CS=collection set, F=free, TAMS=top-at-mark-start, PB=parsable bottom
|   0|0x0000000700000000, 0x0000000700200000, 0x0000000700200000|100%| O|  |TAMS 0x0000000700200000| PB 0x0000000700200000| Untracked 
|   1|0x0000000700200000, 0x0000000700400000, 0x0000000700400000|100%|HS|  |TAMS 0x0000000700400000| PB 0x0000000700200000| Complete 
|   2|0x0000000700400000, 0x0000000700600000, 0x0000000700600000|100%|HC|  |TAMS 0x0000000700600000| PB 0x0000000700400000| Complete 
|   3|0x0000000700600000, 0x0000000700800000, 0x0000000700800000|100%| O|  |TAMS 0x0000000700800000| PB 0x0000000700800000| Untracked 
|   4|0x0000000700800000, 0x0000000700a00000, 0x0000000700a00000|100%| O|  |TAMS 0x0000000700a00000| PB 0x0000000700a00000| Untracked 
|   5|0x0000000700a00000, 0x0000000700c00000, 0x0000000700c00000|100%| O|  |TAMS 0x0000000700c00000| PB 0x0000000700c00000| Untracked 
|   6|0x0000000700c00000, 0x0000000700e00000, 0x0000000700e00000|100%| O|  |TAMS 0x0000000700e00000| PB 0x0000000700e00000| Untracked 
|   7|0x0000000700e00000, 0x0000000701000000, 0x0000000701000000|100%| O|  |TAMS 0x0000000701000000| PB 0x0000000701000000| Untracked 
|   8|0x0000000701000000, 0x0000000701200000, 0x0000000701200000|100%| O|  |TAMS 0x0000000701200000| PB 0x0000000701200000| Untracked 
|   9|0x0000000701200000, 0x0000000701400000, 0x0000000701400000|100%| O|  |TAMS 0x0000000701400000| PB 0x0000000701400000| Untracked 
|  10|0x0000000701400000, 0x0000000701600000, 0x0000000701600000|100%| O|  |TAMS 0x0000000701600000| PB 0x0000000701600000| Untracked 
|  11|0x0000000701600000, 0x0000000701800000, 0x0000000701800000|100%| O|  |TAMS 0x0000000701800000| PB 0x0000000701800000| Untracked 
|  12|0x0000000701800000, 0x0000000701a00000, 0x0000000701a00000|100%| O|  |TAMS 0x0000000701a00000| PB 0x0000000701a00000| Untracked 
|  13|0x0000000701a00000, 0x0000000701c00000, 0x0000000701c00000|100%| O|  |TAMS 0x0000000701c00000| PB 0x0000000701c00000| Untracked 
|  14|0x0000000701c00000, 0x0000000701e00000, 0x0000000701e00000|100%| O|  |TAMS 0x0000000701e00000| PB 0x0000000701e00000| Untracked 
|  15|0x0000000701e00000, 0x0000000702000000, 0x0000000702000000|100%| O|  |TAMS 0x0000000702000000| PB 0x0000000702000000| Untracked 
|  16|0x0000000702000000, 0x0000000702200000, 0x0000000702200000|100%| O|  |TAMS 0x0000000702200000| PB 0x0000000702200000| Untracked 
|  17|0x0000000702200000, 0x0000000702400000, 0x0000000702400000|100%| O|  |TAMS 0x0000000702400000| PB 0x0000000702400000| Untracked 
|  18|0x0000000702400000, 0x0000000702600000, 0x0000000702600000|100%| O|  |TAMS 0x0000000702600000| PB 0x0000000702600000| Updating 
|  19|0x0000000702600000, 0x0000000702800000, 0x0000000702800000|100%| O|  |TAMS 0x0000000702800000| PB 0x0000000702800000| Untracked 
|  20|0x0000000702800000, 0x0000000702a00000, 0x0000000702a00000|100%| O|  |TAMS 0x0000000702800000| PB 0x0000000702800000| Untracked 
|  21|0x0000000702a00000, 0x0000000702c00000, 0x0000000702c00000|100%| O|  |TAMS 0x0000000702c00000| PB 0x0000000702c00000| Untracked 
|  22|0x0000000702c00000, 0x0000000702e00000, 0x0000000702e00000|100%|HS|  |TAMS 0x0000000702e00000| PB 0x0000000702c00000| Complete 
|  23|0x0000000702e00000, 0x0000000703000000, 0x0000000703000000|100%| O|  |TAMS 0x0000000703000000| PB 0x0000000703000000| Untracked 
|  24|0x0000000703000000, 0x0000000703200000, 0x0000000703200000|100%|HS|  |TAMS 0x0000000703200000| PB 0x0000000703000000| Complete 
|  25|0x0000000703200000, 0x0000000703400000, 0x0000000703400000|100%|HC|  |TAMS 0x0000000703400000| PB 0x0000000703200000| Complete 
|  26|0x0000000703400000, 0x0000000703600000, 0x0000000703600000|100%| O|  |TAMS 0x0000000703600000| PB 0x0000000703600000| Updating 
|  27|0x0000000703600000, 0x0000000703800000, 0x0000000703800000|100%| O|  |TAMS 0x0000000703800000| PB 0x0000000703800000| Updating 
|  28|0x0000000703800000, 0x0000000703a00000, 0x0000000703a00000|100%| O|  |TAMS 0x0000000703a00000| PB 0x0000000703a00000| Untracked 
|  29|0x0000000703a00000, 0x0000000703c00000, 0x0000000703c00000|100%| O|  |TAMS 0x0000000703c00000| PB 0x0000000703c00000| Untracked 
|  30|0x0000000703c00000, 0x0000000703e00000, 0x0000000703e00000|100%| O|  |TAMS 0x0000000703e00000| PB 0x0000000703e00000| Untracked 
|  31|0x0000000703e00000, 0x0000000704000000, 0x0000000704000000|100%| O|  |TAMS 0x0000000704000000| PB 0x0000000704000000| Untracked 
|  32|0x0000000704000000, 0x0000000704200000, 0x0000000704200000|100%| O|  |TAMS 0x0000000704200000| PB 0x0000000704200000| Untracked 
|  33|0x0000000704200000, 0x0000000704400000, 0x0000000704400000|100%| O|  |TAMS 0x0000000704400000| PB 0x0000000704400000| Untracked 
|  34|0x0000000704400000, 0x0000000704600000, 0x0000000704600000|100%|HS|  |TAMS 0x0000000704600000| PB 0x0000000704400000| Complete 
|  35|0x0000000704600000, 0x0000000704800000, 0x0000000704800000|100%|HS|  |TAMS 0x0000000704800000| PB 0x0000000704600000| Complete 
|  36|0x0000000704800000, 0x0000000704a00000, 0x0000000704a00000|100%|HC|  |TAMS 0x0000000704a00000| PB 0x0000000704800000| Complete 
|  37|0x0000000704a00000, 0x0000000704c00000, 0x0000000704c00000|100%| O|  |TAMS 0x0000000704c00000| PB 0x0000000704c00000| Untracked 
|  38|0x0000000704c00000, 0x0000000704e00000, 0x0000000704e00000|100%| O|  |TAMS 0x0000000704e00000| PB 0x0000000704e00000| Untracked 
|  39|0x0000000704e00000, 0x0000000705000000, 0x0000000705000000|100%| O|  |TAMS 0x0000000705000000| PB 0x0000000705000000| Untracked 
|  40|0x0000000705000000, 0x0000000705200000, 0x0000000705200000|100%|HS|  |TAMS 0x0000000705200000| PB 0x0000000705000000| Complete 
|  41|0x0000000705200000, 0x0000000705400000, 0x0000000705400000|100%| O|  |TAMS 0x0000000705400000| PB 0x0000000705400000| Untracked 
|  42|0x0000000705400000, 0x0000000705600000, 0x0000000705600000|100%| O|  |TAMS 0x0000000705600000| PB 0x0000000705600000| Untracked 
|  43|0x0000000705600000, 0x0000000705800000, 0x0000000705800000|100%| O|  |TAMS 0x0000000705800000| PB 0x0000000705800000| Untracked 
|  44|0x0000000705800000, 0x0000000705a00000, 0x0000000705a00000|100%|HS|  |TAMS 0x0000000705800000| PB 0x0000000705800000| Complete 
|  45|0x0000000705a00000, 0x0000000705c00000, 0x0000000705c00000|100%|HC|  |TAMS 0x0000000705a00000| PB 0x0000000705a00000| Complete 
|  46|0x0000000705c00000, 0x0000000705c00000, 0x0000000705e00000|  0%| F|  |TAMS 0x0000000705c00000| PB 0x0000000705c00000| Untracked 
|  47|0x0000000705e00000, 0x0000000706000000, 0x0000000706000000|100%| O|  |TAMS 0x0000000705e00000| PB 0x0000000705e00000| Untracked 
|  48|0x0000000706000000, 0x00000007061a6ef0, 0x0000000706200000| 82%| O|  |TAMS 0x0000000706000000| PB 0x0000000706000000| Updating 
|  49|0x0000000706200000, 0x0000000706200000, 0x0000000706400000|  0%| F|  |TAMS 0x0000000706200000| PB 0x0000000706200000| Untracked 
|  50|0x0000000706400000, 0x0000000706400000, 0x0000000706600000|  0%| F|  |TAMS 0x0000000706400000| PB 0x0000000706400000| Untracked 
|  51|0x0000000706600000, 0x0000000706600000, 0x0000000706800000|  0%| F|  |TAMS 0x0000000706600000| PB 0x0000000706600000| Untracked 
|  52|0x0000000706800000, 0x0000000706800000, 0x0000000706a00000|  0%| F|  |TAMS 0x0000000706800000| PB 0x0000000706800000| Untracked 
|  53|0x0000000706a00000, 0x0000000706a00000, 0x0000000706c00000|  0%| F|  |TAMS 0x0000000706a00000| PB 0x0000000706a00000| Untracked 
|  54|0x0000000706c00000, 0x0000000706db92e0, 0x0000000706e00000| 86%| S|CS|TAMS 0x0000000706c00000| PB 0x0000000706c00000| Complete 
|  55|0x0000000706e00000, 0x0000000707000000, 0x0000000707000000|100%| S|CS|TAMS 0x0000000706e00000| PB 0x0000000706e00000| Complete 
|  56|0x0000000707000000, 0x0000000707000000, 0x0000000707200000|  0%| F|  |TAMS 0x0000000707000000| PB 0x0000000707000000| Untracked 
|  57|0x0000000707200000, 0x0000000707200000, 0x0000000707400000|  0%| F|  |TAMS 0x0000000707200000| PB 0x0000000707200000| Untracked 
|  58|0x0000000707400000, 0x0000000707400000, 0x0000000707600000|  0%| F|  |TAMS 0x0000000707400000| PB 0x0000000707400000| Untracked 
|  59|0x0000000707600000, 0x0000000707600000, 0x0000000707800000|  0%| F|  |TAMS 0x0000000707600000| PB 0x0000000707600000| Untracked 
|  60|0x0000000707800000, 0x0000000707800000, 0x0000000707a00000|  0%| F|  |TAMS 0x0000000707800000| PB 0x0000000707800000| Untracked 
|  61|0x0000000707a00000, 0x0000000707a00000, 0x0000000707c00000|  0%| F|  |TAMS 0x0000000707a00000| PB 0x0000000707a00000| Untracked 
|  62|0x0000000707c00000, 0x0000000707c00000, 0x0000000707e00000|  0%| F|  |TAMS 0x0000000707c00000| PB 0x0000000707c00000| Untracked 
|  63|0x0000000707e00000, 0x0000000707e00000, 0x0000000708000000|  0%| F|  |TAMS 0x0000000707e00000| PB 0x0000000707e00000| Untracked 
|  64|0x0000000708000000, 0x0000000708000000, 0x0000000708200000|  0%| F|  |TAMS 0x0000000708000000| PB 0x0000000708000000| Untracked 
|  65|0x0000000708200000, 0x0000000708200000, 0x0000000708400000|  0%| F|  |TAMS 0x0000000708200000| PB 0x0000000708200000| Untracked 
|  66|0x0000000708400000, 0x0000000708400000, 0x0000000708600000|  0%| F|  |TAMS 0x0000000708400000| PB 0x0000000708400000| Untracked 
|  67|0x0000000708600000, 0x000000070869fec8, 0x0000000708800000| 31%| E|  |TAMS 0x0000000708600000| PB 0x0000000708600000| Complete 
|  68|0x0000000708800000, 0x0000000708980538, 0x0000000708a00000| 75%| E|  |TAMS 0x0000000708800000| PB 0x0000000708800000| Complete 
|  69|0x0000000708a00000, 0x0000000708c00000, 0x0000000708c00000|100%| E|CS|TAMS 0x0000000708a00000| PB 0x0000000708a00000| Complete 
|  70|0x0000000708c00000, 0x0000000708e00000, 0x0000000708e00000|100%| E|CS|TAMS 0x0000000708c00000| PB 0x0000000708c00000| Complete 
|2046|0x00000007ffc00000, 0x00000007ffe00000, 0x00000007ffe00000|100%| O|  |TAMS 0x00000007ffd633c8| PB 0x00000007ffd633c8| Updating 
|2047|0x00000007ffe00000, 0x0000000800000000, 0x0000000800000000|100%| O|  |TAMS 0x0000000800000000| PB 0x0000000800000000| Updating 

Card table byte_map: [0x0000027d41e50000,0x0000027d42650000] _byte_map_base: 0x0000027d3e650000

Marking Bits: (CMBitMap*) 0x0000027d2a22c120
 Bits: [0x0000027d42650000, 0x0000027d46650000)

Polling page: 0x0000027d27fa0000

Metaspace:

Usage:
  Non-class:     61.62 MB used.
      Class:      9.72 MB used.
       Both:     71.34 MB used.

Virtual space:
  Non-class space:       64.00 MB reserved,      62.63 MB ( 98%) committed,  1 nodes.
      Class space:        1.00 GB reserved,      10.75 MB (  1%) committed,  1 nodes.
             Both:        1.06 GB reserved,      73.38 MB (  7%) committed. 

Chunk freelists:
   Non-Class:  1.00 MB
       Class:  5.11 MB
        Both:  6.11 MB

MaxMetaspaceSize: 2.00 GB
CompressedClassSpaceSize: 1.00 GB
Initial GC threshold: 21.00 MB
Current GC threshold: 118.69 MB
CDS: on
 - commit_granule_bytes: 65536.
 - commit_granule_words: 8192.
 - virtual_space_node_default_size: 8388608.
 - enlarge_chunks_in_place: 1.
 - use_allocation_guard: 0.


Internal statistics:

num_allocs_failed_limit: 6.
num_arena_births: 3560.
num_arena_deaths: 0.
num_vsnodes_births: 2.
num_vsnodes_deaths: 0.
num_space_committed: 1174.
num_space_uncommitted: 0.
num_chunks_returned_to_freelist: 6.
num_chunks_taken_from_freelist: 6918.
num_chunk_merges: 6.
num_chunk_splits: 4485.
num_chunks_enlarged: 2741.
num_inconsistent_stats: 0.

CodeHeap 'non-profiled nmethods': size=120000Kb used=5239Kb max_used=5397Kb free=114760Kb
 bounds [0x0000027d3a120000, 0x0000027d3a670000, 0x0000027d41650000]
CodeHeap 'profiled nmethods': size=120000Kb used=16130Kb max_used=16475Kb free=103869Kb
 bounds [0x0000027d32650000, 0x0000027d33670000, 0x0000027d39b80000]
CodeHeap 'non-nmethods': size=5760Kb used=2812Kb max_used=2918Kb free=2947Kb
 bounds [0x0000027d39b80000, 0x0000027d39e80000, 0x0000027d3a120000]
 total_blobs=9290 nmethods=8365 adapters=828
 compilation: enabled
              stopped_count=0, restarted_count=0
 full_count=0

Compilation events (20 events):
Event: 61.106 Thread 0x0000027d48b66ab0 9824       3       sun.net.www.MessageHeader::grow (92 bytes)
Event: 61.106 Thread 0x0000027d48b66ab0 nmethod 9824 0x0000027d33662090 code [0x0000027d33662260, 0x0000027d336627f8]
Event: 61.107 Thread 0x0000027d48b66ab0 9825       3       org.gradle.api.internal.plugins.DefaultPluginRegistry$PluginIdLookupCacheKey::<init> (15 bytes)
Event: 61.107 Thread 0x0000027d48b66ab0 nmethod 9825 0x0000027d33662910 code [0x0000027d33662ac0, 0x0000027d33662cf0]
Event: 61.107 Thread 0x0000027d48b66ab0 9826       3       org.gradle.api.internal.plugins.DefaultPluginRegistry$PluginIdLookupCacheKey::hashCode (23 bytes)
Event: 61.107 Thread 0x0000027d48b66ab0 nmethod 9826 0x0000027d33662d90 code [0x0000027d33662f60, 0x0000027d33663228]
Event: 61.109 Thread 0x0000027d48b66ab0 9827       3       sun.net.www.protocol.file.FileURLConnection::<init> (38 bytes)
Event: 61.109 Thread 0x0000027d48b66ab0 nmethod 9827 0x0000027d33663310 code [0x0000027d33663500, 0x0000027d33663980]
Event: 61.109 Thread 0x0000027d48b66ab0 9828       3       java.security.Permission::<init> (10 bytes)
Event: 61.109 Thread 0x0000027d48b66ab0 nmethod 9828 0x0000027d33663b10 code [0x0000027d33663cc0, 0x0000027d33663e80]
Event: 61.124 Thread 0x0000027d48b66ab0 9829       1       com.google.common.cache.LocalCache$WeakEntry::getHash (5 bytes)
Event: 61.125 Thread 0x0000027d48b66ab0 nmethod 9829 0x0000027d3a663e10 code [0x0000027d3a663fa0, 0x0000027d3a664068]
Event: 61.126 Thread 0x0000027d48b66ab0 9830       3       org.gradle.api.internal.plugins.DefaultPluginRegistry::lookup (83 bytes)
Event: 61.128 Thread 0x0000027d48b66ab0 nmethod 9830 0x0000027d33663f10 code [0x0000027d336642c0, 0x0000027d33665e50]
Event: 61.131 Thread 0x0000027d48b66ab0 9831       1       org.gradle.api.internal.file.BaseDirFileResolver::getBaseDir (5 bytes)
Event: 61.132 Thread 0x0000027d48b66ab0 nmethod 9831 0x0000027d3a664110 code [0x0000027d3a6642a0, 0x0000027d3a664370]
Event: 61.132 Thread 0x0000027d8fef91c0 9832       4       java.io.File::<init> (47 bytes)
Event: 61.143 Thread 0x0000027d8fef91c0 nmethod 9832 0x0000027d3a664410 code [0x0000027d3a664640, 0x0000027d3a664e58]
Event: 61.146 Thread 0x0000027d48b66ab0 9833       3       org.gradle.tooling.internal.provider.runner.PluginApplicationTracker::track (16 bytes)
Event: 61.146 Thread 0x0000027d48b66ab0 nmethod 9833 0x0000027d33666810 code [0x0000027d336669c0, 0x0000027d33666bc0]

GC Heap History (20 events):
Event: 50.073 GC heap before
{Heap before GC invocations=18 (full 0):
 garbage-first heap   total 100352K, used 84039K [0x0000000700000000, 0x0000000800000000)
  region size 2048K, 12 young (24576K), 1 survivors (2048K)
 Metaspace       used 57376K, committed 59200K, reserved 1114112K
  class space    used 7891K, committed 8768K, reserved 1048576K
}
Event: 50.078 GC heap after
{Heap after GC invocations=19 (full 0):
 garbage-first heap   total 100352K, used 64319K [0x0000000700000000, 0x0000000800000000)
  region size 2048K, 1 young (2048K), 1 survivors (2048K)
 Metaspace       used 57376K, committed 59200K, reserved 1114112K
  class space    used 7891K, committed 8768K, reserved 1048576K
}
Event: 51.510 GC heap before
{Heap before GC invocations=20 (full 0):
 garbage-first heap   total 112640K, used 86847K [0x0000000700000000, 0x0000000800000000)
  region size 2048K, 13 young (26624K), 1 survivors (2048K)
 Metaspace       used 58688K, committed 60608K, reserved 1114112K
  class space    used 8114K, committed 9088K, reserved 1048576K
}
Event: 51.520 GC heap after
{Heap after GC invocations=21 (full 0):
 garbage-first heap   total 112640K, used 69951K [0x0000000700000000, 0x0000000800000000)
  region size 2048K, 2 young (4096K), 2 survivors (4096K)
 Metaspace       used 58688K, committed 60608K, reserved 1114112K
  class space    used 8114K, committed 9088K, reserved 1048576K
}
Event: 52.390 GC heap before
{Heap before GC invocations=21 (full 0):
 garbage-first heap   total 112640K, used 94527K [0x0000000700000000, 0x0000000800000000)
  region size 2048K, 15 young (30720K), 2 survivors (4096K)
 Metaspace       used 59923K, committed 61824K, reserved 1114112K
  class space    used 8271K, committed 9216K, reserved 1048576K
}
Event: 52.403 GC heap after
{Heap after GC invocations=22 (full 0):
 garbage-first heap   total 112640K, used 71601K [0x0000000700000000, 0x0000000800000000)
  region size 2048K, 2 young (4096K), 2 survivors (4096K)
 Metaspace       used 59923K, committed 61824K, reserved 1114112K
  class space    used 8271K, committed 9216K, reserved 1048576K
}
Event: 53.697 GC heap before
{Heap before GC invocations=22 (full 0):
 garbage-first heap   total 112640K, used 96177K [0x0000000700000000, 0x0000000800000000)
  region size 2048K, 14 young (28672K), 2 survivors (4096K)
 Metaspace       used 61723K, committed 63616K, reserved 1114112K
  class space    used 8509K, committed 9472K, reserved 1048576K
}
Event: 53.705 GC heap after
{Heap after GC invocations=23 (full 0):
 garbage-first heap   total 112640K, used 73052K [0x0000000700000000, 0x0000000800000000)
  region size 2048K, 1 young (2048K), 1 survivors (2048K)
 Metaspace       used 61723K, committed 63616K, reserved 1114112K
  class space    used 8509K, committed 9472K, reserved 1048576K
}
Event: 54.888 GC heap before
{Heap before GC invocations=24 (full 0):
 garbage-first heap   total 126976K, used 101724K [0x0000000700000000, 0x0000000800000000)
  region size 2048K, 14 young (28672K), 1 survivors (2048K)
 Metaspace       used 64823K, committed 66752K, reserved 1114112K
  class space    used 8892K, committed 9856K, reserved 1048576K
}
Event: 54.893 GC heap after
{Heap after GC invocations=25 (full 0):
 garbage-first heap   total 126976K, used 76577K [0x0000000700000000, 0x0000000800000000)
  region size 2048K, 2 young (4096K), 2 survivors (4096K)
 Metaspace       used 64823K, committed 66752K, reserved 1114112K
  class space    used 8892K, committed 9856K, reserved 1048576K
}
Event: 56.304 GC heap before
{Heap before GC invocations=25 (full 0):
 garbage-first heap   total 126976K, used 113441K [0x0000000700000000, 0x0000000800000000)
  region size 2048K, 19 young (38912K), 2 survivors (4096K)
 Metaspace       used 68507K, committed 70464K, reserved 1114112K
  class space    used 9391K, committed 10368K, reserved 1048576K
}
Event: 56.316 GC heap after
{Heap after GC invocations=26 (full 0):
 garbage-first heap   total 126976K, used 81230K [0x0000000700000000, 0x0000000800000000)
  region size 2048K, 3 young (6144K), 3 survivors (6144K)
 Metaspace       used 68507K, committed 70464K, reserved 1114112K
  class space    used 9391K, committed 10368K, reserved 1048576K
}
Event: 57.738 GC heap before
{Heap before GC invocations=26 (full 0):
 garbage-first heap   total 126976K, used 107854K [0x0000000700000000, 0x0000000800000000)
  region size 2048K, 17 young (34816K), 3 survivors (6144K)
 Metaspace       used 70960K, committed 72896K, reserved 1114112K
  class space    used 9701K, committed 10688K, reserved 1048576K
}
Event: 57.752 GC heap after
{Heap after GC invocations=27 (full 0):
 garbage-first heap   total 126976K, used 83443K [0x0000000700000000, 0x0000000800000000)
  region size 2048K, 3 young (6144K), 3 survivors (6144K)
 Metaspace       used 70960K, committed 72896K, reserved 1114112K
  class space    used 9701K, committed 10688K, reserved 1048576K
}
Event: 58.888 GC heap before
{Heap before GC invocations=28 (full 0):
 garbage-first heap   total 147456K, used 108019K [0x0000000700000000, 0x0000000800000000)
  region size 2048K, 15 young (30720K), 3 survivors (6144K)
 Metaspace       used 71689K, committed 73664K, reserved 1114112K
  class space    used 9778K, committed 10752K, reserved 1048576K
}
Event: 58.900 GC heap after
{Heap after GC invocations=29 (full 0):
 garbage-first heap   total 147456K, used 86893K [0x0000000700000000, 0x0000000800000000)
  region size 2048K, 2 young (4096K), 2 survivors (4096K)
 Metaspace       used 71689K, committed 73664K, reserved 1114112K
  class space    used 9778K, committed 10752K, reserved 1048576K
}
Event: 60.353 GC heap before
{Heap before GC invocations=29 (full 0):
 garbage-first heap   total 147456K, used 131949K [0x0000000700000000, 0x0000000800000000)
  region size 2048K, 24 young (49152K), 2 survivors (4096K)
 Metaspace       used 72513K, committed 74560K, reserved 1114112K
  class space    used 9892K, committed 10944K, reserved 1048576K
}
Event: 60.377 GC heap after
{Heap after GC invocations=30 (full 0):
 garbage-first heap   total 149504K, used 97676K [0x0000000700000000, 0x0000000800000000)
  region size 2048K, 3 young (6144K), 3 survivors (6144K)
 Metaspace       used 72513K, committed 74560K, reserved 1114112K
  class space    used 9892K, committed 10944K, reserved 1048576K
}
Event: 60.967 GC heap before
{Heap before GC invocations=30 (full 0):
 garbage-first heap   total 149504K, used 124300K [0x0000000700000000, 0x0000000800000000)
  region size 2048K, 18 young (36864K), 3 survivors (6144K)
 Metaspace       used 72931K, committed 75008K, reserved 1114112K
  class space    used 9936K, committed 10944K, reserved 1048576K
}
Event: 60.973 GC heap after
{Heap after GC invocations=31 (full 0):
 garbage-first heap   total 149504K, used 101760K [0x0000000700000000, 0x0000000800000000)
  region size 2048K, 2 young (4096K), 2 survivors (4096K)
 Metaspace       used 72931K, committed 75008K, reserved 1114112K
  class space    used 9936K, committed 10944K, reserved 1048576K
}

Dll operation events (15 events):
Event: 0.009 Loaded shared library C:\Program Files\Java\jdk-21\bin\java.dll
Event: 0.208 Loaded shared library C:\Program Files\Java\jdk-21\bin\jsvml.dll
Event: 0.390 Loaded shared library C:\Program Files\Java\jdk-21\bin\zip.dll
Event: 0.397 Loaded shared library C:\Program Files\Java\jdk-21\bin\instrument.dll
Event: 0.406 Loaded shared library C:\Program Files\Java\jdk-21\bin\net.dll
Event: 0.408 Loaded shared library C:\Program Files\Java\jdk-21\bin\nio.dll
Event: 0.431 Loaded shared library C:\Program Files\Java\jdk-21\bin\zip.dll
Event: 2.656 Loaded shared library C:\Program Files\Java\jdk-21\bin\jimage.dll
Event: 3.244 Loaded shared library C:\Program Files\Java\jdk-21\bin\verify.dll
Event: 4.083 Loaded shared library C:\Users\Administrator\.gradle\native\c067742578af261105cb4f569cf0c3c89f3d7b1fecec35dd04571415982c5e48\windows-amd64\native-platform.dll
Event: 4.090 Loaded shared library C:\Users\Administrator\.gradle\native\38dada09dfb8b06ba9b0570ebf7e218e3eb74d4ef43ca46872605cf95ebc2f47\windows-amd64\native-platform-file-events.dll
Event: 8.005 Loaded shared library C:\Program Files\Java\jdk-21\bin\management.dll
Event: 8.009 Loaded shared library C:\Program Files\Java\jdk-21\bin\management_ext.dll
Event: 9.124 Loaded shared library C:\Program Files\Java\jdk-21\bin\extnet.dll
Event: 9.609 Loaded shared library C:\Program Files\Java\jdk-21\bin\sunmscapi.dll

Deoptimization events (20 events):
Event: 60.557 Thread 0x0000027d8f9fd1f0 Uncommon trap: trap_request=0xffffffde fr.pc=0x0000027d3a3ba4ec relative=0x000000000000226c
Event: 60.557 Thread 0x0000027d8f9fd1f0 Uncommon trap: reason=class_check action=maybe_recompile pc=0x0000027d3a3ba4ec method=jdk.internal.loader.Resource.cachedInputStream()Ljava/io/InputStream; @ 9 c2
Event: 60.557 Thread 0x0000027d8f9fd1f0 DEOPT PACKING pc=0x0000027d3a3ba4ec sp=0x000000db85ef5940
Event: 60.557 Thread 0x0000027d8f9fd1f0 DEOPT UNPACKING pc=0x0000027d39bd46a2 sp=0x000000db85ef5970 mode 2
Event: 60.611 Thread 0x0000027d8f9fd1f0 Uncommon trap: trap_request=0xffffffde fr.pc=0x0000027d3a3ba4ec relative=0x000000000000226c
Event: 60.611 Thread 0x0000027d8f9fd1f0 Uncommon trap: reason=class_check action=maybe_recompile pc=0x0000027d3a3ba4ec method=jdk.internal.loader.Resource.cachedInputStream()Ljava/io/InputStream; @ 9 c2
Event: 60.611 Thread 0x0000027d8f9fd1f0 DEOPT PACKING pc=0x0000027d3a3ba4ec sp=0x000000db85ef50e0
Event: 60.611 Thread 0x0000027d8f9fd1f0 DEOPT UNPACKING pc=0x0000027d39bd46a2 sp=0x000000db85ef5110 mode 2
Event: 60.617 Thread 0x0000027d8f9fd1f0 Uncommon trap: trap_request=0xffffffde fr.pc=0x0000027d3a3ba4ec relative=0x000000000000226c
Event: 60.617 Thread 0x0000027d8f9fd1f0 Uncommon trap: reason=class_check action=maybe_recompile pc=0x0000027d3a3ba4ec method=jdk.internal.loader.Resource.cachedInputStream()Ljava/io/InputStream; @ 9 c2
Event: 60.617 Thread 0x0000027d8f9fd1f0 DEOPT PACKING pc=0x0000027d3a3ba4ec sp=0x000000db85ef4c70
Event: 60.617 Thread 0x0000027d8f9fd1f0 DEOPT UNPACKING pc=0x0000027d39bd46a2 sp=0x000000db85ef4ca0 mode 2
Event: 60.625 Thread 0x0000027d8f9fd1f0 Uncommon trap: trap_request=0xffffffde fr.pc=0x0000027d3a3ba4ec relative=0x000000000000226c
Event: 60.625 Thread 0x0000027d8f9fd1f0 Uncommon trap: reason=class_check action=maybe_recompile pc=0x0000027d3a3ba4ec method=jdk.internal.loader.Resource.cachedInputStream()Ljava/io/InputStream; @ 9 c2
Event: 60.625 Thread 0x0000027d8f9fd1f0 DEOPT PACKING pc=0x0000027d3a3ba4ec sp=0x000000db85ef4b20
Event: 60.625 Thread 0x0000027d8f9fd1f0 DEOPT UNPACKING pc=0x0000027d39bd46a2 sp=0x000000db85ef4b50 mode 2
Event: 60.832 Thread 0x0000027d8f632410 Uncommon trap: trap_request=0xffffff45 fr.pc=0x0000027d3a50b958 relative=0x0000000000000518
Event: 60.832 Thread 0x0000027d8f632410 Uncommon trap: reason=unstable_if action=reinterpret pc=0x0000027d3a50b958 method=java.util.concurrent.ConcurrentLinkedQueue.poll()Ljava/lang/Object; @ 24 c2
Event: 60.832 Thread 0x0000027d8f632410 DEOPT PACKING pc=0x0000027d3a50b958 sp=0x000000db866fe470
Event: 60.832 Thread 0x0000027d8f632410 DEOPT UNPACKING pc=0x0000027d39bd46a2 sp=0x000000db866fe418 mode 2

Classes loaded (20 events):
Event: 60.291 Loading class java/util/ArrayListCustomizer
Event: 60.291 Loading class java/util/ArrayListCustomizer done
Event: 60.292 Loading class java/util/ArrayListCustomizer
Event: 60.292 Loading class java/util/ArrayListCustomizer done
Event: 60.401 Loading class java/util/LinkedHashMapBeanInfo
Event: 60.401 Loading class java/util/LinkedHashMapBeanInfo done
Event: 60.402 Loading class java/util/LinkedHashMapBeanInfo
Event: 60.402 Loading class java/util/LinkedHashMapBeanInfo done
Event: 60.402 Loading class java/util/HashMapBeanInfo
Event: 60.402 Loading class java/util/HashMapBeanInfo done
Event: 60.402 Loading class java/util/HashMapBeanInfo
Event: 60.402 Loading class java/util/HashMapBeanInfo done
Event: 60.402 Loading class java/util/HashMapCustomizer
Event: 60.402 Loading class java/util/HashMapCustomizer done
Event: 60.403 Loading class java/util/HashMapCustomizer
Event: 60.403 Loading class java/util/HashMapCustomizer done
Event: 60.406 Loading class java/util/LinkedHashMapCustomizer
Event: 60.406 Loading class java/util/LinkedHashMapCustomizer done
Event: 60.407 Loading class java/util/LinkedHashMapCustomizer
Event: 60.407 Loading class java/util/LinkedHashMapCustomizer done

Classes unloaded (0 events):
No events

Classes redefined (0 events):
No events

Internal exceptions (20 events):
Event: 60.107 Thread 0x0000027d8f9fd1f0 Exception <a 'java/lang/ClassNotFoundException'{0x00000007062f8af0}: org/gradle/api/internal/DefaultDomainObjectSet_DecoratedBeanInfo> (0x00000007062f8af0) 
thrown [s\open\src\hotspot\share\classfile\systemDictionary.cpp, line 312]
Event: 60.108 Thread 0x0000027d8f9fd1f0 Exception <a 'java/lang/ClassNotFoundException'{0x0000000706312cb8}: org/gradle/api/internal/DefaultDomainObjectSet_DecoratedCustomizer> (0x0000000706312cb8) 
thrown [s\open\src\hotspot\share\classfile\systemDictionary.cpp, line 312]
Event: 60.189 Thread 0x0000027d8f9fd1f0 Exception <a 'java/lang/ClassNotFoundException'{0x00000007063e28c0}: groovy/json/JsonSlurperBeanInfo> (0x00000007063e28c0) 
thrown [s\open\src\hotspot\share\classfile\systemDictionary.cpp, line 312]
Event: 60.192 Thread 0x0000027d8f9fd1f0 Exception <a 'java/lang/ClassNotFoundException'{0x00000007063fe288}: groovy/json/JsonSlurperCustomizer> (0x00000007063fe288) 
thrown [s\open\src\hotspot\share\classfile\systemDictionary.cpp, line 312]
Event: 60.260 Thread 0x0000027d8f9fd1f0 Exception <a 'java/lang/ClassNotFoundException'{0x0000000706113cd0}: org/apache/groovy/json/internal/LazyMapBeanInfo> (0x0000000706113cd0) 
thrown [s\open\src\hotspot\share\classfile\systemDictionary.cpp, line 312]
Event: 60.261 Thread 0x0000027d8f9fd1f0 Exception <a 'java/lang/ClassNotFoundException'{0x000000070611fec0}: java/util/AbstractMapBeanInfo> (0x000000070611fec0) 
thrown [s\open\src\hotspot\share\classfile\systemDictionary.cpp, line 312]
Event: 60.262 Thread 0x0000027d8f9fd1f0 Exception <a 'java/lang/ClassNotFoundException'{0x000000070612c0e0}: java/util/AbstractMapCustomizer> (0x000000070612c0e0) 
thrown [s\open\src\hotspot\share\classfile\systemDictionary.cpp, line 312]
Event: 60.272 Thread 0x0000027d8f9fd1f0 Exception <a 'java/lang/ClassNotFoundException'{0x0000000706177c88}: org/apache/groovy/json/internal/LazyMapCustomizer> (0x0000000706177c88) 
thrown [s\open\src\hotspot\share\classfile\systemDictionary.cpp, line 312]
Event: 60.286 Thread 0x0000027d8f9fd1f0 Exception <a 'java/lang/ClassNotFoundException'{0x0000000705ee84b8}: java/util/ArrayListBeanInfo> (0x0000000705ee84b8) 
thrown [s\open\src\hotspot\share\classfile\systemDictionary.cpp, line 312]
Event: 60.287 Thread 0x0000027d8f9fd1f0 Exception <a 'java/lang/ClassNotFoundException'{0x0000000705ef46c8}: java/util/AbstractListBeanInfo> (0x0000000705ef46c8) 
thrown [s\open\src\hotspot\share\classfile\systemDictionary.cpp, line 312]
Event: 60.288 Thread 0x0000027d8f9fd1f0 Exception <a 'java/lang/ClassNotFoundException'{0x0000000705f008e8}: java/util/AbstractListCustomizer> (0x0000000705f008e8) 
thrown [s\open\src\hotspot\share\classfile\systemDictionary.cpp, line 312]
Event: 60.292 Thread 0x0000027d8f9fd1f0 Exception <a 'java/lang/ClassNotFoundException'{0x0000000705f379b8}: java/util/ArrayListCustomizer> (0x0000000705f379b8) 
thrown [s\open\src\hotspot\share\classfile\systemDictionary.cpp, line 312]
Event: 60.351 Thread 0x0000027d8f9fd1f0 Exception <a 'java/lang/ClassNotFoundException'{0x0000000705fdde50}: org/codehaus/groovy/runtime/MethodClosureBeanInfo> (0x0000000705fdde50) 
thrown [s\open\src\hotspot\share\classfile\systemDictionary.cpp, line 312]
Event: 60.353 Thread 0x0000027d8f9fd1f0 Exception <a 'java/lang/ClassNotFoundException'{0x0000000705ff7fb0}: org/codehaus/groovy/runtime/MethodClosureCustomizer> (0x0000000705ff7fb0) 
thrown [s\open\src\hotspot\share\classfile\systemDictionary.cpp, line 312]
Event: 60.402 Thread 0x0000027d8f9fd1f0 Exception <a 'java/lang/ClassNotFoundException'{0x0000000708ca8a90}: java/util/LinkedHashMapBeanInfo> (0x0000000708ca8a90) 
thrown [s\open\src\hotspot\share\classfile\systemDictionary.cpp, line 312]
Event: 60.402 Thread 0x0000027d8f9fd1f0 Exception <a 'java/lang/ClassNotFoundException'{0x0000000708cb4468}: java/util/HashMapBeanInfo> (0x0000000708cb4468) 
thrown [s\open\src\hotspot\share\classfile\systemDictionary.cpp, line 312]
Event: 60.403 Thread 0x0000027d8f9fd1f0 Exception <a 'java/lang/ClassNotFoundException'{0x0000000708cbf8b8}: java/util/HashMapCustomizer> (0x0000000708cbf8b8) 
thrown [s\open\src\hotspot\share\classfile\systemDictionary.cpp, line 312]
Event: 60.407 Thread 0x0000027d8f9fd1f0 Exception <a 'java/lang/ClassNotFoundException'{0x0000000708d19b40}: java/util/LinkedHashMapCustomizer> (0x0000000708d19b40) 
thrown [s\open\src\hotspot\share\classfile\systemDictionary.cpp, line 312]
Event: 60.423 Thread 0x0000027d8f9fd1f0 Exception <a 'java/lang/ClassNotFoundException'{0x0000000708d94228}: org/apache/tools/ant/taskdefs/condition/OsBeanInfo> (0x0000000708d94228) 
thrown [s\open\src\hotspot\share\classfile\systemDictionary.cpp, line 312]
Event: 60.424 Thread 0x0000027d8f9fd1f0 Exception <a 'java/lang/ClassNotFoundException'{0x0000000708dabaa8}: org/apache/tools/ant/taskdefs/condition/OsCustomizer> (0x0000000708dabaa8) 
thrown [s\open\src\hotspot\share\classfile\systemDictionary.cpp, line 312]

ZGC Phase Switch (0 events):
No events

VM Operations (20 events):
Event: 58.697 Executing VM operation: ICBufferFull done
Event: 58.888 Executing VM operation: G1CollectForAllocation (G1 Evacuation Pause)
Event: 58.902 Executing VM operation: G1CollectForAllocation (G1 Evacuation Pause) done
Event: 59.674 Executing VM operation: HandshakeAllThreads (Deoptimize)
Event: 59.674 Executing VM operation: HandshakeAllThreads (Deoptimize) done
Event: 59.679 Executing VM operation: HandshakeAllThreads (Deoptimize)
Event: 59.679 Executing VM operation: HandshakeAllThreads (Deoptimize) done
Event: 60.303 Executing VM operation: HandshakeAllThreads (HandshakeForDeflation)
Event: 60.340 Executing VM operation: HandshakeAllThreads (HandshakeForDeflation) done
Event: 60.340 Executing VM operation: Cleanup
Event: 60.340 Executing VM operation: Cleanup done
Event: 60.341 Executing VM operation: RendezvousGCThreads
Event: 60.341 Executing VM operation: RendezvousGCThreads done
Event: 60.353 Executing VM operation: G1CollectForAllocation (G1 Evacuation Pause)
Event: 60.377 Executing VM operation: G1CollectForAllocation (G1 Evacuation Pause) done
Event: 60.849 Executing VM operation: ICBufferFull
Event: 60.851 Executing VM operation: ICBufferFull done
Event: 60.967 Executing VM operation: G1TryInitiateConcMark (G1 Humongous Allocation)
Event: 60.974 Executing VM operation: G1TryInitiateConcMark (G1 Humongous Allocation) done
Event: 61.146 Executing VM operation: G1PauseRemark

Events (20 events):
Event: 61.154 Thread 0x0000027d48adb350 flushing nmethod 0x0000027d32b59090
Event: 61.154 Thread 0x0000027d48adb350 flushing nmethod 0x0000027d32bb7990
Event: 61.154 Thread 0x0000027d48adb350 flushing nmethod 0x0000027d32c38c10
Event: 61.154 Thread 0x0000027d48adb350 flushing nmethod 0x0000027d32c3c010
Event: 61.154 Thread 0x0000027d48adb350 flushing nmethod 0x0000027d32c81290
Event: 61.154 Thread 0x0000027d48adb350 flushing nmethod 0x0000027d32d98490
Event: 61.154 Thread 0x0000027d48adb350 flushing nmethod 0x0000027d32dbbf10
Event: 61.154 Thread 0x0000027d48adb350 flushing nmethod 0x0000027d32df2d10
Event: 61.154 Thread 0x0000027d48adb350 flushing nmethod 0x0000027d32e0ea10
Event: 61.154 Thread 0x0000027d48adb350 flushing nmethod 0x0000027d32eeea90
Event: 61.154 Thread 0x0000027d48adb350 flushing nmethod 0x0000027d32f1c090
Event: 61.154 Thread 0x0000027d48adb350 flushing nmethod 0x0000027d32f1c990
Event: 61.154 Thread 0x0000027d48adb350 flushing nmethod 0x0000027d32f1cd90
Event: 61.154 Thread 0x0000027d48adb350 flushing nmethod 0x0000027d32fb9c10
Event: 61.154 Thread 0x0000027d48adb350 flushing nmethod 0x0000027d33068f10
Event: 61.154 Thread 0x0000027d48adb350 flushing nmethod 0x0000027d33268090
Event: 61.154 Thread 0x0000027d48adb350 flushing nmethod 0x0000027d33268590
Event: 61.154 Thread 0x0000027d48adb350 flushing nmethod 0x0000027d33391690
Event: 61.154 Thread 0x0000027d48adb350 flushing nmethod 0x0000027d3316b490
Event: 61.154 Thread 0x0000027d48adb350 flushing nmethod 0x0000027d33222590


Dynamic libraries:
0x00007ff792530000 - 0x00007ff792540000 	C:\Program Files\Java\jdk-21\bin\java.exe
0x00007ffb6b9b0000 - 0x00007ffb6bb9d000 	C:\Windows\SYSTEM32\ntdll.dll
0x00007ffb6ac70000 - 0x00007ffb6ad23000 	C:\Windows\System32\KERNEL32.DLL
0x00007ffb68080000 - 0x00007ffb68313000 	C:\Windows\System32\KERNELBASE.dll
0x00007ffb67d40000 - 0x00007ffb67e3c000 	C:\Windows\System32\ucrtbase.dll
0x00007ffb46410000 - 0x00007ffb46429000 	C:\Program Files\Java\jdk-21\bin\jli.dll
0x00007ffb6a0d0000 - 0x00007ffb6a173000 	C:\Windows\System32\ADVAPI32.dll
0x00007ffb6b0d0000 - 0x00007ffb6b16e000 	C:\Windows\System32\msvcrt.dll
0x00007ffb6b540000 - 0x00007ffb6b5de000 	C:\Windows\System32\sechost.dll
0x00007ffb6a4f0000 - 0x00007ffb6a612000 	C:\Windows\System32\RPCRT4.dll
0x00007ffb6a350000 - 0x00007ffb6a4e7000 	C:\Windows\System32\USER32.dll
0x00007ffb68320000 - 0x00007ffb68340000 	C:\Windows\System32\win32u.dll
0x00007ffb6b090000 - 0x00007ffb6b0b9000 	C:\Windows\System32\GDI32.dll
0x00007ffb67ee0000 - 0x00007ffb6807a000 	C:\Windows\System32\gdi32full.dll
0x00007ffb68340000 - 0x00007ffb683e0000 	C:\Windows\System32\msvcp_win.dll
0x00007ffb63cd0000 - 0x00007ffb63ceb000 	C:\Program Files\Java\jdk-21\bin\VCRUNTIME140.dll
0x00007ffb60db0000 - 0x00007ffb61029000 	C:\Windows\WinSxS\amd64_microsoft.windows.common-controls_6595b64144ccf1df_6.0.17763.316_none_05b53be2071f46b6\COMCTL32.dll
0x00007ffb6ad60000 - 0x00007ffb6b08d000 	C:\Windows\System32\combase.dll
0x00007ffb67e40000 - 0x00007ffb67ebe000 	C:\Windows\System32\bcryptPrimitives.dll
0x00007ffb66500000 - 0x00007ffb6650a000 	C:\Windows\SYSTEM32\VERSION.dll
0x00007ffb6ad30000 - 0x00007ffb6ad5e000 	C:\Windows\System32\IMM32.DLL
0x00007ffb654e0000 - 0x00007ffb654ec000 	C:\Program Files\Java\jdk-21\bin\vcruntime140_1.dll
0x00007ffb1e930000 - 0x00007ffb1e9be000 	C:\Program Files\Java\jdk-21\bin\msvcp140.dll
0x00007ffb0e730000 - 0x00007ffb0f44a000 	C:\Program Files\Java\jdk-21\bin\server\jvm.dll
0x00007ffb679f0000 - 0x00007ffb67a4d000 	C:\Windows\System32\POWRPROF.dll
0x00007ffb6b400000 - 0x00007ffb6b46d000 	C:\Windows\System32\WS2_32.dll
0x00007ffb664d0000 - 0x00007ffb664f4000 	C:\Windows\SYSTEM32\WINMM.dll
0x00007ffb662b0000 - 0x00007ffb662dd000 	C:\Windows\SYSTEM32\WINMMBASE.dll
0x00007ffb67ab0000 - 0x00007ffb67afa000 	C:\Windows\System32\cfgmgr32.dll
0x00007ffb679b0000 - 0x00007ffb679c1000 	C:\Windows\System32\kernel.appcore.dll
0x00007ffb62910000 - 0x00007ffb6291a000 	C:\Program Files\Java\jdk-21\bin\jimage.dll
0x00007ffb662e0000 - 0x00007ffb664cd000 	C:\Windows\SYSTEM32\DBGHELP.DLL
0x00007ffb66270000 - 0x00007ffb6629a000 	C:\Windows\SYSTEM32\dbgcore.DLL
0x00007ffb47930000 - 0x00007ffb4793f000 	C:\Program Files\Java\jdk-21\bin\instrument.dll
0x00007ffb50040000 - 0x00007ffb5005f000 	C:\Program Files\Java\jdk-21\bin\java.dll
0x00007ffb68be0000 - 0x00007ffb6a0cf000 	C:\Windows\System32\SHELL32.dll
0x00007ffb6b5e0000 - 0x00007ffb6b688000 	C:\Windows\System32\shcore.dll
0x00007ffb683e0000 - 0x00007ffb68b2a000 	C:\Windows\System32\windows.storage.dll
0x00007ffb67a50000 - 0x00007ffb67a74000 	C:\Windows\System32\profapi.dll
0x00007ffb6b4e0000 - 0x00007ffb6b532000 	C:\Windows\System32\shlwapi.dll
0x00007ffb67ec0000 - 0x00007ffb67ed7000 	C:\Windows\System32\cryptsp.dll
0x00007ffb1e9c0000 - 0x00007ffb1ea97000 	C:\Program Files\Java\jdk-21\bin\jsvml.dll
0x00007ffb49300000 - 0x00007ffb49318000 	C:\Program Files\Java\jdk-21\bin\zip.dll
0x00007ffb61c80000 - 0x00007ffb61c90000 	C:\Program Files\Java\jdk-21\bin\net.dll
0x00007ffb59390000 - 0x00007ffb59481000 	C:\Windows\SYSTEM32\WINHTTP.dll
0x00007ffb67240000 - 0x00007ffb672a7000 	C:\Windows\system32\mswsock.dll
0x00007ffb4ffc0000 - 0x00007ffb4ffd6000 	C:\Program Files\Java\jdk-21\bin\nio.dll
0x00007ffb4edb0000 - 0x00007ffb4edc0000 	C:\Program Files\Java\jdk-21\bin\verify.dll
0x00007ffb3d110000 - 0x00007ffb3d137000 	C:\Users\Administrator\.gradle\native\c067742578af261105cb4f569cf0c3c89f3d7b1fecec35dd04571415982c5e48\windows-amd64\native-platform.dll
0x00007ffb0e130000 - 0x00007ffb0e274000 	C:\Users\Administrator\.gradle\native\38dada09dfb8b06ba9b0570ebf7e218e3eb74d4ef43ca46872605cf95ebc2f47\windows-amd64\native-platform-file-events.dll
0x00007ffb48980000 - 0x00007ffb4898a000 	C:\Program Files\Java\jdk-21\bin\management.dll
0x00007ffb48770000 - 0x00007ffb4877b000 	C:\Program Files\Java\jdk-21\bin\management_ext.dll
0x00007ffb6b3f0000 - 0x00007ffb6b3f8000 	C:\Windows\System32\PSAPI.DLL
0x00007ffb66e00000 - 0x00007ffb66e33000 	C:\Windows\system32\rsaenh.dll
0x00007ffb67a80000 - 0x00007ffb67aa6000 	C:\Windows\System32\bcrypt.dll
0x00007ffb678e0000 - 0x00007ffb67908000 	C:\Windows\SYSTEM32\USERENV.dll
0x00007ffb67410000 - 0x00007ffb6741c000 	C:\Windows\SYSTEM32\CRYPTBASE.dll
0x00007ffb66fa0000 - 0x00007ffb66fdd000 	C:\Windows\SYSTEM32\IPHLPAPI.DLL
0x00007ffb6b4d0000 - 0x00007ffb6b4d8000 	C:\Windows\System32\NSI.dll
0x00007ffb4d9c0000 - 0x00007ffb4d9c9000 	C:\Program Files\Java\jdk-21\bin\extnet.dll
0x00007ffb46bb0000 - 0x00007ffb46bbe000 	C:\Program Files\Java\jdk-21\bin\sunmscapi.dll
0x00007ffb67b00000 - 0x00007ffb67cdb000 	C:\Windows\System32\CRYPT32.dll
0x00007ffb679d0000 - 0x00007ffb679e2000 	C:\Windows\System32\MSASN1.dll
0x00007ffb67500000 - 0x00007ffb67526000 	C:\Windows\SYSTEM32\ncrypt.dll
0x00007ffb674c0000 - 0x00007ffb674fc000 	C:\Windows\SYSTEM32\NTASN1.dll
0x00007ffb4a3b0000 - 0x00007ffb4a3b7000 	C:\Windows\system32\wshunix.dll

dbghelp: loaded successfully - version: 4.0.5 - missing functions: none
symbol engine: initialized successfully - sym options: 0x614 - pdb path: .;C:\Program Files\Java\jdk-21\bin;C:\Windows\SYSTEM32;C:\Windows\WinSxS\amd64_microsoft.windows.common-controls_6595b64144ccf1df_6.0.17763.316_none_05b53be2071f46b6;C:\Program Files\Java\jdk-21\bin\server;C:\Users\Administrator\.gradle\native\c067742578af261105cb4f569cf0c3c89f3d7b1fecec35dd04571415982c5e48\windows-amd64;C:\Users\Administrator\.gradle\native\38dada09dfb8b06ba9b0570ebf7e218e3eb74d4ef43ca46872605cf95ebc2f47\windows-amd64

VM Arguments:
jvm_args: -XX:MaxMetaspaceSize=2G -XX:+HeapDumpOnOutOfMemoryError --add-opens=java.base/java.util=ALL-UNNAMED --add-opens=java.base/java.lang=ALL-UNNAMED --add-opens=java.base/java.lang.invoke=ALL-UNNAMED --add-opens=java.prefs/java.util.prefs=ALL-UNNAMED --add-opens=java.base/java.nio.charset=ALL-UNNAMED --add-opens=java.base/java.net=ALL-UNNAMED --add-opens=java.base/java.util.concurrent.atomic=ALL-UNNAMED -Xmx4G -Dfile.encoding=utf8 -Duser.country=US -Duser.language=en -Duser.variant -javaagent:C:\Users\Administrator\.gradle\wrapper\dists\gradle-8.4-all\56r6xik2f6skrm47et0ibifug\gradle-8.4\lib\agents\gradle-instrumentation-agent-8.4.jar 
java_command: org.gradle.launcher.daemon.bootstrap.GradleDaemon 8.4
java_class_path (initial): C:\Users\Administrator\.gradle\wrapper\dists\gradle-8.4-all\56r6xik2f6skrm47et0ibifug\gradle-8.4\lib\gradle-launcher-8.4.jar
Launcher Type: SUN_STANDARD

[Global flags]
     intx CICompilerCount                          = 3                                         {product} {ergonomic}
     uint ConcGCThreads                            = 1                                         {product} {ergonomic}
     uint G1ConcRefinementThreads                  = 4                                         {product} {ergonomic}
   size_t G1HeapRegionSize                         = 2097152                                   {product} {ergonomic}
    uintx GCDrainStackTargetSize                   = 64                                        {product} {ergonomic}
     bool HeapDumpOnOutOfMemoryError               = true                                   {manageable} {command line}
   size_t InitialHeapSize                          = 134217728                                 {product} {ergonomic}
   size_t MarkStackSize                            = 4194304                                   {product} {ergonomic}
   size_t MaxHeapSize                              = 4294967296                                {product} {command line}
   size_t MaxMetaspaceSize                         = 2147483648                                {product} {command line}
   size_t MaxNewSize                               = 2575302656                                {product} {ergonomic}
   size_t MinHeapDeltaBytes                        = 2097152                                   {product} {ergonomic}
   size_t MinHeapSize                              = 8388608                                   {product} {ergonomic}
    uintx NonNMethodCodeHeapSize                   = 5832780                                {pd product} {ergonomic}
    uintx NonProfiledCodeHeapSize                  = 122912730                              {pd product} {ergonomic}
    uintx ProfiledCodeHeapSize                     = 122912730                              {pd product} {ergonomic}
    uintx ReservedCodeCacheSize                    = 251658240                              {pd product} {ergonomic}
     bool SegmentedCodeCache                       = true                                      {product} {ergonomic}
   size_t SoftMaxHeapSize                          = 4294967296                             {manageable} {ergonomic}
     bool UseCompressedOops                        = true                           {product lp64_product} {ergonomic}
     bool UseG1GC                                  = true                                      {product} {ergonomic}
     bool UseLargePagesIndividualAllocation        = false                                  {pd product} {ergonomic}

Logging:
Log output configuration:
 #0: stdout all=warning uptime,level,tags foldmultilines=false
 #1: stderr all=off uptime,level,tags foldmultilines=false

Environment Variables:
JAVA_HOME=C:\Program Files\Java\jdk-21
PATH=C:\Program Files\Java\jdk-21\bin;C:\Users\Admin\AppData\Local\Programs\Python\Python311\;C:\Users\Admin\AppData\Local\Programs\Python\Python311\Scripts\;C:\Windows\system32;C:\Windows;C:\Windows\System32\Wbem;C:\Windows\System32\WindowsPowerShell\v1.0\;C:\Windows\System32\OpenSSH\;C:\Program Files\kotlinc\bin;C:\ProgramData\chocolatey\bin;C:\Program Files\Git\cmd;C:\Program Files\Java\jdk-21\bin;C:\MinGW\bin;C:\Gradle\gradle-7.4\bin;C:\flutter\bin;C:\Users\Administrator\AppData\Local\Programs\Microsoft VS Code\Code.exe;C:\Users\Administrator\AppData\Local\Programs\Microsoft VS Code\bin;C:\Users\Administrator\AppData\Local\GitHubDesktop\bin;C:\Program Files\Java\jdk-21;C:\MinGW\bin;C:\Gradle\gradle-7.4\bin;C:\flutter\bin;C:\Users\Administrator\AppData\Local\Programs\Microsoft VS Code\Code.exe;C:\Users\Administrator\AppData\Local\Programs\Microsoft VS Code\bin;C:\Users\Administrator\AppData\Local\GitHubDesktop\bin;C:\Program Files\Java\jdk-21;C:\MinGW\bin;C:\Users\Administrator\AppData\Local\Android\Sdk\platform-tools;C:\Program Files\PostgreSQL\17\bin;C:\Program Files\nodejs;C:\Program Files\nodejs\;C:\Users\Administrator\AppData\Local\Pub\Cache\bin;C:\Users\Administrator\AppData\Local\Programs\Python\Python311\Scripts\;C:\Users\Administrator\AppData\Local\Programs\Python\Python311\;C:\Program Files\Java\jdk-21\bin;C:\Users\Admin\AppData\Local\Programs\Python\Python311\;C:\Users\Admin\AppData\Local\Programs\Python\Python311\Scripts\;C:\Windows\system32;C:\Windows;C:\Windows\System32\Wbem;C:\Windows\System32\WindowsPowerShell\v1.0\;C:\Windows\System32\OpenSSH\;C:\Program Files\kotlinc\bin;C:\ProgramData\chocolatey\bin;C:\Program Files\Git\cmd;C:\Program Files\Java\jdk-21\bin;C:\MinGW\bin;C:\Gradle\gradle-7.4\bin;C:\flutter\bin;C:\Users\Administrator\AppData\Local\Programs\Microsoft VS Code\Code.exe;C:\Users\Administrator\AppData\Local\Programs\Microsoft VS Code\bin;C:\Users\Administrator\AppData\Local\GitHubDesktop\bin;C:\Program Files\Java\jdk-21;C:\MinGW\bin;C:\Gradle\gradle-7.4\bin;C:\flutter\bin;C:\Users\Administrator\AppData\Local\Programs\Microsoft VS Code\Code.exe;C:\Users\Administrator\AppData\Local\Programs\Microsoft VS Code\bin;C:\Users\Administrator\AppData\Local\GitHubDesktop\bin;C:\Program Files\Java\jdk-21;C:\MinGW\bin;C:\Users\Administrator\AppData\Local\Android\Sdk\platform-tools;C:\Program Files\PostgreSQL\17\bin;C:\Program Files\nodejs;C:\Program Files\nodejs\;C:\Users\Administrator\AppData\Local\Pub\Cache\bin;;C:\Users\Administrator\AppData\Local\Android\Sdk\platform-tools;C:\Program Files\PostgreSQL\17\bin;C:\Program Files\nodejs;C:\Users\Administrator\AppData\Roaming\npm;C:\Users\Administrator\AppData\Local\GitHubDesktop\bin;C:\Program Files\MySQL\MySQL Server 8.0\bin;C:\Users\Administrator\AppData\Local\Pub\Cache\bin;
USERNAME=Administrator
OS=Windows_NT
PROCESSOR_IDENTIFIER=Intel64 Family 6 Model 142 Stepping 9, GenuineIntel
TMP=C:\Users\ADMINI~1\AppData\Local\Temp
TEMP=C:\Users\ADMINI~1\AppData\Local\Temp




Periodic native trim disabled

---------------  S Y S T E M  ---------------

OS:
 Windows 10 , 64 bit Build 17763 (10.0.17763.292)
OS uptime: 3 days 1:32 hours

CPU: total 4 (initial active 4) (2 cores per cpu, 2 threads per core) family 6 model 142 stepping 9 microcode 0x84, cx8, cmov, fxsr, ht, mmx, 3dnowpref, sse, sse2, sse3, ssse3, sse4.1, sse4.2, popcnt, lzcnt, tsc, tscinvbit, avx, avx2, aes, erms, clmul, bmi1, bmi2, rtm, adx, fma, vzeroupper, clflush, clflushopt, rdtscp, f16c
Processor Information for all 4 processors :
  Max Mhz: 2701, Current Mhz: 2701, Mhz Limit: 2701

Memory: 4k page, system-wide physical 8076M (1567M free)
TotalPageFile size 16268M (AvailPageFile size 39M)
current process WorkingSet (physical memory assigned to process): 244M, peak: 244M
current process commit charge ("private bytes"): 426M, peak: 468M

vm_info: Java HotSpot(TM) 64-Bit Server VM (21.0.6+8-LTS-188) for windows-amd64 JRE (21.0.6+8-LTS-188), built on 2024-12-03T10:50:54Z by "mach5one" with MS VC++ 17.6 (VS2022)

END.
