#
# There is insufficient memory for the Java Runtime Environment to continue.
# Native memory allocation (malloc) failed to allocate 1400272 bytes for Chunk::new
# Possible reasons:
#   The system is out of physical RAM or swap space
#   The process is running with CompressedOops enabled, and the Java Heap may be blocking the growth of the native heap
# Possible solutions:
#   Reduce memory load on the system
#   Increase physical memory or swap space
#   Check if swap backing store is full
#   Decrease Java heap size (-Xmx/-Xms)
#   Decrease number of Java threads
#   Decrease Java thread stack sizes (-Xss)
#   Set larger code cache with -XX:ReservedCodeCacheSize=
#   JVM is running with Zero Based Compressed Oops mode in which the Java heap is
#     placed in the first 32GB address space. The Java Heap base address is the
#     maximum limit for the native heap growth. Please use -XX:HeapBaseMinAddress
#     to set the Java Heap base and to place the Java Heap above 32GB virtual address.
# This output file may be truncated or incomplete.
#
#  Out of Memory Error (arena.cpp:168), pid=8856, tid=8988
#
# JRE version: Java(TM) SE Runtime Environment (21.0.6+8) (build 21.0.6+8-LTS-188)
# Java VM: Java HotSpot(TM) 64-Bit Server VM (21.0.6+8-LTS-188, mixed mode, sharing, tiered, compressed oops, compressed class ptrs, g1 gc, windows-amd64)
# No core dump will be written. Minidumps are not enabled by default on client versions of Windows
#

---------------  S U M M A R Y ------------

Command Line: -XX:MaxMetaspaceSize=2G -XX:+HeapDumpOnOutOfMemoryError --add-opens=java.base/java.util=ALL-UNNAMED --add-opens=java.base/java.lang=ALL-UNNAMED --add-opens=java.base/java.lang.invoke=ALL-UNNAMED --add-opens=java.prefs/java.util.prefs=ALL-UNNAMED --add-opens=java.base/java.nio.charset=ALL-UNNAMED --add-opens=java.base/java.net=ALL-UNNAMED --add-opens=java.base/java.util.concurrent.atomic=ALL-UNNAMED -Xmx4G -Dfile.encoding=utf8 -Duser.country=US -Duser.language=en -Duser.variant -javaagent:C:\Users\Administrator\.gradle\wrapper\dists\gradle-8.4-all\56r6xik2f6skrm47et0ibifug\gradle-8.4\lib\agents\gradle-instrumentation-agent-8.4.jar org.gradle.launcher.daemon.bootstrap.GradleDaemon 8.4

Host: Intel(R) Core(TM) i5-7300U CPU @ 2.60GHz, 4 cores, 7G,  Windows 10 , 64 bit Build 17763 (10.0.17763.292)
Time: Mon Jul 14 11:27:04 2025 SE Asia Standard Time elapsed time: 55.100849 seconds (0d 0h 0m 55s)

---------------  T H R E A D  ---------------

Current thread (0x0000029466813cc0):  JavaThread "C2 CompilerThread1" daemon [_thread_in_native, id=8988, stack(0x000000c5b2200000,0x000000c5b2300000) (1024K)]


Current CompileTask:
C2:  55100 9029   !   4       org.gradle.internal.service.DefaultServiceRegistry$ManagedObjectServiceProvider::getInstance (47 bytes)

Stack: [0x000000c5b2200000,0x000000c5b2300000]
Native frames: (J=compiled Java code, j=interpreted, Vv=VM code, C=native code)
V  [jvm.dll+0x6ca6d9]
V  [jvm.dll+0x854f51]
V  [jvm.dll+0x85747e]
V  [jvm.dll+0x857b53]
V  [jvm.dll+0x27dcc6]
V  [jvm.dll+0xc4c2d]
V  [jvm.dll+0xc5163]
V  [jvm.dll+0x3b515c]
V  [jvm.dll+0x381855]
V  [jvm.dll+0x380cca]
V  [jvm.dll+0x246920]
V  [jvm.dll+0x245eff]
V  [jvm.dll+0x1c6d2e]
V  [jvm.dll+0x2554f9]
V  [jvm.dll+0x253a8a]
V  [jvm.dll+0x3ee576]
V  [jvm.dll+0x7ff2fb]
V  [jvm.dll+0x6c8dbd]
C  [ucrtbase.dll+0x203ba]
C  [KERNEL32.DLL+0x181f4]
C  [ntdll.dll+0x6a251]


---------------  P R O C E S S  ---------------

Threads class SMR info:
_java_thread_list=0x0000029465f5b040, length=46, elements={
0x00000294795f6a70, 0x000002947eba2460, 0x000002947eba5530, 0x000002947eba93b0,
0x000002947eba9e00, 0x000002947ebaa850, 0x000002947ebab2a0, 0x000002947ebac020,
0x000002947ebdc580, 0x000002947eb77d20, 0x000002941b5ff100, 0x00000294622fdd40,
0x0000029461f7d0a0, 0x000002941b6e1770, 0x00000294619d6fe0, 0x00000294622954d0,
0x0000029462292030, 0x0000029462292690, 0x00000294616596f0, 0x0000029461eef6c0,
0x0000029461eefd50, 0x0000029461eee9a0, 0x0000029461ef1e20, 0x0000029461ef0a70,
0x0000029461ef1100, 0x0000029461ef1790, 0x000002946454bb70, 0x0000029464548d80,
0x000002946454c200, 0x000002946454cf20, 0x000002946454e2d0, 0x000002946454eff0,
0x000002946454a130, 0x000002946454d5b0, 0x000002946454ae50, 0x000002946454b4e0,
0x000002946454dc40, 0x000002946454c890, 0x0000029464548060, 0x0000029464549410,
0x000002946454f680, 0x0000029464549aa0, 0x0000029462d8e050, 0x0000029462d870c0,
0x0000029462d89190, 0x0000029466813cc0
}

Java Threads: ( => current thread )
  0x00000294795f6a70 JavaThread "main"                              [_thread_blocked, id=10252, stack(0x000000c5aeb00000,0x000000c5aec00000) (1024K)]
  0x000002947eba2460 JavaThread "Reference Handler"          daemon [_thread_blocked, id=11928, stack(0x000000c5af400000,0x000000c5af500000) (1024K)]
  0x000002947eba5530 JavaThread "Finalizer"                  daemon [_thread_blocked, id=13256, stack(0x000000c5af500000,0x000000c5af600000) (1024K)]
  0x000002947eba93b0 JavaThread "Signal Dispatcher"          daemon [_thread_blocked, id=12448, stack(0x000000c5af600000,0x000000c5af700000) (1024K)]
  0x000002947eba9e00 JavaThread "Attach Listener"            daemon [_thread_blocked, id=9448, stack(0x000000c5af700000,0x000000c5af800000) (1024K)]
  0x000002947ebaa850 JavaThread "Service Thread"             daemon [_thread_blocked, id=2860, stack(0x000000c5af800000,0x000000c5af900000) (1024K)]
  0x000002947ebab2a0 JavaThread "Monitor Deflation Thread"   daemon [_thread_blocked, id=3092, stack(0x000000c5af900000,0x000000c5afa00000) (1024K)]
  0x000002947ebac020 JavaThread "C2 CompilerThread0"         daemon [_thread_in_native, id=12508, stack(0x000000c5afa00000,0x000000c5afb00000) (1024K)]
  0x000002947ebdc580 JavaThread "C1 CompilerThread0"         daemon [_thread_blocked, id=11304, stack(0x000000c5afb00000,0x000000c5afc00000) (1024K)]
  0x000002947eb77d20 JavaThread "Common-Cleaner"             daemon [_thread_blocked, id=744, stack(0x000000c5afc00000,0x000000c5afd00000) (1024K)]
  0x000002941b5ff100 JavaThread "Notification Thread"        daemon [_thread_blocked, id=5748, stack(0x000000c5afd00000,0x000000c5afe00000) (1024K)]
  0x00000294622fdd40 JavaThread "Daemon health stats"               [_thread_blocked, id=12364, stack(0x000000c5afe00000,0x000000c5aff00000) (1024K)]
  0x0000029461f7d0a0 JavaThread "Incoming local TCP Connector on port 63585"        [_thread_in_native, id=13100, stack(0x000000c5b0200000,0x000000c5b0300000) (1024K)]
  0x000002941b6e1770 JavaThread "Daemon periodic checks"            [_thread_blocked, id=13608, stack(0x000000c5b0300000,0x000000c5b0400000) (1024K)]
  0x00000294619d6fe0 JavaThread "Daemon"                            [_thread_blocked, id=14116, stack(0x000000c5b0400000,0x000000c5b0500000) (1024K)]
  0x00000294622954d0 JavaThread "Handler for socket connection from /127.0.0.1:63585 to /127.0.0.1:63586"        [_thread_in_native, id=8720, stack(0x000000c5b0500000,0x000000c5b0600000) (1024K)]
  0x0000029462292030 JavaThread "Cancel handler"                    [_thread_blocked, id=8248, stack(0x000000c5b0600000,0x000000c5b0700000) (1024K)]
  0x0000029462292690 JavaThread "Daemon worker"                     [_thread_blocked, id=1108, stack(0x000000c5b0700000,0x000000c5b0800000) (1024K)]
  0x00000294616596f0 JavaThread "Asynchronous log dispatcher for DefaultDaemonConnection: socket connection from /127.0.0.1:63585 to /127.0.0.1:63586"        [_thread_blocked, id=13640, stack(0x000000c5b0800000,0x000000c5b0900000) (1024K)]
  0x0000029461eef6c0 JavaThread "Stdin handler"                     [_thread_blocked, id=11112, stack(0x000000c5b0900000,0x000000c5b0a00000) (1024K)]
  0x0000029461eefd50 JavaThread "Daemon client event forwarder"        [_thread_blocked, id=8304, stack(0x000000c5b0a00000,0x000000c5b0b00000) (1024K)]
  0x0000029461eee9a0 JavaThread "Cache worker for journal cache (C:\Users\Administrator\.gradle\caches\journal-1)"        [_thread_blocked, id=1408, stack(0x000000c5b0b00000,0x000000c5b0c00000) (1024K)]
  0x0000029461ef1e20 JavaThread "File lock request listener"        [_thread_in_native, id=11624, stack(0x000000c5b0c00000,0x000000c5b0d00000) (1024K)]
  0x0000029461ef0a70 JavaThread "Cache worker for file hash cache (C:\Users\Administrator\.gradle\caches\8.4\fileHashes)"        [_thread_blocked, id=8908, stack(0x000000c5b0d00000,0x000000c5b0e00000) (1024K)]
  0x0000029461ef1100 JavaThread "File watcher server"        daemon [_thread_in_native, id=13892, stack(0x000000c5b0f00000,0x000000c5b1000000) (1024K)]
  0x0000029461ef1790 JavaThread "File watcher consumer"      daemon [_thread_blocked, id=5448, stack(0x000000c5b1000000,0x000000c5b1100000) (1024K)]
  0x000002946454bb70 JavaThread "jar transforms"                    [_thread_blocked, id=3868, stack(0x000000c5b0e00000,0x000000c5b0f00000) (1024K)]
  0x0000029464548d80 JavaThread "jar transforms Thread 2"           [_thread_blocked, id=6904, stack(0x000000c5b1100000,0x000000c5b1200000) (1024K)]
  0x000002946454c200 JavaThread "jar transforms Thread 3"           [_thread_blocked, id=11332, stack(0x000000c5b1200000,0x000000c5b1300000) (1024K)]
  0x000002946454cf20 JavaThread "Cache worker for checksums cache (D:\flutter_to_do_app\client\android\.gradle\8.4\checksums)"        [_thread_blocked, id=11772, stack(0x000000c5b1300000,0x000000c5b1400000) (1024K)]
  0x000002946454e2d0 JavaThread "Cache worker for file hash cache (D:\flutter_to_do_app\client\android\.gradle\8.4\fileHashes)"        [_thread_blocked, id=3480, stack(0x000000c5b1400000,0x000000c5b1500000) (1024K)]
  0x000002946454eff0 JavaThread "Cache worker for cache directory md-supplier (C:\Users\Administrator\.gradle\caches\8.4\md-supplier)"        [_thread_blocked, id=11896, stack(0x000000c5b1500000,0x000000c5b1600000) (1024K)]
  0x000002946454a130 JavaThread "Cache worker for file content cache (C:\Users\Administrator\.gradle\caches\8.4\fileContent)"        [_thread_blocked, id=6108, stack(0x000000c5b1600000,0x000000c5b1700000) (1024K)]
  0x000002946454d5b0 JavaThread "File lock release action executor"        [_thread_blocked, id=5972, stack(0x000000c5b1700000,0x000000c5b1800000) (1024K)]
  0x000002946454ae50 JavaThread "Cache worker for cache directory md-rule (C:\Users\Administrator\.gradle\caches\8.4\md-rule)"        [_thread_blocked, id=2788, stack(0x000000c5b1800000,0x000000c5b1900000) (1024K)]
  0x000002946454b4e0 JavaThread "Cache worker for execution history cache (C:\Users\Administrator\.gradle\caches\8.4\executionHistory)"        [_thread_blocked, id=13356, stack(0x000000c5b1900000,0x000000c5b1a00000) (1024K)]
  0x000002946454dc40 JavaThread "jar transforms Thread 4"           [_thread_blocked, id=3252, stack(0x000000c5b1a00000,0x000000c5b1b00000) (1024K)]
  0x000002946454c890 JavaThread "Cache worker for kotlin-dsl (C:\Users\Administrator\.gradle\caches\8.4\kotlin-dsl)"        [_thread_blocked, id=13972, stack(0x000000c5b1b00000,0x000000c5b1c00000) (1024K)]
  0x0000029464548060 JavaThread "Cache worker for dependencies-accessors (D:\flutter_to_do_app\client\android\.gradle\8.4\dependencies-accessors)"        [_thread_blocked, id=2964, stack(0x000000c5b1c00000,0x000000c5b1d00000) (1024K)]
  0x0000029464549410 JavaThread "Cache worker for Build Output Cleanup Cache (D:\flutter_to_do_app\client\android\.gradle\buildOutputCleanup)"        [_thread_blocked, id=11076, stack(0x000000c5b1d00000,0x000000c5b1e00000) (1024K)]
  0x000002946454f680 JavaThread "Unconstrained build operations"        [_thread_blocked, id=7352, stack(0x000000c5b1e00000,0x000000c5b1f00000) (1024K)]
  0x0000029464549aa0 JavaThread "Unconstrained build operations Thread 2"        [_thread_blocked, id=5752, stack(0x000000c5b1f00000,0x000000c5b2000000) (1024K)]
  0x0000029462d8e050 JavaThread "Unconstrained build operations Thread 3"        [_thread_blocked, id=8724, stack(0x000000c5b2000000,0x000000c5b2100000) (1024K)]
  0x0000029462d870c0 JavaThread "Memory manager"                    [_thread_blocked, id=8172, stack(0x000000c5b2100000,0x000000c5b2200000) (1024K)]
  0x0000029462d89190 JavaThread "build event listener"              [_thread_blocked, id=11632, stack(0x000000c5b2300000,0x000000c5b2400000) (1024K)]
=>0x0000029466813cc0 JavaThread "C2 CompilerThread1"         daemon [_thread_in_native, id=8988, stack(0x000000c5b2200000,0x000000c5b2300000) (1024K)]
Total: 46

Other Threads:
  0x000002947eb8d4f0 VMThread "VM Thread"                           [id=1316, stack(0x000000c5af300000,0x000000c5af400000) (1024K)]
  0x000002947eb77010 WatcherThread "VM Periodic Task Thread"        [id=10704, stack(0x000000c5af200000,0x000000c5af300000) (1024K)]
  0x000002947975b7f0 WorkerThread "GC Thread#0"                     [id=2640, stack(0x000000c5aed00000,0x000000c5aee00000) (1024K)]
  0x000002941b7299c0 WorkerThread "GC Thread#1"                     [id=8788, stack(0x000000c5aff00000,0x000000c5b0000000) (1024K)]
  0x000002941b8c1940 WorkerThread "GC Thread#2"                     [id=2192, stack(0x000000c5b0000000,0x000000c5b0100000) (1024K)]
  0x00000294616ab7a0 WorkerThread "GC Thread#3"                     [id=2996, stack(0x000000c5b0100000,0x000000c5b0200000) (1024K)]
  0x000002947976c6e0 ConcurrentGCThread "G1 Main Marker"            [id=3616, stack(0x000000c5aee00000,0x000000c5aef00000) (1024K)]
  0x000002947976d0f0 WorkerThread "G1 Conc#0"                       [id=10092, stack(0x000000c5aef00000,0x000000c5af000000) (1024K)]
  0x000002947ea510a0 ConcurrentGCThread "G1 Refine#0"               [id=712, stack(0x000000c5af000000,0x000000c5af100000) (1024K)]
  0x000002947ea51b20 ConcurrentGCThread "G1 Service"                [id=14224, stack(0x000000c5af100000,0x000000c5af200000) (1024K)]
Total: 10

Threads with active compile tasks:
C2 CompilerThread0    55115 9030       4       org.gradle.internal.service.DefaultServiceRegistry$SingletonService::get (5 bytes)
C2 CompilerThread1    55115 9029   !   4       org.gradle.internal.service.DefaultServiceRegistry$ManagedObjectServiceProvider::getInstance (47 bytes)
Total: 2

VM state: not at safepoint (normal execution)

VM Mutex/Monitor currently owned by a thread: None

Heap address: 0x0000000700000000, size: 4096 MB, Compressed Oops mode: Zero based, Oop shift amount: 3

CDS archive(s) mapped at: [0x000002941c000000-0x000002941cc90000-0x000002941cc90000), size 13172736, SharedBaseAddress: 0x000002941c000000, ArchiveRelocationMode: 1.
Compressed class space mapped at: 0x000002941d000000-0x000002945d000000, reserved size: 1073741824
Narrow klass base: 0x000002941c000000, Narrow klass shift: 0, Narrow klass range: 0x100000000

GC Precious Log:
 CardTable entry size: 512
 Card Set container configuration: InlinePtr #cards 4 size 8 Array Of Cards #cards 16 size 48 Howl #buckets 8 coarsen threshold 3686 Howl Bitmap #cards 512 size 80 coarsen threshold 460 Card regions per heap region 1 cards per card region 4096
 CPUs: 4 total, 4 available
 Memory: 8076M
 Large Page Support: Disabled
 NUMA Support: Disabled
 Compressed Oops: Enabled (Zero based)
 Heap Region Size: 2M
 Heap Min Capacity: 8M
 Heap Initial Capacity: 128M
 Heap Max Capacity: 4G
 Pre-touch: Disabled
 Parallel Workers: 4
 Concurrent Workers: 1
 Concurrent Refinement Workers: 4
 Periodic GC: Disabled

Heap:
 garbage-first heap   total 131072K, used 84095K [0x0000000700000000, 0x0000000800000000)
  region size 2048K, 3 young (6144K), 2 survivors (4096K)
 Metaspace       used 71478K, committed 73472K, reserved 1114112K
  class space    used 9761K, committed 10816K, reserved 1048576K

Heap Regions: E=young(eden), S=young(survivor), O=old, HS=humongous(starts), HC=humongous(continues), CS=collection set, F=free, TAMS=top-at-mark-start, PB=parsable bottom
|   0|0x0000000700000000, 0x0000000700200000, 0x0000000700200000|100%| O|  |TAMS 0x0000000700200000| PB 0x0000000700000000| Untracked 
|   1|0x0000000700200000, 0x0000000700400000, 0x0000000700400000|100%|HS|  |TAMS 0x0000000700400000| PB 0x0000000700200000| Complete 
|   2|0x0000000700400000, 0x0000000700600000, 0x0000000700600000|100%|HC|  |TAMS 0x0000000700600000| PB 0x0000000700400000| Complete 
|   3|0x0000000700600000, 0x0000000700800000, 0x0000000700800000|100%| O|  |TAMS 0x0000000700800000| PB 0x0000000700600000| Untracked 
|   4|0x0000000700800000, 0x0000000700a00000, 0x0000000700a00000|100%| O|  |TAMS 0x0000000700a00000| PB 0x0000000700800000| Untracked 
|   5|0x0000000700a00000, 0x0000000700c00000, 0x0000000700c00000|100%| O|  |TAMS 0x0000000700c00000| PB 0x0000000700a00000| Untracked 
|   6|0x0000000700c00000, 0x0000000700e00000, 0x0000000700e00000|100%| O|  |TAMS 0x0000000700e00000| PB 0x0000000700c00000| Untracked 
|   7|0x0000000700e00000, 0x0000000701000000, 0x0000000701000000|100%| O|  |TAMS 0x0000000701000000| PB 0x0000000700e00000| Untracked 
|   8|0x0000000701000000, 0x0000000701200000, 0x0000000701200000|100%| O|  |TAMS 0x0000000701200000| PB 0x0000000701000000| Untracked 
|   9|0x0000000701200000, 0x0000000701400000, 0x0000000701400000|100%| O|  |TAMS 0x0000000701400000| PB 0x0000000701200000| Untracked 
|  10|0x0000000701400000, 0x0000000701600000, 0x0000000701600000|100%| O|  |TAMS 0x0000000701600000| PB 0x0000000701400000| Untracked 
|  11|0x0000000701600000, 0x0000000701800000, 0x0000000701800000|100%| O|  |TAMS 0x0000000701800000| PB 0x0000000701600000| Untracked 
|  12|0x0000000701800000, 0x0000000701a00000, 0x0000000701a00000|100%| O|  |TAMS 0x0000000701a00000| PB 0x0000000701800000| Untracked 
|  13|0x0000000701a00000, 0x0000000701c00000, 0x0000000701c00000|100%| O|  |TAMS 0x0000000701c00000| PB 0x0000000701a00000| Untracked 
|  14|0x0000000701c00000, 0x0000000701e00000, 0x0000000701e00000|100%| O|  |TAMS 0x0000000701e00000| PB 0x0000000701c00000| Untracked 
|  15|0x0000000701e00000, 0x0000000702000000, 0x0000000702000000|100%| O|  |TAMS 0x0000000702000000| PB 0x0000000701e00000| Untracked 
|  16|0x0000000702000000, 0x0000000702200000, 0x0000000702200000|100%| O|  |TAMS 0x0000000702200000| PB 0x0000000702000000| Untracked 
|  17|0x0000000702200000, 0x0000000702400000, 0x0000000702400000|100%| O|  |TAMS 0x0000000702400000| PB 0x0000000702200000| Untracked 
|  18|0x0000000702400000, 0x0000000702600000, 0x0000000702600000|100%| O|  |TAMS 0x0000000702600000| PB 0x0000000702400000| Untracked 
|  19|0x0000000702600000, 0x0000000702800000, 0x0000000702800000|100%| O|  |TAMS 0x0000000702800000| PB 0x0000000702600000| Untracked 
|  20|0x0000000702800000, 0x0000000702a00000, 0x0000000702a00000|100%| O|  |TAMS 0x0000000702a00000| PB 0x0000000702800000| Untracked 
|  21|0x0000000702a00000, 0x0000000702c00000, 0x0000000702c00000|100%| O|  |TAMS 0x0000000702c00000| PB 0x0000000702a00000| Untracked 
|  22|0x0000000702c00000, 0x0000000702e00000, 0x0000000702e00000|100%|HS|  |TAMS 0x0000000702e00000| PB 0x0000000702c00000| Complete 
|  23|0x0000000702e00000, 0x0000000703000000, 0x0000000703000000|100%|HS|  |TAMS 0x0000000703000000| PB 0x0000000702e00000| Complete 
|  24|0x0000000703000000, 0x0000000703200000, 0x0000000703200000|100%|HC|  |TAMS 0x0000000703200000| PB 0x0000000703000000| Complete 
|  25|0x0000000703200000, 0x0000000703400000, 0x0000000703400000|100%| O|  |TAMS 0x0000000703400000| PB 0x0000000703200000| Untracked 
|  26|0x0000000703400000, 0x0000000703600000, 0x0000000703600000|100%| O|  |TAMS 0x0000000703600000| PB 0x0000000703400000| Untracked 
|  27|0x0000000703600000, 0x0000000703800000, 0x0000000703800000|100%| O|  |TAMS 0x0000000703800000| PB 0x0000000703600000| Untracked 
|  28|0x0000000703800000, 0x0000000703a00000, 0x0000000703a00000|100%| O|  |TAMS 0x0000000703a00000| PB 0x0000000703800000| Untracked 
|  29|0x0000000703a00000, 0x0000000703c00000, 0x0000000703c00000|100%| O|  |TAMS 0x0000000703c00000| PB 0x0000000703a00000| Untracked 
|  30|0x0000000703c00000, 0x0000000703d02738, 0x0000000703e00000| 50%| O|  |TAMS 0x0000000703c00000| PB 0x0000000703c00000| Untracked 
|  31|0x0000000703e00000, 0x0000000704000000, 0x0000000704000000|100%| O|  |TAMS 0x0000000704000000| PB 0x0000000703e00000| Untracked 
|  32|0x0000000704000000, 0x0000000704200000, 0x0000000704200000|100%| O|  |TAMS 0x0000000704200000| PB 0x0000000704000000| Untracked 
|  33|0x0000000704200000, 0x0000000704400000, 0x0000000704400000|100%|HS|  |TAMS 0x0000000704400000| PB 0x0000000704200000| Complete 
|  34|0x0000000704400000, 0x0000000704600000, 0x0000000704600000|100%|HS|  |TAMS 0x0000000704600000| PB 0x0000000704400000| Complete 
|  35|0x0000000704600000, 0x0000000704800000, 0x0000000704800000|100%|HC|  |TAMS 0x0000000704800000| PB 0x0000000704600000| Complete 
|  36|0x0000000704800000, 0x0000000704a00000, 0x0000000704a00000|100%| O|  |TAMS 0x0000000704a00000| PB 0x0000000704800000| Untracked 
|  37|0x0000000704a00000, 0x0000000704c00000, 0x0000000704c00000|100%| O|  |TAMS 0x0000000704adb5b0| PB 0x0000000704a00000| Untracked 
|  38|0x0000000704c00000, 0x0000000704c00000, 0x0000000704e00000|  0%| F|  |TAMS 0x0000000704c00000| PB 0x0000000704c00000| Untracked 
|  39|0x0000000704e00000, 0x0000000704e00000, 0x0000000705000000|  0%| F|  |TAMS 0x0000000704e00000| PB 0x0000000704e00000| Untracked 
|  40|0x0000000705000000, 0x0000000705000000, 0x0000000705200000|  0%| F|  |TAMS 0x0000000705000000| PB 0x0000000705000000| Untracked 
|  41|0x0000000705200000, 0x0000000705200000, 0x0000000705400000|  0%| F|  |TAMS 0x0000000705200000| PB 0x0000000705200000| Untracked 
|  42|0x0000000705400000, 0x0000000705400000, 0x0000000705600000|  0%| F|  |TAMS 0x0000000705400000| PB 0x0000000705400000| Untracked 
|  43|0x0000000705600000, 0x000000070571d6c0, 0x0000000705800000| 55%| S|CS|TAMS 0x0000000705600000| PB 0x0000000705600000| Complete 
|  44|0x0000000705800000, 0x0000000705a00000, 0x0000000705a00000|100%| S|CS|TAMS 0x0000000705800000| PB 0x0000000705800000| Complete 
|  45|0x0000000705a00000, 0x0000000705a00000, 0x0000000705c00000|  0%| F|  |TAMS 0x0000000705a00000| PB 0x0000000705a00000| Untracked 
|  46|0x0000000705c00000, 0x0000000705c00000, 0x0000000705e00000|  0%| F|  |TAMS 0x0000000705c00000| PB 0x0000000705c00000| Untracked 
|  47|0x0000000705e00000, 0x0000000705e00000, 0x0000000706000000|  0%| F|  |TAMS 0x0000000705e00000| PB 0x0000000705e00000| Untracked 
|  48|0x0000000706000000, 0x0000000706000000, 0x0000000706200000|  0%| F|  |TAMS 0x0000000706000000| PB 0x0000000706000000| Untracked 
|  49|0x0000000706200000, 0x0000000706200000, 0x0000000706400000|  0%| F|  |TAMS 0x0000000706200000| PB 0x0000000706200000| Untracked 
|  50|0x0000000706400000, 0x0000000706400000, 0x0000000706600000|  0%| F|  |TAMS 0x0000000706400000| PB 0x0000000706400000| Untracked 
|  51|0x0000000706600000, 0x0000000706600000, 0x0000000706800000|  0%| F|  |TAMS 0x0000000706600000| PB 0x0000000706600000| Untracked 
|  52|0x0000000706800000, 0x0000000706800000, 0x0000000706a00000|  0%| F|  |TAMS 0x0000000706800000| PB 0x0000000706800000| Untracked 
|  53|0x0000000706a00000, 0x0000000706a00000, 0x0000000706c00000|  0%| F|  |TAMS 0x0000000706a00000| PB 0x0000000706a00000| Untracked 
|  54|0x0000000706c00000, 0x0000000706c00000, 0x0000000706e00000|  0%| F|  |TAMS 0x0000000706c00000| PB 0x0000000706c00000| Untracked 
|  55|0x0000000706e00000, 0x0000000706e00000, 0x0000000707000000|  0%| F|  |TAMS 0x0000000706e00000| PB 0x0000000706e00000| Untracked 
|  56|0x0000000707000000, 0x0000000707000000, 0x0000000707200000|  0%| F|  |TAMS 0x0000000707000000| PB 0x0000000707000000| Untracked 
|  57|0x0000000707200000, 0x0000000707200000, 0x0000000707400000|  0%| F|  |TAMS 0x0000000707200000| PB 0x0000000707200000| Untracked 
|  58|0x0000000707400000, 0x0000000707400000, 0x0000000707600000|  0%| F|  |TAMS 0x0000000707400000| PB 0x0000000707400000| Untracked 
|  59|0x0000000707600000, 0x0000000707600000, 0x0000000707800000|  0%| F|  |TAMS 0x0000000707600000| PB 0x0000000707600000| Untracked 
|  60|0x0000000707800000, 0x0000000707800000, 0x0000000707a00000|  0%| F|  |TAMS 0x0000000707800000| PB 0x0000000707800000| Untracked 
|  63|0x0000000707e00000, 0x0000000707ebcb10, 0x0000000708000000| 36%| E|  |TAMS 0x0000000707e00000| PB 0x0000000707e00000| Complete 
|2046|0x00000007ffc00000, 0x00000007ffe00000, 0x00000007ffe00000|100%| O|  |TAMS 0x00000007ffe00000| PB 0x00000007ffc00000| Untracked 
|2047|0x00000007ffe00000, 0x0000000800000000, 0x0000000800000000|100%| O|  |TAMS 0x0000000800000000| PB 0x00000007ffe00000| Untracked 

Card table byte_map: [0x000002947be00000,0x000002947c600000] _byte_map_base: 0x0000029478600000

Marking Bits: (CMBitMap*) 0x000002947975be00
 Bits: [0x00000294173c0000, 0x000002941b3c0000)

Polling page: 0x00000294795b0000

Metaspace:

Usage:
  Non-class:     60.27 MB used.
      Class:      9.53 MB used.
       Both:     69.80 MB used.

Virtual space:
  Non-class space:       64.00 MB reserved,      61.19 MB ( 96%) committed,  1 nodes.
      Class space:        1.00 GB reserved,      10.56 MB (  1%) committed,  1 nodes.
             Both:        1.06 GB reserved,      71.75 MB (  7%) committed. 

Chunk freelists:
   Non-Class:  2.33 MB
       Class:  5.30 MB
        Both:  7.63 MB

MaxMetaspaceSize: 2.00 GB
CompressedClassSpaceSize: 1.00 GB
Initial GC threshold: 21.00 MB
Current GC threshold: 104.50 MB
CDS: on
 - commit_granule_bytes: 65536.
 - commit_granule_words: 8192.
 - virtual_space_node_default_size: 8388608.
 - enlarge_chunks_in_place: 1.
 - use_allocation_guard: 0.


Internal statistics:

num_allocs_failed_limit: 6.
num_arena_births: 3438.
num_arena_deaths: 0.
num_vsnodes_births: 2.
num_vsnodes_deaths: 0.
num_space_committed: 1148.
num_space_uncommitted: 0.
num_chunks_returned_to_freelist: 6.
num_chunks_taken_from_freelist: 6658.
num_chunk_merges: 3.
num_chunk_splits: 4344.
num_chunks_enlarged: 2712.
num_inconsistent_stats: 0.

CodeHeap 'non-profiled nmethods': size=120000Kb used=4654Kb max_used=4654Kb free=115345Kb
 bounds [0x000002940fe90000, 0x0000029410320000, 0x00000294173c0000]
CodeHeap 'profiled nmethods': size=120000Kb used=14689Kb max_used=14689Kb free=105310Kb
 bounds [0x00000294083c0000, 0x0000029409220000, 0x000002940f8f0000]
CodeHeap 'non-nmethods': size=5760Kb used=2812Kb max_used=2912Kb free=2947Kb
 bounds [0x000002940f8f0000, 0x000002940fbe0000, 0x000002940fe90000]
 total_blobs=8671 nmethods=7747 adapters=828
 compilation: enabled
              stopped_count=0, restarted_count=0
 full_count=0

Compilation events (20 events):
Event: 54.847 Thread 0x000002947ebdc580 nmethod 9019 0x0000029409215510 code [0x0000029409215700, 0x0000029409215d38]
Event: 54.847 Thread 0x000002947ebdc580 9020       3       java.util.stream.Nodes$SpinedNodeBuilder::copyInto (30 bytes)
Event: 54.847 Thread 0x000002947ebac020 nmethod 9015 0x0000029410318e90 code [0x0000029410319080, 0x0000029410319628]
Event: 54.847 Thread 0x000002947ebdc580 nmethod 9020 0x0000029409215f10 code [0x00000294092160c0, 0x0000029409216210]
Event: 54.852 Thread 0x000002947ebdc580 9022       3       java.lang.Class::forName (23 bytes)
Event: 54.853 Thread 0x000002947ebdc580 nmethod 9022 0x0000029409216290 code [0x0000029409216460, 0x00000294092166e0]
Event: 54.929 Thread 0x000002947ebdc580 9023       3       org.gradle.plugin.use.internal.DefaultPluginId::isQualified (10 bytes)
Event: 54.929 Thread 0x000002947ebdc580 nmethod 9023 0x0000029409216810 code [0x00000294092169e0, 0x0000029409216c48]
Event: 54.929 Thread 0x000002947ebdc580 9024       3       org.gradle.api.internal.plugins.DefaultPotentialPluginWithId::asClass (10 bytes)
Event: 54.930 Thread 0x000002947ebdc580 nmethod 9024 0x0000029409216d90 code [0x0000029409216f40, 0x0000029409217120]
Event: 54.931 Thread 0x000002947ebac020 9025       4       java.lang.String::indexOf (64 bytes)
Event: 54.933 Thread 0x000002947ebac020 nmethod 9025 0x0000029410319990 code [0x0000029410319b20, 0x0000029410319d90]
Event: 54.933 Thread 0x000002947ebdc580 9026       1       groovy.lang.GroovyObjectSupport::getMetaClass (5 bytes)
Event: 54.933 Thread 0x000002947ebdc580 nmethod 9026 0x0000029410319e90 code [0x000002941031a020, 0x000002941031a0f0]
Event: 54.936 Thread 0x000002947ebac020 9027       4       org.gradle.internal.service.DefaultServiceRegistry$SingletonService::getService (18 bytes)
Event: 54.937 Thread 0x0000029466813cc0 9028   !   4       org.gradle.internal.service.DefaultServiceRegistry$SingletonService::prepare (111 bytes)
Event: 54.941 Thread 0x0000029466813cc0 nmethod 9028 0x000002941031a190 code [0x000002941031a360, 0x000002941031a988]
Event: 54.942 Thread 0x0000029466813cc0 9029   !   4       org.gradle.internal.service.DefaultServiceRegistry$ManagedObjectServiceProvider::getInstance (47 bytes)
Event: 54.944 Thread 0x000002947ebac020 nmethod 9027 0x000002941031ab10 code [0x000002941031ad40, 0x000002941031b6a8]
Event: 54.946 Thread 0x000002947ebac020 9030       4       org.gradle.internal.service.DefaultServiceRegistry$SingletonService::get (5 bytes)

GC Heap History (20 events):
Event: 42.803 GC heap before
{Heap before GC invocations=14 (full 0):
 garbage-first heap   total 90112K, used 60619K [0x0000000700000000, 0x0000000800000000)
  region size 2048K, 12 young (24576K), 3 survivors (6144K)
 Metaspace       used 50999K, committed 52800K, reserved 1114112K
  class space    used 7068K, committed 7936K, reserved 1048576K
}
Event: 42.815 GC heap after
{Heap after GC invocations=15 (full 0):
 garbage-first heap   total 90112K, used 47414K [0x0000000700000000, 0x0000000800000000)
  region size 2048K, 2 young (4096K), 2 survivors (4096K)
 Metaspace       used 50999K, committed 52800K, reserved 1114112K
  class space    used 7068K, committed 7936K, reserved 1048576K
}
Event: 44.267 GC heap before
{Heap before GC invocations=16 (full 0):
 garbage-first heap   total 90112K, used 82230K [0x0000000700000000, 0x0000000800000000)
  region size 2048K, 17 young (34816K), 2 survivors (4096K)
 Metaspace       used 52900K, committed 54720K, reserved 1114112K
  class space    used 7325K, committed 8256K, reserved 1048576K
}
Event: 44.274 GC heap after
{Heap after GC invocations=17 (full 0):
 garbage-first heap   total 96256K, used 61440K [0x0000000700000000, 0x0000000800000000)
  region size 2048K, 3 young (6144K), 3 survivors (6144K)
 Metaspace       used 52900K, committed 54720K, reserved 1114112K
  class space    used 7325K, committed 8256K, reserved 1048576K
}
Event: 45.307 GC heap before
{Heap before GC invocations=17 (full 0):
 garbage-first heap   total 96256K, used 83968K [0x0000000700000000, 0x0000000800000000)
  region size 2048K, 14 young (28672K), 3 survivors (6144K)
 Metaspace       used 55217K, committed 57088K, reserved 1114112K
  class space    used 7588K, committed 8512K, reserved 1048576K
}
Event: 45.314 GC heap after
{Heap after GC invocations=18 (full 0):
 garbage-first heap   total 96256K, used 61738K [0x0000000700000000, 0x0000000800000000)
  region size 2048K, 1 young (2048K), 1 survivors (2048K)
 Metaspace       used 55217K, committed 57088K, reserved 1114112K
  class space    used 7588K, committed 8512K, reserved 1048576K
}
Event: 46.248 GC heap before
{Heap before GC invocations=18 (full 0):
 garbage-first heap   total 96256K, used 84266K [0x0000000700000000, 0x0000000800000000)
  region size 2048K, 12 young (24576K), 1 survivors (2048K)
 Metaspace       used 57608K, committed 59392K, reserved 1114112K
  class space    used 7927K, committed 8832K, reserved 1048576K
}
Event: 46.254 GC heap after
{Heap after GC invocations=19 (full 0):
 garbage-first heap   total 96256K, used 62405K [0x0000000700000000, 0x0000000800000000)
  region size 2048K, 1 young (2048K), 1 survivors (2048K)
 Metaspace       used 57608K, committed 59392K, reserved 1114112K
  class space    used 7927K, committed 8832K, reserved 1048576K
}
Event: 46.791 GC heap before
{Heap before GC invocations=20 (full 0):
 garbage-first heap   total 112640K, used 82885K [0x0000000700000000, 0x0000000800000000)
  region size 2048K, 12 young (24576K), 1 survivors (2048K)
 Metaspace       used 58715K, committed 60608K, reserved 1114112K
  class space    used 8112K, committed 9088K, reserved 1048576K
}
Event: 46.796 GC heap after
{Heap after GC invocations=21 (full 0):
 garbage-first heap   total 112640K, used 68199K [0x0000000700000000, 0x0000000800000000)
  region size 2048K, 2 young (4096K), 2 survivors (4096K)
 Metaspace       used 58715K, committed 60608K, reserved 1114112K
  class space    used 8112K, committed 9088K, reserved 1048576K
}
Event: 47.565 GC heap before
{Heap before GC invocations=21 (full 0):
 garbage-first heap   total 112640K, used 94823K [0x0000000700000000, 0x0000000800000000)
  region size 2048K, 16 young (32768K), 2 survivors (4096K)
 Metaspace       used 60078K, committed 62016K, reserved 1114112K
  class space    used 8285K, committed 9280K, reserved 1048576K
}
Event: 47.573 GC heap after
{Heap after GC invocations=22 (full 0):
 garbage-first heap   total 112640K, used 71680K [0x0000000700000000, 0x0000000800000000)
  region size 2048K, 2 young (4096K), 2 survivors (4096K)
 Metaspace       used 60078K, committed 62016K, reserved 1114112K
  class space    used 8285K, committed 9280K, reserved 1048576K
}
Event: 48.565 GC heap before
{Heap before GC invocations=22 (full 0):
 garbage-first heap   total 112640K, used 98304K [0x0000000700000000, 0x0000000800000000)
  region size 2048K, 15 young (30720K), 2 survivors (4096K)
 Metaspace       used 61994K, committed 64000K, reserved 1114112K
  class space    used 8538K, committed 9536K, reserved 1048576K
}
Event: 48.570 GC heap after
{Heap after GC invocations=23 (full 0):
 garbage-first heap   total 112640K, used 73246K [0x0000000700000000, 0x0000000800000000)
  region size 2048K, 1 young (2048K), 1 survivors (2048K)
 Metaspace       used 61994K, committed 64000K, reserved 1114112K
  class space    used 8538K, committed 9536K, reserved 1048576K
}
Event: 51.387 GC heap before
{Heap before GC invocations=24 (full 0):
 garbage-first heap   total 131072K, used 106014K [0x0000000700000000, 0x0000000800000000)
  region size 2048K, 14 young (28672K), 1 survivors (2048K)
 Metaspace       used 65134K, committed 67072K, reserved 1114112K
  class space    used 8912K, committed 9920K, reserved 1048576K
}
Event: 51.394 GC heap after
{Heap after GC invocations=25 (full 0):
 garbage-first heap   total 131072K, used 81523K [0x0000000700000000, 0x0000000800000000)
  region size 2048K, 2 young (4096K), 2 survivors (4096K)
 Metaspace       used 65134K, committed 67072K, reserved 1114112K
  class space    used 8912K, committed 9920K, reserved 1048576K
}
Event: 52.933 GC heap before
{Heap before GC invocations=25 (full 0):
 garbage-first heap   total 131072K, used 114291K [0x0000000700000000, 0x0000000800000000)
  region size 2048K, 19 young (38912K), 2 survivors (4096K)
 Metaspace       used 68967K, committed 70976K, reserved 1114112K
  class space    used 9430K, committed 10432K, reserved 1048576K
}
Event: 52.945 GC heap after
{Heap after GC invocations=26 (full 0):
 garbage-first heap   total 131072K, used 82267K [0x0000000700000000, 0x0000000800000000)
  region size 2048K, 2 young (4096K), 2 survivors (4096K)
 Metaspace       used 68967K, committed 70976K, reserved 1114112K
  class space    used 9430K, committed 10432K, reserved 1048576K
}
Event: 54.954 GC heap before
{Heap before GC invocations=26 (full 0):
 garbage-first heap   total 131072K, used 117083K [0x0000000700000000, 0x0000000800000000)
  region size 2048K, 19 young (38912K), 2 survivors (4096K)
 Metaspace       used 71477K, committed 73472K, reserved 1114112K
  class space    used 9761K, committed 10816K, reserved 1048576K
}
Event: 54.965 GC heap after
{Heap after GC invocations=27 (full 0):
 garbage-first heap   total 131072K, used 84095K [0x0000000700000000, 0x0000000800000000)
  region size 2048K, 2 young (4096K), 2 survivors (4096K)
 Metaspace       used 71477K, committed 73472K, reserved 1114112K
  class space    used 9761K, committed 10816K, reserved 1048576K
}

Dll operation events (15 events):
Event: 0.010 Loaded shared library C:\Program Files\Java\jdk-21\bin\java.dll
Event: 0.203 Loaded shared library C:\Program Files\Java\jdk-21\bin\jsvml.dll
Event: 0.604 Loaded shared library C:\Program Files\Java\jdk-21\bin\zip.dll
Event: 0.610 Loaded shared library C:\Program Files\Java\jdk-21\bin\instrument.dll
Event: 0.617 Loaded shared library C:\Program Files\Java\jdk-21\bin\net.dll
Event: 0.620 Loaded shared library C:\Program Files\Java\jdk-21\bin\nio.dll
Event: 0.626 Loaded shared library C:\Program Files\Java\jdk-21\bin\zip.dll
Event: 0.975 Loaded shared library C:\Program Files\Java\jdk-21\bin\jimage.dll
Event: 1.099 Loaded shared library C:\Program Files\Java\jdk-21\bin\verify.dll
Event: 1.437 Loaded shared library C:\Users\Administrator\.gradle\native\c067742578af261105cb4f569cf0c3c89f3d7b1fecec35dd04571415982c5e48\windows-amd64\native-platform.dll
Event: 1.443 Loaded shared library C:\Users\Administrator\.gradle\native\38dada09dfb8b06ba9b0570ebf7e218e3eb74d4ef43ca46872605cf95ebc2f47\windows-amd64\native-platform-file-events.dll
Event: 4.275 Loaded shared library C:\Program Files\Java\jdk-21\bin\management.dll
Event: 4.282 Loaded shared library C:\Program Files\Java\jdk-21\bin\management_ext.dll
Event: 5.881 Loaded shared library C:\Program Files\Java\jdk-21\bin\extnet.dll
Event: 6.633 Loaded shared library C:\Program Files\Java\jdk-21\bin\sunmscapi.dll

Deoptimization events (20 events):
Event: 53.209 Thread 0x0000029462292690 DEOPT PACKING pc=0x00000294102d6c90 sp=0x000000c5b07f62d0
Event: 53.209 Thread 0x0000029462292690 DEOPT UNPACKING pc=0x000002940f9446a2 sp=0x000000c5b07f61b8 mode 2
Event: 53.258 Thread 0x0000029462292690 Uncommon trap: trap_request=0xffffffde fr.pc=0x00000294102d6c90 relative=0x0000000000000510
Event: 53.258 Thread 0x0000029462292690 Uncommon trap: reason=class_check action=maybe_recompile pc=0x00000294102d6c90 method=kotlin.reflect.jvm.internal.impl.protobuf.CodedInputStream.tryRefillBuffer(I)Z @ 175 c2
Event: 53.258 Thread 0x0000029462292690 DEOPT PACKING pc=0x00000294102d6c90 sp=0x000000c5b07f62d0
Event: 53.258 Thread 0x0000029462292690 DEOPT UNPACKING pc=0x000002940f9446a2 sp=0x000000c5b07f61b8 mode 2
Event: 53.259 Thread 0x0000029462292690 Uncommon trap: trap_request=0xffffffde fr.pc=0x00000294102d6c90 relative=0x0000000000000510
Event: 53.259 Thread 0x0000029462292690 Uncommon trap: reason=class_check action=maybe_recompile pc=0x00000294102d6c90 method=kotlin.reflect.jvm.internal.impl.protobuf.CodedInputStream.tryRefillBuffer(I)Z @ 175 c2
Event: 53.259 Thread 0x0000029462292690 DEOPT PACKING pc=0x00000294102d6c90 sp=0x000000c5b07f63c0
Event: 53.259 Thread 0x0000029462292690 DEOPT UNPACKING pc=0x000002940f9446a2 sp=0x000000c5b07f62a8 mode 2
Event: 53.270 Thread 0x0000029462292690 Uncommon trap: trap_request=0xffffffde fr.pc=0x00000294102d6c90 relative=0x0000000000000510
Event: 53.270 Thread 0x0000029462292690 Uncommon trap: reason=class_check action=maybe_recompile pc=0x00000294102d6c90 method=kotlin.reflect.jvm.internal.impl.protobuf.CodedInputStream.tryRefillBuffer(I)Z @ 175 c2
Event: 53.270 Thread 0x0000029462292690 DEOPT PACKING pc=0x00000294102d6c90 sp=0x000000c5b07f63c0
Event: 53.270 Thread 0x0000029462292690 DEOPT UNPACKING pc=0x000002940f9446a2 sp=0x000000c5b07f62a8 mode 2
Event: 53.605 Thread 0x0000029462292690 Uncommon trap: trap_request=0xffffff45 fr.pc=0x00000294102c1a04 relative=0x0000000000000864
Event: 53.605 Thread 0x0000029462292690 Uncommon trap: reason=unstable_if action=reinterpret pc=0x00000294102c1a04 method=java.util.regex.Pattern.escape(ZZZ)I @ 8 c2
Event: 53.605 Thread 0x0000029462292690 DEOPT PACKING pc=0x00000294102c1a04 sp=0x000000c5b07f5e90
Event: 53.605 Thread 0x0000029462292690 DEOPT UNPACKING pc=0x000002940f9446a2 sp=0x000000c5b07f5e28 mode 2
Event: 53.823 Thread 0x0000029462292690 DEOPT PACKING pc=0x0000029408a2e9ae sp=0x000000c5b07f5380
Event: 53.823 Thread 0x0000029462292690 DEOPT UNPACKING pc=0x000002940f944e42 sp=0x000000c5b07f4930 mode 0

Classes loaded (20 events):
Event: 50.790 Loading class javax/management/JMException
Event: 50.790 Loading class javax/management/JMException done
Event: 50.790 Loading class javax/management/OperationsException done
Event: 50.790 Loading class javax/management/ListenerNotFoundException done
Event: 50.801 Loading class java/time/format/DateTimeFormatterBuilder$WeekBasedFieldPrinterParser
Event: 50.802 Loading class java/time/format/DateTimeFormatterBuilder$WeekBasedFieldPrinterParser done
Event: 50.851 Loading class com/sun/jmx/mbeanserver/StandardMBeanSupport
Event: 50.851 Loading class com/sun/jmx/mbeanserver/StandardMBeanSupport done
Event: 50.851 Loading class com/sun/jmx/mbeanserver/StandardMBeanIntrospector
Event: 50.852 Loading class com/sun/jmx/mbeanserver/StandardMBeanIntrospector done
Event: 51.609 Loading class sun/reflect/misc/MethodUtil
Event: 51.610 Loading class sun/reflect/misc/MethodUtil done
Event: 51.610 Loading class sun/reflect/misc/MethodUtil$1
Event: 51.610 Loading class sun/reflect/misc/MethodUtil$1 done
Event: 51.621 Loading class sun/nio/ch/ChannelOutputStream
Event: 51.622 Loading class sun/nio/ch/ChannelOutputStream done
Event: 53.078 Loading class java/util/ArrayList$SubList$1
Event: 53.078 Loading class java/util/ArrayList$SubList$1 done
Event: 53.171 Loading class java/lang/Override
Event: 53.171 Loading class java/lang/Override done

Classes unloaded (0 events):
No events

Classes redefined (0 events):
No events

Internal exceptions (20 events):
Event: 51.537 Thread 0x0000029462292690 Exception <a 'java/lang/NoSuchMethodError'{0x00000007078402d8}: static Lorg/jetbrains/kotlin/gradle/plugin/internal/DefaultJavaSourceSetsAccessorVariantFactory;.<clinit>()V> (0x00000007078402d8) 
thrown [s\open\src\hotspot\share\prims\jni.cpp, line 1111]
Event: 51.550 Thread 0x0000029462292690 Exception <a 'java/lang/NoSuchMethodError'{0x000000070785b478}: static Lorg/jetbrains/kotlin/gradle/targets/js/nodejs/DefaultUnameExecutorVariantFactory;.<clinit>()V> (0x000000070785b478) 
thrown [s\open\src\hotspot\share\prims\jni.cpp, line 1111]
Event: 51.572 Thread 0x0000029462292690 Exception <a 'java/lang/NoSuchMethodError'{0x00000007078771f0}: static Lorg/jetbrains/kotlin/gradle/plugin/internal/DefaultBasePluginConfigurationVariantFactory;.<clinit>()V> (0x00000007078771f0) 
thrown [s\open\src\hotspot\share\prims\jni.cpp, line 1111]
Event: 51.578 Thread 0x0000029462292690 Exception <a 'java/lang/NoSuchMethodError'{0x0000000707892710}: static Lorg/jetbrains/kotlin/gradle/plugin/internal/DefaultIdeaSyncDetectorVariantFactory;.<clinit>()V> (0x0000000707892710) 
thrown [s\open\src\hotspot\share\prims\jni.cpp, line 1111]
Event: 51.583 Thread 0x0000029462292690 Exception <a 'java/lang/NoSuchMethodError'{0x00000007078aee28}: static Lorg/jetbrains/kotlin/gradle/plugin/internal/DefaultKotlinTestReportCompatibilityHelperVariantFactory;.<clinit>()V> (0x00000007078aee28) 
thrown [s\open\src\hotspot\share\prims\jni.cpp, line 1111]
Event: 51.610 Thread 0x0000029462292690 Implicit null exception at 0x000002940fec5209 to 0x000002940fec52a4
Event: 51.610 Thread 0x0000029462292690 Implicit null exception at 0x00000294100fb68b to 0x00000294100fcb20
Event: 51.613 Thread 0x0000029462292690 Exception <a 'java/lang/NoSuchMethodError'{0x00000007079b4fe0}: 'long java.lang.invoke.DelegatingMethodHandle$Holder.reinvoke_L(java.lang.Object, java.lang.Object)'> (0x00000007079b4fe0) 
thrown [s\open\src\hotspot\share\interpreter\linkResolver.cpp, line 773]
Event: 54.794 Thread 0x0000029462292690 Exception <a 'java/lang/ClassNotFoundException'{0x0000000705cd9948}: org/jetbrains/kotlin/gradle/targets/js/npm/DefaultNpmDependencyExtensionBeanInfo> (0x0000000705cd9948) 
thrown [s\open\src\hotspot\share\classfile\systemDictionary.cpp, line 312]
Event: 54.795 Thread 0x0000029462292690 Exception <a 'java/lang/ClassNotFoundException'{0x0000000705ce57d8}: org/jetbrains/kotlin/gradle/targets/js/npm/DefaultNpmDependencyExtensionCustomizer> (0x0000000705ce57d8) 
thrown [s\open\src\hotspot\share\classfile\systemDictionary.cpp, line 312]
Event: 54.836 Thread 0x0000029462292690 Exception <a 'java/lang/ClassNotFoundException'{0x0000000705d6ca20}: org/jetbrains/kotlin/gradle/targets/js/npm/NpmDependencyExtensionKt$defaultNpmDependencyDelegate$1BeanInfo> (0x0000000705d6ca20) 
thrown [s\open\src\hotspot\share\classfile\systemDictionary.cpp, line 312]
Event: 54.836 Thread 0x0000029462292690 Exception <a 'java/lang/ClassNotFoundException'{0x0000000705d788f0}: org/jetbrains/kotlin/gradle/targets/js/npm/NpmDependencyExtensionDelegateBeanInfo> (0x0000000705d788f0) 
thrown [s\open\src\hotspot\share\classfile\systemDictionary.cpp, line 312]
Event: 54.837 Thread 0x0000029462292690 Exception <a 'java/lang/ClassNotFoundException'{0x0000000705d84a28}: org/jetbrains/kotlin/gradle/targets/js/npm/NpmDependencyExtensionDelegateCustomizer> (0x0000000705d84a28) 
thrown [s\open\src\hotspot\share\classfile\systemDictionary.cpp, line 312]
Event: 54.839 Thread 0x0000029462292690 Exception <a 'java/lang/ClassNotFoundException'{0x0000000705db3638}: org/jetbrains/kotlin/gradle/targets/js/npm/NpmDependencyExtensionKt$defaultNpmDependencyDelegate$1Customizer> (0x0000000705db3638) 
thrown [s\open\src\hotspot\share\classfile\systemDictionary.cpp, line 312]
Event: 54.843 Thread 0x0000029462292690 Exception <a 'java/lang/ClassNotFoundException'{0x0000000705def048}: org/jetbrains/kotlin/gradle/targets/js/npm/DefaultDevNpmDependencyExtensionBeanInfo> (0x0000000705def048) 
thrown [s\open\src\hotspot\share\classfile\systemDictionary.cpp, line 312]
Event: 54.844 Thread 0x0000029462292690 Exception <a 'java/lang/ClassNotFoundException'{0x0000000705dfaef0}: org/jetbrains/kotlin/gradle/targets/js/npm/DefaultDevNpmDependencyExtensionCustomizer> (0x0000000705dfaef0) 
thrown [s\open\src\hotspot\share\classfile\systemDictionary.cpp, line 312]
Event: 54.849 Thread 0x0000029462292690 Exception <a 'java/lang/ClassNotFoundException'{0x0000000705a3fe10}: org/jetbrains/kotlin/gradle/targets/js/npm/DefaultPeerNpmDependencyExtensionBeanInfo> (0x0000000705a3fe10) 
thrown [s\open\src\hotspot\share\classfile\systemDictionary.cpp, line 312]
Event: 54.850 Thread 0x0000029462292690 Exception <a 'java/lang/ClassNotFoundException'{0x0000000705a4bd00}: org/jetbrains/kotlin/gradle/targets/js/npm/DefaultPeerNpmDependencyExtensionCustomizer> (0x0000000705a4bd00) 
thrown [s\open\src\hotspot\share\classfile\systemDictionary.cpp, line 312]
Event: 54.854 Thread 0x0000029462292690 Exception <a 'java/lang/ClassNotFoundException'{0x0000000705a99c70}: org/jetbrains/kotlin/gradle/targets/js/npm/DefaultPeerNpmDependencyExtension$delegate$1BeanInfo> (0x0000000705a99c70) 
thrown [s\open\src\hotspot\share\classfile\systemDictionary.cpp, line 312]
Event: 54.855 Thread 0x0000029462292690 Exception <a 'java/lang/ClassNotFoundException'{0x0000000705aa5e50}: org/jetbrains/kotlin/gradle/targets/js/npm/DefaultPeerNpmDependencyExtension$delegate$1Customizer> (0x0000000705aa5e50) 
thrown [s\open\src\hotspot\share\classfile\systemDictionary.cpp, line 312]

ZGC Phase Switch (0 events):
No events

VM Operations (20 events):
Event: 50.478 Executing VM operation: Cleanup
Event: 50.482 Executing VM operation: Cleanup done
Event: 50.492 Executing VM operation: HandshakeAllThreads (Deoptimize)
Event: 50.492 Executing VM operation: HandshakeAllThreads (Deoptimize) done
Event: 50.867 Executing VM operation: HandshakeAllThreads (Deoptimize)
Event: 50.867 Executing VM operation: HandshakeAllThreads (Deoptimize) done
Event: 50.873 Executing VM operation: HandshakeAllThreads (Deoptimize)
Event: 50.909 Executing VM operation: HandshakeAllThreads (Deoptimize) done
Event: 51.387 Executing VM operation: G1CollectForAllocation (G1 Evacuation Pause)
Event: 51.394 Executing VM operation: G1CollectForAllocation (G1 Evacuation Pause) done
Event: 51.841 Executing VM operation: HandshakeAllThreads (Deoptimize)
Event: 51.842 Executing VM operation: HandshakeAllThreads (Deoptimize) done
Event: 52.841 Executing VM operation: Cleanup
Event: 52.904 Executing VM operation: Cleanup done
Event: 52.933 Executing VM operation: G1CollectForAllocation (G1 Evacuation Pause)
Event: 52.945 Executing VM operation: G1CollectForAllocation (G1 Evacuation Pause) done
Event: 54.945 Executing VM operation: Cleanup
Event: 54.946 Executing VM operation: Cleanup done
Event: 54.954 Executing VM operation: G1CollectForAllocation (G1 Evacuation Pause)
Event: 54.981 Executing VM operation: G1CollectForAllocation (G1 Evacuation Pause) done

Events (20 events):
Event: 48.786 Thread 0x000002947eb8d4f0 flushing nmethod 0x00000294089bd410
Event: 48.786 Thread 0x000002947eb8d4f0 flushing nmethod 0x0000029408a00210
Event: 48.786 Thread 0x000002947eb8d4f0 flushing nmethod 0x0000029408a4a590
Event: 48.786 Thread 0x000002947eb8d4f0 flushing nmethod 0x0000029408a63990
Event: 48.786 Thread 0x000002947eb8d4f0 flushing nmethod 0x0000029408a64190
Event: 48.786 Thread 0x000002947eb8d4f0 flushing nmethod 0x0000029408acc490
Event: 48.786 Thread 0x000002947eb8d4f0 flushing nmethod 0x0000029408acf190
Event: 48.786 Thread 0x000002947eb8d4f0 flushing nmethod 0x0000029408ad5b10
Event: 48.786 Thread 0x000002947eb8d4f0 flushing nmethod 0x0000029408d2d810
Event: 48.786 Thread 0x000002947eb8d4f0 flushing nmethod 0x0000029408d2e210
Event: 48.786 Thread 0x000002947eb8d4f0 flushing nmethod 0x0000029408deee90
Event: 48.788 Thread 0x0000029462009650 Thread exited: 0x0000029462009650
Event: 49.102 Thread 0x00000294647bf670 Thread added: 0x00000294647bf670
Event: 49.703 Thread 0x00000294647bf670 Thread exited: 0x00000294647bf670
Event: 50.644 Thread 0x00000294665bb7b0 Thread added: 0x00000294665bb7b0
Event: 50.870 Thread 0x0000029462d89190 Thread added: 0x0000029462d89190
Event: 50.944 Thread 0x00000294665bb7b0 Thread exited: 0x00000294665bb7b0
Event: 53.376 Thread 0x000002946655d430 Thread added: 0x000002946655d430
Event: 53.525 Thread 0x000002946655d430 Thread exited: 0x000002946655d430
Event: 54.168 Thread 0x0000029466813cc0 Thread added: 0x0000029466813cc0


Dynamic libraries:
0x00007ff792530000 - 0x00007ff792540000 	C:\Program Files\Java\jdk-21\bin\java.exe
0x00007ffb6b9b0000 - 0x00007ffb6bb9d000 	C:\Windows\SYSTEM32\ntdll.dll
0x00007ffb6ac70000 - 0x00007ffb6ad23000 	C:\Windows\System32\KERNEL32.DLL
0x00007ffb68080000 - 0x00007ffb68313000 	C:\Windows\System32\KERNELBASE.dll
0x00007ffb67d40000 - 0x00007ffb67e3c000 	C:\Windows\System32\ucrtbase.dll
0x00007ffb46410000 - 0x00007ffb46429000 	C:\Program Files\Java\jdk-21\bin\jli.dll
0x00007ffb6a0d0000 - 0x00007ffb6a173000 	C:\Windows\System32\ADVAPI32.dll
0x00007ffb6b0d0000 - 0x00007ffb6b16e000 	C:\Windows\System32\msvcrt.dll
0x00007ffb6b540000 - 0x00007ffb6b5de000 	C:\Windows\System32\sechost.dll
0x00007ffb6a4f0000 - 0x00007ffb6a612000 	C:\Windows\System32\RPCRT4.dll
0x00007ffb6a350000 - 0x00007ffb6a4e7000 	C:\Windows\System32\USER32.dll
0x00007ffb68320000 - 0x00007ffb68340000 	C:\Windows\System32\win32u.dll
0x00007ffb6b090000 - 0x00007ffb6b0b9000 	C:\Windows\System32\GDI32.dll
0x00007ffb67ee0000 - 0x00007ffb6807a000 	C:\Windows\System32\gdi32full.dll
0x00007ffb68340000 - 0x00007ffb683e0000 	C:\Windows\System32\msvcp_win.dll
0x00007ffb63cd0000 - 0x00007ffb63ceb000 	C:\Program Files\Java\jdk-21\bin\VCRUNTIME140.dll
0x00007ffb60db0000 - 0x00007ffb61029000 	C:\Windows\WinSxS\amd64_microsoft.windows.common-controls_6595b64144ccf1df_6.0.17763.316_none_05b53be2071f46b6\COMCTL32.dll
0x00007ffb6ad60000 - 0x00007ffb6b08d000 	C:\Windows\System32\combase.dll
0x00007ffb67e40000 - 0x00007ffb67ebe000 	C:\Windows\System32\bcryptPrimitives.dll
0x00007ffb66500000 - 0x00007ffb6650a000 	C:\Windows\SYSTEM32\VERSION.dll
0x00007ffb6ad30000 - 0x00007ffb6ad5e000 	C:\Windows\System32\IMM32.DLL
0x00007ffb654e0000 - 0x00007ffb654ec000 	C:\Program Files\Java\jdk-21\bin\vcruntime140_1.dll
0x00007ffb1e930000 - 0x00007ffb1e9be000 	C:\Program Files\Java\jdk-21\bin\msvcp140.dll
0x00007ffb0e730000 - 0x00007ffb0f44a000 	C:\Program Files\Java\jdk-21\bin\server\jvm.dll
0x00007ffb679f0000 - 0x00007ffb67a4d000 	C:\Windows\System32\POWRPROF.dll
0x00007ffb6b400000 - 0x00007ffb6b46d000 	C:\Windows\System32\WS2_32.dll
0x00007ffb664d0000 - 0x00007ffb664f4000 	C:\Windows\SYSTEM32\WINMM.dll
0x00007ffb662b0000 - 0x00007ffb662dd000 	C:\Windows\SYSTEM32\WINMMBASE.dll
0x00007ffb67ab0000 - 0x00007ffb67afa000 	C:\Windows\System32\cfgmgr32.dll
0x00007ffb679b0000 - 0x00007ffb679c1000 	C:\Windows\System32\kernel.appcore.dll
0x00007ffb62910000 - 0x00007ffb6291a000 	C:\Program Files\Java\jdk-21\bin\jimage.dll
0x00007ffb662e0000 - 0x00007ffb664cd000 	C:\Windows\SYSTEM32\DBGHELP.DLL
0x00007ffb66270000 - 0x00007ffb6629a000 	C:\Windows\SYSTEM32\dbgcore.DLL
0x00007ffb47930000 - 0x00007ffb4793f000 	C:\Program Files\Java\jdk-21\bin\instrument.dll
0x00007ffb50040000 - 0x00007ffb5005f000 	C:\Program Files\Java\jdk-21\bin\java.dll
0x00007ffb68be0000 - 0x00007ffb6a0cf000 	C:\Windows\System32\SHELL32.dll
0x00007ffb6b5e0000 - 0x00007ffb6b688000 	C:\Windows\System32\shcore.dll
0x00007ffb683e0000 - 0x00007ffb68b2a000 	C:\Windows\System32\windows.storage.dll
0x00007ffb67a50000 - 0x00007ffb67a74000 	C:\Windows\System32\profapi.dll
0x00007ffb6b4e0000 - 0x00007ffb6b532000 	C:\Windows\System32\shlwapi.dll
0x00007ffb67ec0000 - 0x00007ffb67ed7000 	C:\Windows\System32\cryptsp.dll
0x00007ffb1e9c0000 - 0x00007ffb1ea97000 	C:\Program Files\Java\jdk-21\bin\jsvml.dll
0x00007ffb49300000 - 0x00007ffb49318000 	C:\Program Files\Java\jdk-21\bin\zip.dll
0x00007ffb61c80000 - 0x00007ffb61c90000 	C:\Program Files\Java\jdk-21\bin\net.dll
0x00007ffb59390000 - 0x00007ffb59481000 	C:\Windows\SYSTEM32\WINHTTP.dll
0x00007ffb67240000 - 0x00007ffb672a7000 	C:\Windows\system32\mswsock.dll
0x00007ffb4ffc0000 - 0x00007ffb4ffd6000 	C:\Program Files\Java\jdk-21\bin\nio.dll
0x00007ffb4edb0000 - 0x00007ffb4edc0000 	C:\Program Files\Java\jdk-21\bin\verify.dll
0x00007ffb3d110000 - 0x00007ffb3d137000 	C:\Users\Administrator\.gradle\native\c067742578af261105cb4f569cf0c3c89f3d7b1fecec35dd04571415982c5e48\windows-amd64\native-platform.dll
0x00007ffb0e130000 - 0x00007ffb0e274000 	C:\Users\Administrator\.gradle\native\38dada09dfb8b06ba9b0570ebf7e218e3eb74d4ef43ca46872605cf95ebc2f47\windows-amd64\native-platform-file-events.dll
0x00007ffb48980000 - 0x00007ffb4898a000 	C:\Program Files\Java\jdk-21\bin\management.dll
0x00007ffb48770000 - 0x00007ffb4877b000 	C:\Program Files\Java\jdk-21\bin\management_ext.dll
0x00007ffb6b3f0000 - 0x00007ffb6b3f8000 	C:\Windows\System32\PSAPI.DLL
0x00007ffb66e00000 - 0x00007ffb66e33000 	C:\Windows\system32\rsaenh.dll
0x00007ffb67a80000 - 0x00007ffb67aa6000 	C:\Windows\System32\bcrypt.dll
0x00007ffb678e0000 - 0x00007ffb67908000 	C:\Windows\SYSTEM32\USERENV.dll
0x00007ffb67410000 - 0x00007ffb6741c000 	C:\Windows\SYSTEM32\CRYPTBASE.dll
0x00007ffb66fa0000 - 0x00007ffb66fdd000 	C:\Windows\SYSTEM32\IPHLPAPI.DLL
0x00007ffb6b4d0000 - 0x00007ffb6b4d8000 	C:\Windows\System32\NSI.dll
0x00007ffb4d9c0000 - 0x00007ffb4d9c9000 	C:\Program Files\Java\jdk-21\bin\extnet.dll
0x00007ffb46bb0000 - 0x00007ffb46bbe000 	C:\Program Files\Java\jdk-21\bin\sunmscapi.dll
0x00007ffb67b00000 - 0x00007ffb67cdb000 	C:\Windows\System32\CRYPT32.dll
0x00007ffb679d0000 - 0x00007ffb679e2000 	C:\Windows\System32\MSASN1.dll
0x00007ffb67500000 - 0x00007ffb67526000 	C:\Windows\SYSTEM32\ncrypt.dll
0x00007ffb674c0000 - 0x00007ffb674fc000 	C:\Windows\SYSTEM32\NTASN1.dll
0x00007ffb4a3b0000 - 0x00007ffb4a3b7000 	C:\Windows\system32\wshunix.dll

dbghelp: loaded successfully - version: 4.0.5 - missing functions: none
symbol engine: initialized successfully - sym options: 0x614 - pdb path: .;C:\Program Files\Java\jdk-21\bin;C:\Windows\SYSTEM32;C:\Windows\WinSxS\amd64_microsoft.windows.common-controls_6595b64144ccf1df_6.0.17763.316_none_05b53be2071f46b6;C:\Program Files\Java\jdk-21\bin\server;C:\Users\Administrator\.gradle\native\c067742578af261105cb4f569cf0c3c89f3d7b1fecec35dd04571415982c5e48\windows-amd64;C:\Users\Administrator\.gradle\native\38dada09dfb8b06ba9b0570ebf7e218e3eb74d4ef43ca46872605cf95ebc2f47\windows-amd64

VM Arguments:
jvm_args: -XX:MaxMetaspaceSize=2G -XX:+HeapDumpOnOutOfMemoryError --add-opens=java.base/java.util=ALL-UNNAMED --add-opens=java.base/java.lang=ALL-UNNAMED --add-opens=java.base/java.lang.invoke=ALL-UNNAMED --add-opens=java.prefs/java.util.prefs=ALL-UNNAMED --add-opens=java.base/java.nio.charset=ALL-UNNAMED --add-opens=java.base/java.net=ALL-UNNAMED --add-opens=java.base/java.util.concurrent.atomic=ALL-UNNAMED -Xmx4G -Dfile.encoding=utf8 -Duser.country=US -Duser.language=en -Duser.variant -javaagent:C:\Users\Administrator\.gradle\wrapper\dists\gradle-8.4-all\56r6xik2f6skrm47et0ibifug\gradle-8.4\lib\agents\gradle-instrumentation-agent-8.4.jar 
java_command: org.gradle.launcher.daemon.bootstrap.GradleDaemon 8.4
java_class_path (initial): C:\Users\Administrator\.gradle\wrapper\dists\gradle-8.4-all\56r6xik2f6skrm47et0ibifug\gradle-8.4\lib\gradle-launcher-8.4.jar
Launcher Type: SUN_STANDARD

[Global flags]
     intx CICompilerCount                          = 3                                         {product} {ergonomic}
     uint ConcGCThreads                            = 1                                         {product} {ergonomic}
     uint G1ConcRefinementThreads                  = 4                                         {product} {ergonomic}
   size_t G1HeapRegionSize                         = 2097152                                   {product} {ergonomic}
    uintx GCDrainStackTargetSize                   = 64                                        {product} {ergonomic}
     bool HeapDumpOnOutOfMemoryError               = true                                   {manageable} {command line}
   size_t InitialHeapSize                          = 134217728                                 {product} {ergonomic}
   size_t MarkStackSize                            = 4194304                                   {product} {ergonomic}
   size_t MaxHeapSize                              = 4294967296                                {product} {command line}
   size_t MaxMetaspaceSize                         = 2147483648                                {product} {command line}
   size_t MaxNewSize                               = 2575302656                                {product} {ergonomic}
   size_t MinHeapDeltaBytes                        = 2097152                                   {product} {ergonomic}
   size_t MinHeapSize                              = 8388608                                   {product} {ergonomic}
    uintx NonNMethodCodeHeapSize                   = 5832780                                {pd product} {ergonomic}
    uintx NonProfiledCodeHeapSize                  = 122912730                              {pd product} {ergonomic}
    uintx ProfiledCodeHeapSize                     = 122912730                              {pd product} {ergonomic}
    uintx ReservedCodeCacheSize                    = 251658240                              {pd product} {ergonomic}
     bool SegmentedCodeCache                       = true                                      {product} {ergonomic}
   size_t SoftMaxHeapSize                          = 4294967296                             {manageable} {ergonomic}
     bool UseCompressedOops                        = true                           {product lp64_product} {ergonomic}
     bool UseG1GC                                  = true                                      {product} {ergonomic}
     bool UseLargePagesIndividualAllocation        = false                                  {pd product} {ergonomic}

Logging:
Log output configuration:
 #0: stdout all=warning uptime,level,tags foldmultilines=false
 #1: stderr all=off uptime,level,tags foldmultilines=false

Environment Variables:
JAVA_HOME=C:\Program Files\Java\jdk-21
PATH=C:\Program Files\Java\jdk-21\bin;C:\Users\Admin\AppData\Local\Programs\Python\Python311\;C:\Users\Admin\AppData\Local\Programs\Python\Python311\Scripts\;C:\Windows\system32;C:\Windows;C:\Windows\System32\Wbem;C:\Windows\System32\WindowsPowerShell\v1.0\;C:\Windows\System32\OpenSSH\;C:\Program Files\kotlinc\bin;C:\ProgramData\chocolatey\bin;C:\Program Files\Git\cmd;C:\Program Files\Java\jdk-21\bin;C:\MinGW\bin;C:\Gradle\gradle-7.4\bin;C:\flutter\bin;C:\Users\Administrator\AppData\Local\Programs\Microsoft VS Code\Code.exe;C:\Users\Administrator\AppData\Local\Programs\Microsoft VS Code\bin;C:\Users\Administrator\AppData\Local\GitHubDesktop\bin;C:\Program Files\Java\jdk-21;C:\MinGW\bin;C:\Gradle\gradle-7.4\bin;C:\flutter\bin;C:\Users\Administrator\AppData\Local\Programs\Microsoft VS Code\Code.exe;C:\Users\Administrator\AppData\Local\Programs\Microsoft VS Code\bin;C:\Users\Administrator\AppData\Local\GitHubDesktop\bin;C:\Program Files\Java\jdk-21;C:\MinGW\bin;C:\Users\Administrator\AppData\Local\Android\Sdk\platform-tools;C:\Program Files\PostgreSQL\17\bin;C:\Program Files\nodejs;C:\Program Files\nodejs\;C:\Users\Administrator\AppData\Local\Pub\Cache\bin;C:\Users\Administrator\AppData\Local\Programs\Python\Python311\Scripts\;C:\Users\Administrator\AppData\Local\Programs\Python\Python311\;C:\Program Files\Java\jdk-21\bin;C:\Users\Admin\AppData\Local\Programs\Python\Python311\;C:\Users\Admin\AppData\Local\Programs\Python\Python311\Scripts\;C:\Windows\system32;C:\Windows;C:\Windows\System32\Wbem;C:\Windows\System32\WindowsPowerShell\v1.0\;C:\Windows\System32\OpenSSH\;C:\Program Files\kotlinc\bin;C:\ProgramData\chocolatey\bin;C:\Program Files\Git\cmd;C:\Program Files\Java\jdk-21\bin;C:\MinGW\bin;C:\Gradle\gradle-7.4\bin;C:\flutter\bin;C:\Users\Administrator\AppData\Local\Programs\Microsoft VS Code\Code.exe;C:\Users\Administrator\AppData\Local\Programs\Microsoft VS Code\bin;C:\Users\Administrator\AppData\Local\GitHubDesktop\bin;C:\Program Files\Java\jdk-21;C:\MinGW\bin;C:\Gradle\gradle-7.4\bin;C:\flutter\bin;C:\Users\Administrator\AppData\Local\Programs\Microsoft VS Code\Code.exe;C:\Users\Administrator\AppData\Local\Programs\Microsoft VS Code\bin;C:\Users\Administrator\AppData\Local\GitHubDesktop\bin;C:\Program Files\Java\jdk-21;C:\MinGW\bin;C:\Users\Administrator\AppData\Local\Android\Sdk\platform-tools;C:\Program Files\PostgreSQL\17\bin;C:\Program Files\nodejs;C:\Program Files\nodejs\;C:\Users\Administrator\AppData\Local\Pub\Cache\bin;;C:\Users\Administrator\AppData\Local\Android\Sdk\platform-tools;C:\Program Files\PostgreSQL\17\bin;C:\Program Files\nodejs;C:\Users\Administrator\AppData\Roaming\npm;C:\Users\Administrator\AppData\Local\GitHubDesktop\bin;C:\Program Files\MySQL\MySQL Server 8.0\bin;C:\Users\Administrator\AppData\Local\Pub\Cache\bin;
USERNAME=Administrator
OS=Windows_NT
PROCESSOR_IDENTIFIER=Intel64 Family 6 Model 142 Stepping 9, GenuineIntel
TMP=C:\Users\ADMINI~1\AppData\Local\Temp
TEMP=C:\Users\ADMINI~1\AppData\Local\Temp




Periodic native trim disabled

---------------  S Y S T E M  ---------------

OS:
 Windows 10 , 64 bit Build 17763 (10.0.17763.292)
OS uptime: 3 days 1:31 hours

CPU: total 4 (initial active 4) (2 cores per cpu, 2 threads per core) family 6 model 142 stepping 9 microcode 0x84, cx8, cmov, fxsr, ht, mmx, 3dnowpref, sse, sse2, sse3, ssse3, sse4.1, sse4.2, popcnt, lzcnt, tsc, tscinvbit, avx, avx2, aes, erms, clmul, bmi1, bmi2, rtm, adx, fma, vzeroupper, clflush, clflushopt, rdtscp, f16c
Processor Information for all 4 processors :
  Max Mhz: 2701, Current Mhz: 2701, Mhz Limit: 2701

Memory: 4k page, system-wide physical 8076M (1819M free)
TotalPageFile size 16268M (AvailPageFile size 5M)
current process WorkingSet (physical memory assigned to process): 78M, peak: 201M
current process commit charge ("private bytes"): 389M, peak: 393M

vm_info: Java HotSpot(TM) 64-Bit Server VM (21.0.6+8-LTS-188) for windows-amd64 JRE (21.0.6+8-LTS-188), built on 2024-12-03T10:50:54Z by "mach5one" with MS VC++ 17.6 (VS2022)

END.
