#
# There is insufficient memory for the Java Runtime Environment to continue.
# Native memory allocation (malloc) failed to allocate 1808944 bytes. Error detail: Chunk::new
# Possible reasons:
#   The system is out of physical RAM or swap space
#   This process is running with CompressedOops enabled, and the Java Heap may be blocking the growth of the native heap
# Possible solutions:
#   Reduce memory load on the system
#   Increase physical memory or swap space
#   Check if swap backing store is full
#   Decrease Java heap size (-Xmx/-Xms)
#   Decrease number of Java threads
#   Decrease Java thread stack sizes (-Xss)
#   Set larger code cache with -XX:ReservedCodeCacheSize=
#   JVM is running with Unscaled Compressed Oops mode in which the Java heap is
#     placed in the first 4GB address space. The Java Heap base address is the
#     maximum limit for the native heap growth. Please use -XX:HeapBaseMinAddress
#     to set the Java Heap base and to place the Java Heap above 4GB virtual address.
# This output file may be truncated or incomplete.
#
#  Out of Memory Error (arena.cpp:168), pid=6452, tid=13124
#
# JRE version: OpenJDK Runtime Environment Temurin-21.0.7+6 (21.0.7+6) (build 21.0.7+6-LTS)
# Java VM: OpenJDK 64-Bit Server VM Temurin-21.0.7+6 (21.0.7+6-LTS, mixed mode, sharing, tiered, compressed oops, compressed class ptrs, parallel gc, windows-amd64)
# No core dump will be written. Minidumps are not enabled by default on client versions of Windows
#

---------------  S U M M A R Y ------------

Command Line: --add-modules=ALL-SYSTEM --add-opens=java.base/java.util=ALL-UNNAMED --add-opens=java.base/java.lang=ALL-UNNAMED --add-opens=java.base/sun.nio.fs=ALL-UNNAMED -Declipse.application=org.eclipse.jdt.ls.core.id1 -Dosgi.bundles.defaultStartLevel=4 -Declipse.product=org.eclipse.jdt.ls.core.product -Djava.import.generatesMetadataFilesAtProjectRoot=false -DDetectVMInstallationsJob.disabled=true -Dfile.encoding=utf8 -XX:+UseParallelGC -XX:GCTimeRatio=4 -XX:AdaptiveSizePolicyWeight=90 -Dsun.zip.disableMemoryMapping=true -Xmx1G -Xms100m -Xlog:disable -javaagent:c:\Users\Administrator\.vscode\extensions\redhat.java-1.42.0-win32-x64\lombok\lombok-1.18.36.jar c:\Users\Administrator\.vscode\extensions\redhat.java-1.42.0-win32-x64\server\plugins\org.eclipse.equinox.launcher_1.7.0.v20250424-1814.jar -configuration c:\Users\Administrator\AppData\Roaming\Code\User\globalStorage\redhat.java\1.42.0\config_ss_win -data c:\Users\Administrator\AppData\Roaming\Code\User\workspaceStorage\a8361dd7a2eaa9dbdd25b5e779c29603\redhat.java\ss_ws --pipe=\\.\pipe\lsp-2adfc7f13dd11ef5503e42739e76e7aa-sock

Host: Intel(R) Core(TM) i5-7300U CPU @ 2.60GHz, 4 cores, 7G,  Windows 10 , 64 bit Build 17763 (10.0.17763.292)
Time: Sun May 25 02:43:22 2025 SE Asia Standard Time elapsed time: 12.742335 seconds (0d 0h 0m 12s)

---------------  T H R E A D  ---------------

Current thread (0x000001adf52bc050):  JavaThread "C2 CompilerThread0" daemon [_thread_in_native, id=13124, stack(0x0000001b06d00000,0x0000001b06e00000) (1024K)]


Current CompileTask:
C2:12742 2714       4       org.lombokweb.asm.ClassReader::readMethod (1070 bytes)

Stack: [0x0000001b06d00000,0x0000001b06e00000]
Native frames: (J=compiled Java code, j=interpreted, Vv=VM code, C=native code)
V  [jvm.dll+0x6ce119]
V  [jvm.dll+0x8a84a1]
V  [jvm.dll+0x8aa9ce]
V  [jvm.dll+0x8ab0b3]
V  [jvm.dll+0x27f8a6]
V  [jvm.dll+0xc507d]
V  [jvm.dll+0xc55b3]
V  [jvm.dll+0x3b692c]
V  [jvm.dll+0x1e0029]
V  [jvm.dll+0x247c42]
V  [jvm.dll+0x2470cf]
V  [jvm.dll+0x1c760e]
V  [jvm.dll+0x25695a]
V  [jvm.dll+0x254efa]
V  [jvm.dll+0x3f03f6]
V  [jvm.dll+0x851f6b]
V  [jvm.dll+0x6cc7dd]
C  [ucrtbase.dll+0x203ba]
C  [KERNEL32.DLL+0x181f4]
C  [ntdll.dll+0x6a251]


---------------  P R O C E S S  ---------------

Threads class SMR info:
_java_thread_list=0x000001adfb21e080, length=20, elements={
0x000001added866d0, 0x000001adf52b1460, 0x000001adf52b40f0, 0x000001adf52b7c80,
0x000001adf52b8c10, 0x000001adf52ba7d0, 0x000001adf52bb220, 0x000001adf52bc050,
0x000001adf532fd60, 0x000001ade0ff2ac0, 0x000001adf62a20a0, 0x000001adf6741f80,
0x000001adf6bfb3c0, 0x000001adf6bfba20, 0x000001adf67a1a40, 0x000001adfb0e48a0,
0x000001adf6aae2e0, 0x000001adf695d700, 0x000001adfb1b6f70, 0x000001adf60f73c0
}

Java Threads: ( => current thread )
  0x000001added866d0 JavaThread "main"                              [_thread_blocked, id=12772, stack(0x0000001b06300000,0x0000001b06400000) (1024K)]
  0x000001adf52b1460 JavaThread "Reference Handler"          daemon [_thread_blocked, id=6308, stack(0x0000001b06700000,0x0000001b06800000) (1024K)]
  0x000001adf52b40f0 JavaThread "Finalizer"                  daemon [_thread_blocked, id=3204, stack(0x0000001b06800000,0x0000001b06900000) (1024K)]
  0x000001adf52b7c80 JavaThread "Signal Dispatcher"          daemon [_thread_blocked, id=11168, stack(0x0000001b06900000,0x0000001b06a00000) (1024K)]
  0x000001adf52b8c10 JavaThread "Attach Listener"            daemon [_thread_blocked, id=1376, stack(0x0000001b06a00000,0x0000001b06b00000) (1024K)]
  0x000001adf52ba7d0 JavaThread "Service Thread"             daemon [_thread_blocked, id=9144, stack(0x0000001b06b00000,0x0000001b06c00000) (1024K)]
  0x000001adf52bb220 JavaThread "Monitor Deflation Thread"   daemon [_thread_blocked, id=12484, stack(0x0000001b06c00000,0x0000001b06d00000) (1024K)]
=>0x000001adf52bc050 JavaThread "C2 CompilerThread0"         daemon [_thread_in_native, id=13124, stack(0x0000001b06d00000,0x0000001b06e00000) (1024K)]
  0x000001adf532fd60 JavaThread "C1 CompilerThread0"         daemon [_thread_blocked, id=1212, stack(0x0000001b06e00000,0x0000001b06f00000) (1024K)]
  0x000001ade0ff2ac0 JavaThread "Common-Cleaner"             daemon [_thread_blocked, id=8144, stack(0x0000001b06f00000,0x0000001b07000000) (1024K)]
  0x000001adf62a20a0 JavaThread "Notification Thread"        daemon [_thread_blocked, id=7360, stack(0x0000001b07000000,0x0000001b07100000) (1024K)]
  0x000001adf6741f80 JavaThread "Active Thread: Equinox Container: b2f0e10a-d391-44b2-bb38-26c63329940c"        [_thread_blocked, id=10268, stack(0x0000001b07400000,0x0000001b07500000) (1024K)]
  0x000001adf6bfb3c0 JavaThread "Framework Event Dispatcher: Equinox Container: b2f0e10a-d391-44b2-bb38-26c63329940c" daemon [_thread_blocked, id=2664, stack(0x0000001b07500000,0x0000001b07600000) (1024K)]
  0x000001adf6bfba20 JavaThread "Start Level: Equinox Container: b2f0e10a-d391-44b2-bb38-26c63329940c" daemon [_thread_in_native, id=12916, stack(0x0000001b07600000,0x0000001b07700000) (1024K)]
  0x000001adf67a1a40 JavaThread "SCR Component Actor"        daemon [_thread_blocked, id=13796, stack(0x0000001b07700000,0x0000001b07800000) (1024K)]
  0x000001adfb0e48a0 JavaThread "SCR Component Registry"     daemon [_thread_blocked, id=2756, stack(0x0000001b07800000,0x0000001b07900000) (1024K)]
  0x000001adf6aae2e0 JavaThread "Worker-JM"                         [_thread_blocked, id=3992, stack(0x0000001b07900000,0x0000001b07a00000) (1024K)]
  0x000001adf695d700 JavaThread "JNA Cleaner"                daemon [_thread_blocked, id=620, stack(0x0000001b07a00000,0x0000001b07b00000) (1024K)]
  0x000001adfb1b6f70 JavaThread "Worker-0"                          [_thread_blocked, id=11184, stack(0x0000001b07b00000,0x0000001b07c00000) (1024K)]
  0x000001adf60f73c0 JavaThread "Worker-1"                          [_thread_blocked, id=1984, stack(0x0000001b07c00000,0x0000001b07d00000) (1024K)]
Total: 20

Other Threads:
  0x000001adf529e240 VMThread "VM Thread"                           [id=8000, stack(0x0000001b06600000,0x0000001b06700000) (1024K)]
  0x000001ade0ff0ba0 WatcherThread "VM Periodic Task Thread"        [id=11372, stack(0x0000001b06500000,0x0000001b06600000) (1024K)]
  0x000001ade0fa42f0 WorkerThread "GC Thread#0"                     [id=8436, stack(0x0000001b06400000,0x0000001b06500000) (1024K)]
  0x000001adf63b4c10 WorkerThread "GC Thread#1"                     [id=6712, stack(0x0000001b07100000,0x0000001b07200000) (1024K)]
  0x000001adf6424b30 WorkerThread "GC Thread#2"                     [id=13096, stack(0x0000001b07200000,0x0000001b07300000) (1024K)]
  0x000001adf6424ed0 WorkerThread "GC Thread#3"                     [id=1292, stack(0x0000001b07300000,0x0000001b07400000) (1024K)]
Total: 6

Threads with active compile tasks:
C2 CompilerThread0  12757 2714       4       org.lombokweb.asm.ClassReader::readMethod (1070 bytes)
Total: 1

VM state: not at safepoint (normal execution)

VM Mutex/Monitor currently owned by a thread: None

Heap address: 0x00000000c0000000, size: 1024 MB, Compressed Oops mode: 32-bit

CDS archive(s) mapped at: [0x000001ad80000000-0x000001ad80ba0000-0x000001ad80ba0000), size 12189696, SharedBaseAddress: 0x000001ad80000000, ArchiveRelocationMode: 1.
Compressed class space mapped at: 0x000001ad81000000-0x000001adc1000000, reserved size: 1073741824
Narrow klass base: 0x000001ad80000000, Narrow klass shift: 0, Narrow klass range: 0x100000000

GC Precious Log:
 CardTable entry size: 512
 CPUs: 4 total, 4 available
 Memory: 8076M
 Large Page Support: Disabled
 NUMA Support: Disabled
 Compressed Oops: Enabled (32-bit)
 Alignments: Space 512K, Generation 512K, Heap 2M
 Heap Min Capacity: 100M
 Heap Initial Capacity: 100M
 Heap Max Capacity: 1G
 Pre-touch: Disabled
 Parallel Workers: 4

Heap:
 PSYoungGen      total 29696K, used 29099K [0x00000000eab00000, 0x00000000ecc00000, 0x0000000100000000)
  eden space 25600K, 97% used [0x00000000eab00000,0x00000000ec370d28,0x00000000ec400000)
  from space 4096K, 99% used [0x00000000ec800000,0x00000000ecbfa1d8,0x00000000ecc00000)
  to   space 4096K, 0% used [0x00000000ec400000,0x00000000ec400000,0x00000000ec800000)
 ParOldGen       total 68608K, used 4992K [0x00000000c0000000, 0x00000000c4300000, 0x00000000eab00000)
  object space 68608K, 7% used [0x00000000c0000000,0x00000000c04e0238,0x00000000c4300000)
 Metaspace       used 20365K, committed 21056K, reserved 1114112K
  class space    used 1964K, committed 2304K, reserved 1048576K

Card table byte_map: [0x000001ade0930000,0x000001ade0b40000] _byte_map_base: 0x000001ade0330000

Marking Bits: (ParMarkBitMap*) 0x00007ff994cb31f0
 Begin Bits: [0x000001adf3180000, 0x000001adf4180000)
 End Bits:   [0x000001adf4180000, 0x000001adf5180000)

Polling page: 0x000001addecf0000

Metaspace:

Usage:
  Non-class:     17.97 MB used.
      Class:      1.92 MB used.
       Both:     19.89 MB used.

Virtual space:
  Non-class space:       64.00 MB reserved,      18.31 MB ( 29%) committed,  1 nodes.
      Class space:        1.00 GB reserved,       2.25 MB ( <1%) committed,  1 nodes.
             Both:        1.06 GB reserved,      20.56 MB (  2%) committed. 

Chunk freelists:
   Non-Class:  13.25 MB
       Class:  13.80 MB
        Both:  27.05 MB

MaxMetaspaceSize: unlimited
CompressedClassSpaceSize: 1.00 GB
Initial GC threshold: 21.00 MB
Current GC threshold: 21.00 MB
CDS: on
 - commit_granule_bytes: 65536.
 - commit_granule_words: 8192.
 - virtual_space_node_default_size: 8388608.
 - enlarge_chunks_in_place: 1.
 - use_allocation_guard: 0.


Internal statistics:

num_allocs_failed_limit: 0.
num_arena_births: 526.
num_arena_deaths: 0.
num_vsnodes_births: 2.
num_vsnodes_deaths: 0.
num_space_committed: 329.
num_space_uncommitted: 0.
num_chunks_returned_to_freelist: 0.
num_chunks_taken_from_freelist: 1266.
num_chunk_merges: 0.
num_chunk_splits: 839.
num_chunks_enlarged: 549.
num_inconsistent_stats: 0.

CodeHeap 'non-profiled nmethods': size=120000Kb used=1180Kb max_used=1180Kb free=118820Kb
 bounds [0x000001adebc50000, 0x000001adebec0000, 0x000001adf3180000]
CodeHeap 'profiled nmethods': size=120000Kb used=5340Kb max_used=5340Kb free=114659Kb
 bounds [0x000001ade4180000, 0x000001ade46c0000, 0x000001adeb6b0000]
CodeHeap 'non-nmethods': size=5760Kb used=1302Kb max_used=1343Kb free=4457Kb
 bounds [0x000001adeb6b0000, 0x000001adeb920000, 0x000001adebc50000]
 total_blobs=3301 nmethods=2716 adapters=491
 compilation: enabled
              stopped_count=0, restarted_count=0
 full_count=0

Compilation events (20 events):
Event: 12.058 Thread 0x000001adf52bc050 2711       4       org.lombokweb.asm.ByteVector::putByteArray (49 bytes)
Event: 12.059 Thread 0x000001adf532fd60 nmethod 2709% 0x000001ade46aa290 code [0x000001ade46aa5a0, 0x000001ade46ab968]
Event: 12.059 Thread 0x000001adf532fd60 2710       3       lombok.patcher.scripts.AddFieldScript$1::visitField (35 bytes)
Event: 12.059 Thread 0x000001adf532fd60 nmethod 2710 0x000001ade46abf90 code [0x000001ade46ac160, 0x000001ade46ac3d0]
Event: 12.059 Thread 0x000001adf532fd60 2712       3       org.lombokweb.asm.ClassReader::<init> (359 bytes)
Event: 12.059 Thread 0x000001adf52bc050 nmethod 2711 0x000001adebd76890 code [0x000001adebd76a20, 0x000001adebd76bc8]
Event: 12.060 Thread 0x000001adf52bc050 2714       4       org.lombokweb.asm.ClassReader::readMethod (1070 bytes)
Event: 12.060 Thread 0x000001adf532fd60 nmethod 2712 0x000001ade46ac510 code [0x000001ade46ac800, 0x000001ade46ad9c0]
Event: 12.060 Thread 0x000001adf532fd60 2713 %     3       org.lombokweb.asm.SymbolTable::<init> @ 98 (536 bytes)
Event: 12.063 Thread 0x000001adf532fd60 nmethod 2713% 0x000001ade46adf90 code [0x000001ade46ae580, 0x000001ade46b1100]
Event: 12.530 Thread 0x000001adf532fd60 2716       3       org.lombokweb.asm.SymbolTable::<init> (536 bytes)
Event: 12.533 Thread 0x000001adf532fd60 nmethod 2716 0x000001ade46b2290 code [0x000001ade46b2840, 0x000001ade46b5080]
Event: 12.533 Thread 0x000001adf532fd60 2720       3       org.lombokweb.asm.ByteVector::putByteArray (49 bytes)
Event: 12.534 Thread 0x000001adf532fd60 nmethod 2720 0x000001ade46b6190 code [0x000001ade46b6360, 0x000001ade46b6628]
Event: 12.534 Thread 0x000001adf532fd60 2718       3       org.lombokweb.asm.ByteVector::put11 (52 bytes)
Event: 12.534 Thread 0x000001adf532fd60 nmethod 2718 0x000001ade46b6790 code [0x000001ade46b6940, 0x000001ade46b6b48]
Event: 12.534 Thread 0x000001adf532fd60 2719       1       lombok.patcher.MethodLogistics::getReturnOpcode (5 bytes)
Event: 12.534 Thread 0x000001adf532fd60 nmethod 2719 0x000001adebd76d10 code [0x000001adebd76ea0, 0x000001adebd76f68]
Event: 12.534 Thread 0x000001adf532fd60 2717       3       java.util.regex.Pattern$BranchConn::match (11 bytes)
Event: 12.534 Thread 0x000001adf532fd60 nmethod 2717 0x000001ade46b6c90 code [0x000001ade46b6e40, 0x000001ade46b7018]

GC Heap History (8 events):
Event: 3.650 GC heap before
{Heap before GC invocations=1 (full 0):
 PSYoungGen      total 29696K, used 25600K [0x00000000eab00000, 0x00000000ecc00000, 0x0000000100000000)
  eden space 25600K, 100% used [0x00000000eab00000,0x00000000ec400000,0x00000000ec400000)
  from space 4096K, 0% used [0x00000000ec800000,0x00000000ec800000,0x00000000ecc00000)
  to   space 4096K, 0% used [0x00000000ec400000,0x00000000ec400000,0x00000000ec800000)
 ParOldGen       total 68608K, used 0K [0x00000000c0000000, 0x00000000c4300000, 0x00000000eab00000)
  object space 68608K, 0% used [0x00000000c0000000,0x00000000c0000000,0x00000000c4300000)
 Metaspace       used 4366K, committed 4608K, reserved 1114112K
  class space    used 460K, committed 576K, reserved 1048576K
}
Event: 3.720 GC heap after
{Heap after GC invocations=1 (full 0):
 PSYoungGen      total 29696K, used 3270K [0x00000000eab00000, 0x00000000ecc00000, 0x0000000100000000)
  eden space 25600K, 0% used [0x00000000eab00000,0x00000000eab00000,0x00000000ec400000)
  from space 4096K, 79% used [0x00000000ec400000,0x00000000ec731870,0x00000000ec800000)
  to   space 4096K, 0% used [0x00000000ec800000,0x00000000ec800000,0x00000000ecc00000)
 ParOldGen       total 68608K, used 0K [0x00000000c0000000, 0x00000000c4300000, 0x00000000eab00000)
  object space 68608K, 0% used [0x00000000c0000000,0x00000000c0000000,0x00000000c4300000)
 Metaspace       used 4366K, committed 4608K, reserved 1114112K
  class space    used 460K, committed 576K, reserved 1048576K
}
Event: 6.465 GC heap before
{Heap before GC invocations=2 (full 0):
 PSYoungGen      total 29696K, used 28870K [0x00000000eab00000, 0x00000000ecc00000, 0x0000000100000000)
  eden space 25600K, 100% used [0x00000000eab00000,0x00000000ec400000,0x00000000ec400000)
  from space 4096K, 79% used [0x00000000ec400000,0x00000000ec731870,0x00000000ec800000)
  to   space 4096K, 0% used [0x00000000ec800000,0x00000000ec800000,0x00000000ecc00000)
 ParOldGen       total 68608K, used 0K [0x00000000c0000000, 0x00000000c4300000, 0x00000000eab00000)
  object space 68608K, 0% used [0x00000000c0000000,0x00000000c0000000,0x00000000c4300000)
 Metaspace       used 8296K, committed 8640K, reserved 1114112K
  class space    used 849K, committed 1024K, reserved 1048576K
}
Event: 6.474 GC heap after
{Heap after GC invocations=2 (full 0):
 PSYoungGen      total 29696K, used 4076K [0x00000000eab00000, 0x00000000ecc00000, 0x0000000100000000)
  eden space 25600K, 0% used [0x00000000eab00000,0x00000000eab00000,0x00000000ec400000)
  from space 4096K, 99% used [0x00000000ec800000,0x00000000ecbfb040,0x00000000ecc00000)
  to   space 4096K, 0% used [0x00000000ec400000,0x00000000ec400000,0x00000000ec800000)
 ParOldGen       total 68608K, used 888K [0x00000000c0000000, 0x00000000c4300000, 0x00000000eab00000)
  object space 68608K, 1% used [0x00000000c0000000,0x00000000c00de030,0x00000000c4300000)
 Metaspace       used 8296K, committed 8640K, reserved 1114112K
  class space    used 849K, committed 1024K, reserved 1048576K
}
Event: 9.100 GC heap before
{Heap before GC invocations=3 (full 0):
 PSYoungGen      total 29696K, used 29676K [0x00000000eab00000, 0x00000000ecc00000, 0x0000000100000000)
  eden space 25600K, 100% used [0x00000000eab00000,0x00000000ec400000,0x00000000ec400000)
  from space 4096K, 99% used [0x00000000ec800000,0x00000000ecbfb040,0x00000000ecc00000)
  to   space 4096K, 0% used [0x00000000ec400000,0x00000000ec400000,0x00000000ec800000)
 ParOldGen       total 68608K, used 888K [0x00000000c0000000, 0x00000000c4300000, 0x00000000eab00000)
  object space 68608K, 1% used [0x00000000c0000000,0x00000000c00de030,0x00000000c4300000)
 Metaspace       used 13094K, committed 13632K, reserved 1114112K
  class space    used 1335K, committed 1536K, reserved 1048576K
}
Event: 9.106 GC heap after
{Heap after GC invocations=3 (full 0):
 PSYoungGen      total 29696K, used 4067K [0x00000000eab00000, 0x00000000ecc00000, 0x0000000100000000)
  eden space 25600K, 0% used [0x00000000eab00000,0x00000000eab00000,0x00000000ec400000)
  from space 4096K, 99% used [0x00000000ec400000,0x00000000ec7f8f18,0x00000000ec800000)
  to   space 4096K, 0% used [0x00000000ec800000,0x00000000ec800000,0x00000000ecc00000)
 ParOldGen       total 68608K, used 2763K [0x00000000c0000000, 0x00000000c4300000, 0x00000000eab00000)
  object space 68608K, 4% used [0x00000000c0000000,0x00000000c02b2f28,0x00000000c4300000)
 Metaspace       used 13094K, committed 13632K, reserved 1114112K
  class space    used 1335K, committed 1536K, reserved 1048576K
}
Event: 10.910 GC heap before
{Heap before GC invocations=4 (full 0):
 PSYoungGen      total 29696K, used 29667K [0x00000000eab00000, 0x00000000ecc00000, 0x0000000100000000)
  eden space 25600K, 100% used [0x00000000eab00000,0x00000000ec400000,0x00000000ec400000)
  from space 4096K, 99% used [0x00000000ec400000,0x00000000ec7f8f18,0x00000000ec800000)
  to   space 4096K, 0% used [0x00000000ec800000,0x00000000ec800000,0x00000000ecc00000)
 ParOldGen       total 68608K, used 2763K [0x00000000c0000000, 0x00000000c4300000, 0x00000000eab00000)
  object space 68608K, 4% used [0x00000000c0000000,0x00000000c02b2f28,0x00000000c4300000)
 Metaspace       used 17183K, committed 17856K, reserved 1114112K
  class space    used 1742K, committed 2048K, reserved 1048576K
}
Event: 10.918 GC heap after
{Heap after GC invocations=4 (full 0):
 PSYoungGen      total 29696K, used 4072K [0x00000000eab00000, 0x00000000ecc00000, 0x0000000100000000)
  eden space 25600K, 0% used [0x00000000eab00000,0x00000000eab00000,0x00000000ec400000)
  from space 4096K, 99% used [0x00000000ec800000,0x00000000ecbfa1d8,0x00000000ecc00000)
  to   space 4096K, 0% used [0x00000000ec400000,0x00000000ec400000,0x00000000ec800000)
 ParOldGen       total 68608K, used 4992K [0x00000000c0000000, 0x00000000c4300000, 0x00000000eab00000)
  object space 68608K, 7% used [0x00000000c0000000,0x00000000c04e0238,0x00000000c4300000)
 Metaspace       used 17183K, committed 17856K, reserved 1114112K
  class space    used 1742K, committed 2048K, reserved 1048576K
}

Dll operation events (10 events):
Event: 0.487 Loaded shared library c:\Users\Administrator\.vscode\extensions\redhat.java-1.42.0-win32-x64\jre\21.0.7-win32-x86_64\bin\java.dll
Event: 0.993 Loaded shared library c:\Users\Administrator\.vscode\extensions\redhat.java-1.42.0-win32-x64\jre\21.0.7-win32-x86_64\bin\zip.dll
Event: 1.244 Loaded shared library C:\Users\Administrator\.vscode\extensions\redhat.java-1.42.0-win32-x64\jre\21.0.7-win32-x86_64\bin\instrument.dll
Event: 1.254 Loaded shared library C:\Users\Administrator\.vscode\extensions\redhat.java-1.42.0-win32-x64\jre\21.0.7-win32-x86_64\bin\net.dll
Event: 1.256 Loaded shared library C:\Users\Administrator\.vscode\extensions\redhat.java-1.42.0-win32-x64\jre\21.0.7-win32-x86_64\bin\nio.dll
Event: 1.260 Loaded shared library C:\Users\Administrator\.vscode\extensions\redhat.java-1.42.0-win32-x64\jre\21.0.7-win32-x86_64\bin\zip.dll
Event: 1.327 Loaded shared library C:\Users\Administrator\.vscode\extensions\redhat.java-1.42.0-win32-x64\jre\21.0.7-win32-x86_64\bin\jimage.dll
Event: 1.568 Loaded shared library c:\Users\Administrator\.vscode\extensions\redhat.java-1.42.0-win32-x64\jre\21.0.7-win32-x86_64\bin\verify.dll
Event: 6.244 Loaded shared library C:\Users\Administrator\AppData\Roaming\Code\User\globalStorage\redhat.java\1.42.0\config_ss_win\org.eclipse.equinox.launcher\org.eclipse.equinox.launcher.win32.win32.x86_64_1.2.1300.v20250331-1702\eclipse_11911.dll
Event: 10.002 Loaded shared library C:\Users\Administrator\AppData\Local\Temp\jna-146731693\jna5817388471323857930.dll

Deoptimization events (20 events):
Event: 10.629 Thread 0x000001adf6bfba20 Uncommon trap: trap_request=0xffffffde fr.pc=0x000001adebd459cc relative=0x00000000000003ec
Event: 10.629 Thread 0x000001adf6bfba20 Uncommon trap: reason=class_check action=maybe_recompile pc=0x000001adebd459cc method=java.util.regex.Pattern$BmpCharPropertyGreedy.match(Ljava/util/regex/Matcher;ILjava/lang/CharSequence;)Z @ 70 c2
Event: 10.629 Thread 0x000001adf6bfba20 DEOPT PACKING pc=0x000001adebd459cc sp=0x0000001b076ef200
Event: 10.629 Thread 0x000001adf6bfba20 DEOPT UNPACKING pc=0x000001adeb703aa2 sp=0x0000001b076ef1a8 mode 2
Event: 10.629 Thread 0x000001adf6bfba20 Uncommon trap: trap_request=0xffffffde fr.pc=0x000001adebd459cc relative=0x00000000000003ec
Event: 10.629 Thread 0x000001adf6bfba20 Uncommon trap: reason=class_check action=maybe_recompile pc=0x000001adebd459cc method=java.util.regex.Pattern$BmpCharPropertyGreedy.match(Ljava/util/regex/Matcher;ILjava/lang/CharSequence;)Z @ 70 c2
Event: 10.629 Thread 0x000001adf6bfba20 DEOPT PACKING pc=0x000001adebd459cc sp=0x0000001b076ef050
Event: 10.629 Thread 0x000001adf6bfba20 DEOPT UNPACKING pc=0x000001adeb703aa2 sp=0x0000001b076eeff8 mode 2
Event: 10.629 Thread 0x000001adf6bfba20 Uncommon trap: trap_request=0xffffffde fr.pc=0x000001adebd459cc relative=0x00000000000003ec
Event: 10.629 Thread 0x000001adf6bfba20 Uncommon trap: reason=class_check action=maybe_recompile pc=0x000001adebd459cc method=java.util.regex.Pattern$BmpCharPropertyGreedy.match(Ljava/util/regex/Matcher;ILjava/lang/CharSequence;)Z @ 70 c2
Event: 10.629 Thread 0x000001adf6bfba20 DEOPT PACKING pc=0x000001adebd459cc sp=0x0000001b076ef210
Event: 10.629 Thread 0x000001adf6bfba20 DEOPT UNPACKING pc=0x000001adeb703aa2 sp=0x0000001b076ef1b8 mode 2
Event: 10.629 Thread 0x000001adf6bfba20 Uncommon trap: trap_request=0xffffffde fr.pc=0x000001adebd459cc relative=0x00000000000003ec
Event: 10.629 Thread 0x000001adf6bfba20 Uncommon trap: reason=class_check action=maybe_recompile pc=0x000001adebd459cc method=java.util.regex.Pattern$BmpCharPropertyGreedy.match(Ljava/util/regex/Matcher;ILjava/lang/CharSequence;)Z @ 70 c2
Event: 10.629 Thread 0x000001adf6bfba20 DEOPT PACKING pc=0x000001adebd459cc sp=0x0000001b076ef060
Event: 10.629 Thread 0x000001adf6bfba20 DEOPT UNPACKING pc=0x000001adeb703aa2 sp=0x0000001b076ef008 mode 2
Event: 12.531 Thread 0x000001adf6bfba20 Uncommon trap: trap_request=0xffffff45 fr.pc=0x000001adebd76b84 relative=0x0000000000000164
Event: 12.531 Thread 0x000001adf6bfba20 Uncommon trap: reason=unstable_if action=reinterpret pc=0x000001adebd76b84 method=org.lombokweb.asm.ByteVector.putByteArray([BII)Lorg/lombokweb/asm/ByteVector; @ 20 c2
Event: 12.531 Thread 0x000001adf6bfba20 DEOPT PACKING pc=0x000001adebd76b84 sp=0x0000001b076f23b0
Event: 12.531 Thread 0x000001adf6bfba20 DEOPT UNPACKING pc=0x000001adeb703aa2 sp=0x0000001b076f2380 mode 2

Classes loaded (20 events):
Event: 10.618 Loading class java/util/zip/GZIPInputStream
Event: 10.618 Loading class java/util/zip/GZIPInputStream done
Event: 10.808 Loading class java/io/StringReader
Event: 10.808 Loading class java/io/StringReader done
Event: 10.818 Loading class java/net/SocketTimeoutException
Event: 10.818 Loading class java/io/InterruptedIOException
Event: 10.818 Loading class java/io/InterruptedIOException done
Event: 10.818 Loading class java/net/SocketTimeoutException done
Event: 10.818 Loading class java/net/SocketException
Event: 10.818 Loading class java/net/SocketException done
Event: 10.818 Loading class java/net/UnknownHostException
Event: 10.818 Loading class java/net/UnknownHostException done
Event: 10.818 Loading class java/net/ProtocolException
Event: 10.818 Loading class java/net/ProtocolException done
Event: 10.882 Loading class java/lang/ThreadLocal$SuppliedThreadLocal
Event: 10.882 Loading class java/lang/ThreadLocal$SuppliedThreadLocal done
Event: 10.899 Loading class java/io/FileWriter
Event: 10.900 Loading class java/io/FileWriter done
Event: 10.900 Loading class java/lang/NegativeArraySizeException
Event: 10.900 Loading class java/lang/NegativeArraySizeException done

Classes unloaded (0 events):
No events

Classes redefined (0 events):
No events

Internal exceptions (20 events):
Event: 9.882 Thread 0x000001adf6bfba20 Exception <a 'java/lang/NoSuchMethodError'{0x00000000eb5e3568}: 'java.lang.Object java.lang.invoke.DirectMethodHandle$Holder.invokeStaticInit(java.lang.Object, int, int, int, int)'> (0x00000000eb5e3568) 
thrown [s\src\hotspot\share\interpreter\linkResolver.cpp, line 773]
Event: 9.983 Thread 0x000001adf6bfba20 Exception <a 'java/lang/NoSuchMethodError'{0x00000000eb7536c8}: 'java.lang.Object java.lang.invoke.DirectMethodHandle$Holder.invokeStaticInit(java.lang.Object, java.lang.Object, int, int, int, int)'> (0x00000000eb7536c8) 
thrown [s\src\hotspot\share\interpreter\linkResolver.cpp, line 773]
Event: 10.043 Thread 0x000001adf6bfba20 Exception <a 'java/lang/NoSuchMethodError'{0x00000000eb853388}: 'void java.lang.invoke.DirectMethodHandle$Holder.invokeSpecial(java.lang.Object, java.lang.Object, java.lang.Object, int)'> (0x00000000eb853388) 
thrown [s\src\hotspot\share\interpreter\linkResolver.cpp, line 773]
Event: 10.043 Thread 0x000001adf6bfba20 Exception <a 'java/lang/NoSuchMethodError'{0x00000000eb856d18}: 'void java.lang.invoke.DelegatingMethodHandle$Holder.reinvoke_L(java.lang.Object, java.lang.Object, int)'> (0x00000000eb856d18) 
thrown [s\src\hotspot\share\interpreter\linkResolver.cpp, line 773]
Event: 10.044 Thread 0x000001adf6bfba20 Exception <a 'java/lang/NoSuchMethodError'{0x00000000eb85da00}: 'int java.lang.invoke.Invokers$Holder.invokeExact_MT(java.lang.Object, java.lang.Object, java.lang.Object)'> (0x00000000eb85da00) 
thrown [s\src\hotspot\share\interpreter\linkResolver.cpp, line 773]
Event: 10.138 Thread 0x000001adf6bfba20 Exception <a 'java/lang/NoSuchMethodError'{0x00000000eb94ced8}: 'void java.lang.invoke.Invokers$Holder.invokeExact_MT(java.lang.Object, java.lang.Object, int, java.lang.Object)'> (0x00000000eb94ced8) 
thrown [s\src\hotspot\share\interpreter\linkResolver.cpp, line 773]
Event: 10.198 Thread 0x000001adf6bfba20 Exception <a 'java/lang/NoSuchMethodError'{0x00000000eba4efe0}: 'java.lang.Object java.lang.invoke.DirectMethodHandle$Holder.invokeSpecial(java.lang.Object, java.lang.Object, java.lang.Object, long, java.lang.Object)'> (0x00000000eba4efe0) 
thrown [s\src\hotspot\share\interpreter\linkResolver.cpp, line 773]
Event: 10.200 Thread 0x000001adf6bfba20 Exception <a 'java/lang/NoSuchMethodError'{0x00000000eba56770}: 'java.lang.Object java.lang.invoke.DirectMethodHandle$Holder.newInvokeSpecial(java.lang.Object, java.lang.Object, java.lang.Object, long)'> (0x00000000eba56770) 
thrown [s\src\hotspot\share\interpreter\linkResolver.cpp, line 773]
Event: 10.200 Thread 0x000001adf6bfba20 Exception <a 'java/lang/NoSuchMethodError'{0x00000000eba5a5d0}: 'java.lang.Object java.lang.invoke.Invokers$Holder.linkToTargetMethod(java.lang.Object, java.lang.Object, long, java.lang.Object)'> (0x00000000eba5a5d0) 
thrown [s\src\hotspot\share\interpreter\linkResolver.cpp, line 773]
Event: 10.214 Thread 0x000001adf6bfba20 Exception <a 'java/lang/NoSuchMethodError'{0x00000000ebab4e78}: 'int java.lang.invoke.DirectMethodHandle$Holder.invokeStaticInit(java.lang.Object, java.lang.Object, java.lang.Object)'> (0x00000000ebab4e78) 
thrown [s\src\hotspot\share\interpreter\linkResolver.cpp, line 773]
Event: 10.238 Thread 0x000001adf6bfba20 Exception <a 'java/lang/IncompatibleClassChangeError'{0x00000000ebb37348}: Found class java.lang.Object, but interface was expected> (0x00000000ebb37348) 
thrown [s\src\hotspot\share\interpreter\linkResolver.cpp, line 840]
Event: 10.288 Thread 0x000001adf6bfba20 Exception <a 'java/lang/NoSuchMethodError'{0x00000000ebb4e650}: 'java.lang.Object java.lang.invoke.DirectMethodHandle$Holder.invokeSpecial(java.lang.Object, java.lang.Object, java.lang.Object, int, java.lang.Object, java.lang.Object)'> (0x00000000ebb4e650) 
thrown [s\src\hotspot\share\interpreter\linkResolver.cpp, line 773]
Event: 10.289 Thread 0x000001adf6bfba20 Exception <a 'java/lang/NoSuchMethodError'{0x00000000ebb55ee8}: 'java.lang.Object java.lang.invoke.DirectMethodHandle$Holder.newInvokeSpecial(java.lang.Object, java.lang.Object, java.lang.Object, int, java.lang.Object)'> (0x00000000ebb55ee8) 
thrown [s\src\hotspot\share\interpreter\linkResolver.cpp, line 773]
Event: 10.292 Thread 0x000001adf6bfba20 Exception <a 'java/lang/NoSuchMethodError'{0x00000000ebb599d8}: 'java.lang.Object java.lang.invoke.Invokers$Holder.linkToTargetMethod(java.lang.Object, java.lang.Object, int, java.lang.Object, java.lang.Object)'> (0x00000000ebb599d8) 
thrown [s\src\hotspot\share\interpreter\linkResolver.cpp, line 773]
Event: 10.294 Thread 0x000001adfb1b6f70 Exception <a 'java/lang/NoSuchMethodError'{0x00000000ebb6c700}: 'java.lang.Object java.lang.invoke.DirectMethodHandle$Holder.invokeSpecial(java.lang.Object, java.lang.Object, int, java.lang.Object, java.lang.Object)'> (0x00000000ebb6c700) 
thrown [s\src\hotspot\share\interpreter\linkResolver.cpp, line 773]
Event: 10.294 Thread 0x000001adfb1b6f70 Exception <a 'java/lang/NoSuchMethodError'{0x00000000ebb73438}: 'java.lang.Object java.lang.invoke.DirectMethodHandle$Holder.newInvokeSpecial(java.lang.Object, java.lang.Object, int, java.lang.Object)'> (0x00000000ebb73438) 
thrown [s\src\hotspot\share\interpreter\linkResolver.cpp, line 773]
Event: 10.450 Thread 0x000001adf6bfba20 Exception <a 'java/lang/NoSuchMethodError'{0x00000000ebc64db8}: 'void java.lang.invoke.DirectMethodHandle$Holder.invokeSpecial(java.lang.Object, java.lang.Object, java.lang.Object, java.lang.Object, java.lang.Object)'> (0x00000000ebc64db8) 
thrown [s\src\hotspot\share\interpreter\linkResolver.cpp, line 773]
Event: 10.601 Thread 0x000001adf6bfba20 Exception <a 'java/lang/NoSuchMethodError'{0x00000000ebea8b50}: 'double java.lang.invoke.DirectMethodHandle$Holder.invokeStatic(java.lang.Object, java.lang.Object)'> (0x00000000ebea8b50) 
thrown [s\src\hotspot\share\interpreter\linkResolver.cpp, line 773]
Event: 10.602 Thread 0x000001adf6bfba20 Exception <a 'java/lang/NoSuchMethodError'{0x00000000ebeac210}: 'double java.lang.invoke.DirectMethodHandle$Holder.invokeStaticInit(java.lang.Object, java.lang.Object)'> (0x00000000ebeac210) 
thrown [s\src\hotspot\share\interpreter\linkResolver.cpp, line 773]
Event: 12.531 Thread 0x000001adf6bfba20 Implicit null exception at 0x000001adebd76a75 to 0x000001adebd76b68

ZGC Phase Switch (0 events):
No events

VM Operations (20 events):
Event: 8.374 Executing VM operation: Cleanup
Event: 8.374 Executing VM operation: Cleanup done
Event: 8.377 Executing VM operation: HandshakeAllThreads (Deoptimize)
Event: 8.377 Executing VM operation: HandshakeAllThreads (Deoptimize) done
Event: 9.100 Executing VM operation: ParallelGCFailedAllocation (Allocation Failure)
Event: 9.106 Executing VM operation: ParallelGCFailedAllocation (Allocation Failure) done
Event: 9.219 Executing VM operation: HandshakeAllThreads (Deoptimize)
Event: 9.219 Executing VM operation: HandshakeAllThreads (Deoptimize) done
Event: 9.356 Executing VM operation: HandshakeAllThreads (Deoptimize)
Event: 9.356 Executing VM operation: HandshakeAllThreads (Deoptimize) done
Event: 9.392 Executing VM operation: HandshakeAllThreads (Deoptimize)
Event: 9.392 Executing VM operation: HandshakeAllThreads (Deoptimize) done
Event: 9.904 Executing VM operation: HandshakeAllThreads (Deoptimize)
Event: 9.904 Executing VM operation: HandshakeAllThreads (Deoptimize) done
Event: 10.014 Executing VM operation: HandshakeAllThreads (Deoptimize)
Event: 10.014 Executing VM operation: HandshakeAllThreads (Deoptimize) done
Event: 10.910 Executing VM operation: ParallelGCFailedAllocation (Allocation Failure)
Event: 10.918 Executing VM operation: ParallelGCFailedAllocation (Allocation Failure) done
Event: 11.918 Executing VM operation: Cleanup
Event: 11.918 Executing VM operation: Cleanup done

Memory protections (0 events):
No events

Nmethod flushes (0 events):
No events

Events (20 events):
Event: 0.775 Thread 0x000001added866d0 Thread added: 0x000001adf532fd60
Event: 0.844 Thread 0x000001added866d0 Thread added: 0x000001ade0ff2ac0
Event: 1.881 Thread 0x000001added866d0 Thread added: 0x000001adf62a20a0
Event: 2.364 Thread 0x000001adf532fd60 Thread added: 0x000001adf6351ab0
Event: 2.767 Thread 0x000001adf6351ab0 Thread exited: 0x000001adf6351ab0
Event: 4.776 Thread 0x000001adf532fd60 Thread added: 0x000001adf674aa10
Event: 5.374 Thread 0x000001adf674aa10 Thread exited: 0x000001adf674aa10
Event: 5.468 Thread 0x000001added866d0 Thread added: 0x000001adf6741f80
Event: 6.225 Thread 0x000001added866d0 Thread added: 0x000001adf6bfb3c0
Event: 6.231 Thread 0x000001added866d0 Thread added: 0x000001adf6bfba20
Event: 6.478 Thread 0x000001adf6bfba20 Thread added: 0x000001adf67a1a40
Event: 7.295 Thread 0x000001adf6bfba20 Thread added: 0x000001adfb0e48a0
Event: 7.717 Thread 0x000001adf52bc050 Thread added: 0x000001adf66dc630
Event: 7.868 Thread 0x000001adf66dc630 Thread exited: 0x000001adf66dc630
Event: 8.578 Thread 0x000001adf6bfba20 Thread added: 0x000001adf6aae2e0
Event: 10.121 Thread 0x000001adf6bfba20 Thread added: 0x000001adf695d700
Event: 10.205 Thread 0x000001adf6bfba20 Thread added: 0x000001adfb1b6f70
Event: 10.298 Thread 0x000001adf6bfba20 Thread added: 0x000001adf60f73c0
Event: 10.725 Thread 0x000001adf52bc050 Thread added: 0x000001adfb6c94a0
Event: 11.095 Thread 0x000001adfb6c94a0 Thread exited: 0x000001adfb6c94a0


Dynamic libraries:
0x00007ff651090000 - 0x00007ff65109e000 	c:\Users\Administrator\.vscode\extensions\redhat.java-1.42.0-win32-x64\jre\21.0.7-win32-x86_64\bin\java.exe
0x00007ff9e4680000 - 0x00007ff9e486d000 	C:\Windows\SYSTEM32\ntdll.dll
0x00007ff9e18b0000 - 0x00007ff9e1963000 	C:\Windows\System32\KERNEL32.DLL
0x00007ff9e0750000 - 0x00007ff9e09e3000 	C:\Windows\System32\KERNELBASE.dll
0x00007ff9e0b90000 - 0x00007ff9e0c8c000 	C:\Windows\System32\ucrtbase.dll
0x00007ff9be700000 - 0x00007ff9be718000 	c:\Users\Administrator\.vscode\extensions\redhat.java-1.42.0-win32-x64\jre\21.0.7-win32-x86_64\bin\jli.dll
0x00007ff9e23d0000 - 0x00007ff9e2567000 	C:\Windows\System32\USER32.dll
0x00007ff9e1860000 - 0x00007ff9e1880000 	C:\Windows\System32\win32u.dll
0x00007ff9e43c0000 - 0x00007ff9e43e9000 	C:\Windows\System32\GDI32.dll
0x00007ff9e09f0000 - 0x00007ff9e0b8a000 	C:\Windows\System32\gdi32full.dll
0x00007ff9e1710000 - 0x00007ff9e17b0000 	C:\Windows\System32\msvcp_win.dll
0x00007ff99fd50000 - 0x00007ff99fd6e000 	c:\Users\Administrator\.vscode\extensions\redhat.java-1.42.0-win32-x64\jre\21.0.7-win32-x86_64\bin\VCRUNTIME140.dll
0x00007ff9ce390000 - 0x00007ff9ce609000 	C:\Windows\WinSxS\amd64_microsoft.windows.common-controls_6595b64144ccf1df_6.0.17763.316_none_05b53be2071f46b6\COMCTL32.dll
0x00007ff9e45b0000 - 0x00007ff9e464e000 	C:\Windows\System32\msvcrt.dll
0x00007ff9e2570000 - 0x00007ff9e289d000 	C:\Windows\System32\combase.dll
0x00007ff9e2ac0000 - 0x00007ff9e2be2000 	C:\Windows\System32\RPCRT4.dll
0x00007ff9e1460000 - 0x00007ff9e14de000 	C:\Windows\System32\bcryptPrimitives.dll
0x00007ff9e2dc0000 - 0x00007ff9e2dee000 	C:\Windows\System32\IMM32.DLL
0x00007ff9ce640000 - 0x00007ff9ce64c000 	c:\Users\Administrator\.vscode\extensions\redhat.java-1.42.0-win32-x64\jre\21.0.7-win32-x86_64\bin\vcruntime140_1.dll
0x00007ff99fcc0000 - 0x00007ff99fd4d000 	c:\Users\Administrator\.vscode\extensions\redhat.java-1.42.0-win32-x64\jre\21.0.7-win32-x86_64\bin\msvcp140.dll
0x00007ff994000000 - 0x00007ff994d90000 	c:\Users\Administrator\.vscode\extensions\redhat.java-1.42.0-win32-x64\jre\21.0.7-win32-x86_64\bin\server\jvm.dll
0x00007ff9e1c00000 - 0x00007ff9e1ca3000 	C:\Windows\System32\ADVAPI32.dll
0x00007ff9e1cb0000 - 0x00007ff9e1d4e000 	C:\Windows\System32\sechost.dll
0x00007ff9e06a0000 - 0x00007ff9e06fd000 	C:\Windows\System32\POWRPROF.dll
0x00007ff9e2980000 - 0x00007ff9e29ed000 	C:\Windows\System32\WS2_32.dll
0x00007ff9df1a0000 - 0x00007ff9df1c4000 	C:\Windows\SYSTEM32\WINMM.dll
0x00007ff9df190000 - 0x00007ff9df19a000 	C:\Windows\SYSTEM32\VERSION.dll
0x00007ff9def70000 - 0x00007ff9def9d000 	C:\Windows\SYSTEM32\WINMMBASE.dll
0x00007ff9e14e0000 - 0x00007ff9e152a000 	C:\Windows\System32\cfgmgr32.dll
0x00007ff9e0680000 - 0x00007ff9e0691000 	C:\Windows\System32\kernel.appcore.dll
0x00007ff9cb5f0000 - 0x00007ff9cb5fa000 	c:\Users\Administrator\.vscode\extensions\redhat.java-1.42.0-win32-x64\jre\21.0.7-win32-x86_64\bin\jimage.dll
0x00007ff9defa0000 - 0x00007ff9df18d000 	C:\Windows\SYSTEM32\DBGHELP.DLL
0x00007ff9def40000 - 0x00007ff9def6a000 	C:\Windows\SYSTEM32\dbgcore.DLL
0x00007ff9d27a0000 - 0x00007ff9d27af000 	c:\Users\Administrator\.vscode\extensions\redhat.java-1.42.0-win32-x64\jre\21.0.7-win32-x86_64\bin\instrument.dll
0x00007ff99fca0000 - 0x00007ff99fcbf000 	c:\Users\Administrator\.vscode\extensions\redhat.java-1.42.0-win32-x64\jre\21.0.7-win32-x86_64\bin\java.dll
0x00007ff9e2e50000 - 0x00007ff9e433f000 	C:\Windows\System32\SHELL32.dll
0x00007ff9e2320000 - 0x00007ff9e23c8000 	C:\Windows\System32\shcore.dll
0x00007ff9e0c90000 - 0x00007ff9e13da000 	C:\Windows\System32\windows.storage.dll
0x00007ff9e0720000 - 0x00007ff9e0744000 	C:\Windows\System32\profapi.dll
0x00007ff9e2240000 - 0x00007ff9e2292000 	C:\Windows\System32\shlwapi.dll
0x00007ff9e13e0000 - 0x00007ff9e13f7000 	C:\Windows\System32\cryptsp.dll
0x00007ff99fc80000 - 0x00007ff99fc98000 	c:\Users\Administrator\.vscode\extensions\redhat.java-1.42.0-win32-x64\jre\21.0.7-win32-x86_64\bin\zip.dll
0x00007ff9cb3c0000 - 0x00007ff9cb3d0000 	C:\Users\Administrator\.vscode\extensions\redhat.java-1.42.0-win32-x64\jre\21.0.7-win32-x86_64\bin\net.dll
0x00007ff9d30c0000 - 0x00007ff9d31b1000 	C:\Windows\SYSTEM32\WINHTTP.dll
0x00007ff9dff10000 - 0x00007ff9dff77000 	C:\Windows\system32\mswsock.dll
0x00007ff99fc20000 - 0x00007ff99fc36000 	C:\Users\Administrator\.vscode\extensions\redhat.java-1.42.0-win32-x64\jre\21.0.7-win32-x86_64\bin\nio.dll
0x00007ff9c8cb0000 - 0x00007ff9c8cc0000 	c:\Users\Administrator\.vscode\extensions\redhat.java-1.42.0-win32-x64\jre\21.0.7-win32-x86_64\bin\verify.dll
0x00007ff99b320000 - 0x00007ff99b365000 	C:\Users\Administrator\AppData\Roaming\Code\User\globalStorage\redhat.java\1.42.0\config_ss_win\org.eclipse.equinox.launcher\org.eclipse.equinox.launcher.win32.win32.x86_64_1.2.1300.v20250331-1702\eclipse_11911.dll
0x00007ff9e1aa0000 - 0x00007ff9e1bf5000 	C:\Windows\System32\ole32.dll
0x00007ff9dfad0000 - 0x00007ff9dfb03000 	C:\Windows\system32\rsaenh.dll
0x00007ff9e1880000 - 0x00007ff9e18a6000 	C:\Windows\System32\bcrypt.dll
0x00007ff9e0580000 - 0x00007ff9e05a8000 	C:\Windows\SYSTEM32\USERENV.dll
0x00007ff9e00e0000 - 0x00007ff9e00ec000 	C:\Windows\SYSTEM32\CRYPTBASE.dll
0x00007ff9dfc70000 - 0x00007ff9dfcad000 	C:\Windows\SYSTEM32\IPHLPAPI.DLL
0x00007ff9e43f0000 - 0x00007ff9e43f8000 	C:\Windows\System32\NSI.dll
0x00007ff99fa70000 - 0x00007ff99fab9000 	C:\Users\Administrator\AppData\Local\Temp\jna-146731693\jna5817388471323857930.dll
0x00007ff9e1db0000 - 0x00007ff9e1db8000 	C:\Windows\System32\PSAPI.DLL

dbghelp: loaded successfully - version: 4.0.5 - missing functions: none
symbol engine: initialized successfully - sym options: 0x614 - pdb path: .;c:\Users\Administrator\.vscode\extensions\redhat.java-1.42.0-win32-x64\jre\21.0.7-win32-x86_64\bin;C:\Windows\SYSTEM32;C:\Windows\WinSxS\amd64_microsoft.windows.common-controls_6595b64144ccf1df_6.0.17763.316_none_05b53be2071f46b6;c:\Users\Administrator\.vscode\extensions\redhat.java-1.42.0-win32-x64\jre\21.0.7-win32-x86_64\bin\server;C:\Users\Administrator\AppData\Roaming\Code\User\globalStorage\redhat.java\1.42.0\config_ss_win\org.eclipse.equinox.launcher\org.eclipse.equinox.launcher.win32.win32.x86_64_1.2.1300.v20250331-1702;C:\Users\Administrator\AppData\Local\Temp\jna-146731693

VM Arguments:
jvm_args: --add-modules=ALL-SYSTEM --add-opens=java.base/java.util=ALL-UNNAMED --add-opens=java.base/java.lang=ALL-UNNAMED --add-opens=java.base/sun.nio.fs=ALL-UNNAMED -Declipse.application=org.eclipse.jdt.ls.core.id1 -Dosgi.bundles.defaultStartLevel=4 -Declipse.product=org.eclipse.jdt.ls.core.product -Djava.import.generatesMetadataFilesAtProjectRoot=false -DDetectVMInstallationsJob.disabled=true -Dfile.encoding=utf8 -XX:+UseParallelGC -XX:GCTimeRatio=4 -XX:AdaptiveSizePolicyWeight=90 -Dsun.zip.disableMemoryMapping=true -Xmx1G -Xms100m -Xlog:disable -javaagent:c:\Users\Administrator\.vscode\extensions\redhat.java-1.42.0-win32-x64\lombok\lombok-1.18.36.jar 
java_command: c:\Users\Administrator\.vscode\extensions\redhat.java-1.42.0-win32-x64\server\plugins\org.eclipse.equinox.launcher_1.7.0.v20250424-1814.jar -configuration c:\Users\Administrator\AppData\Roaming\Code\User\globalStorage\redhat.java\1.42.0\config_ss_win -data c:\Users\Administrator\AppData\Roaming\Code\User\workspaceStorage\a8361dd7a2eaa9dbdd25b5e779c29603\redhat.java\ss_ws --pipe=\\.\pipe\lsp-2adfc7f13dd11ef5503e42739e76e7aa-sock
java_class_path (initial): c:\Users\Administrator\.vscode\extensions\redhat.java-1.42.0-win32-x64\server\plugins\org.eclipse.equinox.launcher_1.7.0.v20250424-1814.jar
Launcher Type: SUN_STANDARD

[Global flags]
    uintx AdaptiveSizePolicyWeight                 = 90                                        {product} {command line}
     intx CICompilerCount                          = 3                                         {product} {ergonomic}
    uintx GCTimeRatio                              = 4                                         {product} {command line}
   size_t InitialHeapSize                          = 104857600                                 {product} {command line}
   size_t MaxHeapSize                              = 1073741824                                {product} {command line}
   size_t MaxNewSize                               = 357564416                                 {product} {ergonomic}
   size_t MinHeapDeltaBytes                        = 524288                                    {product} {ergonomic}
   size_t MinHeapSize                              = 104857600                                 {product} {command line}
   size_t NewSize                                  = 34603008                                  {product} {ergonomic}
    uintx NonNMethodCodeHeapSize                   = 5832780                                {pd product} {ergonomic}
    uintx NonProfiledCodeHeapSize                  = 122912730                              {pd product} {ergonomic}
   size_t OldSize                                  = 70254592                                  {product} {ergonomic}
    uintx ProfiledCodeHeapSize                     = 122912730                              {pd product} {ergonomic}
    uintx ReservedCodeCacheSize                    = 251658240                              {pd product} {ergonomic}
     bool SegmentedCodeCache                       = true                                      {product} {ergonomic}
   size_t SoftMaxHeapSize                          = 1073741824                             {manageable} {ergonomic}
     bool UseCompressedOops                        = true                           {product lp64_product} {ergonomic}
     bool UseLargePagesIndividualAllocation        = false                                  {pd product} {ergonomic}
     bool UseParallelGC                            = true                                      {product} {command line}

Logging:
Log output configuration:
 #0: stdout all=off uptime,level,tags foldmultilines=false
 #1: stderr all=off uptime,level,tags foldmultilines=false

Environment Variables:
JAVA_HOME=C:\Program Files\Java\jdk-21
PATH=C:\Program Files\Java\jdk-21\bin;C:\Users\Admin\AppData\Local\Programs\Python\Python311\;C:\Users\Admin\AppData\Local\Programs\Python\Python311\Scripts\;C:\Windows\system32;C:\Windows;C:\Windows\System32\Wbem;C:\Windows\System32\WindowsPowerShell\v1.0\;C:\Windows\System32\OpenSSH\;C:\Program Files\kotlinc\bin;C:\ProgramData\chocolatey\bin;C:\Program Files\Git\cmd;C:\Program Files\Java\jdk-21\bin;C:\MinGW\bin;C:\Gradle\gradle-7.4\bin;C:\flutter\bin;C:\Users\Administrator\AppData\Local\Programs\Microsoft VS Code\Code.exe;C:\Users\Administrator\AppData\Local\Programs\Microsoft VS Code\bin;C:\Users\Administrator\AppData\Local\GitHubDesktop\bin;C:\Program Files\Java\jdk-21;C:\MinGW\bin;C:\Gradle\gradle-7.4\bin;C:\flutter\bin;C:\Users\Administrator\AppData\Local\Programs\Microsoft VS Code\Code.exe;C:\Users\Administrator\AppData\Local\Programs\Microsoft VS Code\bin;C:\Users\Administrator\AppData\Local\GitHubDesktop\bin;C:\Program Files\Java\jdk-21;C:\MinGW\bin;C:\Users\Administrator\AppData\Local\Android\Sdk\platform-tools;C:\Program Files\PostgreSQL\17\bin;C:\Program Files\nodejs;C:\Program Files\nodejs\;C:\Users\Administrator\AppData\Local\Pub\Cache\bin;C:\Users\Administrator\AppData\Local\Programs\Python\Python311\Scripts\;C:\Users\Administrator\AppData\Local\Programs\Python\Python311\;C:\Program Files\Java\jdk-21\bin;C:\Users\Admin\AppData\Local\Programs\Python\Python311\;C:\Users\Admin\AppData\Local\Programs\Python\Python311\Scripts\;C:\Windows\system32;C:\Windows;C:\Windows\System32\Wbem;C:\Windows\System32\WindowsPowerShell\v1.0\;C:\Windows\System32\OpenSSH\;C:\Program Files\kotlinc\bin;C:\ProgramData\chocolatey\bin;C:\Program Files\Git\cmd;C:\Program Files\Java\jdk-21\bin;C:\MinGW\bin;C:\Gradle\gradle-7.4\bin;C:\flutter\bin;C:\Users\Administrator\AppData\Local\Programs\Microsoft VS Code\Code.exe;C:\Users\Administrator\AppData\Local\Programs\Microsoft VS Code\bin;C:\Users\Administrator\AppData\Local\GitHubDesktop\bin;C:\Program Files\Java\jdk-21;C:\MinGW\bin;C:\Gradle\gradle-7.4\bin;C:\flutter\bin;C:\Users\Administrator\AppData\Local\Programs\Microsoft VS Code\Code.exe;C:\Users\Administrator\AppData\Local\Programs\Microsoft VS Code\bin;C:\Users\Administrator\AppData\Local\GitHubDesktop\bin;C:\Program Files\Java\jdk-21;C:\MinGW\bin;C:\Users\Administrator\AppData\Local\Android\Sdk\platform-tools;C:\Program Files\PostgreSQL\17\bin;C:\Program Files\nodejs;C:\Program Files\nodejs\;C:\Users\Administrator\AppData\Local\Pub\Cache\bin;;C:\Users\Administrator\AppData\Local\Android\Sdk\platform-tools;C:\Program Files\PostgreSQL\17\bin;C:\Program Files\nodejs;C:\Users\Administrator\AppData\Roaming\npm;C:\Users\Administrator\AppData\Local\GitHubDesktop\bin;C:\Program Files\MySQL\MySQL Server 8.0\bin;C:\Users\Administrator\AppData\Local\Pub\Cache\bin;
USERNAME=Administrator
OS=Windows_NT
PROCESSOR_IDENTIFIER=Intel64 Family 6 Model 142 Stepping 9, GenuineIntel
TMP=C:\Users\ADMINI~1\AppData\Local\Temp
TEMP=C:\Users\ADMINI~1\AppData\Local\Temp




Periodic native trim disabled

---------------  S Y S T E M  ---------------

OS:
 Windows 10 , 64 bit Build 17763 (10.0.17763.292)
OS uptime: 0 days 2:08 hours

CPU: total 4 (initial active 4) (2 cores per cpu, 2 threads per core) family 6 model 142 stepping 9 microcode 0x84, cx8, cmov, fxsr, ht, mmx, 3dnowpref, sse, sse2, sse3, ssse3, sse4.1, sse4.2, popcnt, lzcnt, tsc, tscinvbit, avx, avx2, aes, erms, clmul, bmi1, bmi2, rtm, adx, fma, vzeroupper, clflush, clflushopt, rdtscp, f16c
Processor Information for the first 4 processors :
  Max Mhz: 2701, Current Mhz: 2701, Mhz Limit: 2701

Memory: 4k page, system-wide physical 8076M (1339M free)
TotalPageFile size 16268M (AvailPageFile size 2M)
current process WorkingSet (physical memory assigned to process): 42M, peak: 92M
current process commit charge ("private bytes"): 227M, peak: 229M

vm_info: OpenJDK 64-Bit Server VM (21.0.7+6-LTS) for windows-amd64 JRE (21.0.7+6-LTS), built on 2025-04-15T00:00:00Z by "admin" with MS VC++ 17.7 (VS2022)

END.
