#
# There is insufficient memory for the Java Runtime Environment to continue.
# Native memory allocation (malloc) failed to allocate 32744 bytes for Chunk::new
# Possible reasons:
#   The system is out of physical RAM or swap space
#   The process is running with CompressedOops enabled, and the Java Heap may be blocking the growth of the native heap
# Possible solutions:
#   Reduce memory load on the system
#   Increase physical memory or swap space
#   Check if swap backing store is full
#   Decrease Java heap size (-Xmx/-Xms)
#   Decrease number of Java threads
#   Decrease Java thread stack sizes (-Xss)
#   Set larger code cache with -XX:ReservedCodeCacheSize=
#   JVM is running with Zero Based Compressed Oops mode in which the Java heap is
#     placed in the first 32GB address space. The Java Heap base address is the
#     maximum limit for the native heap growth. Please use -XX:HeapBaseMinAddress
#     to set the Java Heap base and to place the Java Heap above 32GB virtual address.
# This output file may be truncated or incomplete.
#
#  Out of Memory Error (arena.cpp:168), pid=10272, tid=7572
#
# JRE version: Java(TM) SE Runtime Environment (21.0.6+8) (build 21.0.6+8-LTS-188)
# Java VM: Java HotSpot(TM) 64-Bit Server VM (21.0.6+8-LTS-188, mixed mode, sharing, tiered, compressed oops, compressed class ptrs, g1 gc, windows-amd64)
# No core dump will be written. Minidumps are not enabled by default on client versions of Windows
#

---------------  S U M M A R Y ------------

Command Line: -XX:MaxMetaspaceSize=2G -XX:+HeapDumpOnOutOfMemoryError --add-opens=java.base/java.util=ALL-UNNAMED --add-opens=java.base/java.lang=ALL-UNNAMED --add-opens=java.base/java.lang.invoke=ALL-UNNAMED --add-opens=java.prefs/java.util.prefs=ALL-UNNAMED --add-exports=jdk.compiler/com.sun.tools.javac.api=ALL-UNNAMED --add-exports=jdk.compiler/com.sun.tools.javac.util=ALL-UNNAMED --add-opens=java.base/java.nio.charset=ALL-UNNAMED --add-opens=java.base/java.net=ALL-UNNAMED --add-opens=java.base/java.util.concurrent.atomic=ALL-UNNAMED -Xmx4G -Dfile.encoding=utf8 -Duser.country=US -Duser.language=en -Duser.variant -javaagent:C:\Users\Administrator\.gradle\wrapper\dists\gradle-8.10-bin\deqhafrv1ntovfmgh0nh3npr9\gradle-8.10\lib\agents\gradle-instrumentation-agent-8.10.jar org.gradle.launcher.daemon.bootstrap.GradleDaemon 8.10

Host: Intel(R) Core(TM) i5-7300U CPU @ 2.60GHz, 4 cores, 7G,  Windows 10 , 64 bit Build 17763 (10.0.17763.292)
Time: Sat May 24 08:32:02 2025 SE Asia Standard Time elapsed time: 25.288267 seconds (0d 0h 0m 25s)

---------------  T H R E A D  ---------------

Current thread (0x000001cf0f27bf90):  JavaThread "C2 CompilerThread0" daemon [_thread_in_native, id=7572, stack(0x0000006fc4e00000,0x0000006fc4f00000) (1024K)]


Current CompileTask:
C2:  25288 2758   !   4       java.lang.ClassLoader::loadClass (121 bytes)

Stack: [0x0000006fc4e00000,0x0000006fc4f00000]
Native frames: (J=compiled Java code, j=interpreted, Vv=VM code, C=native code)
V  [jvm.dll+0x6ca6d9]
V  [jvm.dll+0x854f51]
V  [jvm.dll+0x85747e]
V  [jvm.dll+0x857b53]
V  [jvm.dll+0x27dcc6]
V  [jvm.dll+0xc4c2d]
V  [jvm.dll+0xc5163]
V  [jvm.dll+0x6a7604]
V  [jvm.dll+0x6a6018]
V  [jvm.dll+0x655230]
V  [jvm.dll+0x65aacd]
V  [jvm.dll+0x65a09d]
V  [jvm.dll+0x65ba0f]
V  [jvm.dll+0x659d6d]
V  [jvm.dll+0x2467a5]
V  [jvm.dll+0x245eff]
V  [jvm.dll+0x1c6d2e]
V  [jvm.dll+0x2554f9]
V  [jvm.dll+0x253a8a]
V  [jvm.dll+0x3ee576]
V  [jvm.dll+0x7ff2fb]
V  [jvm.dll+0x6c8dbd]
C  [ucrtbase.dll+0x203ba]
C  [KERNEL32.DLL+0x181f4]
C  [ntdll.dll+0x6a251]


---------------  P R O C E S S  ---------------

Threads class SMR info:
_java_thread_list=0x000001cf567d72b0, length=24, elements={
0x000001cf6e6f65e0, 0x000001cf0f2723d0, 0x000001cf0f2754a0, 0x000001cf0f279320,
0x000001cf0f279d70, 0x000001cf0f27a7c0, 0x000001cf0f27b210, 0x000001cf0f27bf90,
0x000001cf0f2a8ff0, 0x000001cf0f2c4530, 0x000001cf0f564130, 0x000001cf55983c20,
0x000001cf55b7ece0, 0x000001cf56310e10, 0x000001cf567bf850, 0x000001cf55c0e120,
0x000001cf55d6acd0, 0x000001cf55d704b0, 0x000001cf55d70b10, 0x000001cf55da6ff0,
0x000001cf55da4f20, 0x000001cf55da7680, 0x000001cf55da4200, 0x000001cf55da4890
}

Java Threads: ( => current thread )
  0x000001cf6e6f65e0 JavaThread "main"                              [_thread_blocked, id=5628, stack(0x0000006fc3f00000,0x0000006fc4000000) (1024K)]
  0x000001cf0f2723d0 JavaThread "Reference Handler"          daemon [_thread_blocked, id=4624, stack(0x0000006fc4800000,0x0000006fc4900000) (1024K)]
  0x000001cf0f2754a0 JavaThread "Finalizer"                  daemon [_thread_blocked, id=6444, stack(0x0000006fc4900000,0x0000006fc4a00000) (1024K)]
  0x000001cf0f279320 JavaThread "Signal Dispatcher"          daemon [_thread_blocked, id=12328, stack(0x0000006fc4a00000,0x0000006fc4b00000) (1024K)]
  0x000001cf0f279d70 JavaThread "Attach Listener"            daemon [_thread_blocked, id=4052, stack(0x0000006fc4b00000,0x0000006fc4c00000) (1024K)]
  0x000001cf0f27a7c0 JavaThread "Service Thread"             daemon [_thread_blocked, id=1324, stack(0x0000006fc4c00000,0x0000006fc4d00000) (1024K)]
  0x000001cf0f27b210 JavaThread "Monitor Deflation Thread"   daemon [_thread_blocked, id=1488, stack(0x0000006fc4d00000,0x0000006fc4e00000) (1024K)]
=>0x000001cf0f27bf90 JavaThread "C2 CompilerThread0"         daemon [_thread_in_native, id=7572, stack(0x0000006fc4e00000,0x0000006fc4f00000) (1024K)]
  0x000001cf0f2a8ff0 JavaThread "C1 CompilerThread0"         daemon [_thread_blocked, id=9824, stack(0x0000006fc4f00000,0x0000006fc5000000) (1024K)]
  0x000001cf0f2c4530 JavaThread "Common-Cleaner"             daemon [_thread_blocked, id=11976, stack(0x0000006fc5000000,0x0000006fc5100000) (1024K)]
  0x000001cf0f564130 JavaThread "Notification Thread"        daemon [_thread_blocked, id=2560, stack(0x0000006fc5100000,0x0000006fc5200000) (1024K)]
  0x000001cf55983c20 JavaThread "Daemon health stats"               [_thread_blocked, id=928, stack(0x0000006fc5500000,0x0000006fc5600000) (1024K)]
  0x000001cf55b7ece0 JavaThread "Incoming local TCP Connector on port 55018"        [_thread_in_native, id=6760, stack(0x0000006fc5600000,0x0000006fc5700000) (1024K)]
  0x000001cf56310e10 JavaThread "Daemon periodic checks"            [_thread_blocked, id=1672, stack(0x0000006fc5700000,0x0000006fc5800000) (1024K)]
  0x000001cf567bf850 JavaThread "Daemon"                            [_thread_blocked, id=12348, stack(0x0000006fc5800000,0x0000006fc5900000) (1024K)]
  0x000001cf55c0e120 JavaThread "Handler for socket connection from /127.0.0.1:55018 to /127.0.0.1:55019"        [_thread_in_native, id=11284, stack(0x0000006fc5900000,0x0000006fc5a00000) (1024K)]
  0x000001cf55d6acd0 JavaThread "Cancel handler"                    [_thread_blocked, id=9980, stack(0x0000006fc5a00000,0x0000006fc5b00000) (1024K)]
  0x000001cf55d704b0 JavaThread "Daemon worker"                     [_thread_in_Java, id=11580, stack(0x0000006fc5b00000,0x0000006fc5c00000) (1024K)]
  0x000001cf55d70b10 JavaThread "Asynchronous log dispatcher for DefaultDaemonConnection: socket connection from /127.0.0.1:55018 to /127.0.0.1:55019"        [_thread_blocked, id=4884, stack(0x0000006fc5c00000,0x0000006fc5d00000) (1024K)]
  0x000001cf55da6ff0 JavaThread "Stdin handler"                     [_thread_blocked, id=9916, stack(0x0000006fc5d00000,0x0000006fc5e00000) (1024K)]
  0x000001cf55da4f20 JavaThread "Daemon client event forwarder"        [_thread_blocked, id=7804, stack(0x0000006fc5e00000,0x0000006fc5f00000) (1024K)]
  0x000001cf55da7680 JavaThread "Cache worker for journal cache (C:\Users\Administrator\.gradle\caches\journal-1)"        [_thread_blocked, id=11480, stack(0x0000006fc5f00000,0x0000006fc6000000) (1024K)]
  0x000001cf55da4200 JavaThread "File lock request listener"        [_thread_in_native, id=11204, stack(0x0000006fc6000000,0x0000006fc6100000) (1024K)]
  0x000001cf55da4890 JavaThread "Cache worker for file hash cache (C:\Users\Administrator\.gradle\caches\8.10\fileHashes)"        [_thread_blocked, id=8276, stack(0x0000006fc6100000,0x0000006fc6200000) (1024K)]
Total: 24

Other Threads:
  0x000001cf0f258c60 VMThread "VM Thread"                           [id=6076, stack(0x0000006fc4700000,0x0000006fc4800000) (1024K)]
  0x000001cf0f244b90 WatcherThread "VM Periodic Task Thread"        [id=3252, stack(0x0000006fc4600000,0x0000006fc4700000) (1024K)]
  0x000001cf708cb6e0 WorkerThread "GC Thread#0"                     [id=10524, stack(0x0000006fc4100000,0x0000006fc4200000) (1024K)]
  0x000001cf0f665490 WorkerThread "GC Thread#1"                     [id=9968, stack(0x0000006fc5300000,0x0000006fc5400000) (1024K)]
  0x000001cf0f7a0630 WorkerThread "GC Thread#2"                     [id=1760, stack(0x0000006fc5400000,0x0000006fc5500000) (1024K)]
  0x000001cf0f79fd50 WorkerThread "GC Thread#3"                     [id=2604, stack(0x0000006fc5200000,0x0000006fc5300000) (1024K)]
  0x000001cf708dc5d0 ConcurrentGCThread "G1 Main Marker"            [id=1588, stack(0x0000006fc4200000,0x0000006fc4300000) (1024K)]
  0x000001cf708dcfe0 WorkerThread "G1 Conc#0"                       [id=8272, stack(0x0000006fc4300000,0x0000006fc4400000) (1024K)]
  0x000001cf0f1210a0 ConcurrentGCThread "G1 Refine#0"               [id=11124, stack(0x0000006fc4400000,0x0000006fc4500000) (1024K)]
  0x000001cf0f121b20 ConcurrentGCThread "G1 Service"                [id=712, stack(0x0000006fc4500000,0x0000006fc4600000) (1024K)]
Total: 10

Threads with active compile tasks:
C2 CompilerThread0    25306 2758   !   4       java.lang.ClassLoader::loadClass (121 bytes)
Total: 1

VM state: not at safepoint (normal execution)

VM Mutex/Monitor currently owned by a thread: None

Heap address: 0x0000000700000000, size: 4096 MB, Compressed Oops mode: Zero based, Oop shift amount: 3

CDS archive(s) mapped at: [0x000001cf10000000-0x000001cf10c90000-0x000001cf10c90000), size 13172736, SharedBaseAddress: 0x000001cf10000000, ArchiveRelocationMode: 1.
Compressed class space mapped at: 0x000001cf11000000-0x000001cf51000000, reserved size: 1073741824
Narrow klass base: 0x000001cf10000000, Narrow klass shift: 0, Narrow klass range: 0x100000000

GC Precious Log:
 CardTable entry size: 512
 Card Set container configuration: InlinePtr #cards 4 size 8 Array Of Cards #cards 16 size 48 Howl #buckets 8 coarsen threshold 3686 Howl Bitmap #cards 512 size 80 coarsen threshold 460 Card regions per heap region 1 cards per card region 4096
 CPUs: 4 total, 4 available
 Memory: 8076M
 Large Page Support: Disabled
 NUMA Support: Disabled
 Compressed Oops: Enabled (Zero based)
 Heap Region Size: 2M
 Heap Min Capacity: 8M
 Heap Initial Capacity: 128M
 Heap Max Capacity: 4G
 Pre-touch: Disabled
 Parallel Workers: 4
 Concurrent Workers: 1
 Concurrent Refinement Workers: 4
 Periodic GC: Disabled

Heap:
 garbage-first heap   total 131072K, used 62531K [0x0000000700000000, 0x0000000800000000)
  region size 2048K, 28 young (57344K), 5 survivors (10240K)
 Metaspace       used 15467K, committed 15936K, reserved 1114112K
  class space    used 2066K, committed 2304K, reserved 1048576K

Heap Regions: E=young(eden), S=young(survivor), O=old, HS=humongous(starts), HC=humongous(continues), CS=collection set, F=free, TAMS=top-at-mark-start, PB=parsable bottom
|   0|0x0000000700000000, 0x0000000700200000, 0x0000000700200000|100%|HS|  |TAMS 0x0000000700000000| PB 0x0000000700000000| Complete 
|   1|0x0000000700200000, 0x0000000700400000, 0x0000000700400000|100%|HC|  |TAMS 0x0000000700200000| PB 0x0000000700200000| Complete 
|   2|0x0000000700400000, 0x0000000700600000, 0x0000000700600000|100%| O|  |TAMS 0x0000000700400000| PB 0x0000000700400000| Untracked 
|   3|0x0000000700600000, 0x0000000700710c70, 0x0000000700800000| 53%| O|  |TAMS 0x0000000700600000| PB 0x0000000700600000| Untracked 
|   4|0x0000000700800000, 0x0000000700800000, 0x0000000700a00000|  0%| F|  |TAMS 0x0000000700800000| PB 0x0000000700800000| Untracked 
|   5|0x0000000700a00000, 0x0000000700a00000, 0x0000000700c00000|  0%| F|  |TAMS 0x0000000700a00000| PB 0x0000000700a00000| Untracked 
|   6|0x0000000700c00000, 0x0000000700c00000, 0x0000000700e00000|  0%| F|  |TAMS 0x0000000700c00000| PB 0x0000000700c00000| Untracked 
|   7|0x0000000700e00000, 0x0000000700e00000, 0x0000000701000000|  0%| F|  |TAMS 0x0000000700e00000| PB 0x0000000700e00000| Untracked 
|   8|0x0000000701000000, 0x0000000701000000, 0x0000000701200000|  0%| F|  |TAMS 0x0000000701000000| PB 0x0000000701000000| Untracked 
|   9|0x0000000701200000, 0x0000000701200000, 0x0000000701400000|  0%| F|  |TAMS 0x0000000701200000| PB 0x0000000701200000| Untracked 
|  10|0x0000000701400000, 0x0000000701400000, 0x0000000701600000|  0%| F|  |TAMS 0x0000000701400000| PB 0x0000000701400000| Untracked 
|  11|0x0000000701600000, 0x0000000701600000, 0x0000000701800000|  0%| F|  |TAMS 0x0000000701600000| PB 0x0000000701600000| Untracked 
|  12|0x0000000701800000, 0x0000000701800000, 0x0000000701a00000|  0%| F|  |TAMS 0x0000000701800000| PB 0x0000000701800000| Untracked 
|  13|0x0000000701a00000, 0x0000000701a00000, 0x0000000701c00000|  0%| F|  |TAMS 0x0000000701a00000| PB 0x0000000701a00000| Untracked 
|  14|0x0000000701c00000, 0x0000000701c00000, 0x0000000701e00000|  0%| F|  |TAMS 0x0000000701c00000| PB 0x0000000701c00000| Untracked 
|  15|0x0000000701e00000, 0x0000000701e00000, 0x0000000702000000|  0%| F|  |TAMS 0x0000000701e00000| PB 0x0000000701e00000| Untracked 
|  16|0x0000000702000000, 0x0000000702000000, 0x0000000702200000|  0%| F|  |TAMS 0x0000000702000000| PB 0x0000000702000000| Untracked 
|  17|0x0000000702200000, 0x0000000702200000, 0x0000000702400000|  0%| F|  |TAMS 0x0000000702200000| PB 0x0000000702200000| Untracked 
|  18|0x0000000702400000, 0x0000000702400000, 0x0000000702600000|  0%| F|  |TAMS 0x0000000702400000| PB 0x0000000702400000| Untracked 
|  19|0x0000000702600000, 0x0000000702600000, 0x0000000702800000|  0%| F|  |TAMS 0x0000000702600000| PB 0x0000000702600000| Untracked 
|  20|0x0000000702800000, 0x0000000702800000, 0x0000000702a00000|  0%| F|  |TAMS 0x0000000702800000| PB 0x0000000702800000| Untracked 
|  21|0x0000000702a00000, 0x0000000702c00000, 0x0000000702c00000|100%| S|CS|TAMS 0x0000000702a00000| PB 0x0000000702a00000| Complete 
|  22|0x0000000702c00000, 0x0000000702e00000, 0x0000000702e00000|100%| S|CS|TAMS 0x0000000702c00000| PB 0x0000000702c00000| Complete 
|  23|0x0000000702e00000, 0x0000000703000000, 0x0000000703000000|100%| S|CS|TAMS 0x0000000702e00000| PB 0x0000000702e00000| Complete 
|  24|0x0000000703000000, 0x0000000703200000, 0x0000000703200000|100%| S|CS|TAMS 0x0000000703000000| PB 0x0000000703000000| Complete 
|  25|0x0000000703200000, 0x0000000703400000, 0x0000000703400000|100%| S|CS|TAMS 0x0000000703200000| PB 0x0000000703200000| Complete 
|  26|0x0000000703400000, 0x0000000703400000, 0x0000000703600000|  0%| F|  |TAMS 0x0000000703400000| PB 0x0000000703400000| Untracked 
|  27|0x0000000703600000, 0x0000000703600000, 0x0000000703800000|  0%| F|  |TAMS 0x0000000703600000| PB 0x0000000703600000| Untracked 
|  28|0x0000000703800000, 0x0000000703800000, 0x0000000703a00000|  0%| F|  |TAMS 0x0000000703800000| PB 0x0000000703800000| Untracked 
|  29|0x0000000703a00000, 0x0000000703a00000, 0x0000000703c00000|  0%| F|  |TAMS 0x0000000703a00000| PB 0x0000000703a00000| Untracked 
|  30|0x0000000703c00000, 0x0000000703c00000, 0x0000000703e00000|  0%| F|  |TAMS 0x0000000703c00000| PB 0x0000000703c00000| Untracked 
|  31|0x0000000703e00000, 0x0000000703e00000, 0x0000000704000000|  0%| F|  |TAMS 0x0000000703e00000| PB 0x0000000703e00000| Untracked 
|  32|0x0000000704000000, 0x0000000704000000, 0x0000000704200000|  0%| F|  |TAMS 0x0000000704000000| PB 0x0000000704000000| Untracked 
|  33|0x0000000704200000, 0x0000000704200000, 0x0000000704400000|  0%| F|  |TAMS 0x0000000704200000| PB 0x0000000704200000| Untracked 
|  34|0x0000000704400000, 0x0000000704400000, 0x0000000704600000|  0%| F|  |TAMS 0x0000000704400000| PB 0x0000000704400000| Untracked 
|  35|0x0000000704600000, 0x0000000704600000, 0x0000000704800000|  0%| F|  |TAMS 0x0000000704600000| PB 0x0000000704600000| Untracked 
|  36|0x0000000704800000, 0x0000000704800000, 0x0000000704a00000|  0%| F|  |TAMS 0x0000000704800000| PB 0x0000000704800000| Untracked 
|  37|0x0000000704a00000, 0x0000000704a00000, 0x0000000704c00000|  0%| F|  |TAMS 0x0000000704a00000| PB 0x0000000704a00000| Untracked 
|  38|0x0000000704c00000, 0x0000000704c00000, 0x0000000704e00000|  0%| F|  |TAMS 0x0000000704c00000| PB 0x0000000704c00000| Untracked 
|  39|0x0000000704e00000, 0x0000000704e00000, 0x0000000705000000|  0%| F|  |TAMS 0x0000000704e00000| PB 0x0000000704e00000| Untracked 
|  40|0x0000000705000000, 0x0000000705000000, 0x0000000705200000|  0%| F|  |TAMS 0x0000000705000000| PB 0x0000000705000000| Untracked 
|  41|0x0000000705200000, 0x00000007052e1e20, 0x0000000705400000| 44%| E|  |TAMS 0x0000000705200000| PB 0x0000000705200000| Complete 
|  42|0x0000000705400000, 0x0000000705600000, 0x0000000705600000|100%| E|CS|TAMS 0x0000000705400000| PB 0x0000000705400000| Complete 
|  43|0x0000000705600000, 0x0000000705800000, 0x0000000705800000|100%| E|CS|TAMS 0x0000000705600000| PB 0x0000000705600000| Complete 
|  44|0x0000000705800000, 0x0000000705a00000, 0x0000000705a00000|100%| E|CS|TAMS 0x0000000705800000| PB 0x0000000705800000| Complete 
|  45|0x0000000705a00000, 0x0000000705c00000, 0x0000000705c00000|100%| E|CS|TAMS 0x0000000705a00000| PB 0x0000000705a00000| Complete 
|  46|0x0000000705c00000, 0x0000000705e00000, 0x0000000705e00000|100%| E|CS|TAMS 0x0000000705c00000| PB 0x0000000705c00000| Complete 
|  47|0x0000000705e00000, 0x0000000706000000, 0x0000000706000000|100%| E|CS|TAMS 0x0000000705e00000| PB 0x0000000705e00000| Complete 
|  48|0x0000000706000000, 0x0000000706200000, 0x0000000706200000|100%| E|CS|TAMS 0x0000000706000000| PB 0x0000000706000000| Complete 
|  49|0x0000000706200000, 0x0000000706400000, 0x0000000706400000|100%| E|CS|TAMS 0x0000000706200000| PB 0x0000000706200000| Complete 
|  50|0x0000000706400000, 0x0000000706600000, 0x0000000706600000|100%| E|CS|TAMS 0x0000000706400000| PB 0x0000000706400000| Complete 
|  51|0x0000000706600000, 0x0000000706800000, 0x0000000706800000|100%| E|CS|TAMS 0x0000000706600000| PB 0x0000000706600000| Complete 
|  52|0x0000000706800000, 0x0000000706a00000, 0x0000000706a00000|100%| E|CS|TAMS 0x0000000706800000| PB 0x0000000706800000| Complete 
|  53|0x0000000706a00000, 0x0000000706c00000, 0x0000000706c00000|100%| E|CS|TAMS 0x0000000706a00000| PB 0x0000000706a00000| Complete 
|  54|0x0000000706c00000, 0x0000000706e00000, 0x0000000706e00000|100%| E|CS|TAMS 0x0000000706c00000| PB 0x0000000706c00000| Complete 
|  55|0x0000000706e00000, 0x0000000707000000, 0x0000000707000000|100%| E|CS|TAMS 0x0000000706e00000| PB 0x0000000706e00000| Complete 
|  56|0x0000000707000000, 0x0000000707200000, 0x0000000707200000|100%| E|CS|TAMS 0x0000000707000000| PB 0x0000000707000000| Complete 
|  57|0x0000000707200000, 0x0000000707400000, 0x0000000707400000|100%| E|CS|TAMS 0x0000000707200000| PB 0x0000000707200000| Complete 
|  58|0x0000000707400000, 0x0000000707600000, 0x0000000707600000|100%| E|CS|TAMS 0x0000000707400000| PB 0x0000000707400000| Complete 
|  59|0x0000000707600000, 0x0000000707800000, 0x0000000707800000|100%| E|CS|TAMS 0x0000000707600000| PB 0x0000000707600000| Complete 
|  60|0x0000000707800000, 0x0000000707a00000, 0x0000000707a00000|100%| E|CS|TAMS 0x0000000707800000| PB 0x0000000707800000| Complete 
|  61|0x0000000707a00000, 0x0000000707c00000, 0x0000000707c00000|100%| E|CS|TAMS 0x0000000707a00000| PB 0x0000000707a00000| Complete 
|  62|0x0000000707c00000, 0x0000000707e00000, 0x0000000707e00000|100%| E|CS|TAMS 0x0000000707c00000| PB 0x0000000707c00000| Complete 
|  63|0x0000000707e00000, 0x0000000708000000, 0x0000000708000000|100%| E|CS|TAMS 0x0000000707e00000| PB 0x0000000707e00000| Complete 

Card table byte_map: [0x000001cf794f0000,0x000001cf79cf0000] _byte_map_base: 0x000001cf75cf0000

Marking Bits: (CMBitMap*) 0x000001cf708cbcf0
 Bits: [0x000001cf79cf0000, 0x000001cf7dcf0000)

Polling page: 0x000001cf6e7d0000

Metaspace:

Usage:
  Non-class:     13.09 MB used.
      Class:      2.02 MB used.
       Both:     15.11 MB used.

Virtual space:
  Non-class space:       64.00 MB reserved,      13.31 MB ( 21%) committed,  1 nodes.
      Class space:        1.00 GB reserved,       2.25 MB ( <1%) committed,  1 nodes.
             Both:        1.06 GB reserved,      15.56 MB (  1%) committed. 

Chunk freelists:
   Non-Class:  2.26 MB
       Class:  13.78 MB
        Both:  16.04 MB

MaxMetaspaceSize: 2.00 GB
CompressedClassSpaceSize: 1.00 GB
Initial GC threshold: 21.00 MB
Current GC threshold: 21.00 MB
CDS: on
 - commit_granule_bytes: 65536.
 - commit_granule_words: 8192.
 - virtual_space_node_default_size: 8388608.
 - enlarge_chunks_in_place: 1.
 - use_allocation_guard: 0.


Internal statistics:

num_allocs_failed_limit: 0.
num_arena_births: 538.
num_arena_deaths: 0.
num_vsnodes_births: 2.
num_vsnodes_deaths: 0.
num_space_committed: 249.
num_space_uncommitted: 0.
num_chunks_returned_to_freelist: 0.
num_chunks_taken_from_freelist: 1055.
num_chunk_merges: 0.
num_chunk_splits: 683.
num_chunks_enlarged: 474.
num_inconsistent_stats: 0.

CodeHeap 'non-profiled nmethods': size=120000Kb used=1279Kb max_used=1279Kb free=118720Kb
 bounds [0x000001cf07ad0000, 0x000001cf07d40000, 0x000001cf0f000000]
CodeHeap 'profiled nmethods': size=120000Kb used=5610Kb max_used=5610Kb free=114390Kb
 bounds [0x000001cf00000000, 0x000001cf00580000, 0x000001cf07530000]
CodeHeap 'non-nmethods': size=5760Kb used=1469Kb max_used=1487Kb free=4290Kb
 bounds [0x000001cf07530000, 0x000001cf077a0000, 0x000001cf07ad0000]
 total_blobs=3323 nmethods=2770 adapters=457
 compilation: enabled
              stopped_count=0, restarted_count=0
 full_count=0

Compilation events (20 events):
Event: 25.236 Thread 0x000001cf0f2a8ff0 2775       3       jdk.internal.reflect.MethodHandleAccessorFactory::ensureClassInitialized (18 bytes)
Event: 25.236 Thread 0x000001cf0f2a8ff0 nmethod 2775 0x000001cf00573110 code [0x000001cf00573320, 0x000001cf00573798]
Event: 25.237 Thread 0x000001cf0f2a8ff0 2777       3       java.lang.reflect.Method::isVarArgs (5 bytes)
Event: 25.238 Thread 0x000001cf0f2a8ff0 nmethod 2777 0x000001cf00573910 code [0x000001cf00573ac0, 0x000001cf00573ca0]
Event: 25.239 Thread 0x000001cf0f2a8ff0 2778       3       jdk.internal.reflect.ReflectionFactory::useMethodHandleAccessor (18 bytes)
Event: 25.239 Thread 0x000001cf0f2a8ff0 nmethod 2778 0x000001cf00573d90 code [0x000001cf00573f40, 0x000001cf005740c0]
Event: 25.239 Thread 0x000001cf0f2a8ff0 2779       3       jdk.internal.reflect.MethodHandleAccessorFactory::useNativeAccessor (74 bytes)
Event: 25.240 Thread 0x000001cf0f2a8ff0 nmethod 2779 0x000001cf00574190 code [0x000001cf005743e0, 0x000001cf00574c20]
Event: 25.240 Thread 0x000001cf0f2a8ff0 2780   !   3       java.lang.invoke.LambdaForm::lambdaName (49 bytes)
Event: 25.241 Thread 0x000001cf0f2a8ff0 nmethod 2780 0x000001cf00574e90 code [0x000001cf00575020, 0x000001cf00575150]
Event: 25.241 Thread 0x000001cf0f2a8ff0 2782       3       java.lang.invoke.InvokerBytecodeGenerator::addMethod (725 bytes)
Event: 25.244 Thread 0x000001cf0f2a8ff0 nmethod 2782 0x000001cf00575210 code [0x000001cf00575780, 0x000001cf00577c58]
Event: 25.244 Thread 0x000001cf0f2a8ff0 2781       3       java.lang.invoke.InvokerBytecodeGenerator::classFilePrologue (64 bytes)
Event: 25.244 Thread 0x000001cf0f2a8ff0 nmethod 2781 0x000001cf00578890 code [0x000001cf00578ae0, 0x000001cf00579260]
Event: 25.244 Thread 0x000001cf0f2a8ff0 2783       3       java.lang.invoke.MethodHandles::classData (17 bytes)
Event: 25.245 Thread 0x000001cf0f2a8ff0 nmethod 2783 0x000001cf00579510 code [0x000001cf00579700, 0x000001cf00579ae0]
Event: 25.248 Thread 0x000001cf0f2a8ff0 2784       3       java.lang.invoke.BoundMethodHandle::speciesDataFor (32 bytes)
Event: 25.249 Thread 0x000001cf0f2a8ff0 nmethod 2784 0x000001cf00579c90 code [0x000001cf00579e60, 0x000001cf0057a1f8]
Event: 25.250 Thread 0x000001cf0f2a8ff0 2786       3       jdk.internal.misc.Unsafe::getIntUnaligned (12 bytes)
Event: 25.251 Thread 0x000001cf0f2a8ff0 nmethod 2786 0x000001cf0057a310 code [0x000001cf0057a4c0, 0x000001cf0057a720]

GC Heap History (6 events):
Event: 2.994 GC heap before
{Heap before GC invocations=0 (full 0):
 garbage-first heap   total 131072K, used 10240K [0x0000000700000000, 0x0000000800000000)
  region size 2048K, 6 young (12288K), 0 survivors (0K)
 Metaspace       used 802K, committed 960K, reserved 1114112K
  class space    used 67K, committed 128K, reserved 1048576K
}
Event: 3.399 GC heap after
{Heap after GC invocations=1 (full 0):
 garbage-first heap   total 131072K, used 1227K [0x0000000700000000, 0x0000000800000000)
  region size 2048K, 1 young (2048K), 1 survivors (2048K)
 Metaspace       used 802K, committed 960K, reserved 1114112K
  class space    used 67K, committed 128K, reserved 1048576K
}
Event: 7.374 GC heap before
{Heap before GC invocations=1 (full 0):
 garbage-first heap   total 131072K, used 21707K [0x0000000700000000, 0x0000000800000000)
  region size 2048K, 10 young (20480K), 1 survivors (2048K)
 Metaspace       used 2828K, committed 3008K, reserved 1114112K
  class space    used 322K, committed 384K, reserved 1048576K
}
Event: 7.380 GC heap after
{Heap after GC invocations=2 (full 0):
 garbage-first heap   total 131072K, used 10320K [0x0000000700000000, 0x0000000800000000)
  region size 2048K, 2 young (4096K), 2 survivors (4096K)
 Metaspace       used 2828K, committed 3008K, reserved 1114112K
  class space    used 322K, committed 384K, reserved 1048576K
}
Event: 16.326 GC heap before
{Heap before GC invocations=2 (full 0):
 garbage-first heap   total 131072K, used 84048K [0x0000000700000000, 0x0000000800000000)
  region size 2048K, 38 young (77824K), 2 survivors (4096K)
 Metaspace       used 6047K, committed 6272K, reserved 1114112K
  class space    used 771K, committed 896K, reserved 1048576K
}
Event: 16.340 GC heap after
{Heap after GC invocations=3 (full 0):
 garbage-first heap   total 131072K, used 17475K [0x0000000700000000, 0x0000000800000000)
  region size 2048K, 5 young (10240K), 5 survivors (10240K)
 Metaspace       used 6047K, committed 6272K, reserved 1114112K
  class space    used 771K, committed 896K, reserved 1048576K
}

Dll operation events (15 events):
Event: 0.042 Loaded shared library C:\Program Files\Java\jdk-21\bin\java.dll
Event: 1.624 Loaded shared library C:\Program Files\Java\jdk-21\bin\jsvml.dll
Event: 1.662 Loaded shared library C:\Program Files\Java\jdk-21\bin\zip.dll
Event: 1.667 Loaded shared library C:\Program Files\Java\jdk-21\bin\instrument.dll
Event: 1.676 Loaded shared library C:\Program Files\Java\jdk-21\bin\net.dll
Event: 1.679 Loaded shared library C:\Program Files\Java\jdk-21\bin\nio.dll
Event: 1.683 Loaded shared library C:\Program Files\Java\jdk-21\bin\zip.dll
Event: 3.939 Loaded shared library C:\Program Files\Java\jdk-21\bin\jimage.dll
Event: 5.414 Loaded shared library C:\Program Files\Java\jdk-21\bin\verify.dll
Event: 7.098 Loaded shared library C:\Users\Administrator\.gradle\native\c067742578af261105cb4f569cf0c3c89f3d7b1fecec35dd04571415982c5e48\windows-amd64\native-platform.dll
Event: 7.115 Loaded shared library C:\Users\Administrator\.gradle\native\100fb08df4bc3b14c8652ba06237920a3bd2aa13389f12d3474272988ae205f9\windows-amd64\native-platform-file-events.dll
Event: 16.833 Loaded shared library C:\Program Files\Java\jdk-21\bin\management.dll
Event: 16.861 Loaded shared library C:\Program Files\Java\jdk-21\bin\management_ext.dll
Event: 19.755 Loaded shared library C:\Program Files\Java\jdk-21\bin\extnet.dll
Event: 21.199 Loaded shared library C:\Program Files\Java\jdk-21\bin\sunmscapi.dll

Deoptimization events (20 events):
Event: 25.065 Thread 0x000001cf55d704b0 Uncommon trap: trap_request=0xffffff45 fr.pc=0x000001cf07bc4010 relative=0x00000000000000d0
Event: 25.065 Thread 0x000001cf55d704b0 Uncommon trap: reason=unstable_if action=reinterpret pc=0x000001cf07bc4010 method=jdk.internal.misc.Unsafe.convEndian(ZI)I @ 4 c2
Event: 25.065 Thread 0x000001cf55d704b0 DEOPT PACKING pc=0x000001cf07bc4010 sp=0x0000006fc5bfb550
Event: 25.065 Thread 0x000001cf55d704b0 DEOPT UNPACKING pc=0x000001cf075846a2 sp=0x0000006fc5bfb3e8 mode 2
Event: 25.065 Thread 0x000001cf55d704b0 Uncommon trap: trap_request=0xffffff45 fr.pc=0x000001cf07bc3cb0 relative=0x0000000000000090
Event: 25.065 Thread 0x000001cf55d704b0 Uncommon trap: reason=unstable_if action=reinterpret pc=0x000001cf07bc3cb0 method=jdk.internal.misc.Unsafe.convEndian(ZI)I @ 4 c2
Event: 25.065 Thread 0x000001cf55d704b0 DEOPT PACKING pc=0x000001cf07bc3cb0 sp=0x0000006fc5bfb4b0
Event: 25.065 Thread 0x000001cf55d704b0 DEOPT UNPACKING pc=0x000001cf075846a2 sp=0x0000006fc5bfb3e0 mode 2
Event: 25.252 Thread 0x000001cf55d704b0 Uncommon trap: trap_request=0xffffff45 fr.pc=0x000001cf07af4b44 relative=0x0000000000000dc4
Event: 25.252 Thread 0x000001cf55d704b0 Uncommon trap: reason=unstable_if action=reinterpret pc=0x000001cf07af4b44 method=java.io.WinNTFileSystem.resolve(Ljava/lang/String;Ljava/lang/String;)Ljava/lang/String; @ 19 c2
Event: 25.252 Thread 0x000001cf55d704b0 DEOPT PACKING pc=0x000001cf07af4b44 sp=0x0000006fc5bfb8d0
Event: 25.252 Thread 0x000001cf55d704b0 DEOPT UNPACKING pc=0x000001cf075846a2 sp=0x0000006fc5bfb868 mode 2
Event: 25.253 Thread 0x000001cf55d704b0 Uncommon trap: trap_request=0xffffff45 fr.pc=0x000001cf07c0f480 relative=0x00000000000002a0
Event: 25.253 Thread 0x000001cf55d704b0 Uncommon trap: reason=unstable_if action=reinterpret pc=0x000001cf07c0f480 method=java.io.WinNTFileSystem.prefixLength(Ljava/lang/String;)I @ 68 c2
Event: 25.253 Thread 0x000001cf55d704b0 DEOPT PACKING pc=0x000001cf07c0f480 sp=0x0000006fc5bfb840
Event: 25.253 Thread 0x000001cf55d704b0 DEOPT UNPACKING pc=0x000001cf075846a2 sp=0x0000006fc5bfb7c8 mode 2
Event: 25.253 Thread 0x000001cf55d704b0 Uncommon trap: trap_request=0xffffff45 fr.pc=0x000001cf07b65c84 relative=0x00000000000006a4
Event: 25.253 Thread 0x000001cf55d704b0 Uncommon trap: reason=unstable_if action=reinterpret pc=0x000001cf07b65c84 method=java.io.File.getName()Ljava/lang/String; @ 16 c2
Event: 25.253 Thread 0x000001cf55d704b0 DEOPT PACKING pc=0x000001cf07b65c84 sp=0x0000006fc5bfb890
Event: 25.253 Thread 0x000001cf55d704b0 DEOPT UNPACKING pc=0x000001cf075846a2 sp=0x0000006fc5bfb860 mode 2

Classes loaded (20 events):
Event: 24.474 Loading class java/util/concurrent/ArrayBlockingQueue
Event: 24.475 Loading class java/util/concurrent/ArrayBlockingQueue done
Event: 24.475 Loading class java/util/concurrent/locks/ReentrantLock$FairSync
Event: 24.476 Loading class java/util/concurrent/locks/ReentrantLock$FairSync done
Event: 24.484 Loading class sun/misc/Unsafe
Event: 24.485 Loading class sun/misc/Unsafe done
Event: 24.684 Loading class java/net/DatagramPacket
Event: 24.686 Loading class java/net/DatagramPacket done
Event: 24.688 Loading class sun/nio/ch/DatagramChannelImpl$DatagramPackets
Event: 24.688 Loading class sun/nio/ch/DatagramChannelImpl$DatagramPackets done
Event: 25.060 Loading class sun/security/provider/MD5
Event: 25.060 Loading class sun/security/provider/MD5 done
Event: 25.061 Loading class sun/security/provider/SHA5$SHA512
Event: 25.062 Loading class sun/security/provider/SHA5
Event: 25.062 Loading class sun/security/provider/SHA5 done
Event: 25.062 Loading class sun/security/provider/SHA5$SHA512 done
Event: 25.065 Loading class sun/security/provider/ByteArrayAccess$LE
Event: 25.065 Loading class sun/security/provider/ByteArrayAccess$LE done
Event: 25.252 Loading class java/io/File$TempDirectory
Event: 25.252 Loading class java/io/File$TempDirectory done

Classes unloaded (0 events):
No events

Classes redefined (0 events):
No events

Internal exceptions (20 events):
Event: 19.228 Thread 0x000001cf6e6f65e0 Exception <a 'java/lang/NoSuchMethodError'{0x000000070762b4a8}: 'java.lang.Object java.lang.invoke.DirectMethodHandle$Holder.invokeStaticInit(java.lang.Object, int, int, int, int)'> (0x000000070762b4a8) 
thrown [s\open\src\hotspot\share\interpreter\linkResolver.cpp, line 773]
Event: 19.412 Thread 0x000001cf6e6f65e0 Exception <a 'java/lang/NoSuchMethodError'{0x0000000707729c98}: 'java.lang.Object java.lang.invoke.DirectMethodHandle$Holder.invokeStaticInit(java.lang.Object, java.lang.Object, int, int, int, int)'> (0x0000000707729c98) 
thrown [s\open\src\hotspot\share\interpreter\linkResolver.cpp, line 773]
Event: 21.154 Thread 0x000001cf6e6f65e0 Exception <a 'java/io/IOException'{0x00000007072c6560}> (0x00000007072c6560) 
thrown [s\open\src\hotspot\share\prims\jni.cpp, line 520]
Event: 21.163 Thread 0x000001cf6e6f65e0 Implicit null exception at 0x000001cf07b31b20 to 0x000001cf07b32108
Event: 21.180 Thread 0x000001cf6e6f65e0 Exception <a 'java/lang/NoSuchMethodError'{0x0000000707327aa8}: 'java.lang.Object java.lang.invoke.DirectMethodHandle$Holder.newInvokeSpecial(java.lang.Object, java.lang.Object, java.lang.Object, java.lang.Object, java.lang.Object)'> (0x0000000707327aa8) 
thrown [s\open\src\hotspot\share\interpreter\linkResolver.cpp, line 773]
Event: 21.610 Thread 0x000001cf567bf850 Exception <a 'java/lang/NoSuchMethodError'{0x0000000706f8d9e8}: 'void java.lang.invoke.DirectMethodHandle$Holder.invokeSpecial(java.lang.Object, java.lang.Object, java.lang.Object)'> (0x0000000706f8d9e8) 
thrown [s\open\src\hotspot\share\interpreter\linkResolver.cpp, line 773]
Event: 21.996 Thread 0x000001cf55d704b0 Exception <a 'java/lang/NoSuchMethodError'{0x0000000706b745e8}: 'long java.lang.invoke.DirectMethodHandle$Holder.invokeInterface(java.lang.Object, java.lang.Object)'> (0x0000000706b745e8) 
thrown [s\open\src\hotspot\share\interpreter\linkResolver.cpp, line 773]
Event: 22.420 Thread 0x000001cf55d704b0 Exception <a 'java/lang/NoSuchMethodError'{0x00000007067bfcc0}: 'void java.lang.invoke.DirectMethodHandle$Holder.invokeStatic(java.lang.Object, java.lang.Object)'> (0x00000007067bfcc0) 
thrown [s\open\src\hotspot\share\interpreter\linkResolver.cpp, line 773]
Event: 22.434 Thread 0x000001cf55d704b0 Exception <a 'java/lang/NoSuchMethodError'{0x00000007064023c0}: 'java.lang.Object java.lang.invoke.DirectMethodHandle$Holder.invokeVirtual(java.lang.Object, java.lang.Object, java.lang.Object, java.lang.Object, java.lang.Object, java.lang.Object, java.lang.Object, java.lang.Object, java.lang.Object, java.lang.Object, java.lang.Object, java.lang.Object)'> (0x00000007064023c0) 
thrown [s\open\src\hotspot\share\interpreter\linkResolver.cpp, line 773]
Event: 22.437 Thread 0x000001cf55d704b0 Exception <a 'java/lang/NoSuchMethodError'{0x0000000706407348}: 'java.lang.Object java.lang.invoke.DirectMethodHandle$Holder.invokeSpecial(java.lang.Object, java.lang.Object, java.lang.Object, java.lang.Object, java.lang.Object, java.lang.Object, java.lang.Object, java.lang.Object, java.lang.Object, java.lang.Object, java.lang.Object, java.lang.Object, java.lang.Object)'> (0x0000000706407348) 
thrown [s\open\src\hotspot\share\interpreter\linkResolver.cpp, line 773]
Event: 22.849 Thread 0x000001cf55d704b0 Exception <a 'java/lang/NoSuchMethodError'{0x00000007065f21d8}: 'int java.lang.invoke.DirectMethodHandle$Holder.invokeVirtual(java.lang.Object, java.lang.Object, java.lang.Object)'> (0x00000007065f21d8) 
thrown [s\open\src\hotspot\share\interpreter\linkResolver.cpp, line 773]
Event: 23.093 Thread 0x000001cf55d704b0 Exception <a 'java/lang/NoSuchMethodError'{0x000000070604d510}: 'java.lang.Object java.lang.invoke.DirectMethodHandle$Holder.newInvokeSpecial(java.lang.Object, java.lang.Object, java.lang.Object, java.lang.Object, java.lang.Object, java.lang.Object)'> (0x000000070604d510) 
thrown [s\open\src\hotspot\share\interpreter\linkResolver.cpp, line 773]
Event: 23.154 Thread 0x000001cf55d704b0 Exception <a 'java/lang/NoSuchMethodError'{0x000000070606eca8}: 'void java.lang.invoke.DirectMethodHandle$Holder.invokeStaticInit(java.lang.Object, java.lang.Object)'> (0x000000070606eca8) 
thrown [s\open\src\hotspot\share\interpreter\linkResolver.cpp, line 773]
Event: 23.545 Thread 0x000001cf55d704b0 Exception <a 'java/lang/NoSuchMethodError'{0x0000000705f034c8}: 'void java.lang.invoke.DelegatingMethodHandle$Holder.reinvoke_L(java.lang.Object, java.lang.Object, java.lang.Object, java.lang.Object, java.lang.Object, java.lang.Object, java.lang.Object, java.lang.Object, java.lang.Object, java.lang.Object)'> (0x0000000705f034c8) 
thrown [s\open\src\hotspot\share\interpreter\linkResolver.cpp, line 773]
Event: 23.548 Thread 0x000001cf55d704b0 Exception <a 'java/lang/NoSuchMethodError'{0x0000000705f0aee8}: 'java.lang.Object java.lang.invoke.Invokers$Holder.invoker(java.lang.Object, java.lang.Object, java.lang.Object, java.lang.Object, java.lang.Object, java.lang.Object, java.lang.Object, java.lang.Object, java.lang.Object, java.lang.Object)'> (0x0000000705f0aee8) 
thrown [s\open\src\hotspot\share\interpreter\linkResolver.cpp, line 773]
Event: 24.044 Thread 0x000001cf55d704b0 Exception <a 'java/lang/NoSuchMethodError'{0x0000000705ad25f8}: 'void java.lang.invoke.DirectMethodHandle$Holder.invokeVirtual(java.lang.Object, java.lang.Object, java.lang.Object, java.lang.Object, java.lang.Object)'> (0x0000000705ad25f8) 
thrown [s\open\src\hotspot\share\interpreter\linkResolver.cpp, line 773]
Event: 24.195 Thread 0x000001cf55d704b0 Exception <a 'java/lang/NoSuchMethodError'{0x0000000705877448}: 'void java.lang.invoke.DirectMethodHandle$Holder.invokeInterface(java.lang.Object, java.lang.Object)'> (0x0000000705877448) 
thrown [s\open\src\hotspot\share\interpreter\linkResolver.cpp, line 773]
Event: 24.195 Thread 0x000001cf55d704b0 Exception <a 'java/lang/IncompatibleClassChangeError'{0x000000070587a9b8}: Found class java.lang.Object, but interface was expected> (0x000000070587a9b8) 
thrown [s\open\src\hotspot\share\interpreter\linkResolver.cpp, line 840]
Event: 24.480 Thread 0x000001cf55d704b0 Exception <a 'java/lang/NoSuchMethodError'{0x000000070599c6e0}: 'java.lang.Object java.lang.invoke.DirectMethodHandle$Holder.newInvokeSpecial(java.lang.Object, java.lang.Object, int)'> (0x000000070599c6e0) 
thrown [s\open\src\hotspot\share\interpreter\linkResolver.cpp, line 773]
Event: 24.501 Thread 0x000001cf55d704b0 Exception <a 'java/lang/NoSuchMethodError'{0x000000070561d808}: 'java.lang.Object java.lang.invoke.DirectMethodHandle$Holder.invokeVirtual(java.lang.Object, java.lang.Object, java.lang.Object, java.lang.Object, java.lang.Object, java.lang.Object, java.lang.Object, java.lang.Object)'> (0x000000070561d808) 
thrown [s\open\src\hotspot\share\interpreter\linkResolver.cpp, line 773]

ZGC Phase Switch (0 events):
No events

VM Operations (20 events):
Event: 18.290 Executing VM operation: HandshakeAllThreads (Deoptimize)
Event: 18.290 Executing VM operation: HandshakeAllThreads (Deoptimize) done
Event: 18.959 Executing VM operation: HandshakeAllThreads (Deoptimize)
Event: 18.959 Executing VM operation: HandshakeAllThreads (Deoptimize) done
Event: 18.959 Executing VM operation: Cleanup
Event: 18.960 Executing VM operation: Cleanup done
Event: 19.390 Executing VM operation: HandshakeAllThreads (Deoptimize)
Event: 19.390 Executing VM operation: HandshakeAllThreads (Deoptimize) done
Event: 20.390 Executing VM operation: Cleanup
Event: 20.390 Executing VM operation: Cleanup done
Event: 20.849 Executing VM operation: HandshakeAllThreads (Deoptimize)
Event: 20.849 Executing VM operation: HandshakeAllThreads (Deoptimize) done
Event: 21.210 Executing VM operation: HandshakeAllThreads (Deoptimize)
Event: 21.243 Executing VM operation: HandshakeAllThreads (Deoptimize) done
Event: 22.244 Executing VM operation: Cleanup
Event: 22.244 Executing VM operation: Cleanup done
Event: 24.244 Executing VM operation: Cleanup
Event: 24.248 Executing VM operation: Cleanup done
Event: 24.477 Executing VM operation: HandshakeAllThreads (Deoptimize)
Event: 24.477 Executing VM operation: HandshakeAllThreads (Deoptimize) done

Events (20 events):
Event: 1.775 Thread 0x000001cf0f564130 Thread added: 0x000001cf0f564130
Event: 2.733 Thread 0x000001cf0f6645b0 Thread added: 0x000001cf0f6645b0
Event: 3.407 Thread 0x000001cf0f6645b0 Thread exited: 0x000001cf0f6645b0
Event: 3.710 Thread 0x000001cf0f5bb570 Thread added: 0x000001cf0f5bb570
Event: 4.096 Thread 0x000001cf0f5bb570 Thread exited: 0x000001cf0f5bb570
Event: 4.146 Thread 0x000001cf550fb060 Thread added: 0x000001cf550fb060
Event: 4.401 Thread 0x000001cf550fb060 Thread exited: 0x000001cf550fb060
Event: 17.192 Thread 0x000001cf55983c20 Thread added: 0x000001cf55983c20
Event: 20.506 Thread 0x000001cf55b7ece0 Thread added: 0x000001cf55b7ece0
Event: 21.269 Thread 0x000001cf56310e10 Thread added: 0x000001cf56310e10
Event: 21.380 Thread 0x000001cf567bf850 Thread added: 0x000001cf567bf850
Event: 21.439 Thread 0x000001cf55c0e120 Thread added: 0x000001cf55c0e120
Event: 21.592 Thread 0x000001cf55d6acd0 Thread added: 0x000001cf55d6acd0
Event: 21.612 Thread 0x000001cf55d704b0 Thread added: 0x000001cf55d704b0
Event: 21.762 Thread 0x000001cf55d70b10 Thread added: 0x000001cf55d70b10
Event: 21.773 Thread 0x000001cf55da6ff0 Thread added: 0x000001cf55da6ff0
Event: 21.777 Thread 0x000001cf55da4f20 Thread added: 0x000001cf55da4f20
Event: 24.478 Thread 0x000001cf55da7680 Thread added: 0x000001cf55da7680
Event: 24.494 Thread 0x000001cf55da4200 Thread added: 0x000001cf55da4200
Event: 25.040 Thread 0x000001cf55da4890 Thread added: 0x000001cf55da4890


Dynamic libraries:
0x00007ff62bf10000 - 0x00007ff62bf20000 	C:\Program Files\Java\jdk-21\bin\java.exe
0x00007ffa67c10000 - 0x00007ffa67dfd000 	C:\Windows\SYSTEM32\ntdll.dll
0x00007ffa66c90000 - 0x00007ffa66d43000 	C:\Windows\System32\KERNEL32.DLL
0x00007ffa63f00000 - 0x00007ffa64193000 	C:\Windows\System32\KERNELBASE.dll
0x00007ffa641a0000 - 0x00007ffa6429c000 	C:\Windows\System32\ucrtbase.dll
0x00007ffa22630000 - 0x00007ffa22649000 	C:\Program Files\Java\jdk-21\bin\jli.dll
0x00007ffa679c0000 - 0x00007ffa67a63000 	C:\Windows\System32\ADVAPI32.dll
0x00007ffa65040000 - 0x00007ffa650de000 	C:\Windows\System32\msvcrt.dll
0x00007ffa67560000 - 0x00007ffa675fe000 	C:\Windows\System32\sechost.dll
0x00007ffa67630000 - 0x00007ffa67752000 	C:\Windows\System32\RPCRT4.dll
0x00007ffa64ea0000 - 0x00007ffa65037000 	C:\Windows\System32\USER32.dll
0x00007ffa63d30000 - 0x00007ffa63d50000 	C:\Windows\System32\win32u.dll
0x00007ffa67600000 - 0x00007ffa67629000 	C:\Windows\System32\GDI32.dll
0x00007ffa642a0000 - 0x00007ffa6443a000 	C:\Windows\System32\gdi32full.dll
0x00007ffa63e60000 - 0x00007ffa63f00000 	C:\Windows\System32\msvcp_win.dll
0x00007ffa22650000 - 0x00007ffa2266b000 	C:\Program Files\Java\jdk-21\bin\VCRUNTIME140.dll
0x00007ffa55ea0000 - 0x00007ffa56119000 	C:\Windows\WinSxS\amd64_microsoft.windows.common-controls_6595b64144ccf1df_6.0.17763.316_none_05b53be2071f46b6\COMCTL32.dll
0x00007ffa66d50000 - 0x00007ffa6707d000 	C:\Windows\System32\combase.dll
0x00007ffa64490000 - 0x00007ffa6450e000 	C:\Windows\System32\bcryptPrimitives.dll
0x00007ffa62760000 - 0x00007ffa6276a000 	C:\Windows\SYSTEM32\VERSION.dll
0x00007ffa667a0000 - 0x00007ffa667ce000 	C:\Windows\System32\IMM32.DLL
0x00007ffa47800000 - 0x00007ffa4780c000 	C:\Program Files\Java\jdk-21\bin\vcruntime140_1.dll
0x00007ffa0ac20000 - 0x00007ffa0acae000 	C:\Program Files\Java\jdk-21\bin\msvcp140.dll
0x00007ffa097f0000 - 0x00007ffa0a50a000 	C:\Program Files\Java\jdk-21\bin\server\jvm.dll
0x00007ffa63c80000 - 0x00007ffa63cdd000 	C:\Windows\System32\POWRPROF.dll
0x00007ffa667d0000 - 0x00007ffa6683d000 	C:\Windows\System32\WS2_32.dll
0x00007ffa62730000 - 0x00007ffa62754000 	C:\Windows\SYSTEM32\WINMM.dll
0x00007ffa62510000 - 0x00007ffa6253d000 	C:\Windows\SYSTEM32\WINMMBASE.dll
0x00007ffa64440000 - 0x00007ffa6448a000 	C:\Windows\System32\cfgmgr32.dll
0x00007ffa63c60000 - 0x00007ffa63c71000 	C:\Windows\System32\kernel.appcore.dll
0x00007ffa22620000 - 0x00007ffa2262a000 	C:\Program Files\Java\jdk-21\bin\jimage.dll
0x00007ffa62540000 - 0x00007ffa6272d000 	C:\Windows\SYSTEM32\DBGHELP.DLL
0x00007ffa624e0000 - 0x00007ffa6250a000 	C:\Windows\SYSTEM32\dbgcore.DLL
0x00007ffa22610000 - 0x00007ffa2261f000 	C:\Program Files\Java\jdk-21\bin\instrument.dll
0x00007ffa0ac00000 - 0x00007ffa0ac1f000 	C:\Program Files\Java\jdk-21\bin\java.dll
0x00007ffa65230000 - 0x00007ffa6671f000 	C:\Windows\System32\SHELL32.dll
0x00007ffa67760000 - 0x00007ffa67808000 	C:\Windows\System32\shcore.dll
0x00007ffa64510000 - 0x00007ffa64c5a000 	C:\Windows\System32\windows.storage.dll
0x00007ffa63c10000 - 0x00007ffa63c34000 	C:\Windows\System32\profapi.dll
0x00007ffa66af0000 - 0x00007ffa66b42000 	C:\Windows\System32\shlwapi.dll
0x00007ffa63d10000 - 0x00007ffa63d27000 	C:\Windows\System32\cryptsp.dll
0x00007ffa0acb0000 - 0x00007ffa0ad87000 	C:\Program Files\Java\jdk-21\bin\jsvml.dll
0x00007ffa0abe0000 - 0x00007ffa0abf8000 	C:\Program Files\Java\jdk-21\bin\zip.dll
0x00007ffa0abd0000 - 0x00007ffa0abe0000 	C:\Program Files\Java\jdk-21\bin\net.dll
0x00007ffa5ae00000 - 0x00007ffa5aef1000 	C:\Windows\SYSTEM32\WINHTTP.dll
0x00007ffa63440000 - 0x00007ffa634a7000 	C:\Windows\system32\mswsock.dll
0x00007ffa0abb0000 - 0x00007ffa0abc6000 	C:\Program Files\Java\jdk-21\bin\nio.dll
0x00007ffa0adb0000 - 0x00007ffa0adc0000 	C:\Program Files\Java\jdk-21\bin\verify.dll
0x00007ffa5a920000 - 0x00007ffa5a947000 	C:\Users\Administrator\.gradle\native\c067742578af261105cb4f569cf0c3c89f3d7b1fecec35dd04571415982c5e48\windows-amd64\native-platform.dll
0x00007ffa0aa60000 - 0x00007ffa0aba4000 	C:\Users\Administrator\.gradle\native\100fb08df4bc3b14c8652ba06237920a3bd2aa13389f12d3474272988ae205f9\windows-amd64\native-platform-file-events.dll
0x00007ffa0ada0000 - 0x00007ffa0adaa000 	C:\Program Files\Java\jdk-21\bin\management.dll
0x00007ffa0ad90000 - 0x00007ffa0ad9b000 	C:\Program Files\Java\jdk-21\bin\management_ext.dll
0x00007ffa650e0000 - 0x00007ffa650e8000 	C:\Windows\System32\PSAPI.DLL
0x00007ffa63000000 - 0x00007ffa63033000 	C:\Windows\system32\rsaenh.dll
0x00007ffa63ce0000 - 0x00007ffa63d06000 	C:\Windows\System32\bcrypt.dll
0x00007ffa63b10000 - 0x00007ffa63b38000 	C:\Windows\SYSTEM32\USERENV.dll
0x00007ffa63610000 - 0x00007ffa6361c000 	C:\Windows\SYSTEM32\CRYPTBASE.dll
0x00007ffa631a0000 - 0x00007ffa631dd000 	C:\Windows\SYSTEM32\IPHLPAPI.DLL
0x00007ffa650f0000 - 0x00007ffa650f8000 	C:\Windows\System32\NSI.dll
0x00007ffa0aa50000 - 0x00007ffa0aa59000 	C:\Program Files\Java\jdk-21\bin\extnet.dll
0x00007ffa0aa40000 - 0x00007ffa0aa4e000 	C:\Program Files\Java\jdk-21\bin\sunmscapi.dll
0x00007ffa64c60000 - 0x00007ffa64e3b000 	C:\Windows\System32\CRYPT32.dll
0x00007ffa63c40000 - 0x00007ffa63c52000 	C:\Windows\System32\MSASN1.dll
0x00007ffa63700000 - 0x00007ffa63726000 	C:\Windows\SYSTEM32\ncrypt.dll
0x00007ffa636c0000 - 0x00007ffa636fc000 	C:\Windows\SYSTEM32\NTASN1.dll
0x00007ffa0b780000 - 0x00007ffa0b787000 	C:\Windows\system32\wshunix.dll

dbghelp: loaded successfully - version: 4.0.5 - missing functions: none
symbol engine: initialized successfully - sym options: 0x614 - pdb path: .;C:\Program Files\Java\jdk-21\bin;C:\Windows\SYSTEM32;C:\Windows\WinSxS\amd64_microsoft.windows.common-controls_6595b64144ccf1df_6.0.17763.316_none_05b53be2071f46b6;C:\Program Files\Java\jdk-21\bin\server;C:\Users\Administrator\.gradle\native\c067742578af261105cb4f569cf0c3c89f3d7b1fecec35dd04571415982c5e48\windows-amd64;C:\Users\Administrator\.gradle\native\100fb08df4bc3b14c8652ba06237920a3bd2aa13389f12d3474272988ae205f9\windows-amd64

VM Arguments:
jvm_args: -XX:MaxMetaspaceSize=2G -XX:+HeapDumpOnOutOfMemoryError --add-opens=java.base/java.util=ALL-UNNAMED --add-opens=java.base/java.lang=ALL-UNNAMED --add-opens=java.base/java.lang.invoke=ALL-UNNAMED --add-opens=java.prefs/java.util.prefs=ALL-UNNAMED --add-exports=jdk.compiler/com.sun.tools.javac.api=ALL-UNNAMED --add-exports=jdk.compiler/com.sun.tools.javac.util=ALL-UNNAMED --add-opens=java.base/java.nio.charset=ALL-UNNAMED --add-opens=java.base/java.net=ALL-UNNAMED --add-opens=java.base/java.util.concurrent.atomic=ALL-UNNAMED -Xmx4G -Dfile.encoding=utf8 -Duser.country=US -Duser.language=en -Duser.variant -javaagent:C:\Users\Administrator\.gradle\wrapper\dists\gradle-8.10-bin\deqhafrv1ntovfmgh0nh3npr9\gradle-8.10\lib\agents\gradle-instrumentation-agent-8.10.jar 
java_command: org.gradle.launcher.daemon.bootstrap.GradleDaemon 8.10
java_class_path (initial): C:\Users\Administrator\.gradle\wrapper\dists\gradle-8.10-bin\deqhafrv1ntovfmgh0nh3npr9\gradle-8.10\lib\gradle-daemon-main-8.10.jar
Launcher Type: SUN_STANDARD

[Global flags]
     intx CICompilerCount                          = 3                                         {product} {ergonomic}
     uint ConcGCThreads                            = 1                                         {product} {ergonomic}
     uint G1ConcRefinementThreads                  = 4                                         {product} {ergonomic}
   size_t G1HeapRegionSize                         = 2097152                                   {product} {ergonomic}
    uintx GCDrainStackTargetSize                   = 64                                        {product} {ergonomic}
     bool HeapDumpOnOutOfMemoryError               = true                                   {manageable} {command line}
   size_t InitialHeapSize                          = 134217728                                 {product} {ergonomic}
   size_t MarkStackSize                            = 4194304                                   {product} {ergonomic}
   size_t MaxHeapSize                              = 4294967296                                {product} {command line}
   size_t MaxMetaspaceSize                         = 2147483648                                {product} {command line}
   size_t MaxNewSize                               = 2575302656                                {product} {ergonomic}
   size_t MinHeapDeltaBytes                        = 2097152                                   {product} {ergonomic}
   size_t MinHeapSize                              = 8388608                                   {product} {ergonomic}
    uintx NonNMethodCodeHeapSize                   = 5832780                                {pd product} {ergonomic}
    uintx NonProfiledCodeHeapSize                  = 122912730                              {pd product} {ergonomic}
    uintx ProfiledCodeHeapSize                     = 122912730                              {pd product} {ergonomic}
    uintx ReservedCodeCacheSize                    = 251658240                              {pd product} {ergonomic}
     bool SegmentedCodeCache                       = true                                      {product} {ergonomic}
   size_t SoftMaxHeapSize                          = 4294967296                             {manageable} {ergonomic}
     bool UseCompressedOops                        = true                           {product lp64_product} {ergonomic}
     bool UseG1GC                                  = true                                      {product} {ergonomic}
     bool UseLargePagesIndividualAllocation        = false                                  {pd product} {ergonomic}

Logging:
Log output configuration:
 #0: stdout all=warning uptime,level,tags foldmultilines=false
 #1: stderr all=off uptime,level,tags foldmultilines=false

Environment Variables:
JAVA_HOME=C:\Program Files\Java\jdk-21
PATH=C:\Program Files\Java\jdk-21\bin;C:\Program Files\Python312\Scripts\;C:\Program Files\Python312\;C:\Windows\system32;C:\Windows;C:\Windows\System32\Wbem;C:\Windows\System32\WindowsPowerShell\v1.0\;C:\Windows\System32\OpenSSH\;C:\Program Files\kotlinc\bin;C:\ProgramData\chocolatey\bin;C:\Program Files\Git\cmd;C:\Program Files\Java\jdk-21\bin;C:\MinGW\bin;C:\Gradle\gradle-7.4\bin;C:\flutter\bin;C:\Users\Administrator\AppData\Local\Programs\Microsoft VS Code\Code.exe;C:\Users\Administrator\AppData\Local\Programs\Microsoft VS Code\bin;C:\Users\Administrator\AppData\Local\GitHubDesktop\bin;C:\Program Files\Java\jdk-21;C:\MinGW\bin;C:\Gradle\gradle-7.4\bin;C:\flutter\bin;C:\Users\Administrator\AppData\Local\Programs\Microsoft VS Code\Code.exe;C:\Users\Administrator\AppData\Local\Programs\Microsoft VS Code\bin;C:\Users\Administrator\AppData\Local\GitHubDesktop\bin;C:\Program Files\Java\jdk-21;C:\MinGW\bin;C:\Users\Administrator\AppData\Local\Android\Sdk\platform-tools;C:\Program Files\PostgreSQL\17\bin;C:\Program Files\nodejs;C:\Program Files\nodejs\;C:\Users\Administrator\AppData\Local\Programs\Python\Python311\Scripts\;C:\Users\Administrator\AppData\Local\Programs\Python\Python311\;C:\Users\Administrator\AppData\Local\Programs\Python\Python313\Scripts\;C:\Users\Administrator\AppData\Local\Programs\Python\Python313\;C:\Program Files\Java\jdk-21\bin;C:\Program Files\Python312\Scripts\;C:\Program Files\Python312\;C:\Windows\system32;C:\Windows;C:\Windows\System32\Wbem;C:\Windows\System32\WindowsPowerShell\v1.0\;C:\Windows\System32\OpenSSH\;C:\Program Files\kotlinc\bin;C:\ProgramData\chocolatey\bin;C:\Program Files\Git\cmd;C:\Program Files\Java\jdk-21\bin;C:\MinGW\bin;C:\Gradle\gradle-7.4\bin;C:\flutter\bin;C:\Users\Administrator\AppData\Local\Programs\Microsoft VS Code\Code.exe;C:\Users\Administrator\AppData\Local\Programs\Microsoft VS Code\bin;C:\Users\Administrator\AppData\Local\GitHubDesktop\bin;C:\Program Files\Java\jdk-21;C:\MinGW\bin;C:\Gradle\gradle-7.4\bin;C:\flutter\bin;C:\Users\Administrator\AppData\Local\Programs\Microsoft VS Code\Code.exe;C:\Users\Administrator\AppData\Local\Programs\Microsoft VS Code\bin;C:\Users\Administrator\AppData\Local\GitHubDesktop\bin;C:\Program Files\Java\jdk-21;C:\MinGW\bin;C:\Users\Administrator\AppData\Local\Android\Sdk\platform-tools;C:\Program Files\PostgreSQL\17\bin;C:\Program Files\nodejs;C:\Program Files\nodejs\;;C:\Users\Administrator\AppData\Local\Android\Sdk\platform-tools;C:\Program Files\PostgreSQL\17\bin;C:\Program Files\nodejs;C:\Users\Administrator\AppData\Roaming\npm;C:\Users\Administrator\AppData\Local\GitHubDesktop\bin;C:\Program Files\MySQL\MySQL Server 8.0\bin;
USERNAME=Administrator
OS=Windows_NT
PROCESSOR_IDENTIFIER=Intel64 Family 6 Model 142 Stepping 9, GenuineIntel
TMP=C:\Users\ADMINI~1\AppData\Local\Temp
TEMP=C:\Users\ADMINI~1\AppData\Local\Temp




Periodic native trim disabled

---------------  S Y S T E M  ---------------

OS:
 Windows 10 , 64 bit Build 17763 (10.0.17763.292)
OS uptime: 0 days 1:11 hours

CPU: total 4 (initial active 4) (2 cores per cpu, 2 threads per core) family 6 model 142 stepping 9 microcode 0x84, cx8, cmov, fxsr, ht, mmx, 3dnowpref, sse, sse2, sse3, ssse3, sse4.1, sse4.2, popcnt, lzcnt, tsc, tscinvbit, avx, avx2, aes, erms, clmul, bmi1, bmi2, rtm, adx, fma, vzeroupper, clflush, clflushopt, rdtscp, f16c
Processor Information for all 4 processors :
  Max Mhz: 2701, Current Mhz: 2701, Mhz Limit: 2701

Memory: 4k page, system-wide physical 8076M (1314M free)
TotalPageFile size 16268M (AvailPageFile size 0M)
current process WorkingSet (physical memory assigned to process): 63M, peak: 73M
current process commit charge ("private bytes"): 260M, peak: 260M

vm_info: Java HotSpot(TM) 64-Bit Server VM (21.0.6+8-LTS-188) for windows-amd64 JRE (21.0.6+8-LTS-188), built on 2024-12-03T10:50:54Z by "mach5one" with MS VC++ 17.6 (VS2022)

END.
