#
# There is insufficient memory for the Java Runtime Environment to continue.
# Native memory allocation (malloc) failed to allocate 274096 bytes. Error detail: Chunk::new
# Possible reasons:
#   The system is out of physical RAM or swap space
#   This process is running with CompressedOops enabled, and the Java Heap may be blocking the growth of the native heap
# Possible solutions:
#   Reduce memory load on the system
#   Increase physical memory or swap space
#   Check if swap backing store is full
#   Decrease Java heap size (-Xmx/-Xms)
#   Decrease number of Java threads
#   Decrease Java thread stack sizes (-Xss)
#   Set larger code cache with -XX:ReservedCodeCacheSize=
#   JVM is running with Unscaled Compressed Oops mode in which the Java heap is
#     placed in the first 4GB address space. The Java Heap base address is the
#     maximum limit for the native heap growth. Please use -XX:HeapBaseMinAddress
#     to set the Java Heap base and to place the Java Heap above 4GB virtual address.
# This output file may be truncated or incomplete.
#
#  Out of Memory Error (arena.cpp:168), pid=16612, tid=16676
#
# JRE version: OpenJDK Runtime Environment Temurin-21.0.7+6 (21.0.7+6) (build 21.0.7+6-LTS)
# Java VM: OpenJDK 64-Bit Server VM Temurin-21.0.7+6 (21.0.7+6-LTS, mixed mode, sharing, tiered, compressed oops, compressed class ptrs, parallel gc, windows-amd64)
# No core dump will be written. Minidumps are not enabled by default on client versions of Windows
#

---------------  S U M M A R Y ------------

Command Line: --add-modules=ALL-SYSTEM --add-opens=java.base/java.util=ALL-UNNAMED --add-opens=java.base/java.lang=ALL-UNNAMED --add-opens=java.base/sun.nio.fs=ALL-UNNAMED -Declipse.application=org.eclipse.jdt.ls.core.id1 -Dosgi.bundles.defaultStartLevel=4 -Declipse.product=org.eclipse.jdt.ls.core.product -Djava.import.generatesMetadataFilesAtProjectRoot=false -DDetectVMInstallationsJob.disabled=true -Dfile.encoding=utf8 -XX:+UseParallelGC -XX:GCTimeRatio=4 -XX:AdaptiveSizePolicyWeight=90 -Dsun.zip.disableMemoryMapping=true -Xmx1G -Xms100m -Xlog:disable -javaagent:c:\Users\Administrator\.vscode\extensions\redhat.java-1.42.0-win32-x64\lombok\lombok-1.18.36.jar -XX:+HeapDumpOnOutOfMemoryError -XX:HeapDumpPath=c:\Users\Administrator\AppData\Roaming\Code\User\workspaceStorage\a8361dd7a2eaa9dbdd25b5e779c29603\redhat.java -Daether.dependencyCollector.impl=bf c:\Users\Administrator\.vscode\extensions\redhat.java-1.42.0-win32-x64\server\plugins\org.eclipse.equinox.launcher_1.7.0.v20250424-1814.jar -configuration c:\Users\Administrator\AppData\Roaming\Code\User\globalStorage\redhat.java\1.42.0\config_win -data c:\Users\Administrator\AppData\Roaming\Code\User\workspaceStorage\a8361dd7a2eaa9dbdd25b5e779c29603\redhat.java\jdt_ws --pipe=\\.\pipe\lsp-f153693f25c30ac9342333db58452152-sock

Host: Intel(R) Core(TM) i5-7300U CPU @ 2.60GHz, 4 cores, 7G,  Windows 10 , 64 bit Build 17763 (10.0.17763.292)
Time: Tue Jul  1 20:35:24 2025 SE Asia Standard Time elapsed time: 339.578418 seconds (0d 0h 5m 39s)

---------------  T H R E A D  ---------------

Current thread (0x000001e63dabc6d0):  JavaThread "C2 CompilerThread0" daemon [_thread_in_native, id=16676, stack(0x000000a24bb00000,0x000000a24bc00000) (1024K)]


Current CompileTask:
C2:339578 9160       4       java.io.DataOutputStream::writeUTF (389 bytes)

Stack: [0x000000a24bb00000,0x000000a24bc00000]
Native frames: (J=compiled Java code, j=interpreted, Vv=VM code, C=native code)
V  [jvm.dll+0x6ce119]
V  [jvm.dll+0x8a84a1]
V  [jvm.dll+0x8aa9ce]
V  [jvm.dll+0x8ab0b3]
V  [jvm.dll+0x27f8a6]
V  [jvm.dll+0xc507d]
V  [jvm.dll+0xc55b3]
V  [jvm.dll+0x2f2c6d]
V  [jvm.dll+0x5f6bca]
V  [jvm.dll+0x250cb2]
V  [jvm.dll+0x249626]
V  [jvm.dll+0x246fc4]
V  [jvm.dll+0x1c760e]
V  [jvm.dll+0x25695a]
V  [jvm.dll+0x254efa]
V  [jvm.dll+0x3f03f6]
V  [jvm.dll+0x851f6b]
V  [jvm.dll+0x6cc7dd]
C  [ucrtbase.dll+0x203ba]
C  [KERNEL32.DLL+0x181f4]
C  [ntdll.dll+0x6a251]


---------------  P R O C E S S  ---------------

Threads class SMR info:
_java_thread_list=0x000001e6070b9020, length=39, elements={
0x000001e6275966c0, 0x000001e63dab4000, 0x000001e63dab6930, 0x000001e63dab8630,
0x000001e63dab9340, 0x000001e63dabaf00, 0x000001e63dabb950, 0x000001e63dabc6d0,
0x000001e63db2f950, 0x000001e67f8b9fa0, 0x000001e67faf3de0, 0x000001e67f8f25f0,
0x000001e604462f20, 0x000001e67fa9d700, 0x000001e67f8e7140, 0x000001e6043e0d80,
0x000001e6045fad60, 0x000001e604245bf0, 0x000001e604247630, 0x000001e604246910,
0x000001e604248350, 0x000001e60747a0d0, 0x000001e6074793b0, 0x000001e607479a40,
0x000001e60747adf0, 0x000001e60747c830, 0x000001e60747a760, 0x000001e60747bb10,
0x000001e60747c1a0, 0x000001e6070601c0, 0x000001e607061570, 0x000001e60705fb30,
0x000001e6070649f0, 0x000001e607062fb0, 0x000001e60705ee10, 0x000001e607060850,
0x000001e607065080, 0x000001e607060ee0, 0x000001e607061c00
}

Java Threads: ( => current thread )
  0x000001e6275966c0 JavaThread "main"                              [_thread_blocked, id=16752, stack(0x000000a24b100000,0x000000a24b200000) (1024K)]
  0x000001e63dab4000 JavaThread "Reference Handler"          daemon [_thread_blocked, id=13532, stack(0x000000a24b500000,0x000000a24b600000) (1024K)]
  0x000001e63dab6930 JavaThread "Finalizer"                  daemon [_thread_blocked, id=8380, stack(0x000000a24b600000,0x000000a24b700000) (1024K)]
  0x000001e63dab8630 JavaThread "Signal Dispatcher"          daemon [_thread_blocked, id=10736, stack(0x000000a24b700000,0x000000a24b800000) (1024K)]
  0x000001e63dab9340 JavaThread "Attach Listener"            daemon [_thread_blocked, id=15208, stack(0x000000a24b800000,0x000000a24b900000) (1024K)]
  0x000001e63dabaf00 JavaThread "Service Thread"             daemon [_thread_blocked, id=13636, stack(0x000000a24b900000,0x000000a24ba00000) (1024K)]
  0x000001e63dabb950 JavaThread "Monitor Deflation Thread"   daemon [_thread_blocked, id=10588, stack(0x000000a24ba00000,0x000000a24bb00000) (1024K)]
=>0x000001e63dabc6d0 JavaThread "C2 CompilerThread0"         daemon [_thread_in_native, id=16676, stack(0x000000a24bb00000,0x000000a24bc00000) (1024K)]
  0x000001e63db2f950 JavaThread "C1 CompilerThread0"         daemon [_thread_blocked, id=10024, stack(0x000000a24bc00000,0x000000a24bd00000) (1024K)]
  0x000001e67f8b9fa0 JavaThread "Common-Cleaner"             daemon [_thread_blocked, id=7456, stack(0x000000a24bd00000,0x000000a24be00000) (1024K)]
  0x000001e67faf3de0 JavaThread "Notification Thread"        daemon [_thread_blocked, id=1324, stack(0x000000a24be00000,0x000000a24bf00000) (1024K)]
  0x000001e67f8f25f0 JavaThread "Active Thread: Equinox Container: 68970c0c-c53f-4d40-bb8b-dd8b57569219"        [_thread_blocked, id=7780, stack(0x000000a24bf00000,0x000000a24c000000) (1024K)]
  0x000001e604462f20 JavaThread "Refresh Thread: Equinox Container: 68970c0c-c53f-4d40-bb8b-dd8b57569219" daemon [_thread_blocked, id=4848, stack(0x000000a24c400000,0x000000a24c500000) (1024K)]
  0x000001e67fa9d700 JavaThread "Framework Event Dispatcher: Equinox Container: 68970c0c-c53f-4d40-bb8b-dd8b57569219" daemon [_thread_blocked, id=6296, stack(0x000000a24c500000,0x000000a24c600000) (1024K)]
  0x000001e67f8e7140 JavaThread "Start Level: Equinox Container: 68970c0c-c53f-4d40-bb8b-dd8b57569219" daemon [_thread_blocked, id=6776, stack(0x000000a24c300000,0x000000a24c400000) (1024K)]
  0x000001e6043e0d80 JavaThread "Bundle File Closer"         daemon [_thread_blocked, id=13484, stack(0x000000a24c600000,0x000000a24c700000) (1024K)]
  0x000001e6045fad60 JavaThread "SCR Component Actor"        daemon [_thread_blocked, id=15752, stack(0x000000a24c700000,0x000000a24c800000) (1024K)]
  0x000001e604245bf0 JavaThread "Worker-JM"                         [_thread_blocked, id=11144, stack(0x000000a24c900000,0x000000a24ca00000) (1024K)]
  0x000001e604247630 JavaThread "JNA Cleaner"                daemon [_thread_blocked, id=14804, stack(0x000000a24cb00000,0x000000a24cc00000) (1024K)]
  0x000001e604246910 JavaThread "Worker-3"                          [_thread_blocked, id=10256, stack(0x000000a24ce00000,0x000000a24cf00000) (1024K)]
  0x000001e604248350 JavaThread "Java indexing"              daemon [_thread_blocked, id=14256, stack(0x000000a24d000000,0x000000a24d100000) (1024K)]
  0x000001e60747a0d0 JavaThread "Timer-0"                           [_thread_blocked, id=7268, stack(0x000000a24d200000,0x000000a24d300000) (1024K)]
  0x000001e6074793b0 JavaThread "Thread-3"                   daemon [_thread_in_native, id=4436, stack(0x000000a24d300000,0x000000a24d400000) (1024K)]
  0x000001e607479a40 JavaThread "Thread-4"                   daemon [_thread_in_native, id=3216, stack(0x000000a24d400000,0x000000a24d500000) (1024K)]
  0x000001e60747adf0 JavaThread "Thread-5"                   daemon [_thread_in_native, id=13604, stack(0x000000a24d500000,0x000000a24d600000) (1024K)]
  0x000001e60747c830 JavaThread "Thread-6"                   daemon [_thread_in_native, id=9164, stack(0x000000a24d600000,0x000000a24d700000) (1024K)]
  0x000001e60747a760 JavaThread "Thread-7"                   daemon [_thread_in_native, id=3128, stack(0x000000a24d700000,0x000000a24d800000) (1024K)]
  0x000001e60747bb10 JavaThread "Timer-1"                           [_thread_blocked, id=15684, stack(0x000000a24d800000,0x000000a24d900000) (1024K)]
  0x000001e60747c1a0 JavaThread "pool-2-thread-1"                   [_thread_blocked, id=6576, stack(0x000000a24d900000,0x000000a24da00000) (1024K)]
  0x000001e6070601c0 JavaThread "WorkspaceEventsHandler"            [_thread_blocked, id=3048, stack(0x000000a24dc00000,0x000000a24dd00000) (1024K)]
  0x000001e607061570 JavaThread "pool-1-thread-1"                   [_thread_blocked, id=5008, stack(0x000000a24dd00000,0x000000a24de00000) (1024K)]
  0x000001e60705fb30 JavaThread "Timer-2"                           [_thread_blocked, id=1776, stack(0x000000a24e400000,0x000000a24e500000) (1024K)]
  0x000001e6070649f0 JavaThread "Timer-3"                           [_thread_blocked, id=15688, stack(0x000000a24d100000,0x000000a24d200000) (1024K)]
  0x000001e607062fb0 JavaThread "Timer-4"                           [_thread_blocked, id=7824, stack(0x000000a24e500000,0x000000a24e600000) (1024K)]
  0x000001e60705ee10 JavaThread "Timer-5"                           [_thread_blocked, id=4212, stack(0x000000a24e800000,0x000000a24e900000) (1024K)]
  0x000001e607060850 JavaThread "Timer-6"                           [_thread_blocked, id=11276, stack(0x000000a24af00000,0x000000a24b000000) (1024K)]
  0x000001e607065080 JavaThread "Timer-7"                           [_thread_blocked, id=8416, stack(0x000000a24b000000,0x000000a24b100000) (1024K)]
  0x000001e607060ee0 JavaThread "ForkJoinPool.commonPool-worker-2" daemon [_thread_blocked, id=13416, stack(0x000000a24cd00000,0x000000a24ce00000) (1024K)]
  0x000001e607061c00 JavaThread "Worker-7"                          [_thread_blocked, id=14540, stack(0x000000a24ca00000,0x000000a24cb00000) (1024K)]
Total: 39

Other Threads:
  0x000001e629845320 VMThread "VM Thread"                           [id=15644, stack(0x000000a24b400000,0x000000a24b500000) (1024K)]
  0x000001e6297f7d00 WatcherThread "VM Periodic Task Thread"        [id=16200, stack(0x000000a24b300000,0x000000a24b400000) (1024K)]
  0x000001e6297ab550 WorkerThread "GC Thread#0"                     [id=10752, stack(0x000000a24b200000,0x000000a24b300000) (1024K)]
  0x000001e60446bc10 WorkerThread "GC Thread#1"                     [id=13948, stack(0x000000a24c000000,0x000000a24c100000) (1024K)]
  0x000001e60463e010 WorkerThread "GC Thread#2"                     [id=14716, stack(0x000000a24c100000,0x000000a24c200000) (1024K)]
  0x000001e60463e3b0 WorkerThread "GC Thread#3"                     [id=7660, stack(0x000000a24c200000,0x000000a24c300000) (1024K)]
Total: 6

Threads with active compile tasks:
C2 CompilerThread0  339621 9160       4       java.io.DataOutputStream::writeUTF (389 bytes)
Total: 1

VM state: not at safepoint (normal execution)

VM Mutex/Monitor currently owned by a thread: None

Heap address: 0x00000000c0000000, size: 1024 MB, Compressed Oops mode: 32-bit

CDS archive(s) mapped at: [0x000001e63e000000-0x000001e63eba0000-0x000001e63eba0000), size 12189696, SharedBaseAddress: 0x000001e63e000000, ArchiveRelocationMode: 1.
Compressed class space mapped at: 0x000001e63f000000-0x000001e67f000000, reserved size: 1073741824
Narrow klass base: 0x000001e63e000000, Narrow klass shift: 0, Narrow klass range: 0x100000000

GC Precious Log:
 CardTable entry size: 512
 CPUs: 4 total, 4 available
 Memory: 8076M
 Large Page Support: Disabled
 NUMA Support: Disabled
 Compressed Oops: Enabled (32-bit)
 Alignments: Space 512K, Generation 512K, Heap 2M
 Heap Min Capacity: 100M
 Heap Initial Capacity: 100M
 Heap Max Capacity: 1G
 Pre-touch: Disabled
 Parallel Workers: 4

Heap:
 PSYoungGen      total 13824K, used 11805K [0x00000000eab00000, 0x00000000ebb80000, 0x0000000100000000)
  eden space 13312K, 85% used [0x00000000eab00000,0x00000000eb6175c8,0x00000000eb800000)
  from space 512K, 87% used [0x00000000eba80000,0x00000000ebaf0000,0x00000000ebb00000)
  to   space 512K, 0% used [0x00000000ebb00000,0x00000000ebb00000,0x00000000ebb80000)
 ParOldGen       total 68608K, used 46985K [0x00000000c0000000, 0x00000000c4300000, 0x00000000eab00000)
  object space 68608K, 68% used [0x00000000c0000000,0x00000000c2de27b8,0x00000000c4300000)
 Metaspace       used 70107K, committed 71552K, reserved 1114112K
  class space    used 8591K, committed 9280K, reserved 1048576K

Card table byte_map: [0x000001e629150000,0x000001e629360000] _byte_map_base: 0x000001e628b50000

Marking Bits: (ParMarkBitMap*) 0x00007ffaf7fc31f0
 Begin Bits: [0x000001e63b980000, 0x000001e63c980000)
 End Bits:   [0x000001e63c980000, 0x000001e63d980000)

Polling page: 0x000001e627820000

Metaspace:

Usage:
  Non-class:     60.07 MB used.
      Class:      8.39 MB used.
       Both:     68.46 MB used.

Virtual space:
  Non-class space:       64.00 MB reserved,      60.81 MB ( 95%) committed,  1 nodes.
      Class space:        1.00 GB reserved,       9.06 MB ( <1%) committed,  1 nodes.
             Both:        1.06 GB reserved,      69.88 MB (  6%) committed. 

Chunk freelists:
   Non-Class:  2.76 MB
       Class:  6.98 MB
        Both:  9.74 MB

MaxMetaspaceSize: unlimited
CompressedClassSpaceSize: 1.00 GB
Initial GC threshold: 21.00 MB
Current GC threshold: 97.31 MB
CDS: on
 - commit_granule_bytes: 65536.
 - commit_granule_words: 8192.
 - virtual_space_node_default_size: 8388608.
 - enlarge_chunks_in_place: 1.
 - use_allocation_guard: 0.


Internal statistics:

num_allocs_failed_limit: 9.
num_arena_births: 1266.
num_arena_deaths: 14.
num_vsnodes_births: 2.
num_vsnodes_deaths: 0.
num_space_committed: 1118.
num_space_uncommitted: 0.
num_chunks_returned_to_freelist: 23.
num_chunks_taken_from_freelist: 4282.
num_chunk_merges: 15.
num_chunk_splits: 2666.
num_chunks_enlarged: 1556.
num_inconsistent_stats: 0.

CodeHeap 'non-profiled nmethods': size=120000Kb used=6392Kb max_used=6392Kb free=113607Kb
 bounds [0x000001e634450000, 0x000001e634a90000, 0x000001e63b980000]
CodeHeap 'profiled nmethods': size=120000Kb used=17309Kb max_used=17309Kb free=102690Kb
 bounds [0x000001e62c980000, 0x000001e62da70000, 0x000001e633eb0000]
CodeHeap 'non-nmethods': size=5760Kb used=1429Kb max_used=1519Kb free=4330Kb
 bounds [0x000001e633eb0000, 0x000001e634120000, 0x000001e634450000]
 total_blobs=9072 nmethods=8334 adapters=644
 compilation: enabled
              stopped_count=0, restarted_count=0
 full_count=0

Compilation events (20 events):
Event: 339.432 Thread 0x000001e63db2f950 nmethod 9151 0x000001e634a8cc90 code [0x000001e634a8ce20, 0x000001e634a8cf00]
Event: 339.433 Thread 0x000001e63db2f950 9152       1       com.sun.org.apache.xerces.internal.parsers.XML11Configuration::setDTDContentModelHandler (6 bytes)
Event: 339.433 Thread 0x000001e63db2f950 nmethod 9152 0x000001e634a8cf90 code [0x000001e634a8d120, 0x000001e634a8d200]
Event: 339.437 Thread 0x000001e63dabc6d0 9153       4       java.lang.System::checkKey (34 bytes)
Event: 339.440 Thread 0x000001e63db2f950 9154       1       jdk.xml.internal.XMLSecurityManager$Limit::systemProperty (5 bytes)
Event: 339.441 Thread 0x000001e63db2f950 nmethod 9154 0x000001e634a8d290 code [0x000001e634a8d420, 0x000001e634a8d4e8]
Event: 339.447 Thread 0x000001e63dabc6d0 nmethod 9153 0x000001e634a8d590 code [0x000001e634a8d720, 0x000001e634a8d7d8]
Event: 339.460 Thread 0x000001e63db2f950 9155       3       com.sun.org.apache.xml.internal.serializer.WriterToUTF8Buffered::write (296 bytes)
Event: 339.461 Thread 0x000001e63db2f950 nmethod 9155 0x000001e62da62a90 code [0x000001e62da62ca0, 0x000001e62da632d8]
Event: 339.461 Thread 0x000001e63db2f950 9156       3       com.sun.org.apache.xerces.internal.dom.AttrImpl::getValue (176 bytes)
Event: 339.462 Thread 0x000001e63db2f950 nmethod 9156 0x000001e62da63590 code [0x000001e62da638c0, 0x000001e62da64d98]
Event: 339.508 Thread 0x000001e63db2f950 9157       3       java.lang.invoke.MethodHandles::constant (88 bytes)
Event: 339.510 Thread 0x000001e63db2f950 nmethod 9157 0x000001e62da65290 code [0x000001e62da655a0, 0x000001e62da66480]
Event: 339.543 Thread 0x000001e63db2f950 9158       3       java.io.ObjectOutputStream$HandleTable::hash (8 bytes)
Event: 339.543 Thread 0x000001e63db2f950 nmethod 9158 0x000001e62da66990 code [0x000001e62da66b40, 0x000001e62da66c78]
Event: 339.550 Thread 0x000001e63db2f950 9159       3       org.eclipse.core.internal.dtree.NoDataDeltaNode::<init> (7 bytes)
Event: 339.550 Thread 0x000001e63db2f950 nmethod 9159 0x000001e62da66d10 code [0x000001e62da66ec0, 0x000001e62da67180]
Event: 339.551 Thread 0x000001e63dabc6d0 9160       4       java.io.DataOutputStream::writeUTF (389 bytes)
Event: 339.572 Thread 0x000001e63db2f950 9163       1       com.sun.jna.WString::toString (5 bytes)
Event: 339.572 Thread 0x000001e63db2f950 nmethod 9163 0x000001e634a8de90 code [0x000001e634a8e020, 0x000001e634a8e0e8]

GC Heap History (20 events):
Event: 232.079 GC heap before
{Heap before GC invocations=113 (full 3):
 PSYoungGen      total 13824K, used 13408K [0x00000000eab00000, 0x00000000ebb80000, 0x0000000100000000)
  eden space 13312K, 100% used [0x00000000eab00000,0x00000000eb800000,0x00000000eb800000)
  from space 512K, 18% used [0x00000000eba80000,0x00000000eba98000,0x00000000ebb00000)
  to   space 512K, 0% used [0x00000000ebb00000,0x00000000ebb00000,0x00000000ebb80000)
 ParOldGen       total 68608K, used 46905K [0x00000000c0000000, 0x00000000c4300000, 0x00000000eab00000)
  object space 68608K, 68% used [0x00000000c0000000,0x00000000c2dce7b8,0x00000000c4300000)
 Metaspace       used 68414K, committed 69824K, reserved 1114112K
  class space    used 8379K, committed 9024K, reserved 1048576K
}
Event: 232.081 GC heap after
{Heap after GC invocations=113 (full 3):
 PSYoungGen      total 13824K, used 64K [0x00000000eab00000, 0x00000000ebb80000, 0x0000000100000000)
  eden space 13312K, 0% used [0x00000000eab00000,0x00000000eab00000,0x00000000eb800000)
  from space 512K, 12% used [0x00000000ebb00000,0x00000000ebb10000,0x00000000ebb80000)
  to   space 512K, 0% used [0x00000000eba80000,0x00000000eba80000,0x00000000ebb00000)
 ParOldGen       total 68608K, used 46913K [0x00000000c0000000, 0x00000000c4300000, 0x00000000eab00000)
  object space 68608K, 68% used [0x00000000c0000000,0x00000000c2dd07b8,0x00000000c4300000)
 Metaspace       used 68414K, committed 69824K, reserved 1114112K
  class space    used 8379K, committed 9024K, reserved 1048576K
}
Event: 232.266 GC heap before
{Heap before GC invocations=114 (full 3):
 PSYoungGen      total 13824K, used 13376K [0x00000000eab00000, 0x00000000ebb80000, 0x0000000100000000)
  eden space 13312K, 100% used [0x00000000eab00000,0x00000000eb800000,0x00000000eb800000)
  from space 512K, 12% used [0x00000000ebb00000,0x00000000ebb10000,0x00000000ebb80000)
  to   space 512K, 0% used [0x00000000eba80000,0x00000000eba80000,0x00000000ebb00000)
 ParOldGen       total 68608K, used 46913K [0x00000000c0000000, 0x00000000c4300000, 0x00000000eab00000)
  object space 68608K, 68% used [0x00000000c0000000,0x00000000c2dd07b8,0x00000000c4300000)
 Metaspace       used 68415K, committed 69824K, reserved 1114112K
  class space    used 8379K, committed 9024K, reserved 1048576K
}
Event: 232.267 GC heap after
{Heap after GC invocations=114 (full 3):
 PSYoungGen      total 13824K, used 96K [0x00000000eab00000, 0x00000000ebb80000, 0x0000000100000000)
  eden space 13312K, 0% used [0x00000000eab00000,0x00000000eab00000,0x00000000eb800000)
  from space 512K, 18% used [0x00000000eba80000,0x00000000eba98000,0x00000000ebb00000)
  to   space 512K, 0% used [0x00000000ebb00000,0x00000000ebb00000,0x00000000ebb80000)
 ParOldGen       total 68608K, used 46913K [0x00000000c0000000, 0x00000000c4300000, 0x00000000eab00000)
  object space 68608K, 68% used [0x00000000c0000000,0x00000000c2dd07b8,0x00000000c4300000)
 Metaspace       used 68415K, committed 69824K, reserved 1114112K
  class space    used 8379K, committed 9024K, reserved 1048576K
}
Event: 232.424 GC heap before
{Heap before GC invocations=115 (full 3):
 PSYoungGen      total 13824K, used 13408K [0x00000000eab00000, 0x00000000ebb80000, 0x0000000100000000)
  eden space 13312K, 100% used [0x00000000eab00000,0x00000000eb800000,0x00000000eb800000)
  from space 512K, 18% used [0x00000000eba80000,0x00000000eba98000,0x00000000ebb00000)
  to   space 512K, 0% used [0x00000000ebb00000,0x00000000ebb00000,0x00000000ebb80000)
 ParOldGen       total 68608K, used 46913K [0x00000000c0000000, 0x00000000c4300000, 0x00000000eab00000)
  object space 68608K, 68% used [0x00000000c0000000,0x00000000c2dd07b8,0x00000000c4300000)
 Metaspace       used 68416K, committed 69824K, reserved 1114112K
  class space    used 8379K, committed 9024K, reserved 1048576K
}
Event: 232.424 GC heap after
{Heap after GC invocations=115 (full 3):
 PSYoungGen      total 13824K, used 128K [0x00000000eab00000, 0x00000000ebb80000, 0x0000000100000000)
  eden space 13312K, 0% used [0x00000000eab00000,0x00000000eab00000,0x00000000eb800000)
  from space 512K, 25% used [0x00000000ebb00000,0x00000000ebb20000,0x00000000ebb80000)
  to   space 512K, 0% used [0x00000000eba80000,0x00000000eba80000,0x00000000ebb00000)
 ParOldGen       total 68608K, used 46913K [0x00000000c0000000, 0x00000000c4300000, 0x00000000eab00000)
  object space 68608K, 68% used [0x00000000c0000000,0x00000000c2dd07b8,0x00000000c4300000)
 Metaspace       used 68416K, committed 69824K, reserved 1114112K
  class space    used 8379K, committed 9024K, reserved 1048576K
}
Event: 232.508 GC heap before
{Heap before GC invocations=116 (full 3):
 PSYoungGen      total 13824K, used 13440K [0x00000000eab00000, 0x00000000ebb80000, 0x0000000100000000)
  eden space 13312K, 100% used [0x00000000eab00000,0x00000000eb800000,0x00000000eb800000)
  from space 512K, 25% used [0x00000000ebb00000,0x00000000ebb20000,0x00000000ebb80000)
  to   space 512K, 0% used [0x00000000eba80000,0x00000000eba80000,0x00000000ebb00000)
 ParOldGen       total 68608K, used 46913K [0x00000000c0000000, 0x00000000c4300000, 0x00000000eab00000)
  object space 68608K, 68% used [0x00000000c0000000,0x00000000c2dd07b8,0x00000000c4300000)
 Metaspace       used 68418K, committed 69824K, reserved 1114112K
  class space    used 8379K, committed 9024K, reserved 1048576K
}
Event: 232.509 GC heap after
{Heap after GC invocations=116 (full 3):
 PSYoungGen      total 13824K, used 128K [0x00000000eab00000, 0x00000000ebb80000, 0x0000000100000000)
  eden space 13312K, 0% used [0x00000000eab00000,0x00000000eab00000,0x00000000eb800000)
  from space 512K, 25% used [0x00000000eba80000,0x00000000ebaa0000,0x00000000ebb00000)
  to   space 512K, 0% used [0x00000000ebb00000,0x00000000ebb00000,0x00000000ebb80000)
 ParOldGen       total 68608K, used 46937K [0x00000000c0000000, 0x00000000c4300000, 0x00000000eab00000)
  object space 68608K, 68% used [0x00000000c0000000,0x00000000c2dd67b8,0x00000000c4300000)
 Metaspace       used 68418K, committed 69824K, reserved 1114112K
  class space    used 8379K, committed 9024K, reserved 1048576K
}
Event: 232.631 GC heap before
{Heap before GC invocations=117 (full 3):
 PSYoungGen      total 13824K, used 13440K [0x00000000eab00000, 0x00000000ebb80000, 0x0000000100000000)
  eden space 13312K, 100% used [0x00000000eab00000,0x00000000eb800000,0x00000000eb800000)
  from space 512K, 25% used [0x00000000eba80000,0x00000000ebaa0000,0x00000000ebb00000)
  to   space 512K, 0% used [0x00000000ebb00000,0x00000000ebb00000,0x00000000ebb80000)
 ParOldGen       total 68608K, used 46937K [0x00000000c0000000, 0x00000000c4300000, 0x00000000eab00000)
  object space 68608K, 68% used [0x00000000c0000000,0x00000000c2dd67b8,0x00000000c4300000)
 Metaspace       used 68418K, committed 69824K, reserved 1114112K
  class space    used 8379K, committed 9024K, reserved 1048576K
}
Event: 232.632 GC heap after
{Heap after GC invocations=117 (full 3):
 PSYoungGen      total 13824K, used 64K [0x00000000eab00000, 0x00000000ebb80000, 0x0000000100000000)
  eden space 13312K, 0% used [0x00000000eab00000,0x00000000eab00000,0x00000000eb800000)
  from space 512K, 12% used [0x00000000ebb00000,0x00000000ebb10000,0x00000000ebb80000)
  to   space 512K, 0% used [0x00000000eba80000,0x00000000eba80000,0x00000000ebb00000)
 ParOldGen       total 68608K, used 46937K [0x00000000c0000000, 0x00000000c4300000, 0x00000000eab00000)
  object space 68608K, 68% used [0x00000000c0000000,0x00000000c2dd67b8,0x00000000c4300000)
 Metaspace       used 68418K, committed 69824K, reserved 1114112K
  class space    used 8379K, committed 9024K, reserved 1048576K
}
Event: 232.853 GC heap before
{Heap before GC invocations=118 (full 3):
 PSYoungGen      total 13824K, used 13376K [0x00000000eab00000, 0x00000000ebb80000, 0x0000000100000000)
  eden space 13312K, 100% used [0x00000000eab00000,0x00000000eb800000,0x00000000eb800000)
  from space 512K, 12% used [0x00000000ebb00000,0x00000000ebb10000,0x00000000ebb80000)
  to   space 512K, 0% used [0x00000000eba80000,0x00000000eba80000,0x00000000ebb00000)
 ParOldGen       total 68608K, used 46937K [0x00000000c0000000, 0x00000000c4300000, 0x00000000eab00000)
  object space 68608K, 68% used [0x00000000c0000000,0x00000000c2dd67b8,0x00000000c4300000)
 Metaspace       used 68421K, committed 69824K, reserved 1114112K
  class space    used 8379K, committed 9024K, reserved 1048576K
}
Event: 232.855 GC heap after
{Heap after GC invocations=118 (full 3):
 PSYoungGen      total 13824K, used 64K [0x00000000eab00000, 0x00000000ebb80000, 0x0000000100000000)
  eden space 13312K, 0% used [0x00000000eab00000,0x00000000eab00000,0x00000000eb800000)
  from space 512K, 12% used [0x00000000eba80000,0x00000000eba90000,0x00000000ebb00000)
  to   space 512K, 0% used [0x00000000ebb00000,0x00000000ebb00000,0x00000000ebb80000)
 ParOldGen       total 68608K, used 46937K [0x00000000c0000000, 0x00000000c4300000, 0x00000000eab00000)
  object space 68608K, 68% used [0x00000000c0000000,0x00000000c2dd67b8,0x00000000c4300000)
 Metaspace       used 68421K, committed 69824K, reserved 1114112K
  class space    used 8379K, committed 9024K, reserved 1048576K
}
Event: 232.901 GC heap before
{Heap before GC invocations=119 (full 3):
 PSYoungGen      total 13824K, used 13376K [0x00000000eab00000, 0x00000000ebb80000, 0x0000000100000000)
  eden space 13312K, 100% used [0x00000000eab00000,0x00000000eb800000,0x00000000eb800000)
  from space 512K, 12% used [0x00000000eba80000,0x00000000eba90000,0x00000000ebb00000)
  to   space 512K, 0% used [0x00000000ebb00000,0x00000000ebb00000,0x00000000ebb80000)
 ParOldGen       total 68608K, used 46937K [0x00000000c0000000, 0x00000000c4300000, 0x00000000eab00000)
  object space 68608K, 68% used [0x00000000c0000000,0x00000000c2dd67b8,0x00000000c4300000)
 Metaspace       used 68421K, committed 69824K, reserved 1114112K
  class space    used 8379K, committed 9024K, reserved 1048576K
}
Event: 232.902 GC heap after
{Heap after GC invocations=119 (full 3):
 PSYoungGen      total 13824K, used 96K [0x00000000eab00000, 0x00000000ebb80000, 0x0000000100000000)
  eden space 13312K, 0% used [0x00000000eab00000,0x00000000eab00000,0x00000000eb800000)
  from space 512K, 18% used [0x00000000ebb00000,0x00000000ebb18000,0x00000000ebb80000)
  to   space 512K, 0% used [0x00000000eba80000,0x00000000eba80000,0x00000000ebb00000)
 ParOldGen       total 68608K, used 46953K [0x00000000c0000000, 0x00000000c4300000, 0x00000000eab00000)
  object space 68608K, 68% used [0x00000000c0000000,0x00000000c2dda7b8,0x00000000c4300000)
 Metaspace       used 68421K, committed 69824K, reserved 1114112K
  class space    used 8379K, committed 9024K, reserved 1048576K
}
Event: 232.966 GC heap before
{Heap before GC invocations=120 (full 3):
 PSYoungGen      total 13824K, used 13408K [0x00000000eab00000, 0x00000000ebb80000, 0x0000000100000000)
  eden space 13312K, 100% used [0x00000000eab00000,0x00000000eb800000,0x00000000eb800000)
  from space 512K, 18% used [0x00000000ebb00000,0x00000000ebb18000,0x00000000ebb80000)
  to   space 512K, 0% used [0x00000000eba80000,0x00000000eba80000,0x00000000ebb00000)
 ParOldGen       total 68608K, used 46953K [0x00000000c0000000, 0x00000000c4300000, 0x00000000eab00000)
  object space 68608K, 68% used [0x00000000c0000000,0x00000000c2dda7b8,0x00000000c4300000)
 Metaspace       used 68421K, committed 69824K, reserved 1114112K
  class space    used 8379K, committed 9024K, reserved 1048576K
}
Event: 232.967 GC heap after
{Heap after GC invocations=120 (full 3):
 PSYoungGen      total 13824K, used 96K [0x00000000eab00000, 0x00000000ebb80000, 0x0000000100000000)
  eden space 13312K, 0% used [0x00000000eab00000,0x00000000eab00000,0x00000000eb800000)
  from space 512K, 18% used [0x00000000eba80000,0x00000000eba98000,0x00000000ebb00000)
  to   space 512K, 0% used [0x00000000ebb00000,0x00000000ebb00000,0x00000000ebb80000)
 ParOldGen       total 68608K, used 46953K [0x00000000c0000000, 0x00000000c4300000, 0x00000000eab00000)
  object space 68608K, 68% used [0x00000000c0000000,0x00000000c2dda7b8,0x00000000c4300000)
 Metaspace       used 68421K, committed 69824K, reserved 1114112K
  class space    used 8379K, committed 9024K, reserved 1048576K
}
Event: 234.419 GC heap before
{Heap before GC invocations=121 (full 3):
 PSYoungGen      total 13824K, used 13408K [0x00000000eab00000, 0x00000000ebb80000, 0x0000000100000000)
  eden space 13312K, 100% used [0x00000000eab00000,0x00000000eb800000,0x00000000eb800000)
  from space 512K, 18% used [0x00000000eba80000,0x00000000eba98000,0x00000000ebb00000)
  to   space 512K, 0% used [0x00000000ebb00000,0x00000000ebb00000,0x00000000ebb80000)
 ParOldGen       total 68608K, used 46953K [0x00000000c0000000, 0x00000000c4300000, 0x00000000eab00000)
  object space 68608K, 68% used [0x00000000c0000000,0x00000000c2dda7b8,0x00000000c4300000)
 Metaspace       used 68432K, committed 69824K, reserved 1114112K
  class space    used 8379K, committed 9024K, reserved 1048576K
}
Event: 234.423 GC heap after
{Heap after GC invocations=121 (full 3):
 PSYoungGen      total 13824K, used 128K [0x00000000eab00000, 0x00000000ebb80000, 0x0000000100000000)
  eden space 13312K, 0% used [0x00000000eab00000,0x00000000eab00000,0x00000000eb800000)
  from space 512K, 25% used [0x00000000ebb00000,0x00000000ebb20000,0x00000000ebb80000)
  to   space 512K, 0% used [0x00000000eba80000,0x00000000eba80000,0x00000000ebb00000)
 ParOldGen       total 68608K, used 46953K [0x00000000c0000000, 0x00000000c4300000, 0x00000000eab00000)
  object space 68608K, 68% used [0x00000000c0000000,0x00000000c2dda7b8,0x00000000c4300000)
 Metaspace       used 68432K, committed 69824K, reserved 1114112K
  class space    used 8379K, committed 9024K, reserved 1048576K
}
Event: 234.939 GC heap before
{Heap before GC invocations=122 (full 3):
 PSYoungGen      total 13824K, used 13434K [0x00000000eab00000, 0x00000000ebb80000, 0x0000000100000000)
  eden space 13312K, 99% used [0x00000000eab00000,0x00000000eb7fe848,0x00000000eb800000)
  from space 512K, 25% used [0x00000000ebb00000,0x00000000ebb20000,0x00000000ebb80000)
  to   space 512K, 0% used [0x00000000eba80000,0x00000000eba80000,0x00000000ebb00000)
 ParOldGen       total 68608K, used 46953K [0x00000000c0000000, 0x00000000c4300000, 0x00000000eab00000)
  object space 68608K, 68% used [0x00000000c0000000,0x00000000c2dda7b8,0x00000000c4300000)
 Metaspace       used 68820K, committed 70208K, reserved 1114112K
  class space    used 8426K, committed 9088K, reserved 1048576K
}
Event: 234.941 GC heap after
{Heap after GC invocations=122 (full 3):
 PSYoungGen      total 13824K, used 448K [0x00000000eab00000, 0x00000000ebb80000, 0x0000000100000000)
  eden space 13312K, 0% used [0x00000000eab00000,0x00000000eab00000,0x00000000eb800000)
  from space 512K, 87% used [0x00000000eba80000,0x00000000ebaf0000,0x00000000ebb00000)
  to   space 512K, 0% used [0x00000000ebb00000,0x00000000ebb00000,0x00000000ebb80000)
 ParOldGen       total 68608K, used 46985K [0x00000000c0000000, 0x00000000c4300000, 0x00000000eab00000)
  object space 68608K, 68% used [0x00000000c0000000,0x00000000c2de27b8,0x00000000c4300000)
 Metaspace       used 68820K, committed 70208K, reserved 1114112K
  class space    used 8426K, committed 9088K, reserved 1048576K
}

Dll operation events (15 events):
Event: 0.174 Loaded shared library c:\Users\Administrator\.vscode\extensions\redhat.java-1.42.0-win32-x64\jre\21.0.7-win32-x86_64\bin\java.dll
Event: 1.173 Loaded shared library c:\Users\Administrator\.vscode\extensions\redhat.java-1.42.0-win32-x64\jre\21.0.7-win32-x86_64\bin\zip.dll
Event: 1.391 Loaded shared library C:\Users\Administrator\.vscode\extensions\redhat.java-1.42.0-win32-x64\jre\21.0.7-win32-x86_64\bin\instrument.dll
Event: 1.397 Loaded shared library C:\Users\Administrator\.vscode\extensions\redhat.java-1.42.0-win32-x64\jre\21.0.7-win32-x86_64\bin\net.dll
Event: 1.398 Loaded shared library C:\Users\Administrator\.vscode\extensions\redhat.java-1.42.0-win32-x64\jre\21.0.7-win32-x86_64\bin\nio.dll
Event: 1.407 Loaded shared library C:\Users\Administrator\.vscode\extensions\redhat.java-1.42.0-win32-x64\jre\21.0.7-win32-x86_64\bin\zip.dll
Event: 1.759 Loaded shared library C:\Users\Administrator\.vscode\extensions\redhat.java-1.42.0-win32-x64\jre\21.0.7-win32-x86_64\bin\jimage.dll
Event: 2.308 Loaded shared library c:\Users\Administrator\.vscode\extensions\redhat.java-1.42.0-win32-x64\jre\21.0.7-win32-x86_64\bin\verify.dll
Event: 9.511 Loaded shared library C:\Users\Administrator\AppData\Roaming\Code\User\globalStorage\redhat.java\1.42.0\config_win\org.eclipse.equinox.launcher\org.eclipse.equinox.launcher.win32.win32.x86_64_1.2.1300.v20250331-1702\eclipse_11911.dll
Event: 16.762 Loaded shared library C:\Users\Administrator\AppData\Local\Temp\jna-146731693\jna17092729960870883359.dll
Event: 27.057 Loaded shared library C:\Users\Administrator\.vscode\extensions\redhat.java-1.42.0-win32-x64\jre\21.0.7-win32-x86_64\bin\sunmscapi.dll
Event: 28.406 Loaded shared library C:\Users\Administrator\.vscode\extensions\redhat.java-1.42.0-win32-x64\jre\21.0.7-win32-x86_64\bin\extnet.dll
Event: 31.250 Loaded shared library C:\Users\Administrator\.gradle\native\c067742578af261105cb4f569cf0c3c89f3d7b1fecec35dd04571415982c5e48\windows-amd64\native-platform.dll
Event: 35.893 Loaded shared library C:\Users\Administrator\.vscode\extensions\redhat.java-1.42.0-win32-x64\jre\21.0.7-win32-x86_64\bin\management.dll
Event: 35.896 Loaded shared library C:\Users\Administrator\.vscode\extensions\redhat.java-1.42.0-win32-x64\jre\21.0.7-win32-x86_64\bin\management_ext.dll

Deoptimization events (20 events):
Event: 339.551 Thread 0x000001e604246910 Uncommon trap: trap_request=0xffffffc6 fr.pc=0x000001e6349227e0 relative=0x0000000000001060
Event: 339.551 Thread 0x000001e604246910 Uncommon trap: reason=bimorphic_or_optimized_type_check action=maybe_recompile pc=0x000001e6349227e0 method=java.io.DataOutputStream.write([BII)V @ 7 c2
Event: 339.551 Thread 0x000001e604246910 DEOPT PACKING pc=0x000001e6349227e0 sp=0x000000a24cefeb20
Event: 339.551 Thread 0x000001e604246910 DEOPT UNPACKING pc=0x000001e633f03aa2 sp=0x000000a24cefea60 mode 2
Event: 339.551 Thread 0x000001e604246910 Uncommon trap: trap_request=0xffffffc6 fr.pc=0x000001e634941c88 relative=0x0000000000000788
Event: 339.551 Thread 0x000001e604246910 Uncommon trap: reason=bimorphic_or_optimized_type_check action=maybe_recompile pc=0x000001e634941c88 method=java.io.DataOutputStream.writeInt(I)V @ 19 c2
Event: 339.551 Thread 0x000001e604246910 DEOPT PACKING pc=0x000001e634941c88 sp=0x000000a24cefe920
Event: 339.551 Thread 0x000001e604246910 DEOPT UNPACKING pc=0x000001e633f03aa2 sp=0x000000a24cefe8f8 mode 2
Event: 339.551 Thread 0x000001e604246910 Uncommon trap: trap_request=0xffffffc6 fr.pc=0x000001e634941c88 relative=0x0000000000000788
Event: 339.551 Thread 0x000001e604246910 Uncommon trap: reason=bimorphic_or_optimized_type_check action=maybe_recompile pc=0x000001e634941c88 method=java.io.DataOutputStream.writeInt(I)V @ 19 c2
Event: 339.551 Thread 0x000001e604246910 DEOPT PACKING pc=0x000001e634941c88 sp=0x000000a24cefe8b0
Event: 339.551 Thread 0x000001e604246910 DEOPT UNPACKING pc=0x000001e633f03aa2 sp=0x000000a24cefe888 mode 2
Event: 339.562 Thread 0x000001e604246910 Uncommon trap: trap_request=0xffffffde fr.pc=0x000001e63466e398 relative=0x0000000000000d38
Event: 339.562 Thread 0x000001e604246910 Uncommon trap: reason=class_check action=maybe_recompile pc=0x000001e63466e398 method=java.io.DataOutputStream.write([BII)V @ 7 c2
Event: 339.562 Thread 0x000001e604246910 DEOPT PACKING pc=0x000001e63466e398 sp=0x000000a24cefe9c0
Event: 339.562 Thread 0x000001e604246910 DEOPT UNPACKING pc=0x000001e633f03aa2 sp=0x000000a24cefe8e0 mode 2
Event: 339.565 Thread 0x000001e604246910 Uncommon trap: trap_request=0xffffff45 fr.pc=0x000001e634676f94 relative=0x0000000000000374
Event: 339.565 Thread 0x000001e604246910 Uncommon trap: reason=unstable_if action=reinterpret pc=0x000001e634676f94 method=java.io.BufferedOutputStream.implWrite([BII)V @ 5 c2
Event: 339.565 Thread 0x000001e604246910 DEOPT PACKING pc=0x000001e634676f94 sp=0x000000a24cefe800
Event: 339.565 Thread 0x000001e604246910 DEOPT UNPACKING pc=0x000001e633f03aa2 sp=0x000000a24cefe750 mode 2

Classes loaded (20 events):
Event: 235.348 Loading class java/io/SequenceInputStream
Event: 235.349 Loading class java/io/SequenceInputStream done
Event: 318.153 Loading class java/util/stream/DistinctOps
Event: 318.165 Loading class java/util/stream/DistinctOps done
Event: 318.165 Loading class java/util/stream/DistinctOps$1
Event: 318.169 Loading class java/util/stream/DistinctOps$1 done
Event: 318.212 Loading class java/util/stream/DistinctOps$1$2
Event: 318.218 Loading class java/util/stream/DistinctOps$1$2 done
Event: 339.465 Loading class java/util/concurrent/ForkJoinTask$AdaptedCallable
Event: 339.468 Loading class java/util/concurrent/ForkJoinTask$AdaptedCallable done
Event: 339.509 Loading class java/util/stream/Nodes$CollectorTask$OfRef
Event: 339.511 Loading class java/util/stream/Nodes$CollectorTask
Event: 339.516 Loading class java/util/stream/Nodes$CollectorTask done
Event: 339.516 Loading class java/util/stream/Nodes$CollectorTask$OfRef done
Event: 339.516 Loading class java/util/function/LongFunction
Event: 339.517 Loading class java/util/function/LongFunction done
Event: 339.518 Loading class java/util/stream/Nodes$ConcNode
Event: 339.518 Loading class java/util/stream/Nodes$AbstractConcNode
Event: 339.520 Loading class java/util/stream/Nodes$AbstractConcNode done
Event: 339.520 Loading class java/util/stream/Nodes$ConcNode done

Classes unloaded (7 events):
Event: 21.157 Thread 0x000001e629845320 Unloading class 0x000001e63f19d400 'java/lang/invoke/LambdaForm$MH+0x000001e63f19d400'
Event: 21.157 Thread 0x000001e629845320 Unloading class 0x000001e63f19d000 'java/lang/invoke/LambdaForm$MH+0x000001e63f19d000'
Event: 21.157 Thread 0x000001e629845320 Unloading class 0x000001e63f19cc00 'java/lang/invoke/LambdaForm$MH+0x000001e63f19cc00'
Event: 21.157 Thread 0x000001e629845320 Unloading class 0x000001e63f19c800 'java/lang/invoke/LambdaForm$MH+0x000001e63f19c800'
Event: 21.157 Thread 0x000001e629845320 Unloading class 0x000001e63f19c400 'java/lang/invoke/LambdaForm$BMH+0x000001e63f19c400'
Event: 21.157 Thread 0x000001e629845320 Unloading class 0x000001e63f19c000 'java/lang/invoke/LambdaForm$DMH+0x000001e63f19c000'
Event: 21.157 Thread 0x000001e629845320 Unloading class 0x000001e63f19ac00 'java/lang/invoke/LambdaForm$DMH+0x000001e63f19ac00'

Classes redefined (0 events):
No events

Internal exceptions (20 events):
Event: 234.979 Thread 0x000001e607061570 Exception <a 'sun/nio/fs/WindowsException'{0x00000000eac369a8}> (0x00000000eac369a8) 
thrown [s\src\hotspot\share\prims\jni.cpp, line 520]
Event: 234.980 Thread 0x000001e607061570 Exception <a 'sun/nio/fs/WindowsException'{0x00000000eac37c30}> (0x00000000eac37c30) 
thrown [s\src\hotspot\share\prims\jni.cpp, line 520]
Event: 234.980 Thread 0x000001e607061570 Exception <a 'sun/nio/fs/WindowsException'{0x00000000eac38528}> (0x00000000eac38528) 
thrown [s\src\hotspot\share\prims\jni.cpp, line 520]
Event: 234.980 Thread 0x000001e607061570 Exception <a 'sun/nio/fs/WindowsException'{0x00000000eac40ae0}> (0x00000000eac40ae0) 
thrown [s\src\hotspot\share\prims\jni.cpp, line 520]
Event: 234.980 Thread 0x000001e607061570 Exception <a 'sun/nio/fs/WindowsException'{0x00000000eac41410}> (0x00000000eac41410) 
thrown [s\src\hotspot\share\prims\jni.cpp, line 520]
Event: 234.980 Thread 0x000001e607061570 Exception <a 'sun/nio/fs/WindowsException'{0x00000000eac426f0}> (0x00000000eac426f0) 
thrown [s\src\hotspot\share\prims\jni.cpp, line 520]
Event: 234.980 Thread 0x000001e607061570 Exception <a 'sun/nio/fs/WindowsException'{0x00000000eac43020}> (0x00000000eac43020) 
thrown [s\src\hotspot\share\prims\jni.cpp, line 520]
Event: 234.981 Thread 0x000001e607061570 Exception <a 'sun/nio/fs/WindowsException'{0x00000000eac4fa70}> (0x00000000eac4fa70) 
thrown [s\src\hotspot\share\prims\jni.cpp, line 520]
Event: 234.982 Thread 0x000001e607061570 Exception <a 'sun/nio/fs/WindowsException'{0x00000000eac50368}> (0x00000000eac50368) 
thrown [s\src\hotspot\share\prims\jni.cpp, line 520]
Event: 234.982 Thread 0x000001e607061570 Exception <a 'sun/nio/fs/WindowsException'{0x00000000eac515f0}> (0x00000000eac515f0) 
thrown [s\src\hotspot\share\prims\jni.cpp, line 520]
Event: 234.983 Thread 0x000001e607061570 Exception <a 'sun/nio/fs/WindowsException'{0x00000000eac543f0}> (0x00000000eac543f0) 
thrown [s\src\hotspot\share\prims\jni.cpp, line 520]
Event: 234.984 Thread 0x000001e607061570 Exception <a 'java/lang/IncompatibleClassChangeError'{0x00000000eac7a338}: Found class java.lang.Object, but interface was expected> (0x00000000eac7a338) 
thrown [s\src\hotspot\share\interpreter\linkResolver.cpp, line 840]
Event: 235.246 Thread 0x000001e607061570 Exception <a 'java/lang/IncompatibleClassChangeError'{0x00000000eaf865a8}: Found class java.lang.Object, but interface was expected> (0x00000000eaf865a8) 
thrown [s\src\hotspot\share\interpreter\linkResolver.cpp, line 840]
Event: 235.264 Thread 0x000001e604246910 Exception <a 'java/lang/NoSuchMethodError'{0x00000000eaff0428}: 'java.lang.Object java.lang.invoke.DirectMethodHandle$Holder.invokeStatic(java.lang.Object, java.lang.Object, int, java.lang.Object)'> (0x00000000eaff0428) 
thrown [s\src\hotspot\share\interpreter\linkResolver.cpp, line 773]
Event: 235.577 Thread 0x000001e604246910 Exception <a 'java/io/FileNotFoundException'{0x00000000eb3860b8}> (0x00000000eb3860b8) 
thrown [s\src\hotspot\share\prims\jni.cpp, line 520]
Event: 235.578 Thread 0x000001e604246910 Exception <a 'java/io/FileNotFoundException'{0x00000000eb386e60}> (0x00000000eb386e60) 
thrown [s\src\hotspot\share\prims\jni.cpp, line 520]
Event: 318.148 Thread 0x000001e607061570 Implicit null exception at 0x000001e6348515ce to 0x000001e634851db8
Event: 318.244 Thread 0x000001e6070601c0 Implicit null exception at 0x000001e6349026ca to 0x000001e634903740
Event: 318.249 Thread 0x000001e6070601c0 Implicit null exception at 0x000001e6348df98d to 0x000001e6348dfcf0
Event: 339.560 Thread 0x000001e604246910 Exception <a 'java/lang/NoSuchMethodError'{0x00000000eb5e3e10}: 'java.lang.Object java.lang.invoke.DirectMethodHandle$Holder.newInvokeSpecial(java.lang.Object, java.lang.Object, java.lang.Object, java.lang.Object, java.lang.Object, java.lang.Object, java.lang.Object, java.lang.Object)'> (0x00000000eb5e3e10) 
thrown [s\src\hotspot\share\interpreter\linkResolver.cpp, line 773]

ZGC Phase Switch (0 events):
No events

VM Operations (20 events):
Event: 235.050 Executing VM operation: HandshakeAllThreads (Deoptimize)
Event: 235.050 Executing VM operation: HandshakeAllThreads (Deoptimize) done
Event: 236.051 Executing VM operation: Cleanup
Event: 236.051 Executing VM operation: Cleanup done
Event: 237.051 Executing VM operation: Cleanup
Event: 237.051 Executing VM operation: Cleanup done
Event: 240.900 Executing VM operation: HandshakeAllThreads (HandshakeForDeflation)
Event: 240.901 Executing VM operation: HandshakeAllThreads (HandshakeForDeflation) done
Event: 240.901 Executing VM operation: RendezvousGCThreads
Event: 240.901 Executing VM operation: RendezvousGCThreads done
Event: 300.983 Executing VM operation: HandshakeAllThreads (HandshakeForDeflation)
Event: 300.985 Executing VM operation: HandshakeAllThreads (HandshakeForDeflation) done
Event: 300.986 Executing VM operation: RendezvousGCThreads
Event: 300.986 Executing VM operation: RendezvousGCThreads done
Event: 318.177 Executing VM operation: HandshakeAllThreads (Deoptimize)
Event: 318.177 Executing VM operation: HandshakeAllThreads (Deoptimize) done
Event: 318.178 Executing VM operation: Cleanup
Event: 318.178 Executing VM operation: Cleanup done
Event: 320.178 Executing VM operation: Cleanup
Event: 320.179 Executing VM operation: Cleanup done

Memory protections (0 events):
No events

Nmethod flushes (20 events):
Event: 36.669 Thread 0x000001e629845320 flushing  nmethod 0x000001e62d2c4610
Event: 36.669 Thread 0x000001e629845320 flushing  nmethod 0x000001e62d2c6d10
Event: 36.669 Thread 0x000001e629845320 flushing  nmethod 0x000001e62d2ca090
Event: 36.669 Thread 0x000001e629845320 flushing  nmethod 0x000001e62d2ca810
Event: 36.669 Thread 0x000001e629845320 flushing  nmethod 0x000001e62d2cb590
Event: 36.669 Thread 0x000001e629845320 flushing  nmethod 0x000001e62d2cba90
Event: 36.669 Thread 0x000001e629845320 flushing  nmethod 0x000001e62d2cc510
Event: 36.669 Thread 0x000001e629845320 flushing  nmethod 0x000001e62d2e2710
Event: 36.669 Thread 0x000001e629845320 flushing  nmethod 0x000001e62d2e8a10
Event: 36.669 Thread 0x000001e629845320 flushing  nmethod 0x000001e62d305190
Event: 36.669 Thread 0x000001e629845320 flushing  nmethod 0x000001e62d308d10
Event: 36.669 Thread 0x000001e629845320 flushing  nmethod 0x000001e62d311290
Event: 36.669 Thread 0x000001e629845320 flushing  nmethod 0x000001e62d312b90
Event: 36.669 Thread 0x000001e629845320 flushing  nmethod 0x000001e62d313190
Event: 36.669 Thread 0x000001e629845320 flushing  nmethod 0x000001e62d313a10
Event: 36.669 Thread 0x000001e629845320 flushing  nmethod 0x000001e62d314110
Event: 36.669 Thread 0x000001e629845320 flushing  nmethod 0x000001e62d314490
Event: 36.669 Thread 0x000001e629845320 flushing  nmethod 0x000001e62d320b90
Event: 36.669 Thread 0x000001e629845320 flushing  nmethod 0x000001e62d33f590
Event: 36.669 Thread 0x000001e629845320 flushing  nmethod 0x000001e62d363090

Events (20 events):
Event: 223.343 Thread 0x000001e6042489e0 Thread added: 0x000001e607060850
Event: 223.346 Thread 0x000001e6042489e0 Thread added: 0x000001e607065080
Event: 223.395 Thread 0x000001e607065080 Thread exited: 0x000001e607065080
Event: 223.414 Thread 0x000001e6042489e0 Thread added: 0x000001e607065080
Event: 223.415 Thread 0x000001e6042489e0 Thread added: 0x000001e60705e0f0
Event: 223.422 Thread 0x000001e63dabc6d0 Thread added: 0x000001e6076f5320
Event: 223.457 Thread 0x000001e60705e0f0 Thread added: 0x000001e607060ee0
Event: 223.580 Thread 0x000001e6076f5320 Thread exited: 0x000001e6076f5320
Event: 233.661 Thread 0x000001e607060ee0 Thread exited: 0x000001e607060ee0
Event: 233.662 Thread 0x000001e60705e0f0 Thread exited: 0x000001e60705e0f0
Event: 235.253 Thread 0x000001e607061570 Thread added: 0x000001e60705f4a0
Event: 235.262 Thread 0x000001e63db2f950 Thread added: 0x000001e6076f3eb0
Event: 235.284 Thread 0x000001e60705f4a0 Thread added: 0x000001e607060ee0
Event: 236.424 Thread 0x000001e6076f3eb0 Thread exited: 0x000001e6076f3eb0
Event: 295.685 Thread 0x000001e60705f4a0 Thread exited: 0x000001e60705f4a0
Event: 296.536 Thread 0x000001e6042489e0 Thread exited: 0x000001e6042489e0
Event: 317.394 Thread 0x000001e604246910 Thread added: 0x000001e607061c00
Event: 318.260 Thread 0x000001e604245560 Thread exited: 0x000001e604245560
Event: 339.469 Thread 0x000001e604246910 Thread added: 0x000001e607062290
Event: 339.524 Thread 0x000001e607062290 Thread exited: 0x000001e607062290


Dynamic libraries:
0x00007ff795e60000 - 0x00007ff795e6e000 	c:\Users\Administrator\.vscode\extensions\redhat.java-1.42.0-win32-x64\jre\21.0.7-win32-x86_64\bin\java.exe
0x00007ffb586b0000 - 0x00007ffb5889d000 	C:\Windows\SYSTEM32\ntdll.dll
0x00007ffb573f0000 - 0x00007ffb574a3000 	C:\Windows\System32\KERNEL32.DLL
0x00007ffb54c50000 - 0x00007ffb54ee3000 	C:\Windows\System32\KERNELBASE.dll
0x00007ffb54960000 - 0x00007ffb54a5c000 	C:\Windows\System32\ucrtbase.dll
0x00007ffb34290000 - 0x00007ffb342a8000 	c:\Users\Administrator\.vscode\extensions\redhat.java-1.42.0-win32-x64\jre\21.0.7-win32-x86_64\bin\jli.dll
0x00007ffb558e0000 - 0x00007ffb55a77000 	C:\Windows\System32\USER32.dll
0x00007ffb54c30000 - 0x00007ffb54c50000 	C:\Windows\System32\win32u.dll
0x00007ffb56f70000 - 0x00007ffb56f99000 	C:\Windows\System32\GDI32.dll
0x00007ffb54ef0000 - 0x00007ffb5508a000 	C:\Windows\System32\gdi32full.dll
0x00007ffb54b10000 - 0x00007ffb54bb0000 	C:\Windows\System32\msvcp_win.dll
0x00007ffb340d0000 - 0x00007ffb340ee000 	c:\Users\Administrator\.vscode\extensions\redhat.java-1.42.0-win32-x64\jre\21.0.7-win32-x86_64\bin\VCRUNTIME140.dll
0x00007ffb440d0000 - 0x00007ffb44349000 	C:\Windows\WinSxS\amd64_microsoft.windows.common-controls_6595b64144ccf1df_6.0.17763.316_none_05b53be2071f46b6\COMCTL32.dll
0x00007ffb57e90000 - 0x00007ffb57f2e000 	C:\Windows\System32\msvcrt.dll
0x00007ffb581a0000 - 0x00007ffb584cd000 	C:\Windows\System32\combase.dll
0x00007ffb58550000 - 0x00007ffb58672000 	C:\Windows\System32\RPCRT4.dll
0x00007ffb55860000 - 0x00007ffb558de000 	C:\Windows\System32\bcryptPrimitives.dll
0x00007ffb57f30000 - 0x00007ffb57f5e000 	C:\Windows\System32\IMM32.DLL
0x00007ffb3d250000 - 0x00007ffb3d25c000 	c:\Users\Administrator\.vscode\extensions\redhat.java-1.42.0-win32-x64\jre\21.0.7-win32-x86_64\bin\vcruntime140_1.dll
0x00007ffafc160000 - 0x00007ffafc1ed000 	c:\Users\Administrator\.vscode\extensions\redhat.java-1.42.0-win32-x64\jre\21.0.7-win32-x86_64\bin\msvcp140.dll
0x00007ffaf7310000 - 0x00007ffaf80a0000 	c:\Users\Administrator\.vscode\extensions\redhat.java-1.42.0-win32-x64\jre\21.0.7-win32-x86_64\bin\server\jvm.dll
0x00007ffb56fa0000 - 0x00007ffb57043000 	C:\Windows\System32\ADVAPI32.dll
0x00007ffb574c0000 - 0x00007ffb5755e000 	C:\Windows\System32\sechost.dll
0x00007ffb54720000 - 0x00007ffb5477d000 	C:\Windows\System32\POWRPROF.dll
0x00007ffb57310000 - 0x00007ffb5737d000 	C:\Windows\System32\WS2_32.dll
0x00007ffb531e0000 - 0x00007ffb53204000 	C:\Windows\SYSTEM32\WINMM.dll
0x00007ffb531d0000 - 0x00007ffb531da000 	C:\Windows\SYSTEM32\VERSION.dll
0x00007ffb531a0000 - 0x00007ffb531cd000 	C:\Windows\SYSTEM32\WINMMBASE.dll
0x00007ffb54bb0000 - 0x00007ffb54bfa000 	C:\Windows\System32\cfgmgr32.dll
0x00007ffb546b0000 - 0x00007ffb546c1000 	C:\Windows\System32\kernel.appcore.dll
0x00007ffb3c270000 - 0x00007ffb3c27a000 	c:\Users\Administrator\.vscode\extensions\redhat.java-1.42.0-win32-x64\jre\21.0.7-win32-x86_64\bin\jimage.dll
0x00007ffb52fb0000 - 0x00007ffb5319d000 	C:\Windows\SYSTEM32\DBGHELP.DLL
0x00007ffb52f80000 - 0x00007ffb52faa000 	C:\Windows\SYSTEM32\dbgcore.DLL
0x00007ffb366c0000 - 0x00007ffb366cf000 	c:\Users\Administrator\.vscode\extensions\redhat.java-1.42.0-win32-x64\jre\21.0.7-win32-x86_64\bin\instrument.dll
0x00007ffb335a0000 - 0x00007ffb335bf000 	c:\Users\Administrator\.vscode\extensions\redhat.java-1.42.0-win32-x64\jre\21.0.7-win32-x86_64\bin\java.dll
0x00007ffb55a80000 - 0x00007ffb56f6f000 	C:\Windows\System32\SHELL32.dll
0x00007ffb57a40000 - 0x00007ffb57ae8000 	C:\Windows\System32\shcore.dll
0x00007ffb550b0000 - 0x00007ffb557fa000 	C:\Windows\System32\windows.storage.dll
0x00007ffb546d0000 - 0x00007ffb546f4000 	C:\Windows\System32\profapi.dll
0x00007ffb572b0000 - 0x00007ffb57302000 	C:\Windows\System32\shlwapi.dll
0x00007ffb55090000 - 0x00007ffb550a7000 	C:\Windows\System32\cryptsp.dll
0x00007ffb34c20000 - 0x00007ffb34c38000 	c:\Users\Administrator\.vscode\extensions\redhat.java-1.42.0-win32-x64\jre\21.0.7-win32-x86_64\bin\zip.dll
0x00007ffb3afd0000 - 0x00007ffb3afe0000 	C:\Users\Administrator\.vscode\extensions\redhat.java-1.42.0-win32-x64\jre\21.0.7-win32-x86_64\bin\net.dll
0x00007ffb45d20000 - 0x00007ffb45e11000 	C:\Windows\SYSTEM32\WINHTTP.dll
0x00007ffb53f40000 - 0x00007ffb53fa7000 	C:\Windows\system32\mswsock.dll
0x00007ffb32750000 - 0x00007ffb32766000 	C:\Users\Administrator\.vscode\extensions\redhat.java-1.42.0-win32-x64\jre\21.0.7-win32-x86_64\bin\nio.dll
0x00007ffb45580000 - 0x00007ffb45590000 	c:\Users\Administrator\.vscode\extensions\redhat.java-1.42.0-win32-x64\jre\21.0.7-win32-x86_64\bin\verify.dll
0x00007ffb13910000 - 0x00007ffb13955000 	C:\Users\Administrator\AppData\Roaming\Code\User\globalStorage\redhat.java\1.42.0\config_win\org.eclipse.equinox.launcher\org.eclipse.equinox.launcher.win32.win32.x86_64_1.2.1300.v20250331-1702\eclipse_11911.dll
0x00007ffb57af0000 - 0x00007ffb57c45000 	C:\Windows\System32\ole32.dll
0x00007ffb53b00000 - 0x00007ffb53b33000 	C:\Windows\system32\rsaenh.dll
0x00007ffb54c00000 - 0x00007ffb54c26000 	C:\Windows\System32\bcrypt.dll
0x00007ffb545e0000 - 0x00007ffb54608000 	C:\Windows\SYSTEM32\USERENV.dll
0x00007ffb54110000 - 0x00007ffb5411c000 	C:\Windows\SYSTEM32\CRYPTBASE.dll
0x00007ffb53ca0000 - 0x00007ffb53cdd000 	C:\Windows\SYSTEM32\IPHLPAPI.DLL
0x00007ffb574b0000 - 0x00007ffb574b8000 	C:\Windows\System32\NSI.dll
0x00007ffaf7140000 - 0x00007ffaf7189000 	C:\Users\Administrator\AppData\Local\Temp\jna-146731693\jna17092729960870883359.dll
0x00007ffb57380000 - 0x00007ffb57388000 	C:\Windows\System32\PSAPI.DLL
0x00007ffb4dcd0000 - 0x00007ffb4dce6000 	C:\Windows\SYSTEM32\dhcpcsvc6.DLL
0x00007ffb4d420000 - 0x00007ffb4d43c000 	C:\Windows\SYSTEM32\dhcpcsvc.DLL
0x00007ffb38c90000 - 0x00007ffb38c9e000 	C:\Users\Administrator\.vscode\extensions\redhat.java-1.42.0-win32-x64\jre\21.0.7-win32-x86_64\bin\sunmscapi.dll
0x00007ffb54780000 - 0x00007ffb5495b000 	C:\Windows\System32\CRYPT32.dll
0x00007ffb54700000 - 0x00007ffb54712000 	C:\Windows\System32\MSASN1.dll
0x00007ffb54200000 - 0x00007ffb54226000 	C:\Windows\SYSTEM32\ncrypt.dll
0x00007ffb541c0000 - 0x00007ffb541fc000 	C:\Windows\SYSTEM32\NTASN1.dll
0x00007ffb53ce0000 - 0x00007ffb53da6000 	C:\Windows\SYSTEM32\DNSAPI.dll
0x000000006d350000 - 0x000000006d376000 	C:\Program Files\Bonjour\mdnsNSP.dll
0x00007ffb45720000 - 0x00007ffb4572a000 	C:\Windows\System32\rasadhlp.dll
0x00007ffb46190000 - 0x00007ffb46209000 	C:\Windows\System32\fwpuclnt.dll
0x00007ffb36a80000 - 0x00007ffb36a89000 	C:\Users\Administrator\.vscode\extensions\redhat.java-1.42.0-win32-x64\jre\21.0.7-win32-x86_64\bin\extnet.dll
0x00007ffb0f580000 - 0x00007ffb0f5a7000 	C:\Users\Administrator\.gradle\native\c067742578af261105cb4f569cf0c3c89f3d7b1fecec35dd04571415982c5e48\windows-amd64\native-platform.dll
0x00007ffb39d80000 - 0x00007ffb39d8a000 	C:\Users\Administrator\.vscode\extensions\redhat.java-1.42.0-win32-x64\jre\21.0.7-win32-x86_64\bin\management.dll
0x00007ffb38d20000 - 0x00007ffb38d2b000 	C:\Users\Administrator\.vscode\extensions\redhat.java-1.42.0-win32-x64\jre\21.0.7-win32-x86_64\bin\management_ext.dll
0x00007ffb36b80000 - 0x00007ffb36b87000 	C:\Windows\system32\wshunix.dll

dbghelp: loaded successfully - version: 4.0.5 - missing functions: none
symbol engine: initialized successfully - sym options: 0x614 - pdb path: .;c:\Users\Administrator\.vscode\extensions\redhat.java-1.42.0-win32-x64\jre\21.0.7-win32-x86_64\bin;C:\Windows\SYSTEM32;C:\Windows\WinSxS\amd64_microsoft.windows.common-controls_6595b64144ccf1df_6.0.17763.316_none_05b53be2071f46b6;c:\Users\Administrator\.vscode\extensions\redhat.java-1.42.0-win32-x64\jre\21.0.7-win32-x86_64\bin\server;C:\Users\Administrator\AppData\Roaming\Code\User\globalStorage\redhat.java\1.42.0\config_win\org.eclipse.equinox.launcher\org.eclipse.equinox.launcher.win32.win32.x86_64_1.2.1300.v20250331-1702;C:\Users\Administrator\AppData\Local\Temp\jna-146731693;C:\Program Files\Bonjour;C:\Users\Administrator\.gradle\native\c067742578af261105cb4f569cf0c3c89f3d7b1fecec35dd04571415982c5e48\windows-amd64

VM Arguments:
jvm_args: --add-modules=ALL-SYSTEM --add-opens=java.base/java.util=ALL-UNNAMED --add-opens=java.base/java.lang=ALL-UNNAMED --add-opens=java.base/sun.nio.fs=ALL-UNNAMED -Declipse.application=org.eclipse.jdt.ls.core.id1 -Dosgi.bundles.defaultStartLevel=4 -Declipse.product=org.eclipse.jdt.ls.core.product -Djava.import.generatesMetadataFilesAtProjectRoot=false -DDetectVMInstallationsJob.disabled=true -Dfile.encoding=utf8 -XX:+UseParallelGC -XX:GCTimeRatio=4 -XX:AdaptiveSizePolicyWeight=90 -Dsun.zip.disableMemoryMapping=true -Xmx1G -Xms100m -Xlog:disable -javaagent:c:\Users\Administrator\.vscode\extensions\redhat.java-1.42.0-win32-x64\lombok\lombok-1.18.36.jar -XX:+HeapDumpOnOutOfMemoryError -XX:HeapDumpPath=c:\Users\Administrator\AppData\Roaming\Code\User\workspaceStorage\a8361dd7a2eaa9dbdd25b5e779c29603\redhat.java -Daether.dependencyCollector.impl=bf 
java_command: c:\Users\Administrator\.vscode\extensions\redhat.java-1.42.0-win32-x64\server\plugins\org.eclipse.equinox.launcher_1.7.0.v20250424-1814.jar -configuration c:\Users\Administrator\AppData\Roaming\Code\User\globalStorage\redhat.java\1.42.0\config_win -data c:\Users\Administrator\AppData\Roaming\Code\User\workspaceStorage\a8361dd7a2eaa9dbdd25b5e779c29603\redhat.java\jdt_ws --pipe=\\.\pipe\lsp-f153693f25c30ac9342333db58452152-sock
java_class_path (initial): c:\Users\Administrator\.vscode\extensions\redhat.java-1.42.0-win32-x64\server\plugins\org.eclipse.equinox.launcher_1.7.0.v20250424-1814.jar
Launcher Type: SUN_STANDARD

[Global flags]
    uintx AdaptiveSizePolicyWeight                 = 90                                        {product} {command line}
     intx CICompilerCount                          = 3                                         {product} {ergonomic}
    uintx GCTimeRatio                              = 4                                         {product} {command line}
     bool HeapDumpOnOutOfMemoryError               = true                                   {manageable} {command line}
    ccstr HeapDumpPath                             = c:\Users\Administrator\AppData\Roaming\Code\User\workspaceStorage\a8361dd7a2eaa9dbdd25b5e779c29603\redhat.java         {manageable} {command line}
   size_t InitialHeapSize                          = 104857600                                 {product} {command line}
   size_t MaxHeapSize                              = 1073741824                                {product} {command line}
   size_t MaxNewSize                               = 357564416                                 {product} {ergonomic}
   size_t MinHeapDeltaBytes                        = 524288                                    {product} {ergonomic}
   size_t MinHeapSize                              = 104857600                                 {product} {command line}
   size_t NewSize                                  = 34603008                                  {product} {ergonomic}
    uintx NonNMethodCodeHeapSize                   = 5832780                                {pd product} {ergonomic}
    uintx NonProfiledCodeHeapSize                  = 122912730                              {pd product} {ergonomic}
   size_t OldSize                                  = 70254592                                  {product} {ergonomic}
    uintx ProfiledCodeHeapSize                     = 122912730                              {pd product} {ergonomic}
    uintx ReservedCodeCacheSize                    = 251658240                              {pd product} {ergonomic}
     bool SegmentedCodeCache                       = true                                      {product} {ergonomic}
   size_t SoftMaxHeapSize                          = 1073741824                             {manageable} {ergonomic}
     bool UseCompressedOops                        = true                           {product lp64_product} {ergonomic}
     bool UseLargePagesIndividualAllocation        = false                                  {pd product} {ergonomic}
     bool UseParallelGC                            = true                                      {product} {command line}

Logging:
Log output configuration:
 #0: stdout all=off uptime,level,tags foldmultilines=false
 #1: stderr all=off uptime,level,tags foldmultilines=false

Environment Variables:
JAVA_HOME=C:\Program Files\Java\jdk-21
PATH=C:\Program Files\Java\jdk-21\bin;C:\Users\Admin\AppData\Local\Programs\Python\Python311\;C:\Users\Admin\AppData\Local\Programs\Python\Python311\Scripts\;C:\Windows\system32;C:\Windows;C:\Windows\System32\Wbem;C:\Windows\System32\WindowsPowerShell\v1.0\;C:\Windows\System32\OpenSSH\;C:\Program Files\kotlinc\bin;C:\ProgramData\chocolatey\bin;C:\Program Files\Git\cmd;C:\Program Files\Java\jdk-21\bin;C:\MinGW\bin;C:\Gradle\gradle-7.4\bin;C:\flutter\bin;C:\Users\Administrator\AppData\Local\Programs\Microsoft VS Code\Code.exe;C:\Users\Administrator\AppData\Local\Programs\Microsoft VS Code\bin;C:\Users\Administrator\AppData\Local\GitHubDesktop\bin;C:\Program Files\Java\jdk-21;C:\MinGW\bin;C:\Gradle\gradle-7.4\bin;C:\flutter\bin;C:\Users\Administrator\AppData\Local\Programs\Microsoft VS Code\Code.exe;C:\Users\Administrator\AppData\Local\Programs\Microsoft VS Code\bin;C:\Users\Administrator\AppData\Local\GitHubDesktop\bin;C:\Program Files\Java\jdk-21;C:\MinGW\bin;C:\Users\Administrator\AppData\Local\Android\Sdk\platform-tools;C:\Program Files\PostgreSQL\17\bin;C:\Program Files\nodejs;C:\Program Files\nodejs\;C:\Users\Administrator\AppData\Local\Pub\Cache\bin;C:\Users\Administrator\AppData\Local\Programs\Python\Python311\Scripts\;C:\Users\Administrator\AppData\Local\Programs\Python\Python311\;C:\Program Files\Java\jdk-21\bin;C:\Users\Admin\AppData\Local\Programs\Python\Python311\;C:\Users\Admin\AppData\Local\Programs\Python\Python311\Scripts\;C:\Windows\system32;C:\Windows;C:\Windows\System32\Wbem;C:\Windows\System32\WindowsPowerShell\v1.0\;C:\Windows\System32\OpenSSH\;C:\Program Files\kotlinc\bin;C:\ProgramData\chocolatey\bin;C:\Program Files\Git\cmd;C:\Program Files\Java\jdk-21\bin;C:\MinGW\bin;C:\Gradle\gradle-7.4\bin;C:\flutter\bin;C:\Users\Administrator\AppData\Local\Programs\Microsoft VS Code\Code.exe;C:\Users\Administrator\AppData\Local\Programs\Microsoft VS Code\bin;C:\Users\Administrator\AppData\Local\GitHubDesktop\bin;C:\Program Files\Java\jdk-21;C:\MinGW\bin;C:\Gradle\gradle-7.4\bin;C:\flutter\bin;C:\Users\Administrator\AppData\Local\Programs\Microsoft VS Code\Code.exe;C:\Users\Administrator\AppData\Local\Programs\Microsoft VS Code\bin;C:\Users\Administrator\AppData\Local\GitHubDesktop\bin;C:\Program Files\Java\jdk-21;C:\MinGW\bin;C:\Users\Administrator\AppData\Local\Android\Sdk\platform-tools;C:\Program Files\PostgreSQL\17\bin;C:\Program Files\nodejs;C:\Program Files\nodejs\;C:\Users\Administrator\AppData\Local\Pub\Cache\bin;;C:\Users\Administrator\AppData\Local\Android\Sdk\platform-tools;C:\Program Files\PostgreSQL\17\bin;C:\Program Files\nodejs;C:\Users\Administrator\AppData\Roaming\npm;C:\Users\Administrator\AppData\Local\GitHubDesktop\bin;C:\Program Files\MySQL\MySQL Server 8.0\bin;C:\Users\Administrator\AppData\Local\Pub\Cache\bin;
USERNAME=Administrator
OS=Windows_NT
PROCESSOR_IDENTIFIER=Intel64 Family 6 Model 142 Stepping 9, GenuineIntel
TMP=C:\Users\ADMINI~1\AppData\Local\Temp
TEMP=C:\Users\ADMINI~1\AppData\Local\Temp




Periodic native trim disabled

---------------  S Y S T E M  ---------------

OS:
 Windows 10 , 64 bit Build 17763 (10.0.17763.292)
OS uptime: 7 days 2:20 hours

CPU: total 4 (initial active 4) (2 cores per cpu, 2 threads per core) family 6 model 142 stepping 9 microcode 0x84, cx8, cmov, fxsr, ht, mmx, 3dnowpref, sse, sse2, sse3, ssse3, sse4.1, sse4.2, popcnt, lzcnt, tsc, tscinvbit, avx, avx2, aes, erms, clmul, bmi1, bmi2, rtm, adx, fma, vzeroupper, clflush, clflushopt, rdtscp, f16c
Processor Information for processor 0
  Max Mhz: 2701, Current Mhz: 2701, Mhz Limit: 2701
Processor Information for processor 1
  Max Mhz: 2701, Current Mhz: 2701, Mhz Limit: 2701
Processor Information for processor 2
  Max Mhz: 2701, Current Mhz: 2701, Mhz Limit: 2701
Processor Information for processor 3
  Max Mhz: 2701, Current Mhz: 1500, Mhz Limit: 2701

Memory: 4k page, system-wide physical 8076M (1763M free)
TotalPageFile size 16268M (AvailPageFile size 336M)
current process WorkingSet (physical memory assigned to process): 57M, peak: 165M
current process commit charge ("private bytes"): 311M, peak: 340M

vm_info: OpenJDK 64-Bit Server VM (21.0.7+6-LTS) for windows-amd64 JRE (21.0.7+6-LTS), built on 2025-04-15T00:00:00Z by "admin" with MS VC++ 17.7 (VS2022)

END.
